{"uid":"144b31bd83b97314","name":"Validate Council Output [KirkleesCouncil]","fullName":"features/validate_council_outputs.feature:Validate Council Output","historyId":"2f6e35714aa3faf6e527401d2be1436f","time":{"start":1728260214479,"stop":1728260259532,"duration":45053},"status":"failed","statusMessage":"selenium.common.exceptions.TimeoutException: Message: \nStacktrace:\n#0 0x564b4d35913a <unknown>\n#1 0x564b4d03f5e0 <unknown>\n#2 0x564b4d08ebe8 <unknown>\n#3 0x564b4d08ee81 <unknown>\n#4 0x564b4d0d58c4 <unknown>\n#5 0x564b4d0b3b4d <unknown>\n#6 0x564b4d0d2d7d <unknown>\n#7 0x564b4d0b38c3 <unknown>\n#8 0x564b4d0816b3 <unknown>\n#9 0x564b4d08268e <unknown>\n#10 0x564b4d323b3b <unknown>\n#11 0x564b4d327ac1 <unknown>\n#12 0x564b4d310335 <unknown>\n#13 0x564b4d328642 <unknown>\n#14 0x564b4d2f549f <unknown>\n#15 0x564b4d348038 <unknown>\n#16 0x564b4d348203 <unknown>\n#17 0x564b4d357f8c <unknown>\n#18 0x7f23afb03a94 <unknown>\n#19 0x7f23afb90a34 __clone","statusTrace":"fixturefunc = <function scrape_step at 0x7fa6256e27a0>\nrequest = <FixtureRequest for <Function test_scenario_outline[KirkleesCouncil]>>\nkwargs = {'context': <test_validate_council.Context object at 0x7fa625561710>, 'headless_mode': 'True', 'local_browser': 'False', 'selenium_url': 'http://localhost:4444'}\n\n    def call_fixture_func(\n        fixturefunc: _FixtureFunc[FixtureValue], request: FixtureRequest, kwargs\n    ) -> FixtureValue:\n        if is_generator(fixturefunc):\n            fixturefunc = cast(\n                Callable[..., Generator[FixtureValue, None, None]], fixturefunc\n            )\n            generator = fixturefunc(**kwargs)\n            try:\n                fixture_result = next(generator)\n            except StopIteration:\n                raise ValueError(f\"{request.fixturename} did not yield a value\") from None\n            finalizer = functools.partial(_teardown_yield_fixture, fixturefunc, generator)\n            request.addfinalizer(finalizer)\n        else:\n            fixturefunc = cast(Callable[..., FixtureValue], fixturefunc)\n>           fixture_result = fixturefunc(**kwargs)\n\n../../../.cache/pypoetry/virtualenvs/uk-bin-collection-EwS6Gn8s-py3.11/lib/python3.11/site-packages/_pytest/fixtures.py:898: \n_ _ _ _ _ _ _ _ _ _ _ _ _ _ _ _ _ _ _ _ _ _ _ _ _ _ _ _ _ _ _ _ _ _ _ _ _ _ _ _ \nuk_bin_collection/tests/step_defs/test_validate_council.py:100: in scrape_step\n    context.parse_result = CollectData.run()\nuk_bin_collection/uk_bin_collection/collect_data.py:101: in run\n    return self.client_code(\nuk_bin_collection/uk_bin_collection/collect_data.py:121: in client_code\n    return get_bin_data_class.template_method(address_url, **kwargs)\nuk_bin_collection/uk_bin_collection/get_bin_data.py:61: in template_method\n    bin_data_dict = self.get_and_parse_data(this_url, **kwargs)\nuk_bin_collection/uk_bin_collection/get_bin_data.py:84: in get_and_parse_data\n    bin_data_dict = self.parse_data(\"\", url=address_url, **kwargs)\nuk_bin_collection/uk_bin_collection/councils/KirkleesCouncil.py:41: in parse_data\n    return self._parse_data(*args, **kwargs)\nuk_bin_collection/uk_bin_collection/councils/KirkleesCouncil.py:74: in _parse_data\n    wait_for_element(\nuk_bin_collection/uk_bin_collection/councils/KirkleesCouncil.py:18: in wait_for_element\n    wait_for_element_conditions(driver, element_present, timeout=timeout)\nuk_bin_collection/uk_bin_collection/councils/KirkleesCouncil.py:23: in wait_for_element_conditions\n    WebDriverWait(driver, timeout).until(conditions)\n_ _ _ _ _ _ _ _ _ _ _ _ _ _ _ _ _ _ _ _ _ _ _ _ _ _ _ _ _ _ _ _ _ _ _ _ _ _ _ _ \n\nself = <selenium.webdriver.support.wait.WebDriverWait (session=\"a777b4c166af96c629feeb6e7e71c5de\")>\nmethod = <function presence_of_element_located.<locals>._predicate at 0x7fa6253b0540>\nmessage = ''\n\n    def until(self, method: Callable[[D], Union[Literal[False], T]], message: str = \"\") -> T:\n        \"\"\"Calls the method provided with the driver as an argument until the \\\n        return value does not evaluate to ``False``.\n    \n        :param method: callable(WebDriver)\n        :param message: optional message for :exc:`TimeoutException`\n        :returns: the result of the last call to `method`\n        :raises: :exc:`selenium.common.exceptions.TimeoutException` if timeout occurs\n        \"\"\"\n        screen = None\n        stacktrace = None\n    \n        end_time = time.monotonic() + self._timeout\n        while True:\n            try:\n                value = method(self._driver)\n                if value:\n                    return value\n            except self._ignored_exceptions as exc:\n                screen = getattr(exc, \"screen\", None)\n                stacktrace = getattr(exc, \"stacktrace\", None)\n            time.sleep(self._poll)\n            if time.monotonic() > end_time:\n                break\n>       raise TimeoutException(message, screen, stacktrace)\nE       selenium.common.exceptions.TimeoutException: Message: \nE       Stacktrace:\nE       #0 0x564b4d35913a <unknown>\nE       #1 0x564b4d03f5e0 <unknown>\nE       #2 0x564b4d08ebe8 <unknown>\nE       #3 0x564b4d08ee81 <unknown>\nE       #4 0x564b4d0d58c4 <unknown>\nE       #5 0x564b4d0b3b4d <unknown>\nE       #6 0x564b4d0d2d7d <unknown>\nE       #7 0x564b4d0b38c3 <unknown>\nE       #8 0x564b4d0816b3 <unknown>\nE       #9 0x564b4d08268e <unknown>\nE       #10 0x564b4d323b3b <unknown>\nE       #11 0x564b4d327ac1 <unknown>\nE       #12 0x564b4d310335 <unknown>\nE       #13 0x564b4d328642 <unknown>\nE       #14 0x564b4d2f549f <unknown>\nE       #15 0x564b4d348038 <unknown>\nE       #16 0x564b4d348203 <unknown>\nE       #17 0x564b4d357f8c <unknown>\nE       #18 0x7f23afb03a94 <unknown>\nE       #19 0x7f23afb90a34 __clone\n\n../../../.cache/pypoetry/virtualenvs/uk-bin-collection-EwS6Gn8s-py3.11/lib/python3.11/site-packages/selenium/webdriver/support/wait.py:105: TimeoutException","flaky":false,"newFailed":false,"newBroken":false,"newPassed":false,"retriesCount":0,"retriesStatusChange":false,"beforeStages":[],"testStage":{"status":"failed","statusMessage":"selenium.common.exceptions.TimeoutException: Message: \nStacktrace:\n#0 0x564b4d35913a <unknown>\n#1 0x564b4d03f5e0 <unknown>\n#2 0x564b4d08ebe8 <unknown>\n#3 0x564b4d08ee81 <unknown>\n#4 0x564b4d0d58c4 <unknown>\n#5 0x564b4d0b3b4d <unknown>\n#6 0x564b4d0d2d7d <unknown>\n#7 0x564b4d0b38c3 <unknown>\n#8 0x564b4d0816b3 <unknown>\n#9 0x564b4d08268e <unknown>\n#10 0x564b4d323b3b <unknown>\n#11 0x564b4d327ac1 <unknown>\n#12 0x564b4d310335 <unknown>\n#13 0x564b4d328642 <unknown>\n#14 0x564b4d2f549f <unknown>\n#15 0x564b4d348038 <unknown>\n#16 0x564b4d348203 <unknown>\n#17 0x564b4d357f8c <unknown>\n#18 0x7f23afb03a94 <unknown>\n#19 0x7f23afb90a34 __clone","statusTrace":"fixturefunc = <function scrape_step at 0x7fa6256e27a0>\nrequest = <FixtureRequest for <Function test_scenario_outline[KirkleesCouncil]>>\nkwargs = {'context': <test_validate_council.Context object at 0x7fa625561710>, 'headless_mode': 'True', 'local_browser': 'False', 'selenium_url': 'http://localhost:4444'}\n\n    def call_fixture_func(\n        fixturefunc: _FixtureFunc[FixtureValue], request: FixtureRequest, kwargs\n    ) -> FixtureValue:\n        if is_generator(fixturefunc):\n            fixturefunc = cast(\n                Callable[..., Generator[FixtureValue, None, None]], fixturefunc\n            )\n            generator = fixturefunc(**kwargs)\n            try:\n                fixture_result = next(generator)\n            except StopIteration:\n                raise ValueError(f\"{request.fixturename} did not yield a value\") from None\n            finalizer = functools.partial(_teardown_yield_fixture, fixturefunc, generator)\n            request.addfinalizer(finalizer)\n        else:\n            fixturefunc = cast(Callable[..., FixtureValue], fixturefunc)\n>           fixture_result = fixturefunc(**kwargs)\n\n../../../.cache/pypoetry/virtualenvs/uk-bin-collection-EwS6Gn8s-py3.11/lib/python3.11/site-packages/_pytest/fixtures.py:898: \n_ _ _ _ _ _ _ _ _ _ _ _ _ _ _ _ _ _ _ _ _ _ _ _ _ _ _ _ _ _ _ _ _ _ _ _ _ _ _ _ \nuk_bin_collection/tests/step_defs/test_validate_council.py:100: in scrape_step\n    context.parse_result = CollectData.run()\nuk_bin_collection/uk_bin_collection/collect_data.py:101: in run\n    return self.client_code(\nuk_bin_collection/uk_bin_collection/collect_data.py:121: in client_code\n    return get_bin_data_class.template_method(address_url, **kwargs)\nuk_bin_collection/uk_bin_collection/get_bin_data.py:61: in template_method\n    bin_data_dict = self.get_and_parse_data(this_url, **kwargs)\nuk_bin_collection/uk_bin_collection/get_bin_data.py:84: in get_and_parse_data\n    bin_data_dict = self.parse_data(\"\", url=address_url, **kwargs)\nuk_bin_collection/uk_bin_collection/councils/KirkleesCouncil.py:41: in parse_data\n    return self._parse_data(*args, **kwargs)\nuk_bin_collection/uk_bin_collection/councils/KirkleesCouncil.py:74: in _parse_data\n    wait_for_element(\nuk_bin_collection/uk_bin_collection/councils/KirkleesCouncil.py:18: in wait_for_element\n    wait_for_element_conditions(driver, element_present, timeout=timeout)\nuk_bin_collection/uk_bin_collection/councils/KirkleesCouncil.py:23: in wait_for_element_conditions\n    WebDriverWait(driver, timeout).until(conditions)\n_ _ _ _ _ _ _ _ _ _ _ _ _ _ _ _ _ _ _ _ _ _ _ _ _ _ _ _ _ _ _ _ _ _ _ _ _ _ _ _ \n\nself = <selenium.webdriver.support.wait.WebDriverWait (session=\"a777b4c166af96c629feeb6e7e71c5de\")>\nmethod = <function presence_of_element_located.<locals>._predicate at 0x7fa6253b0540>\nmessage = ''\n\n    def until(self, method: Callable[[D], Union[Literal[False], T]], message: str = \"\") -> T:\n        \"\"\"Calls the method provided with the driver as an argument until the \\\n        return value does not evaluate to ``False``.\n    \n        :param method: callable(WebDriver)\n        :param message: optional message for :exc:`TimeoutException`\n        :returns: the result of the last call to `method`\n        :raises: :exc:`selenium.common.exceptions.TimeoutException` if timeout occurs\n        \"\"\"\n        screen = None\n        stacktrace = None\n    \n        end_time = time.monotonic() + self._timeout\n        while True:\n            try:\n                value = method(self._driver)\n                if value:\n                    return value\n            except self._ignored_exceptions as exc:\n                screen = getattr(exc, \"screen\", None)\n                stacktrace = getattr(exc, \"stacktrace\", None)\n            time.sleep(self._poll)\n            if time.monotonic() > end_time:\n                break\n>       raise TimeoutException(message, screen, stacktrace)\nE       selenium.common.exceptions.TimeoutException: Message: \nE       Stacktrace:\nE       #0 0x564b4d35913a <unknown>\nE       #1 0x564b4d03f5e0 <unknown>\nE       #2 0x564b4d08ebe8 <unknown>\nE       #3 0x564b4d08ee81 <unknown>\nE       #4 0x564b4d0d58c4 <unknown>\nE       #5 0x564b4d0b3b4d <unknown>\nE       #6 0x564b4d0d2d7d <unknown>\nE       #7 0x564b4d0b38c3 <unknown>\nE       #8 0x564b4d0816b3 <unknown>\nE       #9 0x564b4d08268e <unknown>\nE       #10 0x564b4d323b3b <unknown>\nE       #11 0x564b4d327ac1 <unknown>\nE       #12 0x564b4d310335 <unknown>\nE       #13 0x564b4d328642 <unknown>\nE       #14 0x564b4d2f549f <unknown>\nE       #15 0x564b4d348038 <unknown>\nE       #16 0x564b4d348203 <unknown>\nE       #17 0x564b4d357f8c <unknown>\nE       #18 0x7f23afb03a94 <unknown>\nE       #19 0x7f23afb90a34 __clone\n\n../../../.cache/pypoetry/virtualenvs/uk-bin-collection-EwS6Gn8s-py3.11/lib/python3.11/site-packages/selenium/webdriver/support/wait.py:105: TimeoutException","steps":[{"name":"Given the council","time":{"start":1728260214479,"stop":1728260214480,"duration":1},"status":"passed","steps":[],"attachments":[],"parameters":[],"shouldDisplayMessage":false,"stepsCount":0,"attachmentsCount":0,"hasContent":false,"attachmentStep":false},{"name":"When we scrape the data from the council","time":{"start":1728260214480,"stop":1728260259532,"duration":45052},"status":"failed","statusMessage":"Message: \nStacktrace:\n#0 0x564b4d35913a <unknown>\n#1 0x564b4d03f5e0 <unknown>\n#2 0x564b4d08ebe8 <unknown>\n#3 0x564b4d08ee81 <unknown>\n#4 0x564b4d0d58c4 <unknown>\n#5 0x564b4d0b3b4d <unknown>\n#6 0x564b4d0d2d7d <unknown>\n#7 0x564b4d0b38c3 <unknown>\n#8 0x564b4d0816b3 <unknown>\n#9 0x564b4d08268e <unknown>\n#10 0x564b4d323b3b <unknown>\n#11 0x564b4d327ac1 <unknown>\n#12 0x564b4d310335 <unknown>\n#13 0x564b4d328642 <unknown>\n#14 0x564b4d2f549f <unknown>\n#15 0x564b4d348038 <unknown>\n#16 0x564b4d348203 <unknown>\n#17 0x564b4d357f8c <unknown>\n#18 0x7f23afb03a94 <unknown>\n#19 0x7f23afb90a34 __clone\n","statusTrace":"selenium.common.exceptions.TimeoutException: Message: \nStacktrace:\n#0 0x564b4d35913a <unknown>\n#1 0x564b4d03f5e0 <unknown>\n#2 0x564b4d08ebe8 <unknown>\n#3 0x564b4d08ee81 <unknown>\n#4 0x564b4d0d58c4 <unknown>\n#5 0x564b4d0b3b4d <unknown>\n#6 0x564b4d0d2d7d <unknown>\n#7 0x564b4d0b38c3 <unknown>\n#8 0x564b4d0816b3 <unknown>\n#9 0x564b4d08268e <unknown>\n#10 0x564b4d323b3b <unknown>\n#11 0x564b4d327ac1 <unknown>\n#12 0x564b4d310335 <unknown>\n#13 0x564b4d328642 <unknown>\n#14 0x564b4d2f549f <unknown>\n#15 0x564b4d348038 <unknown>\n#16 0x564b4d348203 <unknown>\n#17 0x564b4d357f8c <unknown>\n#18 0x7f23afb03a94 <unknown>\n#19 0x7f23afb90a34 __clone\n\n","steps":[],"attachments":[],"parameters":[],"shouldDisplayMessage":true,"stepsCount":0,"attachmentsCount":0,"hasContent":true,"attachmentStep":false}],"attachments":[{"uid":"8701add1a361b2c4","name":"stdout","source":"8701add1a361b2c4.txt","type":"text/plain","size":77}],"parameters":[],"shouldDisplayMessage":true,"stepsCount":2,"attachmentsCount":1,"hasContent":true,"attachmentStep":false},"afterStages":[],"labels":[{"name":"host","value":"fv-az1435-469"},{"name":"thread","value":"2975-MainThread"},{"name":"framework","value":"pytest-bdd"},{"name":"language","value":"cpython3"},{"name":"feature","value":"Test each council output matches expected results"},{"name":"resultFormat","value":"allure2"}],"parameters":[{"name":"council","value":"KirkleesCouncil"}],"links":[],"hidden":false,"retry":false,"extra":{"severity":"normal","retries":[],"categories":[{"name":"Product defects","matchedStatuses":[],"flaky":false}],"history":{"statistic":{"failed":166,"broken":0,"skipped":0,"passed":0,"unknown":0,"total":166},"items":[{"uid":"85890018254e7e1c","reportUrl":"https://robbrad.github.io/UKBinCollectionData/3.11/2164//#testresult/85890018254e7e1c","status":"failed","statusDetails":"selenium.common.exceptions.TimeoutException: Message: \nStacktrace:\n#0 0x5608d3e1c13a <unknown>\n#1 0x5608d3b025e0 <unknown>\n#2 0x5608d3b51be8 <unknown>\n#3 0x5608d3b51e81 <unknown>\n#4 0x5608d3b988c4 <unknown>\n#5 0x5608d3b76b4d <unknown>\n#6 0x5608d3b95d7d <unknown>\n#7 0x5608d3b768c3 <unknown>\n#8 0x5608d3b446b3 <unknown>\n#9 0x5608d3b4568e <unknown>\n#10 0x5608d3de6b3b <unknown>\n#11 0x5608d3deaac1 <unknown>\n#12 0x5608d3dd3335 <unknown>\n#13 0x5608d3deb642 <unknown>\n#14 0x5608d3db849f <unknown>\n#15 0x5608d3e0b038 <unknown>\n#16 0x5608d3e0b203 <unknown>\n#17 0x5608d3e1af8c <unknown>\n#18 0x7f87af443a94 <unknown>\n#19 0x7f87af4d0a34 __clone","time":{"start":1728173814665,"stop":1728173880006,"duration":65341}},{"uid":"56d904da82c5ab0f","reportUrl":"https://robbrad.github.io/UKBinCollectionData/3.11/2160//#testresult/56d904da82c5ab0f","status":"failed","statusDetails":"selenium.common.exceptions.TimeoutException: Message: \nStacktrace:\n#0 0x564ad34f013a <unknown>\n#1 0x564ad31d65e0 <unknown>\n#2 0x564ad3225be8 <unknown>\n#3 0x564ad3225e81 <unknown>\n#4 0x564ad326c8c4 <unknown>\n#5 0x564ad324ab4d <unknown>\n#6 0x564ad3269d7d <unknown>\n#7 0x564ad324a8c3 <unknown>\n#8 0x564ad32186b3 <unknown>\n#9 0x564ad321968e <unknown>\n#10 0x564ad34bab3b <unknown>\n#11 0x564ad34beac1 <unknown>\n#12 0x564ad34a7335 <unknown>\n#13 0x564ad34bf642 <unknown>\n#14 0x564ad348c49f <unknown>\n#15 0x564ad34df038 <unknown>\n#16 0x564ad34df203 <unknown>\n#17 0x564ad34eef8c <unknown>\n#18 0x7f89f28fda94 <unknown>\n#19 0x7f89f298aa34 __clone","time":{"start":1728086768551,"stop":1728086817782,"duration":49231}},{"uid":"e5f1f1c65f61b6c1","reportUrl":"https://robbrad.github.io/UKBinCollectionData/3.11/2152//#testresult/e5f1f1c65f61b6c1","status":"failed","statusDetails":"selenium.common.exceptions.TimeoutException: Message: \nStacktrace:\n#0 0x55ec9ccfd13a <unknown>\n#1 0x55ec9c9e35e0 <unknown>\n#2 0x55ec9ca32be8 <unknown>\n#3 0x55ec9ca32e81 <unknown>\n#4 0x55ec9ca798c4 <unknown>\n#5 0x55ec9ca57b4d <unknown>\n#6 0x55ec9ca76d7d <unknown>\n#7 0x55ec9ca578c3 <unknown>\n#8 0x55ec9ca256b3 <unknown>\n#9 0x55ec9ca2668e <unknown>\n#10 0x55ec9ccc7b3b <unknown>\n#11 0x55ec9cccbac1 <unknown>\n#12 0x55ec9ccb4335 <unknown>\n#13 0x55ec9cccc642 <unknown>\n#14 0x55ec9cc9949f <unknown>\n#15 0x55ec9ccec038 <unknown>\n#16 0x55ec9ccec203 <unknown>\n#17 0x55ec9ccfbf8c <unknown>\n#18 0x7f0117a2aa94 <unknown>\n#19 0x7f0117ab7a34 __clone","time":{"start":1728000418306,"stop":1728000444772,"duration":26466}},{"uid":"7b2271e12d9a0c52","reportUrl":"https://robbrad.github.io/UKBinCollectionData/3.11/2148//#testresult/7b2271e12d9a0c52","status":"failed","statusDetails":"selenium.common.exceptions.TimeoutException: Message: \nStacktrace:\n#0 0x55a3c2cfe13a <unknown>\n#1 0x55a3c29e45e0 <unknown>\n#2 0x55a3c2a33be8 <unknown>\n#3 0x55a3c2a33e81 <unknown>\n#4 0x55a3c2a7a8c4 <unknown>\n#5 0x55a3c2a58b4d <unknown>\n#6 0x55a3c2a77d7d <unknown>\n#7 0x55a3c2a588c3 <unknown>\n#8 0x55a3c2a266b3 <unknown>\n#9 0x55a3c2a2768e <unknown>\n#10 0x55a3c2cc8b3b <unknown>\n#11 0x55a3c2cccac1 <unknown>\n#12 0x55a3c2cb5335 <unknown>\n#13 0x55a3c2ccd642 <unknown>\n#14 0x55a3c2c9a49f <unknown>\n#15 0x55a3c2ced038 <unknown>\n#16 0x55a3c2ced203 <unknown>\n#17 0x55a3c2cfcf8c <unknown>\n#18 0x7f35a3f31a94 <unknown>\n#19 0x7f35a3fbea34 __clone","time":{"start":1727932700772,"stop":1727932765450,"duration":64678}},{"uid":"c6d11cc356fb964c","reportUrl":"https://robbrad.github.io/UKBinCollectionData/3.11/2146//#testresult/c6d11cc356fb964c","status":"failed","statusDetails":"selenium.common.exceptions.TimeoutException: Message: \nStacktrace:\n#0 0x563b7471213a <unknown>\n#1 0x563b743f85e0 <unknown>\n#2 0x563b74447be8 <unknown>\n#3 0x563b74447e81 <unknown>\n#4 0x563b7448e8c4 <unknown>\n#5 0x563b7446cb4d <unknown>\n#6 0x563b7448bd7d <unknown>\n#7 0x563b7446c8c3 <unknown>\n#8 0x563b7443a6b3 <unknown>\n#9 0x563b7443b68e <unknown>\n#10 0x563b746dcb3b <unknown>\n#11 0x563b746e0ac1 <unknown>\n#12 0x563b746c9335 <unknown>\n#13 0x563b746e1642 <unknown>\n#14 0x563b746ae49f <unknown>\n#15 0x563b74701038 <unknown>\n#16 0x563b74701203 <unknown>\n#17 0x563b74710f8c <unknown>\n#18 0x7f7c86091a94 <unknown>\n#19 0x7f7c8611ea34 __clone","time":{"start":1727914448980,"stop":1727914568268,"duration":119288}},{"uid":"6e2ed3589c00cb4c","reportUrl":"https://robbrad.github.io/UKBinCollectionData/3.11/2139//#testresult/6e2ed3589c00cb4c","status":"failed","statusDetails":"selenium.common.exceptions.TimeoutException: Message: \nStacktrace:\n#0 0x562699c3d13a <unknown>\n#1 0x5626999235e0 <unknown>\n#2 0x562699972be8 <unknown>\n#3 0x562699972e81 <unknown>\n#4 0x5626999b98c4 <unknown>\n#5 0x562699997b4d <unknown>\n#6 0x5626999b6d7d <unknown>\n#7 0x5626999978c3 <unknown>\n#8 0x5626999656b3 <unknown>\n#9 0x56269996668e <unknown>\n#10 0x562699c07b3b <unknown>\n#11 0x562699c0bac1 <unknown>\n#12 0x562699bf4335 <unknown>\n#13 0x562699c0c642 <unknown>\n#14 0x562699bd949f <unknown>\n#15 0x562699c2c038 <unknown>\n#16 0x562699c2c203 <unknown>\n#17 0x562699c3bf8c <unknown>\n#18 0x7f41bd685a94 <unknown>\n#19 0x7f41bd712a34 __clone","time":{"start":1727828028476,"stop":1727828148099,"duration":119623}},{"uid":"21fef809f20386d9","reportUrl":"https://robbrad.github.io/UKBinCollectionData/3.11/2138//#testresult/21fef809f20386d9","status":"failed","statusDetails":"selenium.common.exceptions.TimeoutException: Message: \nStacktrace:\n#0 0x558b9bb0213a <unknown>\n#1 0x558b9b7e85e0 <unknown>\n#2 0x558b9b837be8 <unknown>\n#3 0x558b9b837e81 <unknown>\n#4 0x558b9b87e8c4 <unknown>\n#5 0x558b9b85cb4d <unknown>\n#6 0x558b9b87bd7d <unknown>\n#7 0x558b9b85c8c3 <unknown>\n#8 0x558b9b82a6b3 <unknown>\n#9 0x558b9b82b68e <unknown>\n#10 0x558b9baccb3b <unknown>\n#11 0x558b9bad0ac1 <unknown>\n#12 0x558b9bab9335 <unknown>\n#13 0x558b9bad1642 <unknown>\n#14 0x558b9ba9e49f <unknown>\n#15 0x558b9baf1038 <unknown>\n#16 0x558b9baf1203 <unknown>\n#17 0x558b9bb00f8c <unknown>\n#18 0x7f802133ba94 <unknown>\n#19 0x7f80213c8a34 __clone","time":{"start":1727741841719,"stop":1727741913935,"duration":72216}},{"uid":"690b323707d22df8","reportUrl":"https://robbrad.github.io/UKBinCollectionData/3.11/2137//#testresult/690b323707d22df8","status":"failed","statusDetails":"selenium.common.exceptions.TimeoutException: Message: \nStacktrace:\n#0 0x55dd446d813a <unknown>\n#1 0x55dd443be5e0 <unknown>\n#2 0x55dd4440dbe8 <unknown>\n#3 0x55dd4440de81 <unknown>\n#4 0x55dd444548c4 <unknown>\n#5 0x55dd44432b4d <unknown>\n#6 0x55dd44451d7d <unknown>\n#7 0x55dd444328c3 <unknown>\n#8 0x55dd444006b3 <unknown>\n#9 0x55dd4440168e <unknown>\n#10 0x55dd446a2b3b <unknown>\n#11 0x55dd446a6ac1 <unknown>\n#12 0x55dd4468f335 <unknown>\n#13 0x55dd446a7642 <unknown>\n#14 0x55dd4467449f <unknown>\n#15 0x55dd446c7038 <unknown>\n#16 0x55dd446c7203 <unknown>\n#17 0x55dd446d6f8c <unknown>\n#18 0x7fd69b3eca94 <unknown>\n#19 0x7fd69b479a34 __clone","time":{"start":1727655206361,"stop":1727655251606,"duration":45245}},{"uid":"662e2dd552886c04","reportUrl":"https://robbrad.github.io/UKBinCollectionData/3.11/2136//#testresult/662e2dd552886c04","status":"failed","statusDetails":"selenium.common.exceptions.TimeoutException: Message: \nStacktrace:\n#0 0x555671b0a13a <unknown>\n#1 0x5556717f05e0 <unknown>\n#2 0x55567183fbe8 <unknown>\n#3 0x55567183fe81 <unknown>\n#4 0x5556718868c4 <unknown>\n#5 0x555671864b4d <unknown>\n#6 0x555671883d7d <unknown>\n#7 0x5556718648c3 <unknown>\n#8 0x5556718326b3 <unknown>\n#9 0x55567183368e <unknown>\n#10 0x555671ad4b3b <unknown>\n#11 0x555671ad8ac1 <unknown>\n#12 0x555671ac1335 <unknown>\n#13 0x555671ad9642 <unknown>\n#14 0x555671aa649f <unknown>\n#15 0x555671af9038 <unknown>\n#16 0x555671af9203 <unknown>\n#17 0x555671b08f8c <unknown>\n#18 0x7f2e91da4a94 <unknown>\n#19 0x7f2e91e31a34 __clone","time":{"start":1727568840733,"stop":1727568964018,"duration":123285}},{"uid":"1ba1641d75634bfe","reportUrl":"https://robbrad.github.io/UKBinCollectionData/3.11/2135//#testresult/1ba1641d75634bfe","status":"failed","statusDetails":"selenium.common.exceptions.TimeoutException: Message: \nStacktrace:\n#0 0x559650d3713a <unknown>\n#1 0x559650a1d5e0 <unknown>\n#2 0x559650a6cbe8 <unknown>\n#3 0x559650a6ce81 <unknown>\n#4 0x559650ab38c4 <unknown>\n#5 0x559650a91b4d <unknown>\n#6 0x559650ab0d7d <unknown>\n#7 0x559650a918c3 <unknown>\n#8 0x559650a5f6b3 <unknown>\n#9 0x559650a6068e <unknown>\n#10 0x559650d01b3b <unknown>\n#11 0x559650d05ac1 <unknown>\n#12 0x559650cee335 <unknown>\n#13 0x559650d06642 <unknown>\n#14 0x559650cd349f <unknown>\n#15 0x559650d26038 <unknown>\n#16 0x559650d26203 <unknown>\n#17 0x559650d35f8c <unknown>\n#18 0x7f5eaf342a94 <unknown>\n#19 0x7f5eaf3cfa34 __clone","time":{"start":1727482475860,"stop":1727482593989,"duration":118129}},{"uid":"a1bd166364ba5a81","reportUrl":"https://robbrad.github.io/UKBinCollectionData/3.11/2131//#testresult/a1bd166364ba5a81","status":"failed","statusDetails":"selenium.common.exceptions.TimeoutException: Message: \nStacktrace:\n#0 0x55fe72b6d13a <unknown>\n#1 0x55fe728535e0 <unknown>\n#2 0x55fe728a2be8 <unknown>\n#3 0x55fe728a2e81 <unknown>\n#4 0x55fe728e98c4 <unknown>\n#5 0x55fe728c7b4d <unknown>\n#6 0x55fe728e6d7d <unknown>\n#7 0x55fe728c78c3 <unknown>\n#8 0x55fe728956b3 <unknown>\n#9 0x55fe7289668e <unknown>\n#10 0x55fe72b37b3b <unknown>\n#11 0x55fe72b3bac1 <unknown>\n#12 0x55fe72b24335 <unknown>\n#13 0x55fe72b3c642 <unknown>\n#14 0x55fe72b0949f <unknown>\n#15 0x55fe72b5c038 <unknown>\n#16 0x55fe72b5c203 <unknown>\n#17 0x55fe72b6bf8c <unknown>\n#18 0x7faadef65a94 <unknown>\n#19 0x7faadeff2a34 __clone","time":{"start":1727422558937,"stop":1727422625477,"duration":66540}},{"uid":"924f7309a3b31caf","reportUrl":"https://robbrad.github.io/UKBinCollectionData/3.11/2130//#testresult/924f7309a3b31caf","status":"failed","statusDetails":"selenium.common.exceptions.TimeoutException: Message: \nStacktrace:\n#0 0x55d833b6113a <unknown>\n#1 0x55d8338475e0 <unknown>\n#2 0x55d833896be8 <unknown>\n#3 0x55d833896e81 <unknown>\n#4 0x55d8338dd8c4 <unknown>\n#5 0x55d8338bbb4d <unknown>\n#6 0x55d8338dad7d <unknown>\n#7 0x55d8338bb8c3 <unknown>\n#8 0x55d8338896b3 <unknown>\n#9 0x55d83388a68e <unknown>\n#10 0x55d833b2bb3b <unknown>\n#11 0x55d833b2fac1 <unknown>\n#12 0x55d833b18335 <unknown>\n#13 0x55d833b30642 <unknown>\n#14 0x55d833afd49f <unknown>\n#15 0x55d833b50038 <unknown>\n#16 0x55d833b50203 <unknown>\n#17 0x55d833b5ff8c <unknown>\n#18 0x7ff4a2be5a94 <unknown>\n#19 0x7ff4a2c72a34 __clone","time":{"start":1727396262557,"stop":1727396330293,"duration":67736}},{"uid":"55d74f5c9dadbbe8","reportUrl":"https://robbrad.github.io/UKBinCollectionData/3.11/2129//#testresult/55d74f5c9dadbbe8","status":"failed","statusDetails":"selenium.common.exceptions.TimeoutException: Message: \nStacktrace:\n#0 0x56003e0c113a <unknown>\n#1 0x56003dda75e0 <unknown>\n#2 0x56003ddf6be8 <unknown>\n#3 0x56003ddf6e81 <unknown>\n#4 0x56003de3d8c4 <unknown>\n#5 0x56003de1bb4d <unknown>\n#6 0x56003de3ad7d <unknown>\n#7 0x56003de1b8c3 <unknown>\n#8 0x56003dde96b3 <unknown>\n#9 0x56003ddea68e <unknown>\n#10 0x56003e08bb3b <unknown>\n#11 0x56003e08fac1 <unknown>\n#12 0x56003e078335 <unknown>\n#13 0x56003e090642 <unknown>\n#14 0x56003e05d49f <unknown>\n#15 0x56003e0b0038 <unknown>\n#16 0x56003e0b0203 <unknown>\n#17 0x56003e0bff8c <unknown>\n#18 0x7f6ebd72fa94 <unknown>\n#19 0x7f6ebd7bca34 __clone","time":{"start":1727309653538,"stop":1727309773773,"duration":120235}},{"uid":"2c476bcfc0bcc1cb","reportUrl":"https://robbrad.github.io/UKBinCollectionData/3.11/2128//#testresult/2c476bcfc0bcc1cb","status":"failed","statusDetails":"selenium.common.exceptions.TimeoutException: Message: \nStacktrace:\n#0 0x55ebedadb13a <unknown>\n#1 0x55ebed7c15e0 <unknown>\n#2 0x55ebed810be8 <unknown>\n#3 0x55ebed810e81 <unknown>\n#4 0x55ebed8578c4 <unknown>\n#5 0x55ebed835b4d <unknown>\n#6 0x55ebed854d7d <unknown>\n#7 0x55ebed8358c3 <unknown>\n#8 0x55ebed8036b3 <unknown>\n#9 0x55ebed80468e <unknown>\n#10 0x55ebedaa5b3b <unknown>\n#11 0x55ebedaa9ac1 <unknown>\n#12 0x55ebeda92335 <unknown>\n#13 0x55ebedaaa642 <unknown>\n#14 0x55ebeda7749f <unknown>\n#15 0x55ebedaca038 <unknown>\n#16 0x55ebedaca203 <unknown>\n#17 0x55ebedad9f8c <unknown>\n#18 0x7fb9164b1a94 <unknown>\n#19 0x7fb91653ea34 __clone","time":{"start":1727223263530,"stop":1727223381575,"duration":118045}},{"uid":"aad3b07175491e55","reportUrl":"https://robbrad.github.io/UKBinCollectionData/3.11/2127//#testresult/aad3b07175491e55","status":"failed","statusDetails":"selenium.common.exceptions.TimeoutException: Message: \nStacktrace:\n#0 0x561df233313a <unknown>\n#1 0x561df20195e0 <unknown>\n#2 0x561df2068be8 <unknown>\n#3 0x561df2068e81 <unknown>\n#4 0x561df20af8c4 <unknown>\n#5 0x561df208db4d <unknown>\n#6 0x561df20acd7d <unknown>\n#7 0x561df208d8c3 <unknown>\n#8 0x561df205b6b3 <unknown>\n#9 0x561df205c68e <unknown>\n#10 0x561df22fdb3b <unknown>\n#11 0x561df2301ac1 <unknown>\n#12 0x561df22ea335 <unknown>\n#13 0x561df2302642 <unknown>\n#14 0x561df22cf49f <unknown>\n#15 0x561df2322038 <unknown>\n#16 0x561df2322203 <unknown>\n#17 0x561df2331f8c <unknown>\n#18 0x7f01ef976a94 <unknown>\n#19 0x7f01efa03a34 __clone","time":{"start":1727136892544,"stop":1727137006094,"duration":113550}},{"uid":"3fee6d203918761d","reportUrl":"https://robbrad.github.io/UKBinCollectionData/3.11/2126//#testresult/3fee6d203918761d","status":"failed","statusDetails":"selenium.common.exceptions.TimeoutException: Message: \nStacktrace:\n#0 0x56194dc7c13a <unknown>\n#1 0x56194d9625e0 <unknown>\n#2 0x56194d9b1be8 <unknown>\n#3 0x56194d9b1e81 <unknown>\n#4 0x56194d9f88c4 <unknown>\n#5 0x56194d9d6b4d <unknown>\n#6 0x56194d9f5d7d <unknown>\n#7 0x56194d9d68c3 <unknown>\n#8 0x56194d9a46b3 <unknown>\n#9 0x56194d9a568e <unknown>\n#10 0x56194dc46b3b <unknown>\n#11 0x56194dc4aac1 <unknown>\n#12 0x56194dc33335 <unknown>\n#13 0x56194dc4b642 <unknown>\n#14 0x56194dc1849f <unknown>\n#15 0x56194dc6b038 <unknown>\n#16 0x56194dc6b203 <unknown>\n#17 0x56194dc7af8c <unknown>\n#18 0x7fb37f0b8a94 <unknown>\n#19 0x7fb37f145a34 __clone","time":{"start":1727050579990,"stop":1727050631146,"duration":51156}},{"uid":"d71604ac199bfeec","reportUrl":"https://robbrad.github.io/UKBinCollectionData/3.11/2125//#testresult/d71604ac199bfeec","status":"failed","statusDetails":"selenium.common.exceptions.TimeoutException: Message: \nStacktrace:\n#0 0x55dd762ba86a <unknown>\n#1 0x55dd75f88e50 <unknown>\n#2 0x55dd75fd8644 <unknown>\n#3 0x55dd75fd8931 <unknown>\n#4 0x55dd7601e534 <unknown>\n#5 0x55dd75ffd4bd <unknown>\n#6 0x55dd7601b9c6 <unknown>\n#7 0x55dd75ffd233 <unknown>\n#8 0x55dd75fcb093 <unknown>\n#9 0x55dd75fcc09e <unknown>\n#10 0x55dd76281acb <unknown>\n#11 0x55dd76285a81 <unknown>\n#12 0x55dd7626d695 <unknown>\n#13 0x55dd762865f2 <unknown>\n#14 0x55dd7625286f <unknown>\n#15 0x55dd762a9668 <unknown>\n#16 0x55dd762a9832 <unknown>\n#17 0x55dd762b965c <unknown>\n#18 0x7fe2abc23a94 <unknown>\n#19 0x7fe2abcb0a34 __clone","time":{"start":1726964192252,"stop":1726964315636,"duration":123384}},{"uid":"27d64998c0ebd56a","reportUrl":"https://robbrad.github.io/UKBinCollectionData/3.11/2124//#testresult/27d64998c0ebd56a","status":"failed","statusDetails":"selenium.common.exceptions.TimeoutException: Message: \nStacktrace:\n#0 0x56461f14086a <unknown>\n#1 0x56461ee0ee50 <unknown>\n#2 0x56461ee5e644 <unknown>\n#3 0x56461ee5e931 <unknown>\n#4 0x56461eea4534 <unknown>\n#5 0x56461ee834bd <unknown>\n#6 0x56461eea19c6 <unknown>\n#7 0x56461ee83233 <unknown>\n#8 0x56461ee51093 <unknown>\n#9 0x56461ee5209e <unknown>\n#10 0x56461f107acb <unknown>\n#11 0x56461f10ba81 <unknown>\n#12 0x56461f0f3695 <unknown>\n#13 0x56461f10c5f2 <unknown>\n#14 0x56461f0d886f <unknown>\n#15 0x56461f12f668 <unknown>\n#16 0x56461f12f832 <unknown>\n#17 0x56461f13f65c <unknown>\n#18 0x7f0e7af6ea94 <unknown>\n#19 0x7f0e7affba34 __clone","time":{"start":1726877729793,"stop":1726877851671,"duration":121878}},{"uid":"b4a2b765790eef15","reportUrl":"https://robbrad.github.io/UKBinCollectionData/3.11/2123//#testresult/b4a2b765790eef15","status":"failed","statusDetails":"selenium.common.exceptions.TimeoutException: Message: \nStacktrace:\n#0 0x56432692286a <unknown>\n#1 0x5643265f0e50 <unknown>\n#2 0x564326640644 <unknown>\n#3 0x564326640931 <unknown>\n#4 0x564326686534 <unknown>\n#5 0x5643266654bd <unknown>\n#6 0x5643266839c6 <unknown>\n#7 0x564326665233 <unknown>\n#8 0x564326633093 <unknown>\n#9 0x56432663409e <unknown>\n#10 0x5643268e9acb <unknown>\n#11 0x5643268eda81 <unknown>\n#12 0x5643268d5695 <unknown>\n#13 0x5643268ee5f2 <unknown>\n#14 0x5643268ba86f <unknown>\n#15 0x564326911668 <unknown>\n#16 0x564326911832 <unknown>\n#17 0x56432692165c <unknown>\n#18 0x7fa3259c0a94 <unknown>\n#19 0x7fa325a4da34 __clone","time":{"start":1726791497415,"stop":1726791551892,"duration":54477}},{"uid":"a39d986cd0898158","reportUrl":"https://robbrad.github.io/UKBinCollectionData/3.11/2122//#testresult/a39d986cd0898158","status":"failed","statusDetails":"selenium.common.exceptions.TimeoutException: Message: \nStacktrace:\n#0 0x562732bb186a <unknown>\n#1 0x56273287fe50 <unknown>\n#2 0x5627328cf644 <unknown>\n#3 0x5627328cf931 <unknown>\n#4 0x562732915534 <unknown>\n#5 0x5627328f44bd <unknown>\n#6 0x5627329129c6 <unknown>\n#7 0x5627328f4233 <unknown>\n#8 0x5627328c2093 <unknown>\n#9 0x5627328c309e <unknown>\n#10 0x562732b78acb <unknown>\n#11 0x562732b7ca81 <unknown>\n#12 0x562732b64695 <unknown>\n#13 0x562732b7d5f2 <unknown>\n#14 0x562732b4986f <unknown>\n#15 0x562732ba0668 <unknown>\n#16 0x562732ba0832 <unknown>\n#17 0x562732bb065c <unknown>\n#18 0x7f9287bd4a94 <unknown>\n#19 0x7f9287c61a34 __clone","time":{"start":1726704946877,"stop":1726705066106,"duration":119229}}]},"tags":[]},"source":"144b31bd83b97314.json","parameterValues":["KirkleesCouncil"]}