{"uid":"e8201b6e440bce0","name":"Validate Council Output [RenfrewshireCouncil]","fullName":"features/validate_council_outputs.feature:Validate Council Output","historyId":"21c77c05ec171f4a60a68c21bf3d0b55","time":{"start":1728260745520,"stop":1728260771577,"duration":26057},"status":"passed","flaky":false,"newFailed":false,"newBroken":false,"newPassed":false,"retriesCount":0,"retriesStatusChange":false,"beforeStages":[],"testStage":{"status":"passed","steps":[{"name":"Given the council","time":{"start":1728260745520,"stop":1728260745521,"duration":1},"status":"passed","steps":[],"attachments":[],"parameters":[],"shouldDisplayMessage":false,"stepsCount":0,"attachmentsCount":0,"hasContent":false,"attachmentStep":false},{"name":"When we scrape the data from the council","time":{"start":1728260745521,"stop":1728260771575,"duration":26054},"status":"passed","steps":[],"attachments":[],"parameters":[],"shouldDisplayMessage":false,"stepsCount":0,"attachmentsCount":0,"hasContent":false,"attachmentStep":false},{"name":"Then the result is valid json","time":{"start":1728260771575,"stop":1728260771575,"duration":0},"status":"passed","steps":[],"attachments":[],"parameters":[],"shouldDisplayMessage":false,"stepsCount":0,"attachmentsCount":0,"hasContent":false,"attachmentStep":false},{"name":"And the output should validate against the schema","time":{"start":1728260771576,"stop":1728260771577,"duration":1},"status":"passed","steps":[],"attachments":[],"parameters":[],"shouldDisplayMessage":false,"stepsCount":0,"attachmentsCount":0,"hasContent":false,"attachmentStep":false}],"attachments":[{"uid":"6ba130e0f3c64734","name":"stdout","source":"6ba130e0f3c64734.txt","type":"text/plain","size":46}],"parameters":[],"shouldDisplayMessage":false,"stepsCount":4,"attachmentsCount":1,"hasContent":true,"attachmentStep":false},"afterStages":[],"labels":[{"name":"host","value":"fv-az1435-469"},{"name":"thread","value":"2969-MainThread"},{"name":"framework","value":"pytest-bdd"},{"name":"language","value":"cpython3"},{"name":"feature","value":"Test each council output matches expected results"},{"name":"resultFormat","value":"allure2"}],"parameters":[{"name":"council","value":"RenfrewshireCouncil"}],"links":[],"hidden":false,"retry":false,"extra":{"severity":"normal","retries":[],"categories":[],"history":{"statistic":{"failed":44,"broken":0,"skipped":0,"passed":121,"unknown":0,"total":165},"items":[{"uid":"a26e9018ef9b59e1","reportUrl":"https://robbrad.github.io/UKBinCollectionData/3.11/2164//#testresult/a26e9018ef9b59e1","status":"passed","time":{"start":1728174104482,"stop":1728174123632,"duration":19150}},{"uid":"46742bb4e420e798","reportUrl":"https://robbrad.github.io/UKBinCollectionData/3.11/2160//#testresult/46742bb4e420e798","status":"passed","time":{"start":1728087969087,"stop":1728088022300,"duration":53213}},{"uid":"9fc7b61f57d6ba1c","reportUrl":"https://robbrad.github.io/UKBinCollectionData/3.11/2152//#testresult/9fc7b61f57d6ba1c","status":"failed","statusDetails":"selenium.common.exceptions.SessionNotCreatedException: Message: Could not start a new session. New session request timed out \nHost info: host: 'selenium', ip: '172.18.0.2'\nBuild info: version: '4.25.0', revision: '030fcf7918'\nSystem info: os.name: 'Linux', os.arch: 'amd64', os.version: '6.8.0-1014-azure', java.version: '17.0.12'\nDriver info: driver.version: unknown\nStacktrace:\n    at org.openqa.selenium.grid.sessionqueue.local.LocalNewSessionQueue.addToQueue (LocalNewSessionQueue.java:221)\n    at org.openqa.selenium.grid.sessionqueue.NewSessionQueue.lambda$new$0 (NewSessionQueue.java:68)\n    at org.openqa.selenium.remote.http.Route$TemplatizedRoute.handle (Route.java:192)\n    at org.openqa.selenium.remote.http.Route.execute (Route.java:69)\n    at org.openqa.selenium.remote.http.Route$CombinedRoute.handle (Route.java:360)\n    at org.openqa.selenium.remote.http.Route.execute (Route.java:69)\n    at org.openqa.selenium.grid.sessionqueue.NewSessionQueue.execute (NewSessionQueue.java:128)\n    at org.openqa.selenium.remote.tracing.SpanWrappedHttpHandler.execute (SpanWrappedHttpHandler.java:87)\n    at org.openqa.selenium.remote.http.Filter$1.execute (Filter.java:63)\n    at org.openqa.selenium.remote.http.Route$CombinedRoute.handle (Route.java:360)\n    at org.openqa.selenium.remote.http.Route.execute (Route.java:69)\n    at org.openqa.selenium.grid.router.Router.execute (Router.java:87)\n    at org.openqa.selenium.grid.web.EnsureSpecCompliantResponseHeaders.lambda$apply$0 (EnsureSpecCompliantResponseHeaders.java:34)\n    at org.openqa.selenium.remote.http.Filter$1.execute (Filter.java:63)\n    at org.openqa.selenium.remote.http.Route$CombinedRoute.handle (Route.java:360)\n    at org.openqa.selenium.remote.http.Route.execute (Route.java:69)\n    at org.openqa.selenium.remote.AddWebDriverSpecHeaders.lambda$apply$0 (AddWebDriverSpecHeaders.java:35)\n    at org.openqa.selenium.remote.ErrorFilter.lambda$apply$0 (ErrorFilter.java:44)\n    at org.openqa.selenium.remote.http.Filter$1.execute (Filter.java:63)\n    at org.openqa.selenium.remote.ErrorFilter.lambda$apply$0 (ErrorFilter.java:44)\n    at org.openqa.selenium.remote.http.Filter$1.execute (Filter.java:63)\n    at org.openqa.selenium.netty.server.SeleniumHandler.lambda$channelRead0$0 (SeleniumHandler.java:44)\n    at java.util.concurrent.Executors$RunnableAdapter.call (Executors.java:539)\n    at java.util.concurrent.FutureTask.run (FutureTask.java:264)\n    at java.util.concurrent.ThreadPoolExecutor.runWorker (ThreadPoolExecutor.java:1136)\n    at java.util.concurrent.ThreadPoolExecutor$Worker.run (ThreadPoolExecutor.java:635)\n    at java.lang.Thread.run (Thread.java:840)","time":{"start":1728001619695,"stop":1728001919839,"duration":300144}},{"uid":"e5a98f5cd0317a8f","reportUrl":"https://robbrad.github.io/UKBinCollectionData/3.11/2148//#testresult/e5a98f5cd0317a8f","status":"failed","statusDetails":"selenium.common.exceptions.SessionNotCreatedException: Message: Could not start a new session. New session request timed out \nHost info: host: 'selenium', ip: '172.18.0.2'\nBuild info: version: '4.25.0', revision: '030fcf7918'\nSystem info: os.name: 'Linux', os.arch: 'amd64', os.version: '6.8.0-1014-azure', java.version: '17.0.12'\nDriver info: driver.version: unknown\nStacktrace:\n    at org.openqa.selenium.grid.sessionqueue.local.LocalNewSessionQueue.addToQueue (LocalNewSessionQueue.java:221)\n    at org.openqa.selenium.grid.sessionqueue.NewSessionQueue.lambda$new$0 (NewSessionQueue.java:68)\n    at org.openqa.selenium.remote.http.Route$TemplatizedRoute.handle (Route.java:192)\n    at org.openqa.selenium.remote.http.Route.execute (Route.java:69)\n    at org.openqa.selenium.remote.http.Route$CombinedRoute.handle (Route.java:360)\n    at org.openqa.selenium.remote.http.Route.execute (Route.java:69)\n    at org.openqa.selenium.grid.sessionqueue.NewSessionQueue.execute (NewSessionQueue.java:128)\n    at org.openqa.selenium.remote.tracing.SpanWrappedHttpHandler.execute (SpanWrappedHttpHandler.java:87)\n    at org.openqa.selenium.remote.http.Filter$1.execute (Filter.java:63)\n    at org.openqa.selenium.remote.http.Route$CombinedRoute.handle (Route.java:360)\n    at org.openqa.selenium.remote.http.Route.execute (Route.java:69)\n    at org.openqa.selenium.grid.router.Router.execute (Router.java:87)\n    at org.openqa.selenium.grid.web.EnsureSpecCompliantResponseHeaders.lambda$apply$0 (EnsureSpecCompliantResponseHeaders.java:34)\n    at org.openqa.selenium.remote.http.Filter$1.execute (Filter.java:63)\n    at org.openqa.selenium.remote.http.Route$CombinedRoute.handle (Route.java:360)\n    at org.openqa.selenium.remote.http.Route.execute (Route.java:69)\n    at org.openqa.selenium.remote.AddWebDriverSpecHeaders.lambda$apply$0 (AddWebDriverSpecHeaders.java:35)\n    at org.openqa.selenium.remote.ErrorFilter.lambda$apply$0 (ErrorFilter.java:44)\n    at org.openqa.selenium.remote.http.Filter$1.execute (Filter.java:63)\n    at org.openqa.selenium.remote.ErrorFilter.lambda$apply$0 (ErrorFilter.java:44)\n    at org.openqa.selenium.remote.http.Filter$1.execute (Filter.java:63)\n    at org.openqa.selenium.netty.server.SeleniumHandler.lambda$channelRead0$0 (SeleniumHandler.java:44)\n    at java.util.concurrent.Executors$RunnableAdapter.call (Executors.java:539)\n    at java.util.concurrent.FutureTask.run (FutureTask.java:264)\n    at java.util.concurrent.ThreadPoolExecutor.runWorker (ThreadPoolExecutor.java:1136)\n    at java.util.concurrent.ThreadPoolExecutor$Worker.run (ThreadPoolExecutor.java:635)\n    at java.lang.Thread.run (Thread.java:840)","time":{"start":1727933279560,"stop":1727933579592,"duration":300032}},{"uid":"51cc4c3006b3fae5","reportUrl":"https://robbrad.github.io/UKBinCollectionData/3.11/2146//#testresult/51cc4c3006b3fae5","status":"failed","statusDetails":"selenium.common.exceptions.SessionNotCreatedException: Message: Could not start a new session. New session request timed out \nHost info: host: 'selenium', ip: '172.18.0.2'\nBuild info: version: '4.25.0', revision: '030fcf7918'\nSystem info: os.name: 'Linux', os.arch: 'amd64', os.version: '6.8.0-1014-azure', java.version: '17.0.12'\nDriver info: driver.version: unknown\nStacktrace:\n    at org.openqa.selenium.grid.sessionqueue.local.LocalNewSessionQueue.addToQueue (LocalNewSessionQueue.java:221)\n    at org.openqa.selenium.grid.sessionqueue.NewSessionQueue.lambda$new$0 (NewSessionQueue.java:68)\n    at org.openqa.selenium.remote.http.Route$TemplatizedRoute.handle (Route.java:192)\n    at org.openqa.selenium.remote.http.Route.execute (Route.java:69)\n    at org.openqa.selenium.remote.http.Route$CombinedRoute.handle (Route.java:360)\n    at org.openqa.selenium.remote.http.Route.execute (Route.java:69)\n    at org.openqa.selenium.grid.sessionqueue.NewSessionQueue.execute (NewSessionQueue.java:128)\n    at org.openqa.selenium.remote.tracing.SpanWrappedHttpHandler.execute (SpanWrappedHttpHandler.java:87)\n    at org.openqa.selenium.remote.http.Filter$1.execute (Filter.java:63)\n    at org.openqa.selenium.remote.http.Route$CombinedRoute.handle (Route.java:360)\n    at org.openqa.selenium.remote.http.Route.execute (Route.java:69)\n    at org.openqa.selenium.grid.router.Router.execute (Router.java:87)\n    at org.openqa.selenium.grid.web.EnsureSpecCompliantResponseHeaders.lambda$apply$0 (EnsureSpecCompliantResponseHeaders.java:34)\n    at org.openqa.selenium.remote.http.Filter$1.execute (Filter.java:63)\n    at org.openqa.selenium.remote.http.Route$CombinedRoute.handle (Route.java:360)\n    at org.openqa.selenium.remote.http.Route.execute (Route.java:69)\n    at org.openqa.selenium.remote.AddWebDriverSpecHeaders.lambda$apply$0 (AddWebDriverSpecHeaders.java:35)\n    at org.openqa.selenium.remote.ErrorFilter.lambda$apply$0 (ErrorFilter.java:44)\n    at org.openqa.selenium.remote.http.Filter$1.execute (Filter.java:63)\n    at org.openqa.selenium.remote.ErrorFilter.lambda$apply$0 (ErrorFilter.java:44)\n    at org.openqa.selenium.remote.http.Filter$1.execute (Filter.java:63)\n    at org.openqa.selenium.netty.server.SeleniumHandler.lambda$channelRead0$0 (SeleniumHandler.java:44)\n    at java.util.concurrent.Executors$RunnableAdapter.call (Executors.java:539)\n    at java.util.concurrent.FutureTask.run (FutureTask.java:264)\n    at java.util.concurrent.ThreadPoolExecutor.runWorker (ThreadPoolExecutor.java:1136)\n    at java.util.concurrent.ThreadPoolExecutor$Worker.run (ThreadPoolExecutor.java:635)\n    at java.lang.Thread.run (Thread.java:840)","time":{"start":1727915108609,"stop":1727915408756,"duration":300147}},{"uid":"4ee8a870d7627de7","reportUrl":"https://robbrad.github.io/UKBinCollectionData/3.11/2139//#testresult/4ee8a870d7627de7","status":"passed","time":{"start":1727828937654,"stop":1727829019951,"duration":82297}},{"uid":"2c6b6ccae0ce63e8","reportUrl":"https://robbrad.github.io/UKBinCollectionData/3.11/2138//#testresult/2c6b6ccae0ce63e8","status":"failed","statusDetails":"selenium.common.exceptions.ElementClickInterceptedException: Message: element click intercepted: Element is not clickable at point (1142, 1033)\n  (Session info: chrome=129.0.6668.58)\nStacktrace:\n#0 0x55c35403013a <unknown>\n#1 0x55c353d165e0 <unknown>\n#2 0x55c353d6c866 <unknown>\n#3 0x55c353d6a78d <unknown>\n#4 0x55c353d68237 <unknown>\n#5 0x55c353d67646 <unknown>\n#6 0x55c353d5aa98 <unknown>\n#7 0x55c353d8ab22 <unknown>\n#8 0x55c353d5a478 <unknown>\n#9 0x55c353d8acee <unknown>\n#10 0x55c353da9d7d <unknown>\n#11 0x55c353d8a8c3 <unknown>\n#12 0x55c353d586b3 <unknown>\n#13 0x55c353d5968e <unknown>\n#14 0x55c353ffab3b <unknown>\n#15 0x55c353ffeac1 <unknown>\n#16 0x55c353fe7335 <unknown>\n#17 0x55c353fff642 <unknown>\n#18 0x55c353fcc49f <unknown>\n#19 0x55c35401f038 <unknown>\n#20 0x55c35401f203 <unknown>\n#21 0x55c35402ef8c <unknown>\n#22 0x7f5c079ada94 <unknown>\n#23 0x7f5c07a3aa34 __clone","time":{"start":1727742649833,"stop":1727742704150,"duration":54317}},{"uid":"4642f9ff7f240814","reportUrl":"https://robbrad.github.io/UKBinCollectionData/3.11/2137//#testresult/4642f9ff7f240814","status":"passed","time":{"start":1727655849298,"stop":1727655862051,"duration":12753}},{"uid":"41de89f9e645eb4e","reportUrl":"https://robbrad.github.io/UKBinCollectionData/3.11/2136//#testresult/41de89f9e645eb4e","status":"failed","statusDetails":"selenium.common.exceptions.ElementClickInterceptedException: Message: element click intercepted: Element is not clickable at point (1142, 1043)\n  (Session info: chrome=129.0.6668.58)\nStacktrace:\n#0 0x55b2bfcc413a <unknown>\n#1 0x55b2bf9aa5e0 <unknown>\n#2 0x55b2bfa00866 <unknown>\n#3 0x55b2bf9fe78d <unknown>\n#4 0x55b2bf9fc237 <unknown>\n#5 0x55b2bf9fb646 <unknown>\n#6 0x55b2bf9eea98 <unknown>\n#7 0x55b2bfa1eb22 <unknown>\n#8 0x55b2bf9ee478 <unknown>\n#9 0x55b2bfa1ecee <unknown>\n#10 0x55b2bfa3dd7d <unknown>\n#11 0x55b2bfa1e8c3 <unknown>\n#12 0x55b2bf9ec6b3 <unknown>\n#13 0x55b2bf9ed68e <unknown>\n#14 0x55b2bfc8eb3b <unknown>\n#15 0x55b2bfc92ac1 <unknown>\n#16 0x55b2bfc7b335 <unknown>\n#17 0x55b2bfc93642 <unknown>\n#18 0x55b2bfc6049f <unknown>\n#19 0x55b2bfcb3038 <unknown>\n#20 0x55b2bfcb3203 <unknown>\n#21 0x55b2bfcc2f8c <unknown>\n#22 0x7fe891adba94 <unknown>\n#23 0x7fe891b68a34 __clone","time":{"start":1727569539593,"stop":1727569572692,"duration":33099}},{"uid":"7556992ce38481ea","reportUrl":"https://robbrad.github.io/UKBinCollectionData/3.11/2135//#testresult/7556992ce38481ea","status":"passed","time":{"start":1727483252136,"stop":1727483285275,"duration":33139}},{"uid":"3e2b43601835863a","reportUrl":"https://robbrad.github.io/UKBinCollectionData/3.11/2131//#testresult/3e2b43601835863a","status":"failed","statusDetails":"selenium.common.exceptions.ElementClickInterceptedException: Message: element click intercepted: Element is not clickable at point (1142, 1033)\n  (Session info: chrome=129.0.6668.58)\nStacktrace:\n#0 0x5641525f413a <unknown>\n#1 0x5641522da5e0 <unknown>\n#2 0x564152330866 <unknown>\n#3 0x56415232e78d <unknown>\n#4 0x56415232c237 <unknown>\n#5 0x56415232b646 <unknown>\n#6 0x56415231ea98 <unknown>\n#7 0x56415234eb22 <unknown>\n#8 0x56415231e478 <unknown>\n#9 0x56415234ecee <unknown>\n#10 0x56415236dd7d <unknown>\n#11 0x56415234e8c3 <unknown>\n#12 0x56415231c6b3 <unknown>\n#13 0x56415231d68e <unknown>\n#14 0x5641525beb3b <unknown>\n#15 0x5641525c2ac1 <unknown>\n#16 0x5641525ab335 <unknown>\n#17 0x5641525c3642 <unknown>\n#18 0x56415259049f <unknown>\n#19 0x5641525e3038 <unknown>\n#20 0x5641525e3203 <unknown>\n#21 0x5641525f2f8c <unknown>\n#22 0x7fd87c21ba94 <unknown>\n#23 0x7fd87c2a8a34 __clone","time":{"start":1727423365471,"stop":1727423419108,"duration":53637}},{"uid":"3e2156644ea281be","reportUrl":"https://robbrad.github.io/UKBinCollectionData/3.11/2130//#testresult/3e2156644ea281be","status":"passed","time":{"start":1727397091342,"stop":1727397153039,"duration":61697}},{"uid":"3b7f85d740c52da4","reportUrl":"https://robbrad.github.io/UKBinCollectionData/3.11/2129//#testresult/3b7f85d740c52da4","status":"passed","time":{"start":1727310684414,"stop":1727310747621,"duration":63207}},{"uid":"3285367cc7ce699c","reportUrl":"https://robbrad.github.io/UKBinCollectionData/3.11/2128//#testresult/3285367cc7ce699c","status":"passed","time":{"start":1727223940418,"stop":1727223964348,"duration":23930}},{"uid":"72f0975f3f0ed9f3","reportUrl":"https://robbrad.github.io/UKBinCollectionData/3.11/2127//#testresult/72f0975f3f0ed9f3","status":"failed","statusDetails":"selenium.common.exceptions.ElementClickInterceptedException: Message: element click intercepted: Element is not clickable at point (1142, 1033)\n  (Session info: chrome=129.0.6668.58)\nStacktrace:\n#0 0x561fdaf5313a <unknown>\n#1 0x561fdac395e0 <unknown>\n#2 0x561fdac8f866 <unknown>\n#3 0x561fdac8d78d <unknown>\n#4 0x561fdac8b237 <unknown>\n#5 0x561fdac8a646 <unknown>\n#6 0x561fdac7da98 <unknown>\n#7 0x561fdacadb22 <unknown>\n#8 0x561fdac7d478 <unknown>\n#9 0x561fdacadcee <unknown>\n#10 0x561fdacccd7d <unknown>\n#11 0x561fdacad8c3 <unknown>\n#12 0x561fdac7b6b3 <unknown>\n#13 0x561fdac7c68e <unknown>\n#14 0x561fdaf1db3b <unknown>\n#15 0x561fdaf21ac1 <unknown>\n#16 0x561fdaf0a335 <unknown>\n#17 0x561fdaf22642 <unknown>\n#18 0x561fdaeef49f <unknown>\n#19 0x561fdaf42038 <unknown>\n#20 0x561fdaf42203 <unknown>\n#21 0x561fdaf51f8c <unknown>\n#22 0x7f5e3d0f7a94 <unknown>\n#23 0x7f5e3d184a34 __clone","time":{"start":1727137863836,"stop":1727137902133,"duration":38297}},{"uid":"8ca2ac8fb0b6723a","reportUrl":"https://robbrad.github.io/UKBinCollectionData/3.11/2126//#testresult/8ca2ac8fb0b6723a","status":"passed","time":{"start":1727051154887,"stop":1727051199470,"duration":44583}},{"uid":"f1a30115104ce241","reportUrl":"https://robbrad.github.io/UKBinCollectionData/3.11/2125//#testresult/f1a30115104ce241","status":"failed","statusDetails":"selenium.common.exceptions.SessionNotCreatedException: Message: Could not start a new session. New session request timed out \nHost info: host: 'selenium', ip: '172.18.0.2'\nBuild info: version: '4.24.0', revision: '748ffc9bc3'\nSystem info: os.name: 'Linux', os.arch: 'amd64', os.version: '6.8.0-1014-azure', java.version: '17.0.12'\nDriver info: driver.version: unknown\nStacktrace:\n    at org.openqa.selenium.grid.sessionqueue.local.LocalNewSessionQueue.addToQueue (LocalNewSessionQueue.java:221)\n    at org.openqa.selenium.grid.sessionqueue.NewSessionQueue.lambda$new$0 (NewSessionQueue.java:68)\n    at org.openqa.selenium.remote.http.Route$TemplatizedRoute.handle (Route.java:192)\n    at org.openqa.selenium.remote.http.Route.execute (Route.java:69)\n    at org.openqa.selenium.remote.http.Route$CombinedRoute.handle (Route.java:360)\n    at org.openqa.selenium.remote.http.Route.execute (Route.java:69)\n    at org.openqa.selenium.grid.sessionqueue.NewSessionQueue.execute (NewSessionQueue.java:128)\n    at org.openqa.selenium.remote.tracing.SpanWrappedHttpHandler.execute (SpanWrappedHttpHandler.java:87)\n    at org.openqa.selenium.remote.http.Filter$1.execute (Filter.java:63)\n    at org.openqa.selenium.remote.http.Route$CombinedRoute.handle (Route.java:360)\n    at org.openqa.selenium.remote.http.Route.execute (Route.java:69)\n    at org.openqa.selenium.grid.router.Router.execute (Router.java:87)\n    at org.openqa.selenium.grid.web.EnsureSpecCompliantResponseHeaders.lambda$apply$0 (EnsureSpecCompliantResponseHeaders.java:34)\n    at org.openqa.selenium.remote.http.Filter$1.execute (Filter.java:63)\n    at org.openqa.selenium.remote.http.Route$CombinedRoute.handle (Route.java:360)\n    at org.openqa.selenium.remote.http.Route.execute (Route.java:69)\n    at org.openqa.selenium.remote.AddWebDriverSpecHeaders.lambda$apply$0 (AddWebDriverSpecHeaders.java:35)\n    at org.openqa.selenium.remote.ErrorFilter.lambda$apply$0 (ErrorFilter.java:44)\n    at org.openqa.selenium.remote.http.Filter$1.execute (Filter.java:63)\n    at org.openqa.selenium.remote.ErrorFilter.lambda$apply$0 (ErrorFilter.java:44)\n    at org.openqa.selenium.remote.http.Filter$1.execute (Filter.java:63)\n    at org.openqa.selenium.netty.server.SeleniumHandler.lambda$channelRead0$0 (SeleniumHandler.java:44)\n    at java.util.concurrent.Executors$RunnableAdapter.call (Executors.java:539)\n    at java.util.concurrent.FutureTask.run (FutureTask.java:264)\n    at java.util.concurrent.ThreadPoolExecutor.runWorker (ThreadPoolExecutor.java:1136)\n    at java.util.concurrent.ThreadPoolExecutor$Worker.run (ThreadPoolExecutor.java:635)\n    at java.lang.Thread.run (Thread.java:840)","time":{"start":1726964841790,"stop":1726965141823,"duration":300033}},{"uid":"15c5f7eee42983ec","reportUrl":"https://robbrad.github.io/UKBinCollectionData/3.11/2124//#testresult/15c5f7eee42983ec","status":"passed","time":{"start":1726878461779,"stop":1726878507352,"duration":45573}},{"uid":"6bfe260828a33573","reportUrl":"https://robbrad.github.io/UKBinCollectionData/3.11/2123//#testresult/6bfe260828a33573","status":"passed","time":{"start":1726792391021,"stop":1726792409208,"duration":18187}},{"uid":"1b7b38a3cceacc1","reportUrl":"https://robbrad.github.io/UKBinCollectionData/3.11/2122//#testresult/1b7b38a3cceacc1","status":"failed","statusDetails":"selenium.common.exceptions.SessionNotCreatedException: Message: Could not start a new session. New session request timed out \nHost info: host: 'selenium', ip: '172.18.0.2'\nBuild info: version: '4.24.0', revision: '748ffc9bc3'\nSystem info: os.name: 'Linux', os.arch: 'amd64', os.version: '6.8.0-1014-azure', java.version: '17.0.12'\nDriver info: driver.version: unknown\nStacktrace:\n    at org.openqa.selenium.grid.sessionqueue.local.LocalNewSessionQueue.addToQueue (LocalNewSessionQueue.java:221)\n    at org.openqa.selenium.grid.sessionqueue.NewSessionQueue.lambda$new$0 (NewSessionQueue.java:68)\n    at org.openqa.selenium.remote.http.Route$TemplatizedRoute.handle (Route.java:192)\n    at org.openqa.selenium.remote.http.Route.execute (Route.java:69)\n    at org.openqa.selenium.remote.http.Route$CombinedRoute.handle (Route.java:360)\n    at org.openqa.selenium.remote.http.Route.execute (Route.java:69)\n    at org.openqa.selenium.grid.sessionqueue.NewSessionQueue.execute (NewSessionQueue.java:128)\n    at org.openqa.selenium.remote.tracing.SpanWrappedHttpHandler.execute (SpanWrappedHttpHandler.java:87)\n    at org.openqa.selenium.remote.http.Filter$1.execute (Filter.java:63)\n    at org.openqa.selenium.remote.http.Route$CombinedRoute.handle (Route.java:360)\n    at org.openqa.selenium.remote.http.Route.execute (Route.java:69)\n    at org.openqa.selenium.grid.router.Router.execute (Router.java:87)\n    at org.openqa.selenium.grid.web.EnsureSpecCompliantResponseHeaders.lambda$apply$0 (EnsureSpecCompliantResponseHeaders.java:34)\n    at org.openqa.selenium.remote.http.Filter$1.execute (Filter.java:63)\n    at org.openqa.selenium.remote.http.Route$CombinedRoute.handle (Route.java:360)\n    at org.openqa.selenium.remote.http.Route.execute (Route.java:69)\n    at org.openqa.selenium.remote.AddWebDriverSpecHeaders.lambda$apply$0 (AddWebDriverSpecHeaders.java:35)\n    at org.openqa.selenium.remote.ErrorFilter.lambda$apply$0 (ErrorFilter.java:44)\n    at org.openqa.selenium.remote.http.Filter$1.execute (Filter.java:63)\n    at org.openqa.selenium.remote.ErrorFilter.lambda$apply$0 (ErrorFilter.java:44)\n    at org.openqa.selenium.remote.http.Filter$1.execute (Filter.java:63)\n    at org.openqa.selenium.netty.server.SeleniumHandler.lambda$channelRead0$0 (SeleniumHandler.java:44)\n    at java.util.concurrent.Executors$RunnableAdapter.call (Executors.java:539)\n    at java.util.concurrent.FutureTask.run (FutureTask.java:264)\n    at java.util.concurrent.ThreadPoolExecutor.runWorker (ThreadPoolExecutor.java:1136)\n    at java.util.concurrent.ThreadPoolExecutor$Worker.run (ThreadPoolExecutor.java:635)\n    at java.lang.Thread.run (Thread.java:840)","time":{"start":1726705604755,"stop":1726705904789,"duration":300034}}]},"tags":[]},"source":"e8201b6e440bce0.json","parameterValues":["RenfrewshireCouncil"]}