{"uid":"4c56a68ef8b6b06d","name":"Validate Council Output [KnowsleyMBCouncil]","fullName":"features/validate_council_outputs.feature:Validate Council Output","historyId":"56740e3e170c4ada5e89fee4a4334687","time":{"start":1727932765492,"stop":1727932853284,"duration":87792},"status":"failed","statusMessage":"selenium.common.exceptions.TimeoutException: Message: \nStacktrace:\n#0 0x5635175b113a <unknown>\n#1 0x5635172975e0 <unknown>\n#2 0x5635172e6be8 <unknown>\n#3 0x5635172e6e81 <unknown>\n#4 0x56351732d8c4 <unknown>\n#5 0x56351730bb4d <unknown>\n#6 0x56351732ad7d <unknown>\n#7 0x56351730b8c3 <unknown>\n#8 0x5635172d96b3 <unknown>\n#9 0x5635172da68e <unknown>\n#10 0x56351757bb3b <unknown>\n#11 0x56351757fac1 <unknown>\n#12 0x563517568335 <unknown>\n#13 0x563517580642 <unknown>\n#14 0x56351754d49f <unknown>\n#15 0x5635175a0038 <unknown>\n#16 0x5635175a0203 <unknown>\n#17 0x5635175aff8c <unknown>\n#18 0x7fd418916a94 <unknown>\n#19 0x7fd4189a3a34 __clone","statusTrace":"fixturefunc = <function scrape_step at 0x7f0f32a2d9e0>\nrequest = <FixtureRequest for <Function test_scenario_outline[KnowsleyMBCouncil]>>\nkwargs = {'context': <test_validate_council.Context object at 0x7f0f328ac2d0>, 'headless_mode': 'True', 'local_browser': 'False', 'selenium_url': 'http://localhost:4444'}\n\n    def call_fixture_func(\n        fixturefunc: _FixtureFunc[FixtureValue], request: FixtureRequest, kwargs\n    ) -> FixtureValue:\n        if is_generator(fixturefunc):\n            fixturefunc = cast(\n                Callable[..., Generator[FixtureValue, None, None]], fixturefunc\n            )\n            generator = fixturefunc(**kwargs)\n            try:\n                fixture_result = next(generator)\n            except StopIteration:\n                raise ValueError(f\"{request.fixturename} did not yield a value\") from None\n            finalizer = functools.partial(_teardown_yield_fixture, fixturefunc, generator)\n            request.addfinalizer(finalizer)\n        else:\n            fixturefunc = cast(Callable[..., FixtureValue], fixturefunc)\n>           fixture_result = fixturefunc(**kwargs)\n\n../../../.cache/pypoetry/virtualenvs/uk-bin-collection-EwS6Gn8s-py3.11/lib/python3.11/site-packages/_pytest/fixtures.py:898: \n_ _ _ _ _ _ _ _ _ _ _ _ _ _ _ _ _ _ _ _ _ _ _ _ _ _ _ _ _ _ _ _ _ _ _ _ _ _ _ _ \nuk_bin_collection/tests/step_defs/test_validate_council.py:100: in scrape_step\n    context.parse_result = CollectData.run()\nuk_bin_collection/uk_bin_collection/collect_data.py:101: in run\n    return self.client_code(\nuk_bin_collection/uk_bin_collection/collect_data.py:121: in client_code\n    return get_bin_data_class.template_method(address_url, **kwargs)\nuk_bin_collection/uk_bin_collection/get_bin_data.py:61: in template_method\n    bin_data_dict = self.get_and_parse_data(this_url, **kwargs)\nuk_bin_collection/uk_bin_collection/get_bin_data.py:84: in get_and_parse_data\n    bin_data_dict = self.parse_data(\"\", url=address_url, **kwargs)\nuk_bin_collection/uk_bin_collection/councils/KnowsleyMBCouncil.py:40: in parse_data\n    inputElement_postcode = WebDriverWait(driver, 30).until(\n_ _ _ _ _ _ _ _ _ _ _ _ _ _ _ _ _ _ _ _ _ _ _ _ _ _ _ _ _ _ _ _ _ _ _ _ _ _ _ _ \n\nself = <selenium.webdriver.support.wait.WebDriverWait (session=\"bb30a835ad76b4386a702073c4f1e90f\")>\nmethod = <function visibility_of_element_located.<locals>._predicate at 0x7f0f31f7dd00>\nmessage = ''\n\n    def until(self, method: Callable[[D], Union[Literal[False], T]], message: str = \"\") -> T:\n        \"\"\"Calls the method provided with the driver as an argument until the \\\n        return value does not evaluate to ``False``.\n    \n        :param method: callable(WebDriver)\n        :param message: optional message for :exc:`TimeoutException`\n        :returns: the result of the last call to `method`\n        :raises: :exc:`selenium.common.exceptions.TimeoutException` if timeout occurs\n        \"\"\"\n        screen = None\n        stacktrace = None\n    \n        end_time = time.monotonic() + self._timeout\n        while True:\n            try:\n                value = method(self._driver)\n                if value:\n                    return value\n            except self._ignored_exceptions as exc:\n                screen = getattr(exc, \"screen\", None)\n                stacktrace = getattr(exc, \"stacktrace\", None)\n            time.sleep(self._poll)\n            if time.monotonic() > end_time:\n                break\n>       raise TimeoutException(message, screen, stacktrace)\nE       selenium.common.exceptions.TimeoutException: Message: \nE       Stacktrace:\nE       #0 0x5635175b113a <unknown>\nE       #1 0x5635172975e0 <unknown>\nE       #2 0x5635172e6be8 <unknown>\nE       #3 0x5635172e6e81 <unknown>\nE       #4 0x56351732d8c4 <unknown>\nE       #5 0x56351730bb4d <unknown>\nE       #6 0x56351732ad7d <unknown>\nE       #7 0x56351730b8c3 <unknown>\nE       #8 0x5635172d96b3 <unknown>\nE       #9 0x5635172da68e <unknown>\nE       #10 0x56351757bb3b <unknown>\nE       #11 0x56351757fac1 <unknown>\nE       #12 0x563517568335 <unknown>\nE       #13 0x563517580642 <unknown>\nE       #14 0x56351754d49f <unknown>\nE       #15 0x5635175a0038 <unknown>\nE       #16 0x5635175a0203 <unknown>\nE       #17 0x5635175aff8c <unknown>\nE       #18 0x7fd418916a94 <unknown>\nE       #19 0x7fd4189a3a34 __clone\n\n../../../.cache/pypoetry/virtualenvs/uk-bin-collection-EwS6Gn8s-py3.11/lib/python3.11/site-packages/selenium/webdriver/support/wait.py:105: TimeoutException","flaky":false,"newFailed":false,"newBroken":false,"newPassed":false,"retriesCount":0,"retriesStatusChange":false,"beforeStages":[],"testStage":{"status":"failed","statusMessage":"selenium.common.exceptions.TimeoutException: Message: \nStacktrace:\n#0 0x5635175b113a <unknown>\n#1 0x5635172975e0 <unknown>\n#2 0x5635172e6be8 <unknown>\n#3 0x5635172e6e81 <unknown>\n#4 0x56351732d8c4 <unknown>\n#5 0x56351730bb4d <unknown>\n#6 0x56351732ad7d <unknown>\n#7 0x56351730b8c3 <unknown>\n#8 0x5635172d96b3 <unknown>\n#9 0x5635172da68e <unknown>\n#10 0x56351757bb3b <unknown>\n#11 0x56351757fac1 <unknown>\n#12 0x563517568335 <unknown>\n#13 0x563517580642 <unknown>\n#14 0x56351754d49f <unknown>\n#15 0x5635175a0038 <unknown>\n#16 0x5635175a0203 <unknown>\n#17 0x5635175aff8c <unknown>\n#18 0x7fd418916a94 <unknown>\n#19 0x7fd4189a3a34 __clone","statusTrace":"fixturefunc = <function scrape_step at 0x7f0f32a2d9e0>\nrequest = <FixtureRequest for <Function test_scenario_outline[KnowsleyMBCouncil]>>\nkwargs = {'context': <test_validate_council.Context object at 0x7f0f328ac2d0>, 'headless_mode': 'True', 'local_browser': 'False', 'selenium_url': 'http://localhost:4444'}\n\n    def call_fixture_func(\n        fixturefunc: _FixtureFunc[FixtureValue], request: FixtureRequest, kwargs\n    ) -> FixtureValue:\n        if is_generator(fixturefunc):\n            fixturefunc = cast(\n                Callable[..., Generator[FixtureValue, None, None]], fixturefunc\n            )\n            generator = fixturefunc(**kwargs)\n            try:\n                fixture_result = next(generator)\n            except StopIteration:\n                raise ValueError(f\"{request.fixturename} did not yield a value\") from None\n            finalizer = functools.partial(_teardown_yield_fixture, fixturefunc, generator)\n            request.addfinalizer(finalizer)\n        else:\n            fixturefunc = cast(Callable[..., FixtureValue], fixturefunc)\n>           fixture_result = fixturefunc(**kwargs)\n\n../../../.cache/pypoetry/virtualenvs/uk-bin-collection-EwS6Gn8s-py3.11/lib/python3.11/site-packages/_pytest/fixtures.py:898: \n_ _ _ _ _ _ _ _ _ _ _ _ _ _ _ _ _ _ _ _ _ _ _ _ _ _ _ _ _ _ _ _ _ _ _ _ _ _ _ _ \nuk_bin_collection/tests/step_defs/test_validate_council.py:100: in scrape_step\n    context.parse_result = CollectData.run()\nuk_bin_collection/uk_bin_collection/collect_data.py:101: in run\n    return self.client_code(\nuk_bin_collection/uk_bin_collection/collect_data.py:121: in client_code\n    return get_bin_data_class.template_method(address_url, **kwargs)\nuk_bin_collection/uk_bin_collection/get_bin_data.py:61: in template_method\n    bin_data_dict = self.get_and_parse_data(this_url, **kwargs)\nuk_bin_collection/uk_bin_collection/get_bin_data.py:84: in get_and_parse_data\n    bin_data_dict = self.parse_data(\"\", url=address_url, **kwargs)\nuk_bin_collection/uk_bin_collection/councils/KnowsleyMBCouncil.py:40: in parse_data\n    inputElement_postcode = WebDriverWait(driver, 30).until(\n_ _ _ _ _ _ _ _ _ _ _ _ _ _ _ _ _ _ _ _ _ _ _ _ _ _ _ _ _ _ _ _ _ _ _ _ _ _ _ _ \n\nself = <selenium.webdriver.support.wait.WebDriverWait (session=\"bb30a835ad76b4386a702073c4f1e90f\")>\nmethod = <function visibility_of_element_located.<locals>._predicate at 0x7f0f31f7dd00>\nmessage = ''\n\n    def until(self, method: Callable[[D], Union[Literal[False], T]], message: str = \"\") -> T:\n        \"\"\"Calls the method provided with the driver as an argument until the \\\n        return value does not evaluate to ``False``.\n    \n        :param method: callable(WebDriver)\n        :param message: optional message for :exc:`TimeoutException`\n        :returns: the result of the last call to `method`\n        :raises: :exc:`selenium.common.exceptions.TimeoutException` if timeout occurs\n        \"\"\"\n        screen = None\n        stacktrace = None\n    \n        end_time = time.monotonic() + self._timeout\n        while True:\n            try:\n                value = method(self._driver)\n                if value:\n                    return value\n            except self._ignored_exceptions as exc:\n                screen = getattr(exc, \"screen\", None)\n                stacktrace = getattr(exc, \"stacktrace\", None)\n            time.sleep(self._poll)\n            if time.monotonic() > end_time:\n                break\n>       raise TimeoutException(message, screen, stacktrace)\nE       selenium.common.exceptions.TimeoutException: Message: \nE       Stacktrace:\nE       #0 0x5635175b113a <unknown>\nE       #1 0x5635172975e0 <unknown>\nE       #2 0x5635172e6be8 <unknown>\nE       #3 0x5635172e6e81 <unknown>\nE       #4 0x56351732d8c4 <unknown>\nE       #5 0x56351730bb4d <unknown>\nE       #6 0x56351732ad7d <unknown>\nE       #7 0x56351730b8c3 <unknown>\nE       #8 0x5635172d96b3 <unknown>\nE       #9 0x5635172da68e <unknown>\nE       #10 0x56351757bb3b <unknown>\nE       #11 0x56351757fac1 <unknown>\nE       #12 0x563517568335 <unknown>\nE       #13 0x563517580642 <unknown>\nE       #14 0x56351754d49f <unknown>\nE       #15 0x5635175a0038 <unknown>\nE       #16 0x5635175a0203 <unknown>\nE       #17 0x5635175aff8c <unknown>\nE       #18 0x7fd418916a94 <unknown>\nE       #19 0x7fd4189a3a34 __clone\n\n../../../.cache/pypoetry/virtualenvs/uk-bin-collection-EwS6Gn8s-py3.11/lib/python3.11/site-packages/selenium/webdriver/support/wait.py:105: TimeoutException","steps":[{"name":"Given the council","time":{"start":1727932765493,"stop":1727932765493,"duration":0},"status":"passed","steps":[],"attachments":[],"parameters":[],"shouldDisplayMessage":false,"stepsCount":0,"attachmentsCount":0,"hasContent":false,"attachmentStep":false},{"name":"When we scrape the data from the council","time":{"start":1727932765493,"stop":1727932853284,"duration":87791},"status":"failed","statusMessage":"Message: \nStacktrace:\n#0 0x5635175b113a <unknown>\n#1 0x5635172975e0 <unknown>\n#2 0x5635172e6be8 <unknown>\n#3 0x5635172e6e81 <unknown>\n#4 0x56351732d8c4 <unknown>\n#5 0x56351730bb4d <unknown>\n#6 0x56351732ad7d <unknown>\n#7 0x56351730b8c3 <unknown>\n#8 0x5635172d96b3 <unknown>\n#9 0x5635172da68e <unknown>\n#10 0x56351757bb3b <unknown>\n#11 0x56351757fac1 <unknown>\n#12 0x563517568335 <unknown>\n#13 0x563517580642 <unknown>\n#14 0x56351754d49f <unknown>\n#15 0x5635175a0038 <unknown>\n#16 0x5635175a0203 <unknown>\n#17 0x5635175aff8c <unknown>\n#18 0x7fd418916a94 <unknown>\n#19 0x7fd4189a3a34 __clone\n","statusTrace":"selenium.common.exceptions.TimeoutException: Message: \nStacktrace:\n#0 0x5635175b113a <unknown>\n#1 0x5635172975e0 <unknown>\n#2 0x5635172e6be8 <unknown>\n#3 0x5635172e6e81 <unknown>\n#4 0x56351732d8c4 <unknown>\n#5 0x56351730bb4d <unknown>\n#6 0x56351732ad7d <unknown>\n#7 0x56351730b8c3 <unknown>\n#8 0x5635172d96b3 <unknown>\n#9 0x5635172da68e <unknown>\n#10 0x56351757bb3b <unknown>\n#11 0x56351757fac1 <unknown>\n#12 0x563517568335 <unknown>\n#13 0x563517580642 <unknown>\n#14 0x56351754d49f <unknown>\n#15 0x5635175a0038 <unknown>\n#16 0x5635175a0203 <unknown>\n#17 0x5635175aff8c <unknown>\n#18 0x7fd418916a94 <unknown>\n#19 0x7fd4189a3a34 __clone\n\n","steps":[],"attachments":[],"parameters":[],"shouldDisplayMessage":true,"stepsCount":0,"attachmentsCount":0,"hasContent":true,"attachmentStep":false}],"attachments":[{"uid":"9f8a56e5c47e7d5b","name":"stdout","source":"9f8a56e5c47e7d5b.txt","type":"text/plain","size":654}],"parameters":[],"shouldDisplayMessage":true,"stepsCount":2,"attachmentsCount":1,"hasContent":true,"attachmentStep":false},"afterStages":[],"labels":[{"name":"host","value":"fv-az692-301"},{"name":"thread","value":"2700-MainThread"},{"name":"framework","value":"pytest-bdd"},{"name":"language","value":"cpython3"},{"name":"feature","value":"Test each council output matches expected results"},{"name":"resultFormat","value":"allure2"}],"parameters":[{"name":"council","value":"KnowsleyMBCouncil"}],"links":[],"hidden":false,"retry":false,"extra":{"severity":"normal","retries":[],"categories":[{"name":"Product defects","matchedStatuses":[],"flaky":false}],"history":{"statistic":{"failed":161,"broken":0,"skipped":0,"passed":0,"unknown":0,"total":161},"items":[{"uid":"fefe95dde94846e7","reportUrl":"https://robbrad.github.io/UKBinCollectionData/3.11/2146//#testresult/fefe95dde94846e7","status":"failed","statusDetails":"selenium.common.exceptions.TimeoutException: Message: \nStacktrace:\n#0 0x55a16206813a <unknown>\n#1 0x55a161d4e5e0 <unknown>\n#2 0x55a161d9dbe8 <unknown>\n#3 0x55a161d9de81 <unknown>\n#4 0x55a161de48c4 <unknown>\n#5 0x55a161dc2b4d <unknown>\n#6 0x55a161de1d7d <unknown>\n#7 0x55a161dc28c3 <unknown>\n#8 0x55a161d906b3 <unknown>\n#9 0x55a161d9168e <unknown>\n#10 0x55a162032b3b <unknown>\n#11 0x55a162036ac1 <unknown>\n#12 0x55a16201f335 <unknown>\n#13 0x55a162037642 <unknown>\n#14 0x55a16200449f <unknown>\n#15 0x55a162057038 <unknown>\n#16 0x55a162057203 <unknown>\n#17 0x55a162066f8c <unknown>\n#18 0x7efe77be0a94 <unknown>\n#19 0x7efe77c6da34 __clone","time":{"start":1727914568310,"stop":1727914659276,"duration":90966}},{"uid":"845dc43c36b22bb4","reportUrl":"https://robbrad.github.io/UKBinCollectionData/3.11/2139//#testresult/845dc43c36b22bb4","status":"failed","statusDetails":"selenium.common.exceptions.TimeoutException: Message: \nStacktrace:\n#0 0x564a8327f13a <unknown>\n#1 0x564a82f655e0 <unknown>\n#2 0x564a82fb4be8 <unknown>\n#3 0x564a82fb4e81 <unknown>\n#4 0x564a82ffb8c4 <unknown>\n#5 0x564a82fd9b4d <unknown>\n#6 0x564a82ff8d7d <unknown>\n#7 0x564a82fd98c3 <unknown>\n#8 0x564a82fa76b3 <unknown>\n#9 0x564a82fa868e <unknown>\n#10 0x564a83249b3b <unknown>\n#11 0x564a8324dac1 <unknown>\n#12 0x564a83236335 <unknown>\n#13 0x564a8324e642 <unknown>\n#14 0x564a8321b49f <unknown>\n#15 0x564a8326e038 <unknown>\n#16 0x564a8326e203 <unknown>\n#17 0x564a8327df8c <unknown>\n#18 0x7fdc14ff2a94 <unknown>\n#19 0x7fdc1507fa34 __clone","time":{"start":1727828148137,"stop":1727828236322,"duration":88185}},{"uid":"ad411ed84cb55862","reportUrl":"https://robbrad.github.io/UKBinCollectionData/3.11/2138//#testresult/ad411ed84cb55862","status":"failed","statusDetails":"selenium.common.exceptions.TimeoutException: Message: \nStacktrace:\n#0 0x563f4545513a <unknown>\n#1 0x563f4513b5e0 <unknown>\n#2 0x563f4518abe8 <unknown>\n#3 0x563f4518ae81 <unknown>\n#4 0x563f451d18c4 <unknown>\n#5 0x563f451afb4d <unknown>\n#6 0x563f451ced7d <unknown>\n#7 0x563f451af8c3 <unknown>\n#8 0x563f4517d6b3 <unknown>\n#9 0x563f4517e68e <unknown>\n#10 0x563f4541fb3b <unknown>\n#11 0x563f45423ac1 <unknown>\n#12 0x563f4540c335 <unknown>\n#13 0x563f45424642 <unknown>\n#14 0x563f453f149f <unknown>\n#15 0x563f45444038 <unknown>\n#16 0x563f45444203 <unknown>\n#17 0x563f45453f8c <unknown>\n#18 0x7f4bc4734a94 <unknown>\n#19 0x7f4bc47c1a34 __clone","time":{"start":1727741913980,"stop":1727741967196,"duration":53216}},{"uid":"4872328a7ef24c4b","reportUrl":"https://robbrad.github.io/UKBinCollectionData/3.11/2137//#testresult/4872328a7ef24c4b","status":"failed","statusDetails":"selenium.common.exceptions.TimeoutException: Message: \nStacktrace:\n#0 0x55d88895213a <unknown>\n#1 0x55d8886385e0 <unknown>\n#2 0x55d888687be8 <unknown>\n#3 0x55d888687e81 <unknown>\n#4 0x55d8886ce8c4 <unknown>\n#5 0x55d8886acb4d <unknown>\n#6 0x55d8886cbd7d <unknown>\n#7 0x55d8886ac8c3 <unknown>\n#8 0x55d88867a6b3 <unknown>\n#9 0x55d88867b68e <unknown>\n#10 0x55d88891cb3b <unknown>\n#11 0x55d888920ac1 <unknown>\n#12 0x55d888909335 <unknown>\n#13 0x55d888921642 <unknown>\n#14 0x55d8888ee49f <unknown>\n#15 0x55d888941038 <unknown>\n#16 0x55d888941203 <unknown>\n#17 0x55d888950f8c <unknown>\n#18 0x7f5118994a94 <unknown>\n#19 0x7f5118a21a34 __clone","time":{"start":1727655251650,"stop":1727655387118,"duration":135468}},{"uid":"cc9785f0c8371067","reportUrl":"https://robbrad.github.io/UKBinCollectionData/3.11/2136//#testresult/cc9785f0c8371067","status":"failed","statusDetails":"selenium.common.exceptions.TimeoutException: Message: \nStacktrace:\n#0 0x55c66b71a13a <unknown>\n#1 0x55c66b4005e0 <unknown>\n#2 0x55c66b44fbe8 <unknown>\n#3 0x55c66b44fe81 <unknown>\n#4 0x55c66b4968c4 <unknown>\n#5 0x55c66b474b4d <unknown>\n#6 0x55c66b493d7d <unknown>\n#7 0x55c66b4748c3 <unknown>\n#8 0x55c66b4426b3 <unknown>\n#9 0x55c66b44368e <unknown>\n#10 0x55c66b6e4b3b <unknown>\n#11 0x55c66b6e8ac1 <unknown>\n#12 0x55c66b6d1335 <unknown>\n#13 0x55c66b6e9642 <unknown>\n#14 0x55c66b6b649f <unknown>\n#15 0x55c66b709038 <unknown>\n#16 0x55c66b709203 <unknown>\n#17 0x55c66b718f8c <unknown>\n#18 0x7f0441522a94 <unknown>\n#19 0x7f04415afa34 __clone","time":{"start":1727568964064,"stop":1727569060397,"duration":96333}},{"uid":"40b3e0f082377150","reportUrl":"https://robbrad.github.io/UKBinCollectionData/3.11/2135//#testresult/40b3e0f082377150","status":"failed","statusDetails":"selenium.common.exceptions.TimeoutException: Message: \nStacktrace:\n#0 0x55740269613a <unknown>\n#1 0x55740237c5e0 <unknown>\n#2 0x5574023cbbe8 <unknown>\n#3 0x5574023cbe81 <unknown>\n#4 0x5574024128c4 <unknown>\n#5 0x5574023f0b4d <unknown>\n#6 0x55740240fd7d <unknown>\n#7 0x5574023f08c3 <unknown>\n#8 0x5574023be6b3 <unknown>\n#9 0x5574023bf68e <unknown>\n#10 0x557402660b3b <unknown>\n#11 0x557402664ac1 <unknown>\n#12 0x55740264d335 <unknown>\n#13 0x557402665642 <unknown>\n#14 0x55740263249f <unknown>\n#15 0x557402685038 <unknown>\n#16 0x557402685203 <unknown>\n#17 0x557402694f8c <unknown>\n#18 0x7f1111644a94 <unknown>\n#19 0x7f11116d1a34 __clone","time":{"start":1727482594091,"stop":1727482665347,"duration":71256}},{"uid":"3fb7f039f47919a","reportUrl":"https://robbrad.github.io/UKBinCollectionData/3.11/2131//#testresult/3fb7f039f47919a","status":"failed","statusDetails":"selenium.common.exceptions.TimeoutException: Message: \nStacktrace:\n#0 0x55fbb020a13a <unknown>\n#1 0x55fbafef05e0 <unknown>\n#2 0x55fbaff3fbe8 <unknown>\n#3 0x55fbaff3fe81 <unknown>\n#4 0x55fbaff868c4 <unknown>\n#5 0x55fbaff64b4d <unknown>\n#6 0x55fbaff83d7d <unknown>\n#7 0x55fbaff648c3 <unknown>\n#8 0x55fbaff326b3 <unknown>\n#9 0x55fbaff3368e <unknown>\n#10 0x55fbb01d4b3b <unknown>\n#11 0x55fbb01d8ac1 <unknown>\n#12 0x55fbb01c1335 <unknown>\n#13 0x55fbb01d9642 <unknown>\n#14 0x55fbb01a649f <unknown>\n#15 0x55fbb01f9038 <unknown>\n#16 0x55fbb01f9203 <unknown>\n#17 0x55fbb0208f8c <unknown>\n#18 0x7f220ca89a94 <unknown>\n#19 0x7f220cb16a34 __clone","time":{"start":1727422625521,"stop":1727422678582,"duration":53061}},{"uid":"6ebe982e7a38334","reportUrl":"https://robbrad.github.io/UKBinCollectionData/3.11/2130//#testresult/6ebe982e7a38334","status":"failed","statusDetails":"selenium.common.exceptions.TimeoutException: Message: \nStacktrace:\n#0 0x5571344a613a <unknown>\n#1 0x55713418c5e0 <unknown>\n#2 0x5571341dbbe8 <unknown>\n#3 0x5571341dbe81 <unknown>\n#4 0x5571342228c4 <unknown>\n#5 0x557134200b4d <unknown>\n#6 0x55713421fd7d <unknown>\n#7 0x5571342008c3 <unknown>\n#8 0x5571341ce6b3 <unknown>\n#9 0x5571341cf68e <unknown>\n#10 0x557134470b3b <unknown>\n#11 0x557134474ac1 <unknown>\n#12 0x55713445d335 <unknown>\n#13 0x557134475642 <unknown>\n#14 0x55713444249f <unknown>\n#15 0x557134495038 <unknown>\n#16 0x557134495203 <unknown>\n#17 0x5571344a4f8c <unknown>\n#18 0x7ff123007a94 <unknown>\n#19 0x7ff123094a34 __clone","time":{"start":1727396330380,"stop":1727396398677,"duration":68297}},{"uid":"a440e29d3bbd59dc","reportUrl":"https://robbrad.github.io/UKBinCollectionData/3.11/2129//#testresult/a440e29d3bbd59dc","status":"failed","statusDetails":"selenium.common.exceptions.TimeoutException: Message: \nStacktrace:\n#0 0x5590109cc13a <unknown>\n#1 0x5590106b25e0 <unknown>\n#2 0x559010701be8 <unknown>\n#3 0x559010701e81 <unknown>\n#4 0x5590107488c4 <unknown>\n#5 0x559010726b4d <unknown>\n#6 0x559010745d7d <unknown>\n#7 0x5590107268c3 <unknown>\n#8 0x5590106f46b3 <unknown>\n#9 0x5590106f568e <unknown>\n#10 0x559010996b3b <unknown>\n#11 0x55901099aac1 <unknown>\n#12 0x559010983335 <unknown>\n#13 0x55901099b642 <unknown>\n#14 0x55901096849f <unknown>\n#15 0x5590109bb038 <unknown>\n#16 0x5590109bb203 <unknown>\n#17 0x5590109caf8c <unknown>\n#18 0x7fdb0dca5a94 <unknown>\n#19 0x7fdb0dd32a34 __clone","time":{"start":1727309773819,"stop":1727309861797,"duration":87978}},{"uid":"87a41007fcd83f07","reportUrl":"https://robbrad.github.io/UKBinCollectionData/3.11/2128//#testresult/87a41007fcd83f07","status":"failed","statusDetails":"selenium.common.exceptions.TimeoutException: Message: \nStacktrace:\n#0 0x5631e78ed13a <unknown>\n#1 0x5631e75d35e0 <unknown>\n#2 0x5631e7622be8 <unknown>\n#3 0x5631e7622e81 <unknown>\n#4 0x5631e76698c4 <unknown>\n#5 0x5631e7647b4d <unknown>\n#6 0x5631e7666d7d <unknown>\n#7 0x5631e76478c3 <unknown>\n#8 0x5631e76156b3 <unknown>\n#9 0x5631e761668e <unknown>\n#10 0x5631e78b7b3b <unknown>\n#11 0x5631e78bbac1 <unknown>\n#12 0x5631e78a4335 <unknown>\n#13 0x5631e78bc642 <unknown>\n#14 0x5631e788949f <unknown>\n#15 0x5631e78dc038 <unknown>\n#16 0x5631e78dc203 <unknown>\n#17 0x5631e78ebf8c <unknown>\n#18 0x7f5b9444ca94 <unknown>\n#19 0x7f5b944d9a34 __clone","time":{"start":1727223381645,"stop":1727223471690,"duration":90045}},{"uid":"7620abc98f696691","reportUrl":"https://robbrad.github.io/UKBinCollectionData/3.11/2127//#testresult/7620abc98f696691","status":"failed","statusDetails":"selenium.common.exceptions.TimeoutException: Message: \nStacktrace:\n#0 0x55931d18613a <unknown>\n#1 0x55931ce6c5e0 <unknown>\n#2 0x55931cebbbe8 <unknown>\n#3 0x55931cebbe81 <unknown>\n#4 0x55931cf028c4 <unknown>\n#5 0x55931cee0b4d <unknown>\n#6 0x55931ceffd7d <unknown>\n#7 0x55931cee08c3 <unknown>\n#8 0x55931ceae6b3 <unknown>\n#9 0x55931ceaf68e <unknown>\n#10 0x55931d150b3b <unknown>\n#11 0x55931d154ac1 <unknown>\n#12 0x55931d13d335 <unknown>\n#13 0x55931d155642 <unknown>\n#14 0x55931d12249f <unknown>\n#15 0x55931d175038 <unknown>\n#16 0x55931d175203 <unknown>\n#17 0x55931d184f8c <unknown>\n#18 0x7f52d5040a94 <unknown>\n#19 0x7f52d50cda34 __clone","time":{"start":1727137006136,"stop":1727137118079,"duration":111943}},{"uid":"f607d77a38bfd76e","reportUrl":"https://robbrad.github.io/UKBinCollectionData/3.11/2126//#testresult/f607d77a38bfd76e","status":"failed","statusDetails":"selenium.common.exceptions.TimeoutException: Message: \nStacktrace:\n#0 0x562a7ea7313a <unknown>\n#1 0x562a7e7595e0 <unknown>\n#2 0x562a7e7a8be8 <unknown>\n#3 0x562a7e7a8e81 <unknown>\n#4 0x562a7e7ef8c4 <unknown>\n#5 0x562a7e7cdb4d <unknown>\n#6 0x562a7e7ecd7d <unknown>\n#7 0x562a7e7cd8c3 <unknown>\n#8 0x562a7e79b6b3 <unknown>\n#9 0x562a7e79c68e <unknown>\n#10 0x562a7ea3db3b <unknown>\n#11 0x562a7ea41ac1 <unknown>\n#12 0x562a7ea2a335 <unknown>\n#13 0x562a7ea42642 <unknown>\n#14 0x562a7ea0f49f <unknown>\n#15 0x562a7ea62038 <unknown>\n#16 0x562a7ea62203 <unknown>\n#17 0x562a7ea71f8c <unknown>\n#18 0x7f0efc8baa94 <unknown>\n#19 0x7f0efc947a34 __clone","time":{"start":1727050631187,"stop":1727050718536,"duration":87349}},{"uid":"2d1646f5216cf054","reportUrl":"https://robbrad.github.io/UKBinCollectionData/3.11/2125//#testresult/2d1646f5216cf054","status":"failed","statusDetails":"selenium.common.exceptions.TimeoutException: Message: \nStacktrace:\n#0 0x55f9bfadc86a <unknown>\n#1 0x55f9bf7aae50 <unknown>\n#2 0x55f9bf7fa644 <unknown>\n#3 0x55f9bf7fa931 <unknown>\n#4 0x55f9bf840534 <unknown>\n#5 0x55f9bf81f4bd <unknown>\n#6 0x55f9bf83d9c6 <unknown>\n#7 0x55f9bf81f233 <unknown>\n#8 0x55f9bf7ed093 <unknown>\n#9 0x55f9bf7ee09e <unknown>\n#10 0x55f9bfaa3acb <unknown>\n#11 0x55f9bfaa7a81 <unknown>\n#12 0x55f9bfa8f695 <unknown>\n#13 0x55f9bfaa85f2 <unknown>\n#14 0x55f9bfa7486f <unknown>\n#15 0x55f9bfacb668 <unknown>\n#16 0x55f9bfacb832 <unknown>\n#17 0x55f9bfadb65c <unknown>\n#18 0x7f951cd88a94 <unknown>\n#19 0x7f951ce15a34 __clone","time":{"start":1726964315677,"stop":1726964408620,"duration":92943}},{"uid":"16e7af262703ff72","reportUrl":"https://robbrad.github.io/UKBinCollectionData/3.11/2124//#testresult/16e7af262703ff72","status":"failed","statusDetails":"selenium.common.exceptions.TimeoutException: Message: \nStacktrace:\n#0 0x55ace5d8886a <unknown>\n#1 0x55ace5a56e50 <unknown>\n#2 0x55ace5aa6644 <unknown>\n#3 0x55ace5aa6931 <unknown>\n#4 0x55ace5aec534 <unknown>\n#5 0x55ace5acb4bd <unknown>\n#6 0x55ace5ae99c6 <unknown>\n#7 0x55ace5acb233 <unknown>\n#8 0x55ace5a99093 <unknown>\n#9 0x55ace5a9a09e <unknown>\n#10 0x55ace5d4facb <unknown>\n#11 0x55ace5d53a81 <unknown>\n#12 0x55ace5d3b695 <unknown>\n#13 0x55ace5d545f2 <unknown>\n#14 0x55ace5d2086f <unknown>\n#15 0x55ace5d77668 <unknown>\n#16 0x55ace5d77832 <unknown>\n#17 0x55ace5d8765c <unknown>\n#18 0x7f3e009c1a94 <unknown>\n#19 0x7f3e00a4ea34 __clone","time":{"start":1726877851715,"stop":1726877923594,"duration":71879}},{"uid":"be120b919f2cd676","reportUrl":"https://robbrad.github.io/UKBinCollectionData/3.11/2123//#testresult/be120b919f2cd676","status":"failed","statusDetails":"selenium.common.exceptions.TimeoutException: Message: \nStacktrace:\n#0 0x564a52ac486a <unknown>\n#1 0x564a52792e50 <unknown>\n#2 0x564a527e2644 <unknown>\n#3 0x564a527e2931 <unknown>\n#4 0x564a52828534 <unknown>\n#5 0x564a528074bd <unknown>\n#6 0x564a528259c6 <unknown>\n#7 0x564a52807233 <unknown>\n#8 0x564a527d5093 <unknown>\n#9 0x564a527d609e <unknown>\n#10 0x564a52a8bacb <unknown>\n#11 0x564a52a8fa81 <unknown>\n#12 0x564a52a77695 <unknown>\n#13 0x564a52a905f2 <unknown>\n#14 0x564a52a5c86f <unknown>\n#15 0x564a52ab3668 <unknown>\n#16 0x564a52ab3832 <unknown>\n#17 0x564a52ac365c <unknown>\n#18 0x7fa507fd8a94 <unknown>\n#19 0x7fa508065a34 __clone","time":{"start":1726791551939,"stop":1726791596508,"duration":44569}},{"uid":"ea16a21509270383","reportUrl":"https://robbrad.github.io/UKBinCollectionData/3.11/2122//#testresult/ea16a21509270383","status":"failed","statusDetails":"selenium.common.exceptions.TimeoutException: Message: \nStacktrace:\n#0 0x56408cb7486a <unknown>\n#1 0x56408c842e50 <unknown>\n#2 0x56408c892644 <unknown>\n#3 0x56408c892931 <unknown>\n#4 0x56408c8d8534 <unknown>\n#5 0x56408c8b74bd <unknown>\n#6 0x56408c8d59c6 <unknown>\n#7 0x56408c8b7233 <unknown>\n#8 0x56408c885093 <unknown>\n#9 0x56408c88609e <unknown>\n#10 0x56408cb3bacb <unknown>\n#11 0x56408cb3fa81 <unknown>\n#12 0x56408cb27695 <unknown>\n#13 0x56408cb405f2 <unknown>\n#14 0x56408cb0c86f <unknown>\n#15 0x56408cb63668 <unknown>\n#16 0x56408cb63832 <unknown>\n#17 0x56408cb7365c <unknown>\n#18 0x7f527b425a94 <unknown>\n#19 0x7f527b4b2a34 __clone","time":{"start":1726705066202,"stop":1726705136454,"duration":70252}},{"uid":"209b35305d4cf1d3","reportUrl":"https://robbrad.github.io/UKBinCollectionData/3.11/2121//#testresult/209b35305d4cf1d3","status":"failed","statusDetails":"selenium.common.exceptions.TimeoutException: Message: \nStacktrace:\n#0 0x55a25151686a <unknown>\n#1 0x55a2511e4e50 <unknown>\n#2 0x55a251234644 <unknown>\n#3 0x55a251234931 <unknown>\n#4 0x55a25127a534 <unknown>\n#5 0x55a2512594bd <unknown>\n#6 0x55a2512779c6 <unknown>\n#7 0x55a251259233 <unknown>\n#8 0x55a251227093 <unknown>\n#9 0x55a25122809e <unknown>\n#10 0x55a2514ddacb <unknown>\n#11 0x55a2514e1a81 <unknown>\n#12 0x55a2514c9695 <unknown>\n#13 0x55a2514e25f2 <unknown>\n#14 0x55a2514ae86f <unknown>\n#15 0x55a251505668 <unknown>\n#16 0x55a251505832 <unknown>\n#17 0x55a25151565c <unknown>\n#18 0x7f859e0b2a94 <unknown>\n#19 0x7f859e13fa34 __clone","time":{"start":1726618716517,"stop":1726618776000,"duration":59483}},{"uid":"4294725ab194cbef","reportUrl":"https://robbrad.github.io/UKBinCollectionData/3.11/2120//#testresult/4294725ab194cbef","status":"failed","statusDetails":"selenium.common.exceptions.TimeoutException: Message: \nStacktrace:\n#0 0x55f48333b86a <unknown>\n#1 0x55f483009e50 <unknown>\n#2 0x55f483059644 <unknown>\n#3 0x55f483059931 <unknown>\n#4 0x55f48309f534 <unknown>\n#5 0x55f48307e4bd <unknown>\n#6 0x55f48309c9c6 <unknown>\n#7 0x55f48307e233 <unknown>\n#8 0x55f48304c093 <unknown>\n#9 0x55f48304d09e <unknown>\n#10 0x55f483302acb <unknown>\n#11 0x55f483306a81 <unknown>\n#12 0x55f4832ee695 <unknown>\n#13 0x55f4833075f2 <unknown>\n#14 0x55f4832d386f <unknown>\n#15 0x55f48332a668 <unknown>\n#16 0x55f48332a832 <unknown>\n#17 0x55f48333a65c <unknown>\n#18 0x7f649b455a94 <unknown>\n#19 0x7f649b4e2a34 __clone","time":{"start":1726532194273,"stop":1726532285865,"duration":91592}},{"uid":"4f54c54ecbd6285e","reportUrl":"https://robbrad.github.io/UKBinCollectionData/3.11/2116//#testresult/4f54c54ecbd6285e","status":"failed","statusDetails":"selenium.common.exceptions.TimeoutException: Message: \nStacktrace:\n#0 0x55bec445186a <unknown>\n#1 0x55bec411fe50 <unknown>\n#2 0x55bec416f644 <unknown>\n#3 0x55bec416f931 <unknown>\n#4 0x55bec41b5534 <unknown>\n#5 0x55bec41944bd <unknown>\n#6 0x55bec41b29c6 <unknown>\n#7 0x55bec4194233 <unknown>\n#8 0x55bec4162093 <unknown>\n#9 0x55bec416309e <unknown>\n#10 0x55bec4418acb <unknown>\n#11 0x55bec441ca81 <unknown>\n#12 0x55bec4404695 <unknown>\n#13 0x55bec441d5f2 <unknown>\n#14 0x55bec43e986f <unknown>\n#15 0x55bec4440668 <unknown>\n#16 0x55bec4440832 <unknown>\n#17 0x55bec445065c <unknown>\n#18 0x7fec20274a94 <unknown>\n#19 0x7fec20301a34 __clone","time":{"start":1726445914846,"stop":1726445982434,"duration":67588}},{"uid":"c436dca713f379be","reportUrl":"https://robbrad.github.io/UKBinCollectionData/3.11/2115//#testresult/c436dca713f379be","status":"failed","statusDetails":"selenium.common.exceptions.TimeoutException: Message: \nStacktrace:\n#0 0x55af5d47a86a <unknown>\n#1 0x55af5d148e50 <unknown>\n#2 0x55af5d198644 <unknown>\n#3 0x55af5d198931 <unknown>\n#4 0x55af5d1de534 <unknown>\n#5 0x55af5d1bd4bd <unknown>\n#6 0x55af5d1db9c6 <unknown>\n#7 0x55af5d1bd233 <unknown>\n#8 0x55af5d18b093 <unknown>\n#9 0x55af5d18c09e <unknown>\n#10 0x55af5d441acb <unknown>\n#11 0x55af5d445a81 <unknown>\n#12 0x55af5d42d695 <unknown>\n#13 0x55af5d4465f2 <unknown>\n#14 0x55af5d41286f <unknown>\n#15 0x55af5d469668 <unknown>\n#16 0x55af5d469832 <unknown>\n#17 0x55af5d47965c <unknown>\n#18 0x7f62f3e8aa94 <unknown>\n#19 0x7f62f3f17a34 __clone","time":{"start":1726359351255,"stop":1726359430426,"duration":79171}}]},"tags":[]},"source":"4c56a68ef8b6b06d.json","parameterValues":["KnowsleyMBCouncil"]}