{"uid":"1b5b65198a5ce4d1","name":"Validate Council Output [ThreeRiversDistrictCouncil]","fullName":"features/validate_council_outputs.feature:Validate Council Output","historyId":"e3654e30da7afdc28f7fe7f42f4ffd96","time":{"start":1728088154299,"stop":1728088182459,"duration":28160},"status":"passed","flaky":false,"newFailed":false,"newBroken":false,"newPassed":true,"retriesCount":0,"retriesStatusChange":false,"beforeStages":[],"testStage":{"status":"passed","steps":[{"name":"Given the council","time":{"start":1728088154300,"stop":1728088154300,"duration":0},"status":"passed","steps":[],"attachments":[],"parameters":[],"shouldDisplayMessage":false,"stepsCount":0,"attachmentsCount":0,"hasContent":false,"attachmentStep":false},{"name":"When we scrape the data from the council","time":{"start":1728088154300,"stop":1728088182457,"duration":28157},"status":"passed","steps":[],"attachments":[],"parameters":[],"shouldDisplayMessage":false,"stepsCount":0,"attachmentsCount":0,"hasContent":false,"attachmentStep":false},{"name":"Then the result is valid json","time":{"start":1728088182458,"stop":1728088182458,"duration":0},"status":"passed","steps":[],"attachments":[],"parameters":[],"shouldDisplayMessage":false,"stepsCount":0,"attachmentsCount":0,"hasContent":false,"attachmentStep":false},{"name":"And the output should validate against the schema","time":{"start":1728088182458,"stop":1728088182459,"duration":1},"status":"passed","steps":[],"attachments":[],"parameters":[],"shouldDisplayMessage":false,"stepsCount":0,"attachmentsCount":0,"hasContent":false,"attachmentStep":false}],"attachments":[{"uid":"70202de72001b901","name":"stdout","source":"70202de72001b901.txt","type":"text/plain","size":65}],"parameters":[],"shouldDisplayMessage":false,"stepsCount":4,"attachmentsCount":1,"hasContent":true,"attachmentStep":false},"afterStages":[],"labels":[{"name":"host","value":"fv-az1789-434"},{"name":"thread","value":"2826-MainThread"},{"name":"framework","value":"pytest-bdd"},{"name":"language","value":"cpython3"},{"name":"feature","value":"Test each council output matches expected results"},{"name":"resultFormat","value":"allure2"}],"parameters":[{"name":"council","value":"ThreeRiversDistrictCouncil"}],"links":[],"hidden":false,"retry":false,"extra":{"severity":"normal","retries":[],"categories":[],"history":{"statistic":{"failed":8,"broken":0,"skipped":0,"passed":131,"unknown":0,"total":139},"items":[{"uid":"745f8cd7fa3ff9ce","reportUrl":"https://robbrad.github.io/UKBinCollectionData/3.12/2152//#testresult/745f8cd7fa3ff9ce","status":"failed","statusDetails":"selenium.common.exceptions.SessionNotCreatedException: Message: Could not start a new session. New session request timed out \nHost info: host: 'selenium', ip: '172.18.0.2'\nBuild info: version: '4.25.0', revision: '030fcf7918'\nSystem info: os.name: 'Linux', os.arch: 'amd64', os.version: '6.8.0-1014-azure', java.version: '17.0.12'\nDriver info: driver.version: unknown\nStacktrace:\n    at org.openqa.selenium.grid.sessionqueue.local.LocalNewSessionQueue.addToQueue (LocalNewSessionQueue.java:221)\n    at org.openqa.selenium.grid.sessionqueue.NewSessionQueue.lambda$new$0 (NewSessionQueue.java:68)\n    at org.openqa.selenium.remote.http.Route$TemplatizedRoute.handle (Route.java:192)\n    at org.openqa.selenium.remote.http.Route.execute (Route.java:69)\n    at org.openqa.selenium.remote.http.Route$CombinedRoute.handle (Route.java:360)\n    at org.openqa.selenium.remote.http.Route.execute (Route.java:69)\n    at org.openqa.selenium.grid.sessionqueue.NewSessionQueue.execute (NewSessionQueue.java:128)\n    at org.openqa.selenium.remote.tracing.SpanWrappedHttpHandler.execute (SpanWrappedHttpHandler.java:87)\n    at org.openqa.selenium.remote.http.Filter$1.execute (Filter.java:63)\n    at org.openqa.selenium.remote.http.Route$CombinedRoute.handle (Route.java:360)\n    at org.openqa.selenium.remote.http.Route.execute (Route.java:69)\n    at org.openqa.selenium.grid.router.Router.execute (Router.java:87)\n    at org.openqa.selenium.grid.web.EnsureSpecCompliantResponseHeaders.lambda$apply$0 (EnsureSpecCompliantResponseHeaders.java:34)\n    at org.openqa.selenium.remote.http.Filter$1.execute (Filter.java:63)\n    at org.openqa.selenium.remote.http.Route$CombinedRoute.handle (Route.java:360)\n    at org.openqa.selenium.remote.http.Route.execute (Route.java:69)\n    at org.openqa.selenium.remote.AddWebDriverSpecHeaders.lambda$apply$0 (AddWebDriverSpecHeaders.java:35)\n    at org.openqa.selenium.remote.ErrorFilter.lambda$apply$0 (ErrorFilter.java:44)\n    at org.openqa.selenium.remote.http.Filter$1.execute (Filter.java:63)\n    at org.openqa.selenium.remote.ErrorFilter.lambda$apply$0 (ErrorFilter.java:44)\n    at org.openqa.selenium.remote.http.Filter$1.execute (Filter.java:63)\n    at org.openqa.selenium.netty.server.SeleniumHandler.lambda$channelRead0$0 (SeleniumHandler.java:44)\n    at java.util.concurrent.Executors$RunnableAdapter.call (Executors.java:539)\n    at java.util.concurrent.FutureTask.run (FutureTask.java:264)\n    at java.util.concurrent.ThreadPoolExecutor.runWorker (ThreadPoolExecutor.java:1136)\n    at java.util.concurrent.ThreadPoolExecutor$Worker.run (ThreadPoolExecutor.java:635)\n    at java.lang.Thread.run (Thread.java:840)","time":{"start":1728001623937,"stop":1728001923973,"duration":300036}},{"uid":"66f7e41d38c217ca","reportUrl":"https://robbrad.github.io/UKBinCollectionData/3.12/2148//#testresult/66f7e41d38c217ca","status":"failed","statusDetails":"selenium.common.exceptions.StaleElementReferenceException: Message: stale element reference: stale element not found in the current frame\n  (Session info: chrome=129.0.6668.58); For documentation on this error, please visit: https://www.selenium.dev/documentation/webdriver/troubleshooting/errors#stale-element-reference-exception\nStacktrace:\n#0 0x5620c298913a <unknown>\n#1 0x5620c266f5e0 <unknown>\n#2 0x5620c2675443 <unknown>\n#3 0x5620c2677105 <unknown>\n#4 0x5620c267718c <unknown>\n#5 0x5620c26b9561 <unknown>\n#6 0x5620c26e3b22 <unknown>\n#7 0x5620c26b3478 <unknown>\n#8 0x5620c26e3cee <unknown>\n#9 0x5620c2702d7d <unknown>\n#10 0x5620c26e38c3 <unknown>\n#11 0x5620c26b16b3 <unknown>\n#12 0x5620c26b268e <unknown>\n#13 0x5620c2953b3b <unknown>\n#14 0x5620c2957ac1 <unknown>\n#15 0x5620c2940335 <unknown>\n#16 0x5620c2958642 <unknown>\n#17 0x5620c292549f <unknown>\n#18 0x5620c2978038 <unknown>\n#19 0x5620c2978203 <unknown>\n#20 0x5620c2987f8c <unknown>\n#21 0x7f381dd9aa94 <unknown>\n#22 0x7f381de27a34 __clone","time":{"start":1727933416752,"stop":1727933607074,"duration":190322}},{"uid":"e05bb028dba0ca46","reportUrl":"https://robbrad.github.io/UKBinCollectionData/3.12/2146//#testresult/e05bb028dba0ca46","status":"passed","time":{"start":1727915435475,"stop":1727915467593,"duration":32118}},{"uid":"67c3e451d1fbc441","reportUrl":"https://robbrad.github.io/UKBinCollectionData/3.12/2139//#testresult/67c3e451d1fbc441","status":"passed","time":{"start":1727828913415,"stop":1727828985371,"duration":71956}},{"uid":"db3bb7a0298afa94","reportUrl":"https://robbrad.github.io/UKBinCollectionData/3.12/2138//#testresult/db3bb7a0298afa94","status":"passed","time":{"start":1727742638573,"stop":1727742678837,"duration":40264}},{"uid":"f4a8f03b0f7942bb","reportUrl":"https://robbrad.github.io/UKBinCollectionData/3.12/2137//#testresult/f4a8f03b0f7942bb","status":"failed","statusDetails":"selenium.common.exceptions.StaleElementReferenceException: Message: stale element reference: stale element not found in the current frame\n  (Session info: chrome=129.0.6668.58); For documentation on this error, please visit: https://www.selenium.dev/documentation/webdriver/troubleshooting/errors#stale-element-reference-exception\nStacktrace:\n#0 0x55a01ee3413a <unknown>\n#1 0x55a01eb1a5e0 <unknown>\n#2 0x55a01eb20443 <unknown>\n#3 0x55a01eb22105 <unknown>\n#4 0x55a01eb2218c <unknown>\n#5 0x55a01eb64302 <unknown>\n#6 0x55a01eb8eb22 <unknown>\n#7 0x55a01eb5e478 <unknown>\n#8 0x55a01eb8ecee <unknown>\n#9 0x55a01ebadd7d <unknown>\n#10 0x55a01eb8e8c3 <unknown>\n#11 0x55a01eb5c6b3 <unknown>\n#12 0x55a01eb5d68e <unknown>\n#13 0x55a01edfeb3b <unknown>\n#14 0x55a01ee02ac1 <unknown>\n#15 0x55a01edeb335 <unknown>\n#16 0x55a01ee03642 <unknown>\n#17 0x55a01edd049f <unknown>\n#18 0x55a01ee23038 <unknown>\n#19 0x55a01ee23203 <unknown>\n#20 0x55a01ee32f8c <unknown>\n#21 0x7efc810c0a94 <unknown>\n#22 0x7efc8114da34 __clone","time":{"start":1727655947727,"stop":1727655989005,"duration":41278}},{"uid":"253e5df2e15146be","reportUrl":"https://robbrad.github.io/UKBinCollectionData/3.12/2136//#testresult/253e5df2e15146be","status":"passed","time":{"start":1727569373647,"stop":1727569571573,"duration":197926}},{"uid":"8171aa6bb1397353","reportUrl":"https://robbrad.github.io/UKBinCollectionData/3.12/2135//#testresult/8171aa6bb1397353","status":"passed","time":{"start":1727483515059,"stop":1727483560108,"duration":45049}},{"uid":"a4eea183fea39649","reportUrl":"https://robbrad.github.io/UKBinCollectionData/3.12/2131//#testresult/a4eea183fea39649","status":"passed","time":{"start":1727423367208,"stop":1727423383725,"duration":16517}},{"uid":"a901775a38a69bfe","reportUrl":"https://robbrad.github.io/UKBinCollectionData/3.12/2130//#testresult/a901775a38a69bfe","status":"passed","time":{"start":1727396812255,"stop":1727396858919,"duration":46664}},{"uid":"c07f48a31d6ea619","reportUrl":"https://robbrad.github.io/UKBinCollectionData/3.12/2129//#testresult/c07f48a31d6ea619","status":"passed","time":{"start":1727310298084,"stop":1727310346654,"duration":48570}},{"uid":"c1be4456b3452601","reportUrl":"https://robbrad.github.io/UKBinCollectionData/3.12/2128//#testresult/c1be4456b3452601","status":"passed","time":{"start":1727223985513,"stop":1727224301832,"duration":316319}},{"uid":"2d6b0de757695f9d","reportUrl":"https://robbrad.github.io/UKBinCollectionData/3.12/2127//#testresult/2d6b0de757695f9d","status":"passed","time":{"start":1727137632769,"stop":1727137671378,"duration":38609}},{"uid":"b11aeffd89c962c0","reportUrl":"https://robbrad.github.io/UKBinCollectionData/3.12/2126//#testresult/b11aeffd89c962c0","status":"passed","time":{"start":1727051309966,"stop":1727051325621,"duration":15655}},{"uid":"1d7f14ec768424cb","reportUrl":"https://robbrad.github.io/UKBinCollectionData/3.12/2125//#testresult/1d7f14ec768424cb","status":"passed","time":{"start":1726965130574,"stop":1726965162084,"duration":31510}},{"uid":"f99b44115218677c","reportUrl":"https://robbrad.github.io/UKBinCollectionData/3.12/2124//#testresult/f99b44115218677c","status":"passed","time":{"start":1726878515898,"stop":1726878548011,"duration":32113}},{"uid":"179bafb94f7f9898","reportUrl":"https://robbrad.github.io/UKBinCollectionData/3.12/2123//#testresult/179bafb94f7f9898","status":"failed","statusDetails":"selenium.common.exceptions.SessionNotCreatedException: Message: Could not start a new session. New session request timed out \nHost info: host: 'selenium', ip: '172.18.0.2'\nBuild info: version: '4.24.0', revision: '748ffc9bc3'\nSystem info: os.name: 'Linux', os.arch: 'amd64', os.version: '6.8.0-1014-azure', java.version: '17.0.12'\nDriver info: driver.version: unknown\nStacktrace:\n    at org.openqa.selenium.grid.sessionqueue.local.LocalNewSessionQueue.addToQueue (LocalNewSessionQueue.java:221)\n    at org.openqa.selenium.grid.sessionqueue.NewSessionQueue.lambda$new$0 (NewSessionQueue.java:68)\n    at org.openqa.selenium.remote.http.Route$TemplatizedRoute.handle (Route.java:192)\n    at org.openqa.selenium.remote.http.Route.execute (Route.java:69)\n    at org.openqa.selenium.remote.http.Route$CombinedRoute.handle (Route.java:360)\n    at org.openqa.selenium.remote.http.Route.execute (Route.java:69)\n    at org.openqa.selenium.grid.sessionqueue.NewSessionQueue.execute (NewSessionQueue.java:128)\n    at org.openqa.selenium.remote.tracing.SpanWrappedHttpHandler.execute (SpanWrappedHttpHandler.java:87)\n    at org.openqa.selenium.remote.http.Filter$1.execute (Filter.java:63)\n    at org.openqa.selenium.remote.http.Route$CombinedRoute.handle (Route.java:360)\n    at org.openqa.selenium.remote.http.Route.execute (Route.java:69)\n    at org.openqa.selenium.grid.router.Router.execute (Router.java:87)\n    at org.openqa.selenium.grid.web.EnsureSpecCompliantResponseHeaders.lambda$apply$0 (EnsureSpecCompliantResponseHeaders.java:34)\n    at org.openqa.selenium.remote.http.Filter$1.execute (Filter.java:63)\n    at org.openqa.selenium.remote.http.Route$CombinedRoute.handle (Route.java:360)\n    at org.openqa.selenium.remote.http.Route.execute (Route.java:69)\n    at org.openqa.selenium.remote.AddWebDriverSpecHeaders.lambda$apply$0 (AddWebDriverSpecHeaders.java:35)\n    at org.openqa.selenium.remote.ErrorFilter.lambda$apply$0 (ErrorFilter.java:44)\n    at org.openqa.selenium.remote.http.Filter$1.execute (Filter.java:63)\n    at org.openqa.selenium.remote.ErrorFilter.lambda$apply$0 (ErrorFilter.java:44)\n    at org.openqa.selenium.remote.http.Filter$1.execute (Filter.java:63)\n    at org.openqa.selenium.netty.server.SeleniumHandler.lambda$channelRead0$0 (SeleniumHandler.java:44)\n    at java.util.concurrent.Executors$RunnableAdapter.call (Executors.java:539)\n    at java.util.concurrent.FutureTask.run (FutureTask.java:264)\n    at java.util.concurrent.ThreadPoolExecutor.runWorker (ThreadPoolExecutor.java:1136)\n    at java.util.concurrent.ThreadPoolExecutor$Worker.run (ThreadPoolExecutor.java:635)\n    at java.lang.Thread.run (Thread.java:840)","time":{"start":1726792039172,"stop":1726792339211,"duration":300039}},{"uid":"74e551a4cb2b38de","reportUrl":"https://robbrad.github.io/UKBinCollectionData/3.12/2122//#testresult/74e551a4cb2b38de","status":"passed","time":{"start":1726705694503,"stop":1726705910478,"duration":215975}},{"uid":"1520675d453391f1","reportUrl":"https://robbrad.github.io/UKBinCollectionData/3.12/2121//#testresult/1520675d453391f1","status":"passed","time":{"start":1726619467402,"stop":1726619515145,"duration":47743}},{"uid":"778c5a09c9e4cec","reportUrl":"https://robbrad.github.io/UKBinCollectionData/3.12/2120//#testresult/778c5a09c9e4cec","status":"passed","time":{"start":1726533121578,"stop":1726533160676,"duration":39098}}]},"tags":[]},"source":"1b5b65198a5ce4d1.json","parameterValues":["ThreeRiversDistrictCouncil"]}