{"uid":"6203bfe6ee526031","name":"Validate Council Output [KirkleesCouncil]","fullName":"features/validate_council_outputs.feature:Validate Council Output","historyId":"2f6e35714aa3faf6e527401d2be1436f","time":{"start":1728086786459,"stop":1728086861216,"duration":74757},"status":"failed","statusMessage":"selenium.common.exceptions.TimeoutException: Message: \nStacktrace:\n#0 0x55bd839f913a <unknown>\n#1 0x55bd836df5e0 <unknown>\n#2 0x55bd8372ebe8 <unknown>\n#3 0x55bd8372ee81 <unknown>\n#4 0x55bd837758c4 <unknown>\n#5 0x55bd83753b4d <unknown>\n#6 0x55bd83772d7d <unknown>\n#7 0x55bd837538c3 <unknown>\n#8 0x55bd837216b3 <unknown>\n#9 0x55bd8372268e <unknown>\n#10 0x55bd839c3b3b <unknown>\n#11 0x55bd839c7ac1 <unknown>\n#12 0x55bd839b0335 <unknown>\n#13 0x55bd839c8642 <unknown>\n#14 0x55bd8399549f <unknown>\n#15 0x55bd839e8038 <unknown>\n#16 0x55bd839e8203 <unknown>\n#17 0x55bd839f7f8c <unknown>\n#18 0x7ff354050a94 <unknown>\n#19 0x7ff3540dda34 __clone","statusTrace":"fixturefunc = <function scrape_step at 0x7f57a09cc2c0>\nrequest = <FixtureRequest for <Function test_scenario_outline[KirkleesCouncil]>>\nkwargs = {'context': <test_validate_council.Context object at 0x7f57b1d9e000>, 'headless_mode': 'True', 'local_browser': 'False', 'selenium_url': 'http://localhost:4444'}\n\n    def call_fixture_func(\n        fixturefunc: _FixtureFunc[FixtureValue], request: FixtureRequest, kwargs\n    ) -> FixtureValue:\n        if is_generator(fixturefunc):\n            fixturefunc = cast(\n                Callable[..., Generator[FixtureValue, None, None]], fixturefunc\n            )\n            generator = fixturefunc(**kwargs)\n            try:\n                fixture_result = next(generator)\n            except StopIteration:\n                raise ValueError(f\"{request.fixturename} did not yield a value\") from None\n            finalizer = functools.partial(_teardown_yield_fixture, fixturefunc, generator)\n            request.addfinalizer(finalizer)\n        else:\n            fixturefunc = cast(Callable[..., FixtureValue], fixturefunc)\n>           fixture_result = fixturefunc(**kwargs)\n\n../../../.cache/pypoetry/virtualenvs/uk-bin-collection-EwS6Gn8s-py3.12/lib/python3.12/site-packages/_pytest/fixtures.py:898: \n_ _ _ _ _ _ _ _ _ _ _ _ _ _ _ _ _ _ _ _ _ _ _ _ _ _ _ _ _ _ _ _ _ _ _ _ _ _ _ _ \nuk_bin_collection/tests/step_defs/test_validate_council.py:100: in scrape_step\n    context.parse_result = CollectData.run()\nuk_bin_collection/uk_bin_collection/collect_data.py:101: in run\n    return self.client_code(\nuk_bin_collection/uk_bin_collection/collect_data.py:121: in client_code\n    return get_bin_data_class.template_method(address_url, **kwargs)\nuk_bin_collection/uk_bin_collection/get_bin_data.py:61: in template_method\n    bin_data_dict = self.get_and_parse_data(this_url, **kwargs)\nuk_bin_collection/uk_bin_collection/get_bin_data.py:84: in get_and_parse_data\n    bin_data_dict = self.parse_data(\"\", url=address_url, **kwargs)\nuk_bin_collection/uk_bin_collection/councils/KirkleesCouncil.py:41: in parse_data\n    return self._parse_data(*args, **kwargs)\nuk_bin_collection/uk_bin_collection/councils/KirkleesCouncil.py:74: in _parse_data\n    wait_for_element(\nuk_bin_collection/uk_bin_collection/councils/KirkleesCouncil.py:18: in wait_for_element\n    wait_for_element_conditions(driver, element_present, timeout=timeout)\nuk_bin_collection/uk_bin_collection/councils/KirkleesCouncil.py:23: in wait_for_element_conditions\n    WebDriverWait(driver, timeout).until(conditions)\n_ _ _ _ _ _ _ _ _ _ _ _ _ _ _ _ _ _ _ _ _ _ _ _ _ _ _ _ _ _ _ _ _ _ _ _ _ _ _ _ \n\nself = <selenium.webdriver.support.wait.WebDriverWait (session=\"52859bfbe9b7566bfd00bd9984a25623\")>\nmethod = <function presence_of_element_located.<locals>._predicate at 0x7f57a041a5c0>\nmessage = ''\n\n    def until(self, method: Callable[[D], Union[Literal[False], T]], message: str = \"\") -> T:\n        \"\"\"Calls the method provided with the driver as an argument until the \\\n        return value does not evaluate to ``False``.\n    \n        :param method: callable(WebDriver)\n        :param message: optional message for :exc:`TimeoutException`\n        :returns: the result of the last call to `method`\n        :raises: :exc:`selenium.common.exceptions.TimeoutException` if timeout occurs\n        \"\"\"\n        screen = None\n        stacktrace = None\n    \n        end_time = time.monotonic() + self._timeout\n        while True:\n            try:\n                value = method(self._driver)\n                if value:\n                    return value\n            except self._ignored_exceptions as exc:\n                screen = getattr(exc, \"screen\", None)\n                stacktrace = getattr(exc, \"stacktrace\", None)\n            time.sleep(self._poll)\n            if time.monotonic() > end_time:\n                break\n>       raise TimeoutException(message, screen, stacktrace)\nE       selenium.common.exceptions.TimeoutException: Message: \nE       Stacktrace:\nE       #0 0x55bd839f913a <unknown>\nE       #1 0x55bd836df5e0 <unknown>\nE       #2 0x55bd8372ebe8 <unknown>\nE       #3 0x55bd8372ee81 <unknown>\nE       #4 0x55bd837758c4 <unknown>\nE       #5 0x55bd83753b4d <unknown>\nE       #6 0x55bd83772d7d <unknown>\nE       #7 0x55bd837538c3 <unknown>\nE       #8 0x55bd837216b3 <unknown>\nE       #9 0x55bd8372268e <unknown>\nE       #10 0x55bd839c3b3b <unknown>\nE       #11 0x55bd839c7ac1 <unknown>\nE       #12 0x55bd839b0335 <unknown>\nE       #13 0x55bd839c8642 <unknown>\nE       #14 0x55bd8399549f <unknown>\nE       #15 0x55bd839e8038 <unknown>\nE       #16 0x55bd839e8203 <unknown>\nE       #17 0x55bd839f7f8c <unknown>\nE       #18 0x7ff354050a94 <unknown>\nE       #19 0x7ff3540dda34 __clone\n\n../../../.cache/pypoetry/virtualenvs/uk-bin-collection-EwS6Gn8s-py3.12/lib/python3.12/site-packages/selenium/webdriver/support/wait.py:105: TimeoutException","flaky":false,"newFailed":false,"newBroken":false,"newPassed":false,"retriesCount":0,"retriesStatusChange":false,"beforeStages":[],"testStage":{"status":"failed","statusMessage":"selenium.common.exceptions.TimeoutException: Message: \nStacktrace:\n#0 0x55bd839f913a <unknown>\n#1 0x55bd836df5e0 <unknown>\n#2 0x55bd8372ebe8 <unknown>\n#3 0x55bd8372ee81 <unknown>\n#4 0x55bd837758c4 <unknown>\n#5 0x55bd83753b4d <unknown>\n#6 0x55bd83772d7d <unknown>\n#7 0x55bd837538c3 <unknown>\n#8 0x55bd837216b3 <unknown>\n#9 0x55bd8372268e <unknown>\n#10 0x55bd839c3b3b <unknown>\n#11 0x55bd839c7ac1 <unknown>\n#12 0x55bd839b0335 <unknown>\n#13 0x55bd839c8642 <unknown>\n#14 0x55bd8399549f <unknown>\n#15 0x55bd839e8038 <unknown>\n#16 0x55bd839e8203 <unknown>\n#17 0x55bd839f7f8c <unknown>\n#18 0x7ff354050a94 <unknown>\n#19 0x7ff3540dda34 __clone","statusTrace":"fixturefunc = <function scrape_step at 0x7f57a09cc2c0>\nrequest = <FixtureRequest for <Function test_scenario_outline[KirkleesCouncil]>>\nkwargs = {'context': <test_validate_council.Context object at 0x7f57b1d9e000>, 'headless_mode': 'True', 'local_browser': 'False', 'selenium_url': 'http://localhost:4444'}\n\n    def call_fixture_func(\n        fixturefunc: _FixtureFunc[FixtureValue], request: FixtureRequest, kwargs\n    ) -> FixtureValue:\n        if is_generator(fixturefunc):\n            fixturefunc = cast(\n                Callable[..., Generator[FixtureValue, None, None]], fixturefunc\n            )\n            generator = fixturefunc(**kwargs)\n            try:\n                fixture_result = next(generator)\n            except StopIteration:\n                raise ValueError(f\"{request.fixturename} did not yield a value\") from None\n            finalizer = functools.partial(_teardown_yield_fixture, fixturefunc, generator)\n            request.addfinalizer(finalizer)\n        else:\n            fixturefunc = cast(Callable[..., FixtureValue], fixturefunc)\n>           fixture_result = fixturefunc(**kwargs)\n\n../../../.cache/pypoetry/virtualenvs/uk-bin-collection-EwS6Gn8s-py3.12/lib/python3.12/site-packages/_pytest/fixtures.py:898: \n_ _ _ _ _ _ _ _ _ _ _ _ _ _ _ _ _ _ _ _ _ _ _ _ _ _ _ _ _ _ _ _ _ _ _ _ _ _ _ _ \nuk_bin_collection/tests/step_defs/test_validate_council.py:100: in scrape_step\n    context.parse_result = CollectData.run()\nuk_bin_collection/uk_bin_collection/collect_data.py:101: in run\n    return self.client_code(\nuk_bin_collection/uk_bin_collection/collect_data.py:121: in client_code\n    return get_bin_data_class.template_method(address_url, **kwargs)\nuk_bin_collection/uk_bin_collection/get_bin_data.py:61: in template_method\n    bin_data_dict = self.get_and_parse_data(this_url, **kwargs)\nuk_bin_collection/uk_bin_collection/get_bin_data.py:84: in get_and_parse_data\n    bin_data_dict = self.parse_data(\"\", url=address_url, **kwargs)\nuk_bin_collection/uk_bin_collection/councils/KirkleesCouncil.py:41: in parse_data\n    return self._parse_data(*args, **kwargs)\nuk_bin_collection/uk_bin_collection/councils/KirkleesCouncil.py:74: in _parse_data\n    wait_for_element(\nuk_bin_collection/uk_bin_collection/councils/KirkleesCouncil.py:18: in wait_for_element\n    wait_for_element_conditions(driver, element_present, timeout=timeout)\nuk_bin_collection/uk_bin_collection/councils/KirkleesCouncil.py:23: in wait_for_element_conditions\n    WebDriverWait(driver, timeout).until(conditions)\n_ _ _ _ _ _ _ _ _ _ _ _ _ _ _ _ _ _ _ _ _ _ _ _ _ _ _ _ _ _ _ _ _ _ _ _ _ _ _ _ \n\nself = <selenium.webdriver.support.wait.WebDriverWait (session=\"52859bfbe9b7566bfd00bd9984a25623\")>\nmethod = <function presence_of_element_located.<locals>._predicate at 0x7f57a041a5c0>\nmessage = ''\n\n    def until(self, method: Callable[[D], Union[Literal[False], T]], message: str = \"\") -> T:\n        \"\"\"Calls the method provided with the driver as an argument until the \\\n        return value does not evaluate to ``False``.\n    \n        :param method: callable(WebDriver)\n        :param message: optional message for :exc:`TimeoutException`\n        :returns: the result of the last call to `method`\n        :raises: :exc:`selenium.common.exceptions.TimeoutException` if timeout occurs\n        \"\"\"\n        screen = None\n        stacktrace = None\n    \n        end_time = time.monotonic() + self._timeout\n        while True:\n            try:\n                value = method(self._driver)\n                if value:\n                    return value\n            except self._ignored_exceptions as exc:\n                screen = getattr(exc, \"screen\", None)\n                stacktrace = getattr(exc, \"stacktrace\", None)\n            time.sleep(self._poll)\n            if time.monotonic() > end_time:\n                break\n>       raise TimeoutException(message, screen, stacktrace)\nE       selenium.common.exceptions.TimeoutException: Message: \nE       Stacktrace:\nE       #0 0x55bd839f913a <unknown>\nE       #1 0x55bd836df5e0 <unknown>\nE       #2 0x55bd8372ebe8 <unknown>\nE       #3 0x55bd8372ee81 <unknown>\nE       #4 0x55bd837758c4 <unknown>\nE       #5 0x55bd83753b4d <unknown>\nE       #6 0x55bd83772d7d <unknown>\nE       #7 0x55bd837538c3 <unknown>\nE       #8 0x55bd837216b3 <unknown>\nE       #9 0x55bd8372268e <unknown>\nE       #10 0x55bd839c3b3b <unknown>\nE       #11 0x55bd839c7ac1 <unknown>\nE       #12 0x55bd839b0335 <unknown>\nE       #13 0x55bd839c8642 <unknown>\nE       #14 0x55bd8399549f <unknown>\nE       #15 0x55bd839e8038 <unknown>\nE       #16 0x55bd839e8203 <unknown>\nE       #17 0x55bd839f7f8c <unknown>\nE       #18 0x7ff354050a94 <unknown>\nE       #19 0x7ff3540dda34 __clone\n\n../../../.cache/pypoetry/virtualenvs/uk-bin-collection-EwS6Gn8s-py3.12/lib/python3.12/site-packages/selenium/webdriver/support/wait.py:105: TimeoutException","steps":[{"name":"Given the council","time":{"start":1728086786459,"stop":1728086786459,"duration":0},"status":"passed","steps":[],"attachments":[],"parameters":[],"shouldDisplayMessage":false,"stepsCount":0,"attachmentsCount":0,"hasContent":false,"attachmentStep":false},{"name":"When we scrape the data from the council","time":{"start":1728086786459,"stop":1728086861216,"duration":74757},"status":"failed","statusMessage":"Message: \nStacktrace:\n#0 0x55bd839f913a <unknown>\n#1 0x55bd836df5e0 <unknown>\n#2 0x55bd8372ebe8 <unknown>\n#3 0x55bd8372ee81 <unknown>\n#4 0x55bd837758c4 <unknown>\n#5 0x55bd83753b4d <unknown>\n#6 0x55bd83772d7d <unknown>\n#7 0x55bd837538c3 <unknown>\n#8 0x55bd837216b3 <unknown>\n#9 0x55bd8372268e <unknown>\n#10 0x55bd839c3b3b <unknown>\n#11 0x55bd839c7ac1 <unknown>\n#12 0x55bd839b0335 <unknown>\n#13 0x55bd839c8642 <unknown>\n#14 0x55bd8399549f <unknown>\n#15 0x55bd839e8038 <unknown>\n#16 0x55bd839e8203 <unknown>\n#17 0x55bd839f7f8c <unknown>\n#18 0x7ff354050a94 <unknown>\n#19 0x7ff3540dda34 __clone\n","statusTrace":"selenium.common.exceptions.TimeoutException: Message: \nStacktrace:\n#0 0x55bd839f913a <unknown>\n#1 0x55bd836df5e0 <unknown>\n#2 0x55bd8372ebe8 <unknown>\n#3 0x55bd8372ee81 <unknown>\n#4 0x55bd837758c4 <unknown>\n#5 0x55bd83753b4d <unknown>\n#6 0x55bd83772d7d <unknown>\n#7 0x55bd837538c3 <unknown>\n#8 0x55bd837216b3 <unknown>\n#9 0x55bd8372268e <unknown>\n#10 0x55bd839c3b3b <unknown>\n#11 0x55bd839c7ac1 <unknown>\n#12 0x55bd839b0335 <unknown>\n#13 0x55bd839c8642 <unknown>\n#14 0x55bd8399549f <unknown>\n#15 0x55bd839e8038 <unknown>\n#16 0x55bd839e8203 <unknown>\n#17 0x55bd839f7f8c <unknown>\n#18 0x7ff354050a94 <unknown>\n#19 0x7ff3540dda34 __clone\n\n","steps":[],"attachments":[],"parameters":[],"shouldDisplayMessage":true,"stepsCount":0,"attachmentsCount":0,"hasContent":true,"attachmentStep":false}],"attachments":[{"uid":"14999ade768bdd6a","name":"stdout","source":"14999ade768bdd6a.txt","type":"text/plain","size":77}],"parameters":[],"shouldDisplayMessage":true,"stepsCount":2,"attachmentsCount":1,"hasContent":true,"attachmentStep":false},"afterStages":[],"labels":[{"name":"host","value":"fv-az1789-434"},{"name":"thread","value":"2826-MainThread"},{"name":"framework","value":"pytest-bdd"},{"name":"language","value":"cpython3"},{"name":"feature","value":"Test each council output matches expected results"},{"name":"resultFormat","value":"allure2"}],"parameters":[{"name":"council","value":"KirkleesCouncil"}],"links":[],"hidden":false,"retry":false,"extra":{"severity":"normal","retries":[],"categories":[{"name":"Product defects","matchedStatuses":[],"flaky":false}],"history":{"statistic":{"failed":163,"broken":0,"skipped":0,"passed":0,"unknown":0,"total":163},"items":[{"uid":"aba6a0e6d203db57","reportUrl":"https://robbrad.github.io/UKBinCollectionData/3.12/2152//#testresult/aba6a0e6d203db57","status":"failed","statusDetails":"selenium.common.exceptions.TimeoutException: Message: \nStacktrace:\n#0 0x55f6ac71f13a <unknown>\n#1 0x55f6ac4055e0 <unknown>\n#2 0x55f6ac454be8 <unknown>\n#3 0x55f6ac454e81 <unknown>\n#4 0x55f6ac49b8c4 <unknown>\n#5 0x55f6ac479b4d <unknown>\n#6 0x55f6ac498d7d <unknown>\n#7 0x55f6ac4798c3 <unknown>\n#8 0x55f6ac4476b3 <unknown>\n#9 0x55f6ac44868e <unknown>\n#10 0x55f6ac6e9b3b <unknown>\n#11 0x55f6ac6edac1 <unknown>\n#12 0x55f6ac6d6335 <unknown>\n#13 0x55f6ac6ee642 <unknown>\n#14 0x55f6ac6bb49f <unknown>\n#15 0x55f6ac70e038 <unknown>\n#16 0x55f6ac70e203 <unknown>\n#17 0x55f6ac71df8c <unknown>\n#18 0x7f0a1f131a94 <unknown>\n#19 0x7f0a1f1bea34 __clone","time":{"start":1728000426503,"stop":1728000447036,"duration":20533}},{"uid":"6705bdcbeb3aa07","reportUrl":"https://robbrad.github.io/UKBinCollectionData/3.12/2148//#testresult/6705bdcbeb3aa07","status":"failed","statusDetails":"selenium.common.exceptions.TimeoutException: Message: \nStacktrace:\n#0 0x563a6a8af13a <unknown>\n#1 0x563a6a5955e0 <unknown>\n#2 0x563a6a5e4be8 <unknown>\n#3 0x563a6a5e4e81 <unknown>\n#4 0x563a6a62b8c4 <unknown>\n#5 0x563a6a609b4d <unknown>\n#6 0x563a6a628d7d <unknown>\n#7 0x563a6a6098c3 <unknown>\n#8 0x563a6a5d76b3 <unknown>\n#9 0x563a6a5d868e <unknown>\n#10 0x563a6a879b3b <unknown>\n#11 0x563a6a87dac1 <unknown>\n#12 0x563a6a866335 <unknown>\n#13 0x563a6a87e642 <unknown>\n#14 0x563a6a84b49f <unknown>\n#15 0x563a6a89e038 <unknown>\n#16 0x563a6a89e203 <unknown>\n#17 0x563a6a8adf8c <unknown>\n#18 0x7f916b380a94 <unknown>\n#19 0x7f916b40da34 __clone","time":{"start":1727932654666,"stop":1727932779847,"duration":125181}},{"uid":"e5a228f748179689","reportUrl":"https://robbrad.github.io/UKBinCollectionData/3.12/2146//#testresult/e5a228f748179689","status":"failed","statusDetails":"selenium.common.exceptions.TimeoutException: Message: \nStacktrace:\n#0 0x564b9c60413a <unknown>\n#1 0x564b9c2ea5e0 <unknown>\n#2 0x564b9c339be8 <unknown>\n#3 0x564b9c339e81 <unknown>\n#4 0x564b9c3808c4 <unknown>\n#5 0x564b9c35eb4d <unknown>\n#6 0x564b9c37dd7d <unknown>\n#7 0x564b9c35e8c3 <unknown>\n#8 0x564b9c32c6b3 <unknown>\n#9 0x564b9c32d68e <unknown>\n#10 0x564b9c5ceb3b <unknown>\n#11 0x564b9c5d2ac1 <unknown>\n#12 0x564b9c5bb335 <unknown>\n#13 0x564b9c5d3642 <unknown>\n#14 0x564b9c5a049f <unknown>\n#15 0x564b9c5f3038 <unknown>\n#16 0x564b9c5f3203 <unknown>\n#17 0x564b9c602f8c <unknown>\n#18 0x7f600f9eca94 <unknown>\n#19 0x7f600fa79a34 __clone","time":{"start":1727914514481,"stop":1727914577513,"duration":63032}},{"uid":"b96f3d21d9129f05","reportUrl":"https://robbrad.github.io/UKBinCollectionData/3.12/2139//#testresult/b96f3d21d9129f05","status":"failed","statusDetails":"selenium.common.exceptions.TimeoutException: Message: \nStacktrace:\n#0 0x558a7a6b613a <unknown>\n#1 0x558a7a39c5e0 <unknown>\n#2 0x558a7a3ebbe8 <unknown>\n#3 0x558a7a3ebe81 <unknown>\n#4 0x558a7a4328c4 <unknown>\n#5 0x558a7a410b4d <unknown>\n#6 0x558a7a42fd7d <unknown>\n#7 0x558a7a4108c3 <unknown>\n#8 0x558a7a3de6b3 <unknown>\n#9 0x558a7a3df68e <unknown>\n#10 0x558a7a680b3b <unknown>\n#11 0x558a7a684ac1 <unknown>\n#12 0x558a7a66d335 <unknown>\n#13 0x558a7a685642 <unknown>\n#14 0x558a7a65249f <unknown>\n#15 0x558a7a6a5038 <unknown>\n#16 0x558a7a6a5203 <unknown>\n#17 0x558a7a6b4f8c <unknown>\n#18 0x7fae520a1a94 <unknown>\n#19 0x7fae5212ea34 __clone","time":{"start":1727828007855,"stop":1727828126146,"duration":118291}},{"uid":"1653762bba7c564","reportUrl":"https://robbrad.github.io/UKBinCollectionData/3.12/2138//#testresult/1653762bba7c564","status":"failed","statusDetails":"selenium.common.exceptions.TimeoutException: Message: \nStacktrace:\n#0 0x55c7b3d4b13a <unknown>\n#1 0x55c7b3a315e0 <unknown>\n#2 0x55c7b3a80be8 <unknown>\n#3 0x55c7b3a80e81 <unknown>\n#4 0x55c7b3ac78c4 <unknown>\n#5 0x55c7b3aa5b4d <unknown>\n#6 0x55c7b3ac4d7d <unknown>\n#7 0x55c7b3aa58c3 <unknown>\n#8 0x55c7b3a736b3 <unknown>\n#9 0x55c7b3a7468e <unknown>\n#10 0x55c7b3d15b3b <unknown>\n#11 0x55c7b3d19ac1 <unknown>\n#12 0x55c7b3d02335 <unknown>\n#13 0x55c7b3d1a642 <unknown>\n#14 0x55c7b3ce749f <unknown>\n#15 0x55c7b3d3a038 <unknown>\n#16 0x55c7b3d3a203 <unknown>\n#17 0x55c7b3d49f8c <unknown>\n#18 0x7f05d24d2a94 <unknown>\n#19 0x7f05d255fa34 __clone","time":{"start":1727741655418,"stop":1727741765334,"duration":109916}},{"uid":"d5e8000a80dd2a95","reportUrl":"https://robbrad.github.io/UKBinCollectionData/3.12/2137//#testresult/d5e8000a80dd2a95","status":"failed","statusDetails":"selenium.common.exceptions.TimeoutException: Message: \nStacktrace:\n#0 0x555e40e3413a <unknown>\n#1 0x555e40b1a5e0 <unknown>\n#2 0x555e40b69be8 <unknown>\n#3 0x555e40b69e81 <unknown>\n#4 0x555e40bb08c4 <unknown>\n#5 0x555e40b8eb4d <unknown>\n#6 0x555e40badd7d <unknown>\n#7 0x555e40b8e8c3 <unknown>\n#8 0x555e40b5c6b3 <unknown>\n#9 0x555e40b5d68e <unknown>\n#10 0x555e40dfeb3b <unknown>\n#11 0x555e40e02ac1 <unknown>\n#12 0x555e40deb335 <unknown>\n#13 0x555e40e03642 <unknown>\n#14 0x555e40dd049f <unknown>\n#15 0x555e40e23038 <unknown>\n#16 0x555e40e23203 <unknown>\n#17 0x555e40e32f8c <unknown>\n#18 0x7fa2d7b0ca94 <unknown>\n#19 0x7fa2d7b99a34 __clone","time":{"start":1727655265053,"stop":1727655378798,"duration":113745}},{"uid":"a67eec209bfe0417","reportUrl":"https://robbrad.github.io/UKBinCollectionData/3.12/2136//#testresult/a67eec209bfe0417","status":"failed","statusDetails":"selenium.common.exceptions.TimeoutException: Message: \nStacktrace:\n#0 0x561ff360313a <unknown>\n#1 0x561ff32e95e0 <unknown>\n#2 0x561ff3338be8 <unknown>\n#3 0x561ff3338e81 <unknown>\n#4 0x561ff337f8c4 <unknown>\n#5 0x561ff335db4d <unknown>\n#6 0x561ff337cd7d <unknown>\n#7 0x561ff335d8c3 <unknown>\n#8 0x561ff332b6b3 <unknown>\n#9 0x561ff332c68e <unknown>\n#10 0x561ff35cdb3b <unknown>\n#11 0x561ff35d1ac1 <unknown>\n#12 0x561ff35ba335 <unknown>\n#13 0x561ff35d2642 <unknown>\n#14 0x561ff359f49f <unknown>\n#15 0x561ff35f2038 <unknown>\n#16 0x561ff35f2203 <unknown>\n#17 0x561ff3601f8c <unknown>\n#18 0x7f57f5bd9a94 <unknown>\n#19 0x7f57f5c66a34 __clone","time":{"start":1727568973257,"stop":1727569002787,"duration":29530}},{"uid":"40302b5d70448d38","reportUrl":"https://robbrad.github.io/UKBinCollectionData/3.12/2135//#testresult/40302b5d70448d38","status":"failed","statusDetails":"selenium.common.exceptions.TimeoutException: Message: \nStacktrace:\n#0 0x56496818013a <unknown>\n#1 0x564967e665e0 <unknown>\n#2 0x564967eb5be8 <unknown>\n#3 0x564967eb5e81 <unknown>\n#4 0x564967efc8c4 <unknown>\n#5 0x564967edab4d <unknown>\n#6 0x564967ef9d7d <unknown>\n#7 0x564967eda8c3 <unknown>\n#8 0x564967ea86b3 <unknown>\n#9 0x564967ea968e <unknown>\n#10 0x56496814ab3b <unknown>\n#11 0x56496814eac1 <unknown>\n#12 0x564968137335 <unknown>\n#13 0x56496814f642 <unknown>\n#14 0x56496811c49f <unknown>\n#15 0x56496816f038 <unknown>\n#16 0x56496816f203 <unknown>\n#17 0x56496817ef8c <unknown>\n#18 0x7f8ab63b8a94 <unknown>\n#19 0x7f8ab6445a34 __clone","time":{"start":1727482505593,"stop":1727482587186,"duration":81593}},{"uid":"acdb233d5f7425e1","reportUrl":"https://robbrad.github.io/UKBinCollectionData/3.12/2131//#testresult/acdb233d5f7425e1","status":"failed","statusDetails":"selenium.common.exceptions.TimeoutException: Message: \nStacktrace:\n#0 0x56114ae3713a <unknown>\n#1 0x56114ab1d5e0 <unknown>\n#2 0x56114ab6cbe8 <unknown>\n#3 0x56114ab6ce81 <unknown>\n#4 0x56114abb38c4 <unknown>\n#5 0x56114ab91b4d <unknown>\n#6 0x56114abb0d7d <unknown>\n#7 0x56114ab918c3 <unknown>\n#8 0x56114ab5f6b3 <unknown>\n#9 0x56114ab6068e <unknown>\n#10 0x56114ae01b3b <unknown>\n#11 0x56114ae05ac1 <unknown>\n#12 0x56114adee335 <unknown>\n#13 0x56114ae06642 <unknown>\n#14 0x56114add349f <unknown>\n#15 0x56114ae26038 <unknown>\n#16 0x56114ae26203 <unknown>\n#17 0x56114ae35f8c <unknown>\n#18 0x7f43eccd9a94 <unknown>\n#19 0x7f43ecd66a34 __clone","time":{"start":1727422359002,"stop":1727422458938,"duration":99936}},{"uid":"b616817c964b5232","reportUrl":"https://robbrad.github.io/UKBinCollectionData/3.12/2130//#testresult/b616817c964b5232","status":"failed","statusDetails":"selenium.common.exceptions.TimeoutException: Message: \nStacktrace:\n#0 0x55e61bd2b13a <unknown>\n#1 0x55e61ba115e0 <unknown>\n#2 0x55e61ba60be8 <unknown>\n#3 0x55e61ba60e81 <unknown>\n#4 0x55e61baa78c4 <unknown>\n#5 0x55e61ba85b4d <unknown>\n#6 0x55e61baa4d7d <unknown>\n#7 0x55e61ba858c3 <unknown>\n#8 0x55e61ba536b3 <unknown>\n#9 0x55e61ba5468e <unknown>\n#10 0x55e61bcf5b3b <unknown>\n#11 0x55e61bcf9ac1 <unknown>\n#12 0x55e61bce2335 <unknown>\n#13 0x55e61bcfa642 <unknown>\n#14 0x55e61bcc749f <unknown>\n#15 0x55e61bd1a038 <unknown>\n#16 0x55e61bd1a203 <unknown>\n#17 0x55e61bd29f8c <unknown>\n#18 0x7fdd647d6a94 <unknown>\n#19 0x7fdd64863a34 __clone","time":{"start":1727396267101,"stop":1727396331346,"duration":64245}},{"uid":"619fc4e211e48e3f","reportUrl":"https://robbrad.github.io/UKBinCollectionData/3.12/2129//#testresult/619fc4e211e48e3f","status":"failed","statusDetails":"selenium.common.exceptions.TimeoutException: Message: \nStacktrace:\n#0 0x559745ff213a <unknown>\n#1 0x559745cd85e0 <unknown>\n#2 0x559745d27be8 <unknown>\n#3 0x559745d27e81 <unknown>\n#4 0x559745d6e8c4 <unknown>\n#5 0x559745d4cb4d <unknown>\n#6 0x559745d6bd7d <unknown>\n#7 0x559745d4c8c3 <unknown>\n#8 0x559745d1a6b3 <unknown>\n#9 0x559745d1b68e <unknown>\n#10 0x559745fbcb3b <unknown>\n#11 0x559745fc0ac1 <unknown>\n#12 0x559745fa9335 <unknown>\n#13 0x559745fc1642 <unknown>\n#14 0x559745f8e49f <unknown>\n#15 0x559745fe1038 <unknown>\n#16 0x559745fe1203 <unknown>\n#17 0x559745ff0f8c <unknown>\n#18 0x7fa5c5b94a94 <unknown>\n#19 0x7fa5c5c21a34 __clone","time":{"start":1727309671831,"stop":1727309786457,"duration":114626}},{"uid":"9a7b9ae57d169cc1","reportUrl":"https://robbrad.github.io/UKBinCollectionData/3.12/2128//#testresult/9a7b9ae57d169cc1","status":"failed","statusDetails":"selenium.common.exceptions.TimeoutException: Message: \nStacktrace:\n#0 0x56531b8a313a <unknown>\n#1 0x56531b5895e0 <unknown>\n#2 0x56531b5d8be8 <unknown>\n#3 0x56531b5d8e81 <unknown>\n#4 0x56531b61f8c4 <unknown>\n#5 0x56531b5fdb4d <unknown>\n#6 0x56531b61cd7d <unknown>\n#7 0x56531b5fd8c3 <unknown>\n#8 0x56531b5cb6b3 <unknown>\n#9 0x56531b5cc68e <unknown>\n#10 0x56531b86db3b <unknown>\n#11 0x56531b871ac1 <unknown>\n#12 0x56531b85a335 <unknown>\n#13 0x56531b872642 <unknown>\n#14 0x56531b83f49f <unknown>\n#15 0x56531b892038 <unknown>\n#16 0x56531b892203 <unknown>\n#17 0x56531b8a1f8c <unknown>\n#18 0x7f280a116a94 <unknown>\n#19 0x7f280a1a3a34 __clone","time":{"start":1727223424227,"stop":1727223485597,"duration":61370}},{"uid":"f4338a355574da82","reportUrl":"https://robbrad.github.io/UKBinCollectionData/3.12/2127//#testresult/f4338a355574da82","status":"failed","statusDetails":"selenium.common.exceptions.TimeoutException: Message: \nStacktrace:\n#0 0x55a7823ae13a <unknown>\n#1 0x55a7820945e0 <unknown>\n#2 0x55a7820e3be8 <unknown>\n#3 0x55a7820e3e81 <unknown>\n#4 0x55a78212a8c4 <unknown>\n#5 0x55a782108b4d <unknown>\n#6 0x55a782127d7d <unknown>\n#7 0x55a7821088c3 <unknown>\n#8 0x55a7820d66b3 <unknown>\n#9 0x55a7820d768e <unknown>\n#10 0x55a782378b3b <unknown>\n#11 0x55a78237cac1 <unknown>\n#12 0x55a782365335 <unknown>\n#13 0x55a78237d642 <unknown>\n#14 0x55a78234a49f <unknown>\n#15 0x55a78239d038 <unknown>\n#16 0x55a78239d203 <unknown>\n#17 0x55a7823acf8c <unknown>\n#18 0x7fbd58478a94 <unknown>\n#19 0x7fbd58505a34 __clone","time":{"start":1727136972003,"stop":1727137081514,"duration":109511}},{"uid":"116c81016ca823b2","reportUrl":"https://robbrad.github.io/UKBinCollectionData/3.12/2126//#testresult/116c81016ca823b2","status":"failed","statusDetails":"selenium.common.exceptions.TimeoutException: Message: \nStacktrace:\n#0 0x560e2a28413a <unknown>\n#1 0x560e29f6a5e0 <unknown>\n#2 0x560e29fb9be8 <unknown>\n#3 0x560e29fb9e81 <unknown>\n#4 0x560e2a0008c4 <unknown>\n#5 0x560e29fdeb4d <unknown>\n#6 0x560e29ffdd7d <unknown>\n#7 0x560e29fde8c3 <unknown>\n#8 0x560e29fac6b3 <unknown>\n#9 0x560e29fad68e <unknown>\n#10 0x560e2a24eb3b <unknown>\n#11 0x560e2a252ac1 <unknown>\n#12 0x560e2a23b335 <unknown>\n#13 0x560e2a253642 <unknown>\n#14 0x560e2a22049f <unknown>\n#15 0x560e2a273038 <unknown>\n#16 0x560e2a273203 <unknown>\n#17 0x560e2a282f8c <unknown>\n#18 0x7f9d675d8a94 <unknown>\n#19 0x7f9d67665a34 __clone","time":{"start":1727050590990,"stop":1727050738948,"duration":147958}},{"uid":"a38ac6b6f37e728e","reportUrl":"https://robbrad.github.io/UKBinCollectionData/3.12/2125//#testresult/a38ac6b6f37e728e","status":"failed","statusDetails":"selenium.common.exceptions.TimeoutException: Message: \nStacktrace:\n#0 0x560135b9986a <unknown>\n#1 0x560135867e50 <unknown>\n#2 0x5601358b7644 <unknown>\n#3 0x5601358b7931 <unknown>\n#4 0x5601358fd534 <unknown>\n#5 0x5601358dc4bd <unknown>\n#6 0x5601358fa9c6 <unknown>\n#7 0x5601358dc233 <unknown>\n#8 0x5601358aa093 <unknown>\n#9 0x5601358ab09e <unknown>\n#10 0x560135b60acb <unknown>\n#11 0x560135b64a81 <unknown>\n#12 0x560135b4c695 <unknown>\n#13 0x560135b655f2 <unknown>\n#14 0x560135b3186f <unknown>\n#15 0x560135b88668 <unknown>\n#16 0x560135b88832 <unknown>\n#17 0x560135b9865c <unknown>\n#18 0x7f1b8b347a94 <unknown>\n#19 0x7f1b8b3d4a34 __clone","time":{"start":1726964140767,"stop":1726964195851,"duration":55084}},{"uid":"104c6ed4496dcf5f","reportUrl":"https://robbrad.github.io/UKBinCollectionData/3.12/2124//#testresult/104c6ed4496dcf5f","status":"failed","statusDetails":"selenium.common.exceptions.TimeoutException: Message: \nStacktrace:\n#0 0x55c1a0e9d86a <unknown>\n#1 0x55c1a0b6be50 <unknown>\n#2 0x55c1a0bbb644 <unknown>\n#3 0x55c1a0bbb931 <unknown>\n#4 0x55c1a0c01534 <unknown>\n#5 0x55c1a0be04bd <unknown>\n#6 0x55c1a0bfe9c6 <unknown>\n#7 0x55c1a0be0233 <unknown>\n#8 0x55c1a0bae093 <unknown>\n#9 0x55c1a0baf09e <unknown>\n#10 0x55c1a0e64acb <unknown>\n#11 0x55c1a0e68a81 <unknown>\n#12 0x55c1a0e50695 <unknown>\n#13 0x55c1a0e695f2 <unknown>\n#14 0x55c1a0e3586f <unknown>\n#15 0x55c1a0e8c668 <unknown>\n#16 0x55c1a0e8c832 <unknown>\n#17 0x55c1a0e9c65c <unknown>\n#18 0x7fad07276a94 <unknown>\n#19 0x7fad07303a34 __clone","time":{"start":1726877813974,"stop":1726877939033,"duration":125059}},{"uid":"89b87ed4c06eab1","reportUrl":"https://robbrad.github.io/UKBinCollectionData/3.12/2123//#testresult/89b87ed4c06eab1","status":"failed","statusDetails":"selenium.common.exceptions.TimeoutException: Message: \nStacktrace:\n#0 0x55600cbbe86a <unknown>\n#1 0x55600c88ce50 <unknown>\n#2 0x55600c8dc644 <unknown>\n#3 0x55600c8dc931 <unknown>\n#4 0x55600c922534 <unknown>\n#5 0x55600c9014bd <unknown>\n#6 0x55600c91f9c6 <unknown>\n#7 0x55600c901233 <unknown>\n#8 0x55600c8cf093 <unknown>\n#9 0x55600c8d009e <unknown>\n#10 0x55600cb85acb <unknown>\n#11 0x55600cb89a81 <unknown>\n#12 0x55600cb71695 <unknown>\n#13 0x55600cb8a5f2 <unknown>\n#14 0x55600cb5686f <unknown>\n#15 0x55600cbad668 <unknown>\n#16 0x55600cbad832 <unknown>\n#17 0x55600cbbd65c <unknown>\n#18 0x7fdb8d4f5a94 <unknown>\n#19 0x7fdb8d582a34 __clone","time":{"start":1726791470177,"stop":1726791530961,"duration":60784}},{"uid":"63de8cf5b826f1e4","reportUrl":"https://robbrad.github.io/UKBinCollectionData/3.12/2122//#testresult/63de8cf5b826f1e4","status":"failed","statusDetails":"selenium.common.exceptions.TimeoutException: Message: \nStacktrace:\n#0 0x557a751e486a <unknown>\n#1 0x557a74eb2e50 <unknown>\n#2 0x557a74f02644 <unknown>\n#3 0x557a74f02931 <unknown>\n#4 0x557a74f48534 <unknown>\n#5 0x557a74f274bd <unknown>\n#6 0x557a74f459c6 <unknown>\n#7 0x557a74f27233 <unknown>\n#8 0x557a74ef5093 <unknown>\n#9 0x557a74ef609e <unknown>\n#10 0x557a751abacb <unknown>\n#11 0x557a751afa81 <unknown>\n#12 0x557a75197695 <unknown>\n#13 0x557a751b05f2 <unknown>\n#14 0x557a7517c86f <unknown>\n#15 0x557a751d3668 <unknown>\n#16 0x557a751d3832 <unknown>\n#17 0x557a751e365c <unknown>\n#18 0x7ff016af7a94 <unknown>\n#19 0x7ff016b84a34 __clone","time":{"start":1726704961835,"stop":1726705017424,"duration":55589}},{"uid":"3c669f20f4e64d22","reportUrl":"https://robbrad.github.io/UKBinCollectionData/3.12/2121//#testresult/3c669f20f4e64d22","status":"failed","statusDetails":"selenium.common.exceptions.TimeoutException: Message: \nStacktrace:\n#0 0x5575a05b186a <unknown>\n#1 0x5575a027fe50 <unknown>\n#2 0x5575a02cf644 <unknown>\n#3 0x5575a02cf931 <unknown>\n#4 0x5575a0315534 <unknown>\n#5 0x5575a02f44bd <unknown>\n#6 0x5575a03129c6 <unknown>\n#7 0x5575a02f4233 <unknown>\n#8 0x5575a02c2093 <unknown>\n#9 0x5575a02c309e <unknown>\n#10 0x5575a0578acb <unknown>\n#11 0x5575a057ca81 <unknown>\n#12 0x5575a0564695 <unknown>\n#13 0x5575a057d5f2 <unknown>\n#14 0x5575a054986f <unknown>\n#15 0x5575a05a0668 <unknown>\n#16 0x5575a05a0832 <unknown>\n#17 0x5575a05b065c <unknown>\n#18 0x7f029f119a94 <unknown>\n#19 0x7f029f1a6a34 __clone","time":{"start":1726618491607,"stop":1726618609475,"duration":117868}},{"uid":"44d06b3506dfdcb9","reportUrl":"https://robbrad.github.io/UKBinCollectionData/3.12/2120//#testresult/44d06b3506dfdcb9","status":"failed","statusDetails":"selenium.common.exceptions.TimeoutException: Message: \nStacktrace:\n#0 0x56117614d86a <unknown>\n#1 0x561175e1be50 <unknown>\n#2 0x561175e6b644 <unknown>\n#3 0x561175e6b931 <unknown>\n#4 0x561175eb1534 <unknown>\n#5 0x561175e904bd <unknown>\n#6 0x561175eae9c6 <unknown>\n#7 0x561175e90233 <unknown>\n#8 0x561175e5e093 <unknown>\n#9 0x561175e5f09e <unknown>\n#10 0x561176114acb <unknown>\n#11 0x561176118a81 <unknown>\n#12 0x561176100695 <unknown>\n#13 0x5611761195f2 <unknown>\n#14 0x5611760e586f <unknown>\n#15 0x56117613c668 <unknown>\n#16 0x56117613c832 <unknown>\n#17 0x56117614c65c <unknown>\n#18 0x7f5ff34afa94 <unknown>\n#19 0x7f5ff353ca34 __clone","time":{"start":1726532121965,"stop":1726532232569,"duration":110604}}]},"tags":[]},"source":"6203bfe6ee526031.json","parameterValues":["KirkleesCouncil"]}