{"uid":"19b3bb3ebef4f5c3","name":"Validate Council Output [GloucesterCityCouncil]","fullName":"features/validate_council_outputs.feature:Validate Council Output","historyId":"06eb13750718e2f81de5a1c44077aa52","time":{"start":1728332174544,"stop":1728332222028,"duration":47484},"status":"passed","flaky":false,"newFailed":false,"newBroken":false,"newPassed":false,"retriesCount":0,"retriesStatusChange":false,"beforeStages":[],"testStage":{"status":"passed","steps":[{"name":"Given the council","time":{"start":1728332174544,"stop":1728332174544,"duration":0},"status":"passed","steps":[],"attachments":[],"parameters":[],"shouldDisplayMessage":false,"stepsCount":0,"attachmentsCount":0,"hasContent":false,"attachmentStep":false},{"name":"When we scrape the data from the council","time":{"start":1728332174545,"stop":1728332222026,"duration":47481},"status":"passed","steps":[],"attachments":[],"parameters":[],"shouldDisplayMessage":false,"stepsCount":0,"attachmentsCount":0,"hasContent":false,"attachmentStep":false},{"name":"Then the result is valid json","time":{"start":1728332222026,"stop":1728332222027,"duration":1},"status":"passed","steps":[],"attachments":[],"parameters":[],"shouldDisplayMessage":false,"stepsCount":0,"attachmentsCount":0,"hasContent":false,"attachmentStep":false},{"name":"And the output should validate against the schema","time":{"start":1728332222027,"stop":1728332222028,"duration":1},"status":"passed","steps":[],"attachments":[],"parameters":[],"shouldDisplayMessage":false,"stepsCount":0,"attachmentsCount":0,"hasContent":false,"attachmentStep":false}],"attachments":[{"uid":"97eaaad555ec84aa","name":"stdout","source":"97eaaad555ec84aa.txt","type":"text/plain","size":48}],"parameters":[],"shouldDisplayMessage":false,"stepsCount":4,"attachmentsCount":1,"hasContent":true,"attachmentStep":false},"afterStages":[],"labels":[{"name":"host","value":"fv-az847-298"},{"name":"thread","value":"2774-MainThread"},{"name":"framework","value":"pytest-bdd"},{"name":"language","value":"cpython3"},{"name":"feature","value":"Test each council output matches expected results"},{"name":"resultFormat","value":"allure2"}],"parameters":[{"name":"council","value":"GloucesterCityCouncil"}],"links":[],"hidden":false,"retry":false,"extra":{"severity":"normal","retries":[],"categories":[],"history":{"statistic":{"failed":5,"broken":0,"skipped":0,"passed":28,"unknown":0,"total":33},"items":[{"uid":"32fcca333ec4dd9","reportUrl":"https://robbrad.github.io/UKBinCollectionData/3.12/2165//#testresult/32fcca333ec4dd9","status":"passed","time":{"start":1728259413477,"stop":1728259551242,"duration":137765}},{"uid":"f58336bbb9877291","reportUrl":"https://robbrad.github.io/UKBinCollectionData/3.12/2164//#testresult/f58336bbb9877291","status":"failed","statusDetails":"selenium.common.exceptions.SessionNotCreatedException: Message: Could not start a new session. New session request timed out \nHost info: host: 'selenium', ip: '172.18.0.2'\nBuild info: version: '4.25.0', revision: '030fcf7918'\nSystem info: os.name: 'Linux', os.arch: 'amd64', os.version: '6.8.0-1014-azure', java.version: '17.0.12'\nDriver info: driver.version: unknown\nStacktrace:\n    at org.openqa.selenium.grid.sessionqueue.local.LocalNewSessionQueue.addToQueue (LocalNewSessionQueue.java:221)\n    at org.openqa.selenium.grid.sessionqueue.NewSessionQueue.lambda$new$0 (NewSessionQueue.java:68)\n    at org.openqa.selenium.remote.http.Route$TemplatizedRoute.handle (Route.java:192)\n    at org.openqa.selenium.remote.http.Route.execute (Route.java:69)\n    at org.openqa.selenium.remote.http.Route$CombinedRoute.handle (Route.java:360)\n    at org.openqa.selenium.remote.http.Route.execute (Route.java:69)\n    at org.openqa.selenium.grid.sessionqueue.NewSessionQueue.execute (NewSessionQueue.java:128)\n    at org.openqa.selenium.remote.tracing.SpanWrappedHttpHandler.execute (SpanWrappedHttpHandler.java:87)\n    at org.openqa.selenium.remote.http.Filter$1.execute (Filter.java:63)\n    at org.openqa.selenium.remote.http.Route$CombinedRoute.handle (Route.java:360)\n    at org.openqa.selenium.remote.http.Route.execute (Route.java:69)\n    at org.openqa.selenium.grid.router.Router.execute (Router.java:87)\n    at org.openqa.selenium.grid.web.EnsureSpecCompliantResponseHeaders.lambda$apply$0 (EnsureSpecCompliantResponseHeaders.java:34)\n    at org.openqa.selenium.remote.http.Filter$1.execute (Filter.java:63)\n    at org.openqa.selenium.remote.http.Route$CombinedRoute.handle (Route.java:360)\n    at org.openqa.selenium.remote.http.Route.execute (Route.java:69)\n    at org.openqa.selenium.remote.AddWebDriverSpecHeaders.lambda$apply$0 (AddWebDriverSpecHeaders.java:35)\n    at org.openqa.selenium.remote.ErrorFilter.lambda$apply$0 (ErrorFilter.java:44)\n    at org.openqa.selenium.remote.http.Filter$1.execute (Filter.java:63)\n    at org.openqa.selenium.remote.ErrorFilter.lambda$apply$0 (ErrorFilter.java:44)\n    at org.openqa.selenium.remote.http.Filter$1.execute (Filter.java:63)\n    at org.openqa.selenium.netty.server.SeleniumHandler.lambda$channelRead0$0 (SeleniumHandler.java:44)\n    at java.util.concurrent.Executors$RunnableAdapter.call (Executors.java:539)\n    at java.util.concurrent.FutureTask.run (FutureTask.java:264)\n    at java.util.concurrent.ThreadPoolExecutor.runWorker (ThreadPoolExecutor.java:1136)\n    at java.util.concurrent.ThreadPoolExecutor$Worker.run (ThreadPoolExecutor.java:635)\n    at java.lang.Thread.run (Thread.java:840)","time":{"start":1728173677653,"stop":1728173977685,"duration":300032}},{"uid":"2af28d61dd32eefd","reportUrl":"https://robbrad.github.io/UKBinCollectionData/3.12/2160//#testresult/2af28d61dd32eefd","status":"passed","time":{"start":1728087136462,"stop":1728087230221,"duration":93759}},{"uid":"3a1d37aaa62f6700","reportUrl":"https://robbrad.github.io/UKBinCollectionData/3.12/2152//#testresult/3a1d37aaa62f6700","status":"failed","statusDetails":"selenium.common.exceptions.SessionNotCreatedException: Message: Could not start a new session. New session request timed out \nHost info: host: 'selenium', ip: '172.18.0.2'\nBuild info: version: '4.25.0', revision: '030fcf7918'\nSystem info: os.name: 'Linux', os.arch: 'amd64', os.version: '6.8.0-1014-azure', java.version: '17.0.12'\nDriver info: driver.version: unknown\nStacktrace:\n    at org.openqa.selenium.grid.sessionqueue.local.LocalNewSessionQueue.addToQueue (LocalNewSessionQueue.java:221)\n    at org.openqa.selenium.grid.sessionqueue.NewSessionQueue.lambda$new$0 (NewSessionQueue.java:68)\n    at org.openqa.selenium.remote.http.Route$TemplatizedRoute.handle (Route.java:192)\n    at org.openqa.selenium.remote.http.Route.execute (Route.java:69)\n    at org.openqa.selenium.remote.http.Route$CombinedRoute.handle (Route.java:360)\n    at org.openqa.selenium.remote.http.Route.execute (Route.java:69)\n    at org.openqa.selenium.grid.sessionqueue.NewSessionQueue.execute (NewSessionQueue.java:128)\n    at org.openqa.selenium.remote.tracing.SpanWrappedHttpHandler.execute (SpanWrappedHttpHandler.java:87)\n    at org.openqa.selenium.remote.http.Filter$1.execute (Filter.java:63)\n    at org.openqa.selenium.remote.http.Route$CombinedRoute.handle (Route.java:360)\n    at org.openqa.selenium.remote.http.Route.execute (Route.java:69)\n    at org.openqa.selenium.grid.router.Router.execute (Router.java:87)\n    at org.openqa.selenium.grid.web.EnsureSpecCompliantResponseHeaders.lambda$apply$0 (EnsureSpecCompliantResponseHeaders.java:34)\n    at org.openqa.selenium.remote.http.Filter$1.execute (Filter.java:63)\n    at org.openqa.selenium.remote.http.Route$CombinedRoute.handle (Route.java:360)\n    at org.openqa.selenium.remote.http.Route.execute (Route.java:69)\n    at org.openqa.selenium.remote.AddWebDriverSpecHeaders.lambda$apply$0 (AddWebDriverSpecHeaders.java:35)\n    at org.openqa.selenium.remote.ErrorFilter.lambda$apply$0 (ErrorFilter.java:44)\n    at org.openqa.selenium.remote.http.Filter$1.execute (Filter.java:63)\n    at org.openqa.selenium.remote.ErrorFilter.lambda$apply$0 (ErrorFilter.java:44)\n    at org.openqa.selenium.remote.http.Filter$1.execute (Filter.java:63)\n    at org.openqa.selenium.netty.server.SeleniumHandler.lambda$channelRead0$0 (SeleniumHandler.java:44)\n    at java.util.concurrent.Executors$RunnableAdapter.call (Executors.java:539)\n    at java.util.concurrent.FutureTask.run (FutureTask.java:264)\n    at java.util.concurrent.ThreadPoolExecutor.runWorker (ThreadPoolExecutor.java:1136)\n    at java.util.concurrent.ThreadPoolExecutor$Worker.run (ThreadPoolExecutor.java:635)\n    at java.lang.Thread.run (Thread.java:840)","time":{"start":1728000741886,"stop":1728001042008,"duration":300122}},{"uid":"8b8f8a14723e66ad","reportUrl":"https://robbrad.github.io/UKBinCollectionData/3.12/2148//#testresult/8b8f8a14723e66ad","status":"passed","time":{"start":1727932815968,"stop":1727932888883,"duration":72915}},{"uid":"a3c493bc47561453","reportUrl":"https://robbrad.github.io/UKBinCollectionData/3.12/2146//#testresult/a3c493bc47561453","status":"passed","time":{"start":1727914628710,"stop":1727914688015,"duration":59305}},{"uid":"a1f55754994f5089","reportUrl":"https://robbrad.github.io/UKBinCollectionData/3.12/2139//#testresult/a1f55754994f5089","status":"passed","time":{"start":1727828178140,"stop":1727828246627,"duration":68487}},{"uid":"3f69360804613da7","reportUrl":"https://robbrad.github.io/UKBinCollectionData/3.12/2138//#testresult/3f69360804613da7","status":"passed","time":{"start":1727741816999,"stop":1727741885950,"duration":68951}},{"uid":"99a9019bb65d1ab4","reportUrl":"https://robbrad.github.io/UKBinCollectionData/3.12/2137//#testresult/99a9019bb65d1ab4","status":"passed","time":{"start":1727655433380,"stop":1727655498945,"duration":65565}},{"uid":"9f720308b548e242","reportUrl":"https://robbrad.github.io/UKBinCollectionData/3.12/2136//#testresult/9f720308b548e242","status":"passed","time":{"start":1727568893040,"stop":1727568966691,"duration":73651}},{"uid":"6e3d35ea23f0eea4","reportUrl":"https://robbrad.github.io/UKBinCollectionData/3.12/2135//#testresult/6e3d35ea23f0eea4","status":"failed","statusDetails":"selenium.common.exceptions.NoSuchElementException: Message: Cannot locate option with value: 100120479507; For documentation on this error, please visit: https://www.selenium.dev/documentation/webdriver/troubleshooting/errors#no-such-element-exception","time":{"start":1727482582364,"stop":1727482618963,"duration":36599}},{"uid":"4758e941b2f9551a","reportUrl":"https://robbrad.github.io/UKBinCollectionData/3.12/2131//#testresult/4758e941b2f9551a","status":"failed","statusDetails":"selenium.common.exceptions.TimeoutException: Message:","time":{"start":1727422553882,"stop":1727422623356,"duration":69474}},{"uid":"1db54ec729c3966a","reportUrl":"https://robbrad.github.io/UKBinCollectionData/3.12/2130//#testresult/1db54ec729c3966a","status":"passed","time":{"start":1727396302619,"stop":1727396351964,"duration":49345}},{"uid":"93ca17392155ea4b","reportUrl":"https://robbrad.github.io/UKBinCollectionData/3.12/2129//#testresult/93ca17392155ea4b","status":"failed","statusDetails":"selenium.common.exceptions.NoSuchElementException: Message: Cannot locate option with value: 100120479507; For documentation on this error, please visit: https://www.selenium.dev/documentation/webdriver/troubleshooting/errors#no-such-element-exception","time":{"start":1727309847591,"stop":1727309897510,"duration":49919}},{"uid":"64a5aa431fdd4273","reportUrl":"https://robbrad.github.io/UKBinCollectionData/3.12/2128//#testresult/64a5aa431fdd4273","status":"passed","time":{"start":1727223459338,"stop":1727223505362,"duration":46024}},{"uid":"1b750a991618d591","reportUrl":"https://robbrad.github.io/UKBinCollectionData/3.12/2127//#testresult/1b750a991618d591","status":"passed","time":{"start":1727137125216,"stop":1727137194749,"duration":69533}},{"uid":"72754f9dd89fdc03","reportUrl":"https://robbrad.github.io/UKBinCollectionData/3.12/2126//#testresult/72754f9dd89fdc03","status":"passed","time":{"start":1727050784103,"stop":1727050836436,"duration":52333}},{"uid":"ca937ab548bf406","reportUrl":"https://robbrad.github.io/UKBinCollectionData/3.12/2125//#testresult/ca937ab548bf406","status":"passed","time":{"start":1726964357816,"stop":1726964418723,"duration":60907}},{"uid":"41d626fbb328cc1c","reportUrl":"https://robbrad.github.io/UKBinCollectionData/3.12/2124//#testresult/41d626fbb328cc1c","status":"passed","time":{"start":1726877975554,"stop":1726878035203,"duration":59649}},{"uid":"58e46b54e08586ad","reportUrl":"https://robbrad.github.io/UKBinCollectionData/3.12/2123//#testresult/58e46b54e08586ad","status":"passed","time":{"start":1726791521490,"stop":1726791555657,"duration":34167}}]},"tags":[]},"source":"19b3bb3ebef4f5c3.json","parameterValues":["GloucesterCityCouncil"]}