{"uid":"7b704fb035dea6ba","name":"Validate Council Output [HighPeakCouncil]","fullName":"features/validate_council_outputs.feature:Validate Council Output","historyId":"f014a970b405df22a91c3a1e6926ba51","time":{"start":1727828305100,"stop":1727828336785,"duration":31685},"status":"failed","statusMessage":"selenium.common.exceptions.NoSuchElementException: Message: no such element: Unable to locate element: {\"method\":\"css selector\",\"selector\":\".cookiemessage__link--close\"}\n  (Session info: chrome=129.0.6668.58); For documentation on this error, please visit: https://www.selenium.dev/documentation/webdriver/troubleshooting/errors#no-such-element-exception\nStacktrace:\n#0 0x563e841af13a <unknown>\n#1 0x563e83e955e0 <unknown>\n#2 0x563e83ee4be8 <unknown>\n#3 0x563e83ee4e81 <unknown>\n#4 0x563e83f2b8c4 <unknown>\n#5 0x563e83f09b4d <unknown>\n#6 0x563e83f28d7d <unknown>\n#7 0x563e83f098c3 <unknown>\n#8 0x563e83ed76b3 <unknown>\n#9 0x563e83ed868e <unknown>\n#10 0x563e84179b3b <unknown>\n#11 0x563e8417dac1 <unknown>\n#12 0x563e84166335 <unknown>\n#13 0x563e8417e642 <unknown>\n#14 0x563e8414b49f <unknown>\n#15 0x563e8419e038 <unknown>\n#16 0x563e8419e203 <unknown>\n#17 0x563e841adf8c <unknown>\n#18 0x7f3fce790a94 <unknown>\n#19 0x7f3fce81da34 __clone","statusTrace":"fixturefunc = <function scrape_step at 0x7f0dd2d6df80>\nrequest = <FixtureRequest for <Function test_scenario_outline[HighPeakCouncil]>>\nkwargs = {'context': <test_validate_council.Context object at 0x7f0dd2be4ed0>, 'headless_mode': 'True', 'local_browser': 'False', 'selenium_url': 'http://localhost:4444'}\n\n    def call_fixture_func(\n        fixturefunc: _FixtureFunc[FixtureValue], request: FixtureRequest, kwargs\n    ) -> FixtureValue:\n        if is_generator(fixturefunc):\n            fixturefunc = cast(\n                Callable[..., Generator[FixtureValue, None, None]], fixturefunc\n            )\n            generator = fixturefunc(**kwargs)\n            try:\n                fixture_result = next(generator)\n            except StopIteration:\n                raise ValueError(f\"{request.fixturename} did not yield a value\") from None\n            finalizer = functools.partial(_teardown_yield_fixture, fixturefunc, generator)\n            request.addfinalizer(finalizer)\n        else:\n            fixturefunc = cast(Callable[..., FixtureValue], fixturefunc)\n>           fixture_result = fixturefunc(**kwargs)\n\n../../../.cache/pypoetry/virtualenvs/uk-bin-collection-EwS6Gn8s-py3.11/lib/python3.11/site-packages/_pytest/fixtures.py:898: \n_ _ _ _ _ _ _ _ _ _ _ _ _ _ _ _ _ _ _ _ _ _ _ _ _ _ _ _ _ _ _ _ _ _ _ _ _ _ _ _ \nuk_bin_collection/tests/step_defs/test_validate_council.py:100: in scrape_step\n    context.parse_result = CollectData.run()\nuk_bin_collection/uk_bin_collection/collect_data.py:101: in run\n    return self.client_code(\nuk_bin_collection/uk_bin_collection/collect_data.py:121: in client_code\n    return get_bin_data_class.template_method(address_url, **kwargs)\nuk_bin_collection/uk_bin_collection/get_bin_data.py:61: in template_method\n    bin_data_dict = self.get_and_parse_data(this_url, **kwargs)\nuk_bin_collection/uk_bin_collection/get_bin_data.py:84: in get_and_parse_data\n    bin_data_dict = self.parse_data(\"\", url=address_url, **kwargs)\nuk_bin_collection/uk_bin_collection/councils/HighPeakCouncil.py:73: in parse_data\n    inputElement_hc = driver.find_element(\n../../../.cache/pypoetry/virtualenvs/uk-bin-collection-EwS6Gn8s-py3.11/lib/python3.11/site-packages/selenium/webdriver/remote/webdriver.py:748: in find_element\n    return self.execute(Command.FIND_ELEMENT, {\"using\": by, \"value\": value})[\"value\"]\n../../../.cache/pypoetry/virtualenvs/uk-bin-collection-EwS6Gn8s-py3.11/lib/python3.11/site-packages/selenium/webdriver/remote/webdriver.py:354: in execute\n    self.error_handler.check_response(response)\n_ _ _ _ _ _ _ _ _ _ _ _ _ _ _ _ _ _ _ _ _ _ _ _ _ _ _ _ _ _ _ _ _ _ _ _ _ _ _ _ \n\nself = <selenium.webdriver.remote.errorhandler.ErrorHandler object at 0x7f0dd1efea10>\nresponse = {'status': 404, 'value': '{\"value\":{\"error\":\"no such element\",\"message\":\"no such element: Unable to locate element: {\\...unknown>\\\\n#17 0x563e841adf8c \\\\u003Cunknown>\\\\n#18 0x7f3fce790a94 \\\\u003Cunknown>\\\\n#19 0x7f3fce81da34 __clone\\\\n\"}}'}\n\n    def check_response(self, response: Dict[str, Any]) -> None:\n        \"\"\"Checks that a JSON response from the WebDriver does not have an\n        error.\n    \n        :Args:\n         - response - The JSON response from the WebDriver server as a dictionary\n           object.\n    \n        :Raises: If the response contains an error message.\n        \"\"\"\n        status = response.get(\"status\", None)\n        if not status or status == ErrorCode.SUCCESS:\n            return\n        value = None\n        message = response.get(\"message\", \"\")\n        screen: str = response.get(\"screen\", \"\")\n        stacktrace = None\n        if isinstance(status, int):\n            value_json = response.get(\"value\", None)\n            if value_json and isinstance(value_json, str):\n                import json\n    \n                try:\n                    value = json.loads(value_json)\n                    if len(value) == 1:\n                        value = value[\"value\"]\n                    status = value.get(\"error\", None)\n                    if not status:\n                        status = value.get(\"status\", ErrorCode.UNKNOWN_ERROR)\n                        message = value.get(\"value\") or value.get(\"message\")\n                        if not isinstance(message, str):\n                            value = message\n                            message = message.get(\"message\")\n                    else:\n                        message = value.get(\"message\", None)\n                except ValueError:\n                    pass\n    \n        exception_class: Type[WebDriverException]\n        e = ErrorCode()\n        error_codes = [item for item in dir(e) if not item.startswith(\"__\")]\n        for error_code in error_codes:\n            error_info = getattr(ErrorCode, error_code)\n            if isinstance(error_info, list) and status in error_info:\n                exception_class = getattr(ExceptionMapping, error_code, WebDriverException)\n                break\n        else:\n            exception_class = WebDriverException\n    \n        if not value:\n            value = response[\"value\"]\n        if isinstance(value, str):\n            raise exception_class(value)\n        if message == \"\" and \"message\" in value:\n            message = value[\"message\"]\n    \n        screen = None  # type: ignore[assignment]\n        if \"screen\" in value:\n            screen = value[\"screen\"]\n    \n        stacktrace = None\n        st_value = value.get(\"stackTrace\") or value.get(\"stacktrace\")\n        if st_value:\n            if isinstance(st_value, str):\n                stacktrace = st_value.split(\"\\n\")\n            else:\n                stacktrace = []\n                try:\n                    for frame in st_value:\n                        line = frame.get(\"lineNumber\", \"\")\n                        file = frame.get(\"fileName\", \"<anonymous>\")\n                        if line:\n                            file = f\"{file}:{line}\"\n                        meth = frame.get(\"methodName\", \"<anonymous>\")\n                        if \"className\" in frame:\n                            meth = f\"{frame['className']}.{meth}\"\n                        msg = \"    at %s (%s)\"\n                        msg = msg % (meth, file)\n                        stacktrace.append(msg)\n                except TypeError:\n                    pass\n        if exception_class == UnexpectedAlertPresentException:\n            alert_text = None\n            if \"data\" in value:\n                alert_text = value[\"data\"].get(\"text\")\n            elif \"alert\" in value:\n                alert_text = value[\"alert\"].get(\"text\")\n            raise exception_class(message, screen, stacktrace, alert_text)  # type: ignore[call-arg]  # mypy is not smart enough here\n>       raise exception_class(message, screen, stacktrace)\nE       selenium.common.exceptions.NoSuchElementException: Message: no such element: Unable to locate element: {\"method\":\"css selector\",\"selector\":\".cookiemessage__link--close\"}\nE         (Session info: chrome=129.0.6668.58); For documentation on this error, please visit: https://www.selenium.dev/documentation/webdriver/troubleshooting/errors#no-such-element-exception\nE       Stacktrace:\nE       #0 0x563e841af13a <unknown>\nE       #1 0x563e83e955e0 <unknown>\nE       #2 0x563e83ee4be8 <unknown>\nE       #3 0x563e83ee4e81 <unknown>\nE       #4 0x563e83f2b8c4 <unknown>\nE       #5 0x563e83f09b4d <unknown>\nE       #6 0x563e83f28d7d <unknown>\nE       #7 0x563e83f098c3 <unknown>\nE       #8 0x563e83ed76b3 <unknown>\nE       #9 0x563e83ed868e <unknown>\nE       #10 0x563e84179b3b <unknown>\nE       #11 0x563e8417dac1 <unknown>\nE       #12 0x563e84166335 <unknown>\nE       #13 0x563e8417e642 <unknown>\nE       #14 0x563e8414b49f <unknown>\nE       #15 0x563e8419e038 <unknown>\nE       #16 0x563e8419e203 <unknown>\nE       #17 0x563e841adf8c <unknown>\nE       #18 0x7f3fce790a94 <unknown>\nE       #19 0x7f3fce81da34 __clone\n\n../../../.cache/pypoetry/virtualenvs/uk-bin-collection-EwS6Gn8s-py3.11/lib/python3.11/site-packages/selenium/webdriver/remote/errorhandler.py:229: NoSuchElementException","flaky":true,"newFailed":true,"newBroken":false,"newPassed":false,"retriesCount":0,"retriesStatusChange":false,"beforeStages":[],"testStage":{"status":"failed","statusMessage":"selenium.common.exceptions.NoSuchElementException: Message: no such element: Unable to locate element: {\"method\":\"css selector\",\"selector\":\".cookiemessage__link--close\"}\n  (Session info: chrome=129.0.6668.58); For documentation on this error, please visit: https://www.selenium.dev/documentation/webdriver/troubleshooting/errors#no-such-element-exception\nStacktrace:\n#0 0x563e841af13a <unknown>\n#1 0x563e83e955e0 <unknown>\n#2 0x563e83ee4be8 <unknown>\n#3 0x563e83ee4e81 <unknown>\n#4 0x563e83f2b8c4 <unknown>\n#5 0x563e83f09b4d <unknown>\n#6 0x563e83f28d7d <unknown>\n#7 0x563e83f098c3 <unknown>\n#8 0x563e83ed76b3 <unknown>\n#9 0x563e83ed868e <unknown>\n#10 0x563e84179b3b <unknown>\n#11 0x563e8417dac1 <unknown>\n#12 0x563e84166335 <unknown>\n#13 0x563e8417e642 <unknown>\n#14 0x563e8414b49f <unknown>\n#15 0x563e8419e038 <unknown>\n#16 0x563e8419e203 <unknown>\n#17 0x563e841adf8c <unknown>\n#18 0x7f3fce790a94 <unknown>\n#19 0x7f3fce81da34 __clone","statusTrace":"fixturefunc = <function scrape_step at 0x7f0dd2d6df80>\nrequest = <FixtureRequest for <Function test_scenario_outline[HighPeakCouncil]>>\nkwargs = {'context': <test_validate_council.Context object at 0x7f0dd2be4ed0>, 'headless_mode': 'True', 'local_browser': 'False', 'selenium_url': 'http://localhost:4444'}\n\n    def call_fixture_func(\n        fixturefunc: _FixtureFunc[FixtureValue], request: FixtureRequest, kwargs\n    ) -> FixtureValue:\n        if is_generator(fixturefunc):\n            fixturefunc = cast(\n                Callable[..., Generator[FixtureValue, None, None]], fixturefunc\n            )\n            generator = fixturefunc(**kwargs)\n            try:\n                fixture_result = next(generator)\n            except StopIteration:\n                raise ValueError(f\"{request.fixturename} did not yield a value\") from None\n            finalizer = functools.partial(_teardown_yield_fixture, fixturefunc, generator)\n            request.addfinalizer(finalizer)\n        else:\n            fixturefunc = cast(Callable[..., FixtureValue], fixturefunc)\n>           fixture_result = fixturefunc(**kwargs)\n\n../../../.cache/pypoetry/virtualenvs/uk-bin-collection-EwS6Gn8s-py3.11/lib/python3.11/site-packages/_pytest/fixtures.py:898: \n_ _ _ _ _ _ _ _ _ _ _ _ _ _ _ _ _ _ _ _ _ _ _ _ _ _ _ _ _ _ _ _ _ _ _ _ _ _ _ _ \nuk_bin_collection/tests/step_defs/test_validate_council.py:100: in scrape_step\n    context.parse_result = CollectData.run()\nuk_bin_collection/uk_bin_collection/collect_data.py:101: in run\n    return self.client_code(\nuk_bin_collection/uk_bin_collection/collect_data.py:121: in client_code\n    return get_bin_data_class.template_method(address_url, **kwargs)\nuk_bin_collection/uk_bin_collection/get_bin_data.py:61: in template_method\n    bin_data_dict = self.get_and_parse_data(this_url, **kwargs)\nuk_bin_collection/uk_bin_collection/get_bin_data.py:84: in get_and_parse_data\n    bin_data_dict = self.parse_data(\"\", url=address_url, **kwargs)\nuk_bin_collection/uk_bin_collection/councils/HighPeakCouncil.py:73: in parse_data\n    inputElement_hc = driver.find_element(\n../../../.cache/pypoetry/virtualenvs/uk-bin-collection-EwS6Gn8s-py3.11/lib/python3.11/site-packages/selenium/webdriver/remote/webdriver.py:748: in find_element\n    return self.execute(Command.FIND_ELEMENT, {\"using\": by, \"value\": value})[\"value\"]\n../../../.cache/pypoetry/virtualenvs/uk-bin-collection-EwS6Gn8s-py3.11/lib/python3.11/site-packages/selenium/webdriver/remote/webdriver.py:354: in execute\n    self.error_handler.check_response(response)\n_ _ _ _ _ _ _ _ _ _ _ _ _ _ _ _ _ _ _ _ _ _ _ _ _ _ _ _ _ _ _ _ _ _ _ _ _ _ _ _ \n\nself = <selenium.webdriver.remote.errorhandler.ErrorHandler object at 0x7f0dd1efea10>\nresponse = {'status': 404, 'value': '{\"value\":{\"error\":\"no such element\",\"message\":\"no such element: Unable to locate element: {\\...unknown>\\\\n#17 0x563e841adf8c \\\\u003Cunknown>\\\\n#18 0x7f3fce790a94 \\\\u003Cunknown>\\\\n#19 0x7f3fce81da34 __clone\\\\n\"}}'}\n\n    def check_response(self, response: Dict[str, Any]) -> None:\n        \"\"\"Checks that a JSON response from the WebDriver does not have an\n        error.\n    \n        :Args:\n         - response - The JSON response from the WebDriver server as a dictionary\n           object.\n    \n        :Raises: If the response contains an error message.\n        \"\"\"\n        status = response.get(\"status\", None)\n        if not status or status == ErrorCode.SUCCESS:\n            return\n        value = None\n        message = response.get(\"message\", \"\")\n        screen: str = response.get(\"screen\", \"\")\n        stacktrace = None\n        if isinstance(status, int):\n            value_json = response.get(\"value\", None)\n            if value_json and isinstance(value_json, str):\n                import json\n    \n                try:\n                    value = json.loads(value_json)\n                    if len(value) == 1:\n                        value = value[\"value\"]\n                    status = value.get(\"error\", None)\n                    if not status:\n                        status = value.get(\"status\", ErrorCode.UNKNOWN_ERROR)\n                        message = value.get(\"value\") or value.get(\"message\")\n                        if not isinstance(message, str):\n                            value = message\n                            message = message.get(\"message\")\n                    else:\n                        message = value.get(\"message\", None)\n                except ValueError:\n                    pass\n    \n        exception_class: Type[WebDriverException]\n        e = ErrorCode()\n        error_codes = [item for item in dir(e) if not item.startswith(\"__\")]\n        for error_code in error_codes:\n            error_info = getattr(ErrorCode, error_code)\n            if isinstance(error_info, list) and status in error_info:\n                exception_class = getattr(ExceptionMapping, error_code, WebDriverException)\n                break\n        else:\n            exception_class = WebDriverException\n    \n        if not value:\n            value = response[\"value\"]\n        if isinstance(value, str):\n            raise exception_class(value)\n        if message == \"\" and \"message\" in value:\n            message = value[\"message\"]\n    \n        screen = None  # type: ignore[assignment]\n        if \"screen\" in value:\n            screen = value[\"screen\"]\n    \n        stacktrace = None\n        st_value = value.get(\"stackTrace\") or value.get(\"stacktrace\")\n        if st_value:\n            if isinstance(st_value, str):\n                stacktrace = st_value.split(\"\\n\")\n            else:\n                stacktrace = []\n                try:\n                    for frame in st_value:\n                        line = frame.get(\"lineNumber\", \"\")\n                        file = frame.get(\"fileName\", \"<anonymous>\")\n                        if line:\n                            file = f\"{file}:{line}\"\n                        meth = frame.get(\"methodName\", \"<anonymous>\")\n                        if \"className\" in frame:\n                            meth = f\"{frame['className']}.{meth}\"\n                        msg = \"    at %s (%s)\"\n                        msg = msg % (meth, file)\n                        stacktrace.append(msg)\n                except TypeError:\n                    pass\n        if exception_class == UnexpectedAlertPresentException:\n            alert_text = None\n            if \"data\" in value:\n                alert_text = value[\"data\"].get(\"text\")\n            elif \"alert\" in value:\n                alert_text = value[\"alert\"].get(\"text\")\n            raise exception_class(message, screen, stacktrace, alert_text)  # type: ignore[call-arg]  # mypy is not smart enough here\n>       raise exception_class(message, screen, stacktrace)\nE       selenium.common.exceptions.NoSuchElementException: Message: no such element: Unable to locate element: {\"method\":\"css selector\",\"selector\":\".cookiemessage__link--close\"}\nE         (Session info: chrome=129.0.6668.58); For documentation on this error, please visit: https://www.selenium.dev/documentation/webdriver/troubleshooting/errors#no-such-element-exception\nE       Stacktrace:\nE       #0 0x563e841af13a <unknown>\nE       #1 0x563e83e955e0 <unknown>\nE       #2 0x563e83ee4be8 <unknown>\nE       #3 0x563e83ee4e81 <unknown>\nE       #4 0x563e83f2b8c4 <unknown>\nE       #5 0x563e83f09b4d <unknown>\nE       #6 0x563e83f28d7d <unknown>\nE       #7 0x563e83f098c3 <unknown>\nE       #8 0x563e83ed76b3 <unknown>\nE       #9 0x563e83ed868e <unknown>\nE       #10 0x563e84179b3b <unknown>\nE       #11 0x563e8417dac1 <unknown>\nE       #12 0x563e84166335 <unknown>\nE       #13 0x563e8417e642 <unknown>\nE       #14 0x563e8414b49f <unknown>\nE       #15 0x563e8419e038 <unknown>\nE       #16 0x563e8419e203 <unknown>\nE       #17 0x563e841adf8c <unknown>\nE       #18 0x7f3fce790a94 <unknown>\nE       #19 0x7f3fce81da34 __clone\n\n../../../.cache/pypoetry/virtualenvs/uk-bin-collection-EwS6Gn8s-py3.11/lib/python3.11/site-packages/selenium/webdriver/remote/errorhandler.py:229: NoSuchElementException","steps":[{"name":"Given the council","time":{"start":1727828305100,"stop":1727828305100,"duration":0},"status":"passed","steps":[],"attachments":[],"parameters":[],"shouldDisplayMessage":false,"stepsCount":0,"attachmentsCount":0,"hasContent":false,"attachmentStep":false},{"name":"When we scrape the data from the council","time":{"start":1727828305101,"stop":1727828336785,"duration":31684},"status":"failed","statusMessage":"Message: no such element: Unable to locate element: {\"method\":\"css selector\",\"selector\":\".cookiemessage__link--close\"}\n  (Session info: chrome=129.0.6668.58); For documentation on this error, please visit: https://www.selenium.dev/documentation/webdriver/troubleshooting/errors#no-such-element-exception\nStacktrace:\n#0 0x563e841af13a <unknown>\n#1 0x563e83e955e0 <unknown>\n#2 0x563e83ee4be8 <unknown>\n#3 0x563e83ee4e81 <unknown>\n#4 0x563e83f2b8c4 <unknown>\n#5 0x563e83f09b4d <unknown>\n#6 0x563e83f28d7d <unknown>\n#7 0x563e83f098c3 <unknown>\n#8 0x563e83ed76b3 <unknown>\n#9 0x563e83ed868e <unknown>\n#10 0x563e84179b3b <unknown>\n#11 0x563e8417dac1 <unknown>\n#12 0x563e84166335 <unknown>\n#13 0x563e8417e642 <unknown>\n#14 0x563e8414b49f <unknown>\n#15 0x563e8419e038 <unknown>\n#16 0x563e8419e203 <unknown>\n#17 0x563e841adf8c <unknown>\n#18 0x7f3fce790a94 <unknown>\n#19 0x7f3fce81da34 __clone\n","statusTrace":"selenium.common.exceptions.NoSuchElementException: Message: no such element: Unable to locate element: {\"method\":\"css selector\",\"selector\":\".cookiemessage__link--close\"}\n  (Session info: chrome=129.0.6668.58); For documentation on this error, please visit: https://www.selenium.dev/documentation/webdriver/troubleshooting/errors#no-such-element-exception\nStacktrace:\n#0 0x563e841af13a <unknown>\n#1 0x563e83e955e0 <unknown>\n#2 0x563e83ee4be8 <unknown>\n#3 0x563e83ee4e81 <unknown>\n#4 0x563e83f2b8c4 <unknown>\n#5 0x563e83f09b4d <unknown>\n#6 0x563e83f28d7d <unknown>\n#7 0x563e83f098c3 <unknown>\n#8 0x563e83ed76b3 <unknown>\n#9 0x563e83ed868e <unknown>\n#10 0x563e84179b3b <unknown>\n#11 0x563e8417dac1 <unknown>\n#12 0x563e84166335 <unknown>\n#13 0x563e8417e642 <unknown>\n#14 0x563e8414b49f <unknown>\n#15 0x563e8419e038 <unknown>\n#16 0x563e8419e203 <unknown>\n#17 0x563e841adf8c <unknown>\n#18 0x7f3fce790a94 <unknown>\n#19 0x7f3fce81da34 __clone\n\n","steps":[],"attachments":[],"parameters":[],"shouldDisplayMessage":true,"stepsCount":0,"attachmentsCount":0,"hasContent":true,"attachmentStep":false}],"attachments":[{"uid":"97c2529fc3940a17","name":"stdout","source":"97c2529fc3940a17.txt","type":"text/plain","size":946}],"parameters":[],"shouldDisplayMessage":true,"stepsCount":2,"attachmentsCount":1,"hasContent":true,"attachmentStep":false},"afterStages":[],"labels":[{"name":"host","value":"fv-az881-57"},{"name":"thread","value":"2755-MainThread"},{"name":"framework","value":"pytest-bdd"},{"name":"language","value":"cpython3"},{"name":"feature","value":"Test each council output matches expected results"},{"name":"resultFormat","value":"allure2"}],"parameters":[{"name":"council","value":"HighPeakCouncil"}],"links":[],"hidden":false,"retry":false,"extra":{"severity":"normal","retries":[],"categories":[{"name":"Product defects","matchedStatuses":[],"flaky":false}],"history":{"statistic":{"failed":70,"broken":0,"skipped":0,"passed":268,"unknown":0,"total":338},"items":[{"uid":"fed4c1291f70626c","reportUrl":"https://robbrad.github.io/UKBinCollectionData/3.11/2138//#testresult/fed4c1291f70626c","status":"passed","time":{"start":1727742010274,"stop":1727742048698,"duration":38424}},{"uid":"bdb24747e6ae5127","reportUrl":"https://robbrad.github.io/UKBinCollectionData/3.11/2137//#testresult/bdb24747e6ae5127","status":"failed","statusDetails":"selenium.common.exceptions.SessionNotCreatedException: Message: Could not start a new session. New session request timed out \nHost info: host: 'selenium', ip: '172.18.0.2'\nBuild info: version: '4.25.0', revision: '030fcf7918'\nSystem info: os.name: 'Linux', os.arch: 'amd64', os.version: '6.8.0-1014-azure', java.version: '17.0.12'\nDriver info: driver.version: unknown\nStacktrace:\n    at org.openqa.selenium.grid.sessionqueue.local.LocalNewSessionQueue.addToQueue (LocalNewSessionQueue.java:221)\n    at org.openqa.selenium.grid.sessionqueue.NewSessionQueue.lambda$new$0 (NewSessionQueue.java:68)\n    at org.openqa.selenium.remote.http.Route$TemplatizedRoute.handle (Route.java:192)\n    at org.openqa.selenium.remote.http.Route.execute (Route.java:69)\n    at org.openqa.selenium.remote.http.Route$CombinedRoute.handle (Route.java:360)\n    at org.openqa.selenium.remote.http.Route.execute (Route.java:69)\n    at org.openqa.selenium.grid.sessionqueue.NewSessionQueue.execute (NewSessionQueue.java:128)\n    at org.openqa.selenium.remote.tracing.SpanWrappedHttpHandler.execute (SpanWrappedHttpHandler.java:87)\n    at org.openqa.selenium.remote.http.Filter$1.execute (Filter.java:63)\n    at org.openqa.selenium.remote.http.Route$CombinedRoute.handle (Route.java:360)\n    at org.openqa.selenium.remote.http.Route.execute (Route.java:69)\n    at org.openqa.selenium.grid.router.Router.execute (Router.java:87)\n    at org.openqa.selenium.grid.web.EnsureSpecCompliantResponseHeaders.lambda$apply$0 (EnsureSpecCompliantResponseHeaders.java:34)\n    at org.openqa.selenium.remote.http.Filter$1.execute (Filter.java:63)\n    at org.openqa.selenium.remote.http.Route$CombinedRoute.handle (Route.java:360)\n    at org.openqa.selenium.remote.http.Route.execute (Route.java:69)\n    at org.openqa.selenium.remote.AddWebDriverSpecHeaders.lambda$apply$0 (AddWebDriverSpecHeaders.java:35)\n    at org.openqa.selenium.remote.ErrorFilter.lambda$apply$0 (ErrorFilter.java:44)\n    at org.openqa.selenium.remote.http.Filter$1.execute (Filter.java:63)\n    at org.openqa.selenium.remote.ErrorFilter.lambda$apply$0 (ErrorFilter.java:44)\n    at org.openqa.selenium.remote.http.Filter$1.execute (Filter.java:63)\n    at org.openqa.selenium.netty.server.SeleniumHandler.lambda$channelRead0$0 (SeleniumHandler.java:44)\n    at java.util.concurrent.Executors$RunnableAdapter.call (Executors.java:539)\n    at java.util.concurrent.FutureTask.run (FutureTask.java:264)\n    at java.util.concurrent.ThreadPoolExecutor.runWorker (ThreadPoolExecutor.java:1136)\n    at java.util.concurrent.ThreadPoolExecutor$Worker.run (ThreadPoolExecutor.java:635)\n    at java.lang.Thread.run (Thread.java:840)","time":{"start":1727655530378,"stop":1727655830386,"duration":300008}},{"uid":"86aa036bd75ed6fe","reportUrl":"https://robbrad.github.io/UKBinCollectionData/3.11/2136//#testresult/86aa036bd75ed6fe","status":"passed","time":{"start":1727569148458,"stop":1727569195227,"duration":46769}},{"uid":"f430330bb173075d","reportUrl":"https://robbrad.github.io/UKBinCollectionData/3.11/2135//#testresult/f430330bb173075d","status":"failed","statusDetails":"selenium.common.exceptions.TimeoutException: Message: \nStacktrace:\n#0 0x555b2278513a <unknown>\n#1 0x555b2246b5e0 <unknown>\n#2 0x555b224babe8 <unknown>\n#3 0x555b224bae81 <unknown>\n#4 0x555b225018c4 <unknown>\n#5 0x555b224dfb4d <unknown>\n#6 0x555b224fed7d <unknown>\n#7 0x555b224df8c3 <unknown>\n#8 0x555b224ad6b3 <unknown>\n#9 0x555b224ae68e <unknown>\n#10 0x555b2274fb3b <unknown>\n#11 0x555b22753ac1 <unknown>\n#12 0x555b2273c335 <unknown>\n#13 0x555b22754642 <unknown>\n#14 0x555b2272149f <unknown>\n#15 0x555b22774038 <unknown>\n#16 0x555b22774203 <unknown>\n#17 0x555b22783f8c <unknown>\n#18 0x7fee646a0a94 <unknown>\n#19 0x7fee6472da34 __clone","time":{"start":1727482808530,"stop":1727482895768,"duration":87238}},{"uid":"b2b5a1ba82fdd3c7","reportUrl":"https://robbrad.github.io/UKBinCollectionData/3.11/2131//#testresult/b2b5a1ba82fdd3c7","status":"passed","time":{"start":1727422733106,"stop":1727422759307,"duration":26201}},{"uid":"421009fdf8911a6d","reportUrl":"https://robbrad.github.io/UKBinCollectionData/3.11/2130//#testresult/421009fdf8911a6d","status":"passed","time":{"start":1727396430200,"stop":1727396450334,"duration":20134}},{"uid":"479eb5329395de9f","reportUrl":"https://robbrad.github.io/UKBinCollectionData/3.11/2129//#testresult/479eb5329395de9f","status":"passed","time":{"start":1727309951649,"stop":1727309961409,"duration":9760}},{"uid":"995077907e9c090","reportUrl":"https://robbrad.github.io/UKBinCollectionData/3.11/2128//#testresult/995077907e9c090","status":"passed","time":{"start":1727223539953,"stop":1727223547613,"duration":7660}},{"uid":"a8174fe351d1b990","reportUrl":"https://robbrad.github.io/UKBinCollectionData/3.11/2127//#testresult/a8174fe351d1b990","status":"passed","time":{"start":1727137211198,"stop":1727137254110,"duration":42912}},{"uid":"5e14daaa9cfeb0f","reportUrl":"https://robbrad.github.io/UKBinCollectionData/3.11/2126//#testresult/5e14daaa9cfeb0f","status":"passed","time":{"start":1727050781337,"stop":1727050792802,"duration":11465}},{"uid":"409ca781ebfc55ae","reportUrl":"https://robbrad.github.io/UKBinCollectionData/3.11/2125//#testresult/409ca781ebfc55ae","status":"failed","statusDetails":"selenium.common.exceptions.SessionNotCreatedException: Message: Could not start a new session. New session request timed out \nHost info: host: 'selenium', ip: '172.18.0.2'\nBuild info: version: '4.24.0', revision: '748ffc9bc3'\nSystem info: os.name: 'Linux', os.arch: 'amd64', os.version: '6.8.0-1014-azure', java.version: '17.0.12'\nDriver info: driver.version: unknown\nStacktrace:\n    at org.openqa.selenium.grid.sessionqueue.local.LocalNewSessionQueue.addToQueue (LocalNewSessionQueue.java:221)\n    at org.openqa.selenium.grid.sessionqueue.NewSessionQueue.lambda$new$0 (NewSessionQueue.java:68)\n    at org.openqa.selenium.remote.http.Route$TemplatizedRoute.handle (Route.java:192)\n    at org.openqa.selenium.remote.http.Route.execute (Route.java:69)\n    at org.openqa.selenium.remote.http.Route$CombinedRoute.handle (Route.java:360)\n    at org.openqa.selenium.remote.http.Route.execute (Route.java:69)\n    at org.openqa.selenium.grid.sessionqueue.NewSessionQueue.execute (NewSessionQueue.java:128)\n    at org.openqa.selenium.remote.tracing.SpanWrappedHttpHandler.execute (SpanWrappedHttpHandler.java:87)\n    at org.openqa.selenium.remote.http.Filter$1.execute (Filter.java:63)\n    at org.openqa.selenium.remote.http.Route$CombinedRoute.handle (Route.java:360)\n    at org.openqa.selenium.remote.http.Route.execute (Route.java:69)\n    at org.openqa.selenium.grid.router.Router.execute (Router.java:87)\n    at org.openqa.selenium.grid.web.EnsureSpecCompliantResponseHeaders.lambda$apply$0 (EnsureSpecCompliantResponseHeaders.java:34)\n    at org.openqa.selenium.remote.http.Filter$1.execute (Filter.java:63)\n    at org.openqa.selenium.remote.http.Route$CombinedRoute.handle (Route.java:360)\n    at org.openqa.selenium.remote.http.Route.execute (Route.java:69)\n    at org.openqa.selenium.remote.AddWebDriverSpecHeaders.lambda$apply$0 (AddWebDriverSpecHeaders.java:35)\n    at org.openqa.selenium.remote.ErrorFilter.lambda$apply$0 (ErrorFilter.java:44)\n    at org.openqa.selenium.remote.http.Filter$1.execute (Filter.java:63)\n    at org.openqa.selenium.remote.ErrorFilter.lambda$apply$0 (ErrorFilter.java:44)\n    at org.openqa.selenium.remote.http.Filter$1.execute (Filter.java:63)\n    at org.openqa.selenium.netty.server.SeleniumHandler.lambda$channelRead0$0 (SeleniumHandler.java:44)\n    at java.util.concurrent.Executors$RunnableAdapter.call (Executors.java:539)\n    at java.util.concurrent.FutureTask.run (FutureTask.java:264)\n    at java.util.concurrent.ThreadPoolExecutor.runWorker (ThreadPoolExecutor.java:1136)\n    at java.util.concurrent.ThreadPoolExecutor$Worker.run (ThreadPoolExecutor.java:635)\n    at java.lang.Thread.run (Thread.java:840)","time":{"start":1726964502258,"stop":1726964802265,"duration":300007}},{"uid":"6e0fc08ea0ac5856","reportUrl":"https://robbrad.github.io/UKBinCollectionData/3.11/2124//#testresult/6e0fc08ea0ac5856","status":"passed","time":{"start":1726878029315,"stop":1726878089815,"duration":60500}},{"uid":"aa5d0b41c16ab33","reportUrl":"https://robbrad.github.io/UKBinCollectionData/3.11/2123//#testresult/aa5d0b41c16ab33","status":"passed","time":{"start":1726791610633,"stop":1726791646772,"duration":36139}},{"uid":"4daa421d3f3bba37","reportUrl":"https://robbrad.github.io/UKBinCollectionData/3.11/2122//#testresult/4daa421d3f3bba37","status":"passed","time":{"start":1726705216454,"stop":1726705253625,"duration":37171}},{"uid":"78ca6a8659c1b1f5","reportUrl":"https://robbrad.github.io/UKBinCollectionData/3.11/2121//#testresult/78ca6a8659c1b1f5","status":"passed","time":{"start":1726618820656,"stop":1726618840216,"duration":19560}},{"uid":"e37c3cc5bd8fec32","reportUrl":"https://robbrad.github.io/UKBinCollectionData/3.11/2120//#testresult/e37c3cc5bd8fec32","status":"passed","time":{"start":1726532460267,"stop":1726532475435,"duration":15168}},{"uid":"b671cc0b94620ea2","reportUrl":"https://robbrad.github.io/UKBinCollectionData/3.11/2116//#testresult/b671cc0b94620ea2","status":"passed","time":{"start":1726446072510,"stop":1726446094423,"duration":21913}},{"uid":"752c74dd4a4887cb","reportUrl":"https://robbrad.github.io/UKBinCollectionData/3.11/2115//#testresult/752c74dd4a4887cb","status":"passed","time":{"start":1726359513768,"stop":1726359533351,"duration":19583}},{"uid":"9700d898e307d5c5","reportUrl":"https://robbrad.github.io/UKBinCollectionData/3.11/2114//#testresult/9700d898e307d5c5","status":"passed","time":{"start":1726273234694,"stop":1726273252885,"duration":18191}},{"uid":"b6fae91479719f68","reportUrl":"https://robbrad.github.io/UKBinCollectionData/3.11/2113//#testresult/b6fae91479719f68","status":"passed","time":{"start":1726186804669,"stop":1726186825628,"duration":20959}}]},"tags":[]},"source":"7b704fb035dea6ba.json","parameterValues":["HighPeakCouncil"]}