{"uid":"1ebc154116e7cd3b","name":"Validate Council Output [DerbyshireDalesDistrictCouncil]","fullName":"features/validate_council_outputs.feature:Validate Council Output","historyId":"9239389a2bc21b81d8e3ab51bc478351","time":{"start":1689903450280,"stop":1689903453216,"duration":2936},"status":"failed","statusMessage":"selenium.common.exceptions.NoSuchElementException: Message: no such element: Unable to locate element: {\"method\":\"css selector\",\"selector\":\"[id=\"ctl00_ContentPlaceHolder1_FF2924TB\"]\"}\n  (Session info: headless chrome=114.0.5735.198)\nStacktrace:\n#0 0x55ccdd39a4e3 <unknown>\n#1 0x55ccdd0c9c76 <unknown>\n#2 0x55ccdd105c96 <unknown>\n#3 0x55ccdd105dc1 <unknown>\n#4 0x55ccdd13f7f4 <unknown>\n#5 0x55ccdd12503d <unknown>\n#6 0x55ccdd13d30e <unknown>\n#7 0x55ccdd124de3 <unknown>\n#8 0x55ccdd0fa2dd <unknown>\n#9 0x55ccdd0fb34e <unknown>\n#10 0x55ccdd35a3e4 <unknown>\n#11 0x55ccdd35e3d7 <unknown>\n#12 0x55ccdd368b20 <unknown>\n#13 0x55ccdd35f023 <unknown>\n#14 0x55ccdd32d1aa <unknown>\n#15 0x55ccdd3836b8 <unknown>\n#16 0x55ccdd383847 <unknown>\n#17 0x55ccdd393243 <unknown>\n#18 0x7fe6e60a1b43 <unknown>","statusTrace":"fixturefunc = <function scrape_step at 0x7ff49d8ca020>\nrequest = <FixtureRequest for <Function test_scenario_outline[DerbyshireDalesDistrictCouncil]>>\nkwargs = {'context': <test_validate_council.context.<locals>.Context object at 0x7ff49c74dd90>, 'council': 'DerbyshireDalesDistrictCouncil'}\n\n    def call_fixture_func(\n        fixturefunc: \"_FixtureFunc[FixtureValue]\", request: FixtureRequest, kwargs\n    ) -> FixtureValue:\n        if is_generator(fixturefunc):\n            fixturefunc = cast(\n                Callable[..., Generator[FixtureValue, None, None]], fixturefunc\n            )\n            generator = fixturefunc(**kwargs)\n            try:\n                fixture_result = next(generator)\n            except StopIteration:\n                raise ValueError(f\"{request.fixturename} did not yield a value\") from None\n            finalizer = functools.partial(_teardown_yield_fixture, fixturefunc, generator)\n            request.addfinalizer(finalizer)\n        else:\n            fixturefunc = cast(Callable[..., FixtureValue], fixturefunc)\n>           fixture_result = fixturefunc(**kwargs)\n\n../../../.cache/pypoetry/virtualenvs/uk-bin-collection-EwS6Gn8s-py3.11/lib/python3.11/site-packages/_pytest/fixtures.py:909: \n_ _ _ _ _ _ _ _ _ _ _ _ _ _ _ _ _ _ _ _ _ _ _ _ _ _ _ _ _ _ _ _ _ _ _ _ _ _ _ _ \nuk_bin_collection/tests/step_defs/test_validate_council.py:60: in scrape_step\n    raise (err)\nuk_bin_collection/tests/step_defs/test_validate_council.py:56: in scrape_step\n    context.parse_result = collect_data.main(args)\nuk_bin_collection/uk_bin_collection/collect_data.py:76: in main\n    return client_code(\nuk_bin_collection/uk_bin_collection/collect_data.py:24: in client_code\n    return get_bin_data_class.template_method(address_url, **kwargs)\nuk_bin_collection/uk_bin_collection/get_bin_data.py:70: in template_method\n    bin_data_dict = self.parse_data(\nuk_bin_collection/uk_bin_collection/councils/DerbyshireDalesDistrictCouncil.py:43: in parse_data\n    inputElement_postcode = driver.find_element(\n../../../.cache/pypoetry/virtualenvs/uk-bin-collection-EwS6Gn8s-py3.11/lib/python3.11/site-packages/selenium/webdriver/remote/webdriver.py:831: in find_element\n    return self.execute(Command.FIND_ELEMENT, {\"using\": by, \"value\": value})[\"value\"]\n../../../.cache/pypoetry/virtualenvs/uk-bin-collection-EwS6Gn8s-py3.11/lib/python3.11/site-packages/selenium/webdriver/remote/webdriver.py:440: in execute\n    self.error_handler.check_response(response)\n_ _ _ _ _ _ _ _ _ _ _ _ _ _ _ _ _ _ _ _ _ _ _ _ _ _ _ _ _ _ _ _ _ _ _ _ _ _ _ _ \n\nself = <selenium.webdriver.remote.errorhandler.ErrorHandler object at 0x7ff49c564a50>\nresponse = {'status': 404, 'value': '{\"value\":{\"error\":\"no such element\",\"message\":\"no such element: Unable to locate element: {\\...\\\\n#16 0x55ccdd383847 \\\\u003Cunknown>\\\\n#17 0x55ccdd393243 \\\\u003Cunknown>\\\\n#18 0x7fe6e60a1b43 \\\\u003Cunknown>\\\\n\"}}'}\n\n    def check_response(self, response: Dict[str, Any]) -> None:\n        \"\"\"Checks that a JSON response from the WebDriver does not have an\n        error.\n    \n        :Args:\n         - response - The JSON response from the WebDriver server as a dictionary\n           object.\n    \n        :Raises: If the response contains an error message.\n        \"\"\"\n        status = response.get(\"status\", None)\n        if not status or status == ErrorCode.SUCCESS:\n            return\n        value = None\n        message = response.get(\"message\", \"\")\n        screen: str = response.get(\"screen\", \"\")\n        stacktrace = None\n        if isinstance(status, int):\n            value_json = response.get(\"value\", None)\n            if value_json and isinstance(value_json, str):\n                import json\n    \n                try:\n                    value = json.loads(value_json)\n                    if len(value) == 1:\n                        value = value[\"value\"]\n                    status = value.get(\"error\", None)\n                    if not status:\n                        status = value.get(\"status\", ErrorCode.UNKNOWN_ERROR)\n                        message = value.get(\"value\") or value.get(\"message\")\n                        if not isinstance(message, str):\n                            value = message\n                            message = message.get(\"message\")\n                    else:\n                        message = value.get(\"message\", None)\n                except ValueError:\n                    pass\n    \n        exception_class: Type[WebDriverException]\n        if status in ErrorCode.NO_SUCH_ELEMENT:\n            exception_class = NoSuchElementException\n        elif status in ErrorCode.NO_SUCH_FRAME:\n            exception_class = NoSuchFrameException\n        elif status in ErrorCode.NO_SUCH_SHADOW_ROOT:\n            exception_class = NoSuchShadowRootException\n        elif status in ErrorCode.NO_SUCH_WINDOW:\n            exception_class = NoSuchWindowException\n        elif status in ErrorCode.STALE_ELEMENT_REFERENCE:\n            exception_class = StaleElementReferenceException\n        elif status in ErrorCode.ELEMENT_NOT_VISIBLE:\n            exception_class = ElementNotVisibleException\n        elif status in ErrorCode.INVALID_ELEMENT_STATE:\n            exception_class = InvalidElementStateException\n        elif (\n            status in ErrorCode.INVALID_SELECTOR\n            or status in ErrorCode.INVALID_XPATH_SELECTOR\n            or status in ErrorCode.INVALID_XPATH_SELECTOR_RETURN_TYPER\n        ):\n            exception_class = InvalidSelectorException\n        elif status in ErrorCode.ELEMENT_IS_NOT_SELECTABLE:\n            exception_class = ElementNotSelectableException\n        elif status in ErrorCode.ELEMENT_NOT_INTERACTABLE:\n            exception_class = ElementNotInteractableException\n        elif status in ErrorCode.INVALID_COOKIE_DOMAIN:\n            exception_class = InvalidCookieDomainException\n        elif status in ErrorCode.UNABLE_TO_SET_COOKIE:\n            exception_class = UnableToSetCookieException\n        elif status in ErrorCode.TIMEOUT:\n            exception_class = TimeoutException\n        elif status in ErrorCode.SCRIPT_TIMEOUT:\n            exception_class = TimeoutException\n        elif status in ErrorCode.UNKNOWN_ERROR:\n            exception_class = WebDriverException\n        elif status in ErrorCode.UNEXPECTED_ALERT_OPEN:\n            exception_class = UnexpectedAlertPresentException\n        elif status in ErrorCode.NO_ALERT_OPEN:\n            exception_class = NoAlertPresentException\n        elif status in ErrorCode.IME_NOT_AVAILABLE:\n            exception_class = ImeNotAvailableException\n        elif status in ErrorCode.IME_ENGINE_ACTIVATION_FAILED:\n            exception_class = ImeActivationFailedException\n        elif status in ErrorCode.MOVE_TARGET_OUT_OF_BOUNDS:\n            exception_class = MoveTargetOutOfBoundsException\n        elif status in ErrorCode.JAVASCRIPT_ERROR:\n            exception_class = JavascriptException\n        elif status in ErrorCode.SESSION_NOT_CREATED:\n            exception_class = SessionNotCreatedException\n        elif status in ErrorCode.INVALID_ARGUMENT:\n            exception_class = InvalidArgumentException\n        elif status in ErrorCode.NO_SUCH_COOKIE:\n            exception_class = NoSuchCookieException\n        elif status in ErrorCode.UNABLE_TO_CAPTURE_SCREEN:\n            exception_class = ScreenshotException\n        elif status in ErrorCode.ELEMENT_CLICK_INTERCEPTED:\n            exception_class = ElementClickInterceptedException\n        elif status in ErrorCode.INSECURE_CERTIFICATE:\n            exception_class = InsecureCertificateException\n        elif status in ErrorCode.INVALID_COORDINATES:\n            exception_class = InvalidCoordinatesException\n        elif status in ErrorCode.INVALID_SESSION_ID:\n            exception_class = InvalidSessionIdException\n        elif status in ErrorCode.UNKNOWN_METHOD:\n            exception_class = UnknownMethodException\n        else:\n            exception_class = WebDriverException\n        if not value:\n            value = response[\"value\"]\n        if isinstance(value, str):\n            raise exception_class(value)\n        if message == \"\" and \"message\" in value:\n            message = value[\"message\"]\n    \n        screen = None  # type: ignore[assignment]\n        if \"screen\" in value:\n            screen = value[\"screen\"]\n    \n        stacktrace = None\n        st_value = value.get(\"stackTrace\") or value.get(\"stacktrace\")\n        if st_value:\n            if isinstance(st_value, str):\n                stacktrace = st_value.split(\"\\n\")\n            else:\n                stacktrace = []\n                try:\n                    for frame in st_value:\n                        line = frame.get(\"lineNumber\", \"\")\n                        file = frame.get(\"fileName\", \"<anonymous>\")\n                        if line:\n                            file = f\"{file}:{line}\"\n                        meth = frame.get(\"methodName\", \"<anonymous>\")\n                        if \"className\" in frame:\n                            meth = f\"{frame['className']}.{meth}\"\n                        msg = \"    at %s (%s)\"\n                        msg = msg % (meth, file)\n                        stacktrace.append(msg)\n                except TypeError:\n                    pass\n        if exception_class == UnexpectedAlertPresentException:\n            alert_text = None\n            if \"data\" in value:\n                alert_text = value[\"data\"].get(\"text\")\n            elif \"alert\" in value:\n                alert_text = value[\"alert\"].get(\"text\")\n            raise exception_class(message, screen, stacktrace, alert_text)  # type: ignore[call-arg]  # mypy is not smart enough here\n>       raise exception_class(message, screen, stacktrace)\nE       selenium.common.exceptions.NoSuchElementException: Message: no such element: Unable to locate element: {\"method\":\"css selector\",\"selector\":\"[id=\"ctl00_ContentPlaceHolder1_FF2924TB\"]\"}\nE         (Session info: headless chrome=114.0.5735.198)\nE       Stacktrace:\nE       #0 0x55ccdd39a4e3 <unknown>\nE       #1 0x55ccdd0c9c76 <unknown>\nE       #2 0x55ccdd105c96 <unknown>\nE       #3 0x55ccdd105dc1 <unknown>\nE       #4 0x55ccdd13f7f4 <unknown>\nE       #5 0x55ccdd12503d <unknown>\nE       #6 0x55ccdd13d30e <unknown>\nE       #7 0x55ccdd124de3 <unknown>\nE       #8 0x55ccdd0fa2dd <unknown>\nE       #9 0x55ccdd0fb34e <unknown>\nE       #10 0x55ccdd35a3e4 <unknown>\nE       #11 0x55ccdd35e3d7 <unknown>\nE       #12 0x55ccdd368b20 <unknown>\nE       #13 0x55ccdd35f023 <unknown>\nE       #14 0x55ccdd32d1aa <unknown>\nE       #15 0x55ccdd3836b8 <unknown>\nE       #16 0x55ccdd383847 <unknown>\nE       #17 0x55ccdd393243 <unknown>\nE       #18 0x7fe6e60a1b43 <unknown>\n\n../../../.cache/pypoetry/virtualenvs/uk-bin-collection-EwS6Gn8s-py3.11/lib/python3.11/site-packages/selenium/webdriver/remote/errorhandler.py:245: NoSuchElementException","flaky":false,"newFailed":true,"newBroken":false,"newPassed":false,"retriesCount":0,"retriesStatusChange":false,"beforeStages":[],"testStage":{"status":"failed","statusMessage":"selenium.common.exceptions.NoSuchElementException: Message: no such element: Unable to locate element: {\"method\":\"css selector\",\"selector\":\"[id=\"ctl00_ContentPlaceHolder1_FF2924TB\"]\"}\n  (Session info: headless chrome=114.0.5735.198)\nStacktrace:\n#0 0x55ccdd39a4e3 <unknown>\n#1 0x55ccdd0c9c76 <unknown>\n#2 0x55ccdd105c96 <unknown>\n#3 0x55ccdd105dc1 <unknown>\n#4 0x55ccdd13f7f4 <unknown>\n#5 0x55ccdd12503d <unknown>\n#6 0x55ccdd13d30e <unknown>\n#7 0x55ccdd124de3 <unknown>\n#8 0x55ccdd0fa2dd <unknown>\n#9 0x55ccdd0fb34e <unknown>\n#10 0x55ccdd35a3e4 <unknown>\n#11 0x55ccdd35e3d7 <unknown>\n#12 0x55ccdd368b20 <unknown>\n#13 0x55ccdd35f023 <unknown>\n#14 0x55ccdd32d1aa <unknown>\n#15 0x55ccdd3836b8 <unknown>\n#16 0x55ccdd383847 <unknown>\n#17 0x55ccdd393243 <unknown>\n#18 0x7fe6e60a1b43 <unknown>","statusTrace":"fixturefunc = <function scrape_step at 0x7ff49d8ca020>\nrequest = <FixtureRequest for <Function test_scenario_outline[DerbyshireDalesDistrictCouncil]>>\nkwargs = {'context': <test_validate_council.context.<locals>.Context object at 0x7ff49c74dd90>, 'council': 'DerbyshireDalesDistrictCouncil'}\n\n    def call_fixture_func(\n        fixturefunc: \"_FixtureFunc[FixtureValue]\", request: FixtureRequest, kwargs\n    ) -> FixtureValue:\n        if is_generator(fixturefunc):\n            fixturefunc = cast(\n                Callable[..., Generator[FixtureValue, None, None]], fixturefunc\n            )\n            generator = fixturefunc(**kwargs)\n            try:\n                fixture_result = next(generator)\n            except StopIteration:\n                raise ValueError(f\"{request.fixturename} did not yield a value\") from None\n            finalizer = functools.partial(_teardown_yield_fixture, fixturefunc, generator)\n            request.addfinalizer(finalizer)\n        else:\n            fixturefunc = cast(Callable[..., FixtureValue], fixturefunc)\n>           fixture_result = fixturefunc(**kwargs)\n\n../../../.cache/pypoetry/virtualenvs/uk-bin-collection-EwS6Gn8s-py3.11/lib/python3.11/site-packages/_pytest/fixtures.py:909: \n_ _ _ _ _ _ _ _ _ _ _ _ _ _ _ _ _ _ _ _ _ _ _ _ _ _ _ _ _ _ _ _ _ _ _ _ _ _ _ _ \nuk_bin_collection/tests/step_defs/test_validate_council.py:60: in scrape_step\n    raise (err)\nuk_bin_collection/tests/step_defs/test_validate_council.py:56: in scrape_step\n    context.parse_result = collect_data.main(args)\nuk_bin_collection/uk_bin_collection/collect_data.py:76: in main\n    return client_code(\nuk_bin_collection/uk_bin_collection/collect_data.py:24: in client_code\n    return get_bin_data_class.template_method(address_url, **kwargs)\nuk_bin_collection/uk_bin_collection/get_bin_data.py:70: in template_method\n    bin_data_dict = self.parse_data(\nuk_bin_collection/uk_bin_collection/councils/DerbyshireDalesDistrictCouncil.py:43: in parse_data\n    inputElement_postcode = driver.find_element(\n../../../.cache/pypoetry/virtualenvs/uk-bin-collection-EwS6Gn8s-py3.11/lib/python3.11/site-packages/selenium/webdriver/remote/webdriver.py:831: in find_element\n    return self.execute(Command.FIND_ELEMENT, {\"using\": by, \"value\": value})[\"value\"]\n../../../.cache/pypoetry/virtualenvs/uk-bin-collection-EwS6Gn8s-py3.11/lib/python3.11/site-packages/selenium/webdriver/remote/webdriver.py:440: in execute\n    self.error_handler.check_response(response)\n_ _ _ _ _ _ _ _ _ _ _ _ _ _ _ _ _ _ _ _ _ _ _ _ _ _ _ _ _ _ _ _ _ _ _ _ _ _ _ _ \n\nself = <selenium.webdriver.remote.errorhandler.ErrorHandler object at 0x7ff49c564a50>\nresponse = {'status': 404, 'value': '{\"value\":{\"error\":\"no such element\",\"message\":\"no such element: Unable to locate element: {\\...\\\\n#16 0x55ccdd383847 \\\\u003Cunknown>\\\\n#17 0x55ccdd393243 \\\\u003Cunknown>\\\\n#18 0x7fe6e60a1b43 \\\\u003Cunknown>\\\\n\"}}'}\n\n    def check_response(self, response: Dict[str, Any]) -> None:\n        \"\"\"Checks that a JSON response from the WebDriver does not have an\n        error.\n    \n        :Args:\n         - response - The JSON response from the WebDriver server as a dictionary\n           object.\n    \n        :Raises: If the response contains an error message.\n        \"\"\"\n        status = response.get(\"status\", None)\n        if not status or status == ErrorCode.SUCCESS:\n            return\n        value = None\n        message = response.get(\"message\", \"\")\n        screen: str = response.get(\"screen\", \"\")\n        stacktrace = None\n        if isinstance(status, int):\n            value_json = response.get(\"value\", None)\n            if value_json and isinstance(value_json, str):\n                import json\n    \n                try:\n                    value = json.loads(value_json)\n                    if len(value) == 1:\n                        value = value[\"value\"]\n                    status = value.get(\"error\", None)\n                    if not status:\n                        status = value.get(\"status\", ErrorCode.UNKNOWN_ERROR)\n                        message = value.get(\"value\") or value.get(\"message\")\n                        if not isinstance(message, str):\n                            value = message\n                            message = message.get(\"message\")\n                    else:\n                        message = value.get(\"message\", None)\n                except ValueError:\n                    pass\n    \n        exception_class: Type[WebDriverException]\n        if status in ErrorCode.NO_SUCH_ELEMENT:\n            exception_class = NoSuchElementException\n        elif status in ErrorCode.NO_SUCH_FRAME:\n            exception_class = NoSuchFrameException\n        elif status in ErrorCode.NO_SUCH_SHADOW_ROOT:\n            exception_class = NoSuchShadowRootException\n        elif status in ErrorCode.NO_SUCH_WINDOW:\n            exception_class = NoSuchWindowException\n        elif status in ErrorCode.STALE_ELEMENT_REFERENCE:\n            exception_class = StaleElementReferenceException\n        elif status in ErrorCode.ELEMENT_NOT_VISIBLE:\n            exception_class = ElementNotVisibleException\n        elif status in ErrorCode.INVALID_ELEMENT_STATE:\n            exception_class = InvalidElementStateException\n        elif (\n            status in ErrorCode.INVALID_SELECTOR\n            or status in ErrorCode.INVALID_XPATH_SELECTOR\n            or status in ErrorCode.INVALID_XPATH_SELECTOR_RETURN_TYPER\n        ):\n            exception_class = InvalidSelectorException\n        elif status in ErrorCode.ELEMENT_IS_NOT_SELECTABLE:\n            exception_class = ElementNotSelectableException\n        elif status in ErrorCode.ELEMENT_NOT_INTERACTABLE:\n            exception_class = ElementNotInteractableException\n        elif status in ErrorCode.INVALID_COOKIE_DOMAIN:\n            exception_class = InvalidCookieDomainException\n        elif status in ErrorCode.UNABLE_TO_SET_COOKIE:\n            exception_class = UnableToSetCookieException\n        elif status in ErrorCode.TIMEOUT:\n            exception_class = TimeoutException\n        elif status in ErrorCode.SCRIPT_TIMEOUT:\n            exception_class = TimeoutException\n        elif status in ErrorCode.UNKNOWN_ERROR:\n            exception_class = WebDriverException\n        elif status in ErrorCode.UNEXPECTED_ALERT_OPEN:\n            exception_class = UnexpectedAlertPresentException\n        elif status in ErrorCode.NO_ALERT_OPEN:\n            exception_class = NoAlertPresentException\n        elif status in ErrorCode.IME_NOT_AVAILABLE:\n            exception_class = ImeNotAvailableException\n        elif status in ErrorCode.IME_ENGINE_ACTIVATION_FAILED:\n            exception_class = ImeActivationFailedException\n        elif status in ErrorCode.MOVE_TARGET_OUT_OF_BOUNDS:\n            exception_class = MoveTargetOutOfBoundsException\n        elif status in ErrorCode.JAVASCRIPT_ERROR:\n            exception_class = JavascriptException\n        elif status in ErrorCode.SESSION_NOT_CREATED:\n            exception_class = SessionNotCreatedException\n        elif status in ErrorCode.INVALID_ARGUMENT:\n            exception_class = InvalidArgumentException\n        elif status in ErrorCode.NO_SUCH_COOKIE:\n            exception_class = NoSuchCookieException\n        elif status in ErrorCode.UNABLE_TO_CAPTURE_SCREEN:\n            exception_class = ScreenshotException\n        elif status in ErrorCode.ELEMENT_CLICK_INTERCEPTED:\n            exception_class = ElementClickInterceptedException\n        elif status in ErrorCode.INSECURE_CERTIFICATE:\n            exception_class = InsecureCertificateException\n        elif status in ErrorCode.INVALID_COORDINATES:\n            exception_class = InvalidCoordinatesException\n        elif status in ErrorCode.INVALID_SESSION_ID:\n            exception_class = InvalidSessionIdException\n        elif status in ErrorCode.UNKNOWN_METHOD:\n            exception_class = UnknownMethodException\n        else:\n            exception_class = WebDriverException\n        if not value:\n            value = response[\"value\"]\n        if isinstance(value, str):\n            raise exception_class(value)\n        if message == \"\" and \"message\" in value:\n            message = value[\"message\"]\n    \n        screen = None  # type: ignore[assignment]\n        if \"screen\" in value:\n            screen = value[\"screen\"]\n    \n        stacktrace = None\n        st_value = value.get(\"stackTrace\") or value.get(\"stacktrace\")\n        if st_value:\n            if isinstance(st_value, str):\n                stacktrace = st_value.split(\"\\n\")\n            else:\n                stacktrace = []\n                try:\n                    for frame in st_value:\n                        line = frame.get(\"lineNumber\", \"\")\n                        file = frame.get(\"fileName\", \"<anonymous>\")\n                        if line:\n                            file = f\"{file}:{line}\"\n                        meth = frame.get(\"methodName\", \"<anonymous>\")\n                        if \"className\" in frame:\n                            meth = f\"{frame['className']}.{meth}\"\n                        msg = \"    at %s (%s)\"\n                        msg = msg % (meth, file)\n                        stacktrace.append(msg)\n                except TypeError:\n                    pass\n        if exception_class == UnexpectedAlertPresentException:\n            alert_text = None\n            if \"data\" in value:\n                alert_text = value[\"data\"].get(\"text\")\n            elif \"alert\" in value:\n                alert_text = value[\"alert\"].get(\"text\")\n            raise exception_class(message, screen, stacktrace, alert_text)  # type: ignore[call-arg]  # mypy is not smart enough here\n>       raise exception_class(message, screen, stacktrace)\nE       selenium.common.exceptions.NoSuchElementException: Message: no such element: Unable to locate element: {\"method\":\"css selector\",\"selector\":\"[id=\"ctl00_ContentPlaceHolder1_FF2924TB\"]\"}\nE         (Session info: headless chrome=114.0.5735.198)\nE       Stacktrace:\nE       #0 0x55ccdd39a4e3 <unknown>\nE       #1 0x55ccdd0c9c76 <unknown>\nE       #2 0x55ccdd105c96 <unknown>\nE       #3 0x55ccdd105dc1 <unknown>\nE       #4 0x55ccdd13f7f4 <unknown>\nE       #5 0x55ccdd12503d <unknown>\nE       #6 0x55ccdd13d30e <unknown>\nE       #7 0x55ccdd124de3 <unknown>\nE       #8 0x55ccdd0fa2dd <unknown>\nE       #9 0x55ccdd0fb34e <unknown>\nE       #10 0x55ccdd35a3e4 <unknown>\nE       #11 0x55ccdd35e3d7 <unknown>\nE       #12 0x55ccdd368b20 <unknown>\nE       #13 0x55ccdd35f023 <unknown>\nE       #14 0x55ccdd32d1aa <unknown>\nE       #15 0x55ccdd3836b8 <unknown>\nE       #16 0x55ccdd383847 <unknown>\nE       #17 0x55ccdd393243 <unknown>\nE       #18 0x7fe6e60a1b43 <unknown>\n\n../../../.cache/pypoetry/virtualenvs/uk-bin-collection-EwS6Gn8s-py3.11/lib/python3.11/site-packages/selenium/webdriver/remote/errorhandler.py:245: NoSuchElementException","steps":[{"name":"Given the council: DerbyshireDalesDistrictCouncil","time":{"start":1689903450280,"stop":1689903450280,"duration":0},"status":"passed","steps":[],"attachments":[],"parameters":[],"stepsCount":0,"attachmentsCount":0,"shouldDisplayMessage":false,"hasContent":false},{"name":"When we scrape the data from DerbyshireDalesDistrictCouncil","time":{"start":1689903450281,"stop":1689903453216,"duration":2935},"status":"failed","statusMessage":"Message: no such element: Unable to locate element: {\"method\":\"css selector\",\"selector\":\"[id=\"ctl00_ContentPlaceHolder1_FF2924TB\"]\"}\n  (Session info: headless chrome=114.0.5735.198)\nStacktrace:\n#0 0x55ccdd39a4e3 <unknown>\n#1 0x55ccdd0c9c76 <unknown>\n#2 0x55ccdd105c96 <unknown>\n#3 0x55ccdd105dc1 <unknown>\n#4 0x55ccdd13f7f4 <unknown>\n#5 0x55ccdd12503d <unknown>\n#6 0x55ccdd13d30e <unknown>\n#7 0x55ccdd124de3 <unknown>\n#8 0x55ccdd0fa2dd <unknown>\n#9 0x55ccdd0fb34e <unknown>\n#10 0x55ccdd35a3e4 <unknown>\n#11 0x55ccdd35e3d7 <unknown>\n#12 0x55ccdd368b20 <unknown>\n#13 0x55ccdd35f023 <unknown>\n#14 0x55ccdd32d1aa <unknown>\n#15 0x55ccdd3836b8 <unknown>\n#16 0x55ccdd383847 <unknown>\n#17 0x55ccdd393243 <unknown>\n#18 0x7fe6e60a1b43 <unknown>\n","statusTrace":"selenium.common.exceptions.NoSuchElementException: Message: no such element: Unable to locate element: {\"method\":\"css selector\",\"selector\":\"[id=\"ctl00_ContentPlaceHolder1_FF2924TB\"]\"}\n  (Session info: headless chrome=114.0.5735.198)\nStacktrace:\n#0 0x55ccdd39a4e3 <unknown>\n#1 0x55ccdd0c9c76 <unknown>\n#2 0x55ccdd105c96 <unknown>\n#3 0x55ccdd105dc1 <unknown>\n#4 0x55ccdd13f7f4 <unknown>\n#5 0x55ccdd12503d <unknown>\n#6 0x55ccdd13d30e <unknown>\n#7 0x55ccdd124de3 <unknown>\n#8 0x55ccdd0fa2dd <unknown>\n#9 0x55ccdd0fb34e <unknown>\n#10 0x55ccdd35a3e4 <unknown>\n#11 0x55ccdd35e3d7 <unknown>\n#12 0x55ccdd368b20 <unknown>\n#13 0x55ccdd35f023 <unknown>\n#14 0x55ccdd32d1aa <unknown>\n#15 0x55ccdd3836b8 <unknown>\n#16 0x55ccdd383847 <unknown>\n#17 0x55ccdd393243 <unknown>\n#18 0x7fe6e60a1b43 <unknown>\n\n","steps":[],"attachments":[],"parameters":[],"stepsCount":0,"attachmentsCount":0,"shouldDisplayMessage":true,"hasContent":true}],"attachments":[],"parameters":[],"stepsCount":2,"attachmentsCount":0,"shouldDisplayMessage":true,"hasContent":true},"afterStages":[],"labels":[{"name":"host","value":"fv-az491-575"},{"name":"thread","value":"2254-MainThread"},{"name":"framework","value":"pytest-bdd"},{"name":"language","value":"cpython3"},{"name":"feature","value":"Test each council output matches expected results in /outputs"},{"name":"resultFormat","value":"allure2"}],"parameters":[{"name":"council","value":"DerbyshireDalesDistrictCouncil"}],"links":[],"hidden":false,"retry":false,"extra":{"severity":"normal","retries":[],"categories":[{"name":"Product defects","matchedStatuses":[],"flaky":false}],"history":{"statistic":{"failed":1,"broken":0,"skipped":0,"passed":1,"unknown":0,"total":2},"items":[{"uid":"70683edf8ad29eb2","reportUrl":"https://robbrad.github.io/UKBinCollectionData/3.11/813//#testresult/70683edf8ad29eb2","status":"passed","time":{"start":1689840882026,"stop":1689840889361,"duration":7335}}]},"tags":[]},"source":"1ebc154116e7cd3b.json","parameterValues":["DerbyshireDalesDistrictCouncil"]}