{"uid":"690b323707d22df8","name":"Validate Council Output [KirkleesCouncil]","fullName":"features/validate_council_outputs.feature:Validate Council Output","historyId":"2f6e35714aa3faf6e527401d2be1436f","time":{"start":1727655206361,"stop":1727655251606,"duration":45245},"status":"failed","statusMessage":"selenium.common.exceptions.TimeoutException: Message: \nStacktrace:\n#0 0x55dd446d813a <unknown>\n#1 0x55dd443be5e0 <unknown>\n#2 0x55dd4440dbe8 <unknown>\n#3 0x55dd4440de81 <unknown>\n#4 0x55dd444548c4 <unknown>\n#5 0x55dd44432b4d <unknown>\n#6 0x55dd44451d7d <unknown>\n#7 0x55dd444328c3 <unknown>\n#8 0x55dd444006b3 <unknown>\n#9 0x55dd4440168e <unknown>\n#10 0x55dd446a2b3b <unknown>\n#11 0x55dd446a6ac1 <unknown>\n#12 0x55dd4468f335 <unknown>\n#13 0x55dd446a7642 <unknown>\n#14 0x55dd4467449f <unknown>\n#15 0x55dd446c7038 <unknown>\n#16 0x55dd446c7203 <unknown>\n#17 0x55dd446d6f8c <unknown>\n#18 0x7fd69b3eca94 <unknown>\n#19 0x7fd69b479a34 __clone","statusTrace":"fixturefunc = <function scrape_step at 0x7fbd136caa20>\nrequest = <FixtureRequest for <Function test_scenario_outline[KirkleesCouncil]>>\nkwargs = {'context': <test_validate_council.Context object at 0x7fbd135450d0>, 'headless_mode': 'True', 'local_browser': 'False', 'selenium_url': 'http://localhost:4444'}\n\n    def call_fixture_func(\n        fixturefunc: _FixtureFunc[FixtureValue], request: FixtureRequest, kwargs\n    ) -> FixtureValue:\n        if is_generator(fixturefunc):\n            fixturefunc = cast(\n                Callable[..., Generator[FixtureValue, None, None]], fixturefunc\n            )\n            generator = fixturefunc(**kwargs)\n            try:\n                fixture_result = next(generator)\n            except StopIteration:\n                raise ValueError(f\"{request.fixturename} did not yield a value\") from None\n            finalizer = functools.partial(_teardown_yield_fixture, fixturefunc, generator)\n            request.addfinalizer(finalizer)\n        else:\n            fixturefunc = cast(Callable[..., FixtureValue], fixturefunc)\n>           fixture_result = fixturefunc(**kwargs)\n\n../../../.cache/pypoetry/virtualenvs/uk-bin-collection-EwS6Gn8s-py3.11/lib/python3.11/site-packages/_pytest/fixtures.py:898: \n_ _ _ _ _ _ _ _ _ _ _ _ _ _ _ _ _ _ _ _ _ _ _ _ _ _ _ _ _ _ _ _ _ _ _ _ _ _ _ _ \nuk_bin_collection/tests/step_defs/test_validate_council.py:100: in scrape_step\n    context.parse_result = CollectData.run()\nuk_bin_collection/uk_bin_collection/collect_data.py:101: in run\n    return self.client_code(\nuk_bin_collection/uk_bin_collection/collect_data.py:121: in client_code\n    return get_bin_data_class.template_method(address_url, **kwargs)\nuk_bin_collection/uk_bin_collection/get_bin_data.py:61: in template_method\n    bin_data_dict = self.get_and_parse_data(this_url, **kwargs)\nuk_bin_collection/uk_bin_collection/get_bin_data.py:84: in get_and_parse_data\n    bin_data_dict = self.parse_data(\"\", url=address_url, **kwargs)\nuk_bin_collection/uk_bin_collection/councils/KirkleesCouncil.py:41: in parse_data\n    return self._parse_data(*args, **kwargs)\nuk_bin_collection/uk_bin_collection/councils/KirkleesCouncil.py:74: in _parse_data\n    wait_for_element(\nuk_bin_collection/uk_bin_collection/councils/KirkleesCouncil.py:18: in wait_for_element\n    wait_for_element_conditions(driver, element_present, timeout=timeout)\nuk_bin_collection/uk_bin_collection/councils/KirkleesCouncil.py:23: in wait_for_element_conditions\n    WebDriverWait(driver, timeout).until(conditions)\n_ _ _ _ _ _ _ _ _ _ _ _ _ _ _ _ _ _ _ _ _ _ _ _ _ _ _ _ _ _ _ _ _ _ _ _ _ _ _ _ \n\nself = <selenium.webdriver.support.wait.WebDriverWait (session=\"9d2c0ad99c46ccd99cb7626f3208467a\")>\nmethod = <function presence_of_element_located.<locals>._predicate at 0x7fbd133e04a0>\nmessage = ''\n\n    def until(self, method: Callable[[D], Union[Literal[False], T]], message: str = \"\") -> T:\n        \"\"\"Calls the method provided with the driver as an argument until the \\\n        return value does not evaluate to ``False``.\n    \n        :param method: callable(WebDriver)\n        :param message: optional message for :exc:`TimeoutException`\n        :returns: the result of the last call to `method`\n        :raises: :exc:`selenium.common.exceptions.TimeoutException` if timeout occurs\n        \"\"\"\n        screen = None\n        stacktrace = None\n    \n        end_time = time.monotonic() + self._timeout\n        while True:\n            try:\n                value = method(self._driver)\n                if value:\n                    return value\n            except self._ignored_exceptions as exc:\n                screen = getattr(exc, \"screen\", None)\n                stacktrace = getattr(exc, \"stacktrace\", None)\n            time.sleep(self._poll)\n            if time.monotonic() > end_time:\n                break\n>       raise TimeoutException(message, screen, stacktrace)\nE       selenium.common.exceptions.TimeoutException: Message: \nE       Stacktrace:\nE       #0 0x55dd446d813a <unknown>\nE       #1 0x55dd443be5e0 <unknown>\nE       #2 0x55dd4440dbe8 <unknown>\nE       #3 0x55dd4440de81 <unknown>\nE       #4 0x55dd444548c4 <unknown>\nE       #5 0x55dd44432b4d <unknown>\nE       #6 0x55dd44451d7d <unknown>\nE       #7 0x55dd444328c3 <unknown>\nE       #8 0x55dd444006b3 <unknown>\nE       #9 0x55dd4440168e <unknown>\nE       #10 0x55dd446a2b3b <unknown>\nE       #11 0x55dd446a6ac1 <unknown>\nE       #12 0x55dd4468f335 <unknown>\nE       #13 0x55dd446a7642 <unknown>\nE       #14 0x55dd4467449f <unknown>\nE       #15 0x55dd446c7038 <unknown>\nE       #16 0x55dd446c7203 <unknown>\nE       #17 0x55dd446d6f8c <unknown>\nE       #18 0x7fd69b3eca94 <unknown>\nE       #19 0x7fd69b479a34 __clone\n\n../../../.cache/pypoetry/virtualenvs/uk-bin-collection-EwS6Gn8s-py3.11/lib/python3.11/site-packages/selenium/webdriver/support/wait.py:105: TimeoutException","flaky":false,"newFailed":false,"newBroken":false,"newPassed":false,"retriesCount":0,"retriesStatusChange":false,"beforeStages":[],"testStage":{"status":"failed","statusMessage":"selenium.common.exceptions.TimeoutException: Message: \nStacktrace:\n#0 0x55dd446d813a <unknown>\n#1 0x55dd443be5e0 <unknown>\n#2 0x55dd4440dbe8 <unknown>\n#3 0x55dd4440de81 <unknown>\n#4 0x55dd444548c4 <unknown>\n#5 0x55dd44432b4d <unknown>\n#6 0x55dd44451d7d <unknown>\n#7 0x55dd444328c3 <unknown>\n#8 0x55dd444006b3 <unknown>\n#9 0x55dd4440168e <unknown>\n#10 0x55dd446a2b3b <unknown>\n#11 0x55dd446a6ac1 <unknown>\n#12 0x55dd4468f335 <unknown>\n#13 0x55dd446a7642 <unknown>\n#14 0x55dd4467449f <unknown>\n#15 0x55dd446c7038 <unknown>\n#16 0x55dd446c7203 <unknown>\n#17 0x55dd446d6f8c <unknown>\n#18 0x7fd69b3eca94 <unknown>\n#19 0x7fd69b479a34 __clone","statusTrace":"fixturefunc = <function scrape_step at 0x7fbd136caa20>\nrequest = <FixtureRequest for <Function test_scenario_outline[KirkleesCouncil]>>\nkwargs = {'context': <test_validate_council.Context object at 0x7fbd135450d0>, 'headless_mode': 'True', 'local_browser': 'False', 'selenium_url': 'http://localhost:4444'}\n\n    def call_fixture_func(\n        fixturefunc: _FixtureFunc[FixtureValue], request: FixtureRequest, kwargs\n    ) -> FixtureValue:\n        if is_generator(fixturefunc):\n            fixturefunc = cast(\n                Callable[..., Generator[FixtureValue, None, None]], fixturefunc\n            )\n            generator = fixturefunc(**kwargs)\n            try:\n                fixture_result = next(generator)\n            except StopIteration:\n                raise ValueError(f\"{request.fixturename} did not yield a value\") from None\n            finalizer = functools.partial(_teardown_yield_fixture, fixturefunc, generator)\n            request.addfinalizer(finalizer)\n        else:\n            fixturefunc = cast(Callable[..., FixtureValue], fixturefunc)\n>           fixture_result = fixturefunc(**kwargs)\n\n../../../.cache/pypoetry/virtualenvs/uk-bin-collection-EwS6Gn8s-py3.11/lib/python3.11/site-packages/_pytest/fixtures.py:898: \n_ _ _ _ _ _ _ _ _ _ _ _ _ _ _ _ _ _ _ _ _ _ _ _ _ _ _ _ _ _ _ _ _ _ _ _ _ _ _ _ \nuk_bin_collection/tests/step_defs/test_validate_council.py:100: in scrape_step\n    context.parse_result = CollectData.run()\nuk_bin_collection/uk_bin_collection/collect_data.py:101: in run\n    return self.client_code(\nuk_bin_collection/uk_bin_collection/collect_data.py:121: in client_code\n    return get_bin_data_class.template_method(address_url, **kwargs)\nuk_bin_collection/uk_bin_collection/get_bin_data.py:61: in template_method\n    bin_data_dict = self.get_and_parse_data(this_url, **kwargs)\nuk_bin_collection/uk_bin_collection/get_bin_data.py:84: in get_and_parse_data\n    bin_data_dict = self.parse_data(\"\", url=address_url, **kwargs)\nuk_bin_collection/uk_bin_collection/councils/KirkleesCouncil.py:41: in parse_data\n    return self._parse_data(*args, **kwargs)\nuk_bin_collection/uk_bin_collection/councils/KirkleesCouncil.py:74: in _parse_data\n    wait_for_element(\nuk_bin_collection/uk_bin_collection/councils/KirkleesCouncil.py:18: in wait_for_element\n    wait_for_element_conditions(driver, element_present, timeout=timeout)\nuk_bin_collection/uk_bin_collection/councils/KirkleesCouncil.py:23: in wait_for_element_conditions\n    WebDriverWait(driver, timeout).until(conditions)\n_ _ _ _ _ _ _ _ _ _ _ _ _ _ _ _ _ _ _ _ _ _ _ _ _ _ _ _ _ _ _ _ _ _ _ _ _ _ _ _ \n\nself = <selenium.webdriver.support.wait.WebDriverWait (session=\"9d2c0ad99c46ccd99cb7626f3208467a\")>\nmethod = <function presence_of_element_located.<locals>._predicate at 0x7fbd133e04a0>\nmessage = ''\n\n    def until(self, method: Callable[[D], Union[Literal[False], T]], message: str = \"\") -> T:\n        \"\"\"Calls the method provided with the driver as an argument until the \\\n        return value does not evaluate to ``False``.\n    \n        :param method: callable(WebDriver)\n        :param message: optional message for :exc:`TimeoutException`\n        :returns: the result of the last call to `method`\n        :raises: :exc:`selenium.common.exceptions.TimeoutException` if timeout occurs\n        \"\"\"\n        screen = None\n        stacktrace = None\n    \n        end_time = time.monotonic() + self._timeout\n        while True:\n            try:\n                value = method(self._driver)\n                if value:\n                    return value\n            except self._ignored_exceptions as exc:\n                screen = getattr(exc, \"screen\", None)\n                stacktrace = getattr(exc, \"stacktrace\", None)\n            time.sleep(self._poll)\n            if time.monotonic() > end_time:\n                break\n>       raise TimeoutException(message, screen, stacktrace)\nE       selenium.common.exceptions.TimeoutException: Message: \nE       Stacktrace:\nE       #0 0x55dd446d813a <unknown>\nE       #1 0x55dd443be5e0 <unknown>\nE       #2 0x55dd4440dbe8 <unknown>\nE       #3 0x55dd4440de81 <unknown>\nE       #4 0x55dd444548c4 <unknown>\nE       #5 0x55dd44432b4d <unknown>\nE       #6 0x55dd44451d7d <unknown>\nE       #7 0x55dd444328c3 <unknown>\nE       #8 0x55dd444006b3 <unknown>\nE       #9 0x55dd4440168e <unknown>\nE       #10 0x55dd446a2b3b <unknown>\nE       #11 0x55dd446a6ac1 <unknown>\nE       #12 0x55dd4468f335 <unknown>\nE       #13 0x55dd446a7642 <unknown>\nE       #14 0x55dd4467449f <unknown>\nE       #15 0x55dd446c7038 <unknown>\nE       #16 0x55dd446c7203 <unknown>\nE       #17 0x55dd446d6f8c <unknown>\nE       #18 0x7fd69b3eca94 <unknown>\nE       #19 0x7fd69b479a34 __clone\n\n../../../.cache/pypoetry/virtualenvs/uk-bin-collection-EwS6Gn8s-py3.11/lib/python3.11/site-packages/selenium/webdriver/support/wait.py:105: TimeoutException","steps":[{"name":"Given the council","time":{"start":1727655206361,"stop":1727655206361,"duration":0},"status":"passed","steps":[],"attachments":[],"parameters":[],"shouldDisplayMessage":false,"stepsCount":0,"attachmentsCount":0,"hasContent":false,"attachmentStep":false},{"name":"When we scrape the data from the council","time":{"start":1727655206361,"stop":1727655251606,"duration":45245},"status":"failed","statusMessage":"Message: \nStacktrace:\n#0 0x55dd446d813a <unknown>\n#1 0x55dd443be5e0 <unknown>\n#2 0x55dd4440dbe8 <unknown>\n#3 0x55dd4440de81 <unknown>\n#4 0x55dd444548c4 <unknown>\n#5 0x55dd44432b4d <unknown>\n#6 0x55dd44451d7d <unknown>\n#7 0x55dd444328c3 <unknown>\n#8 0x55dd444006b3 <unknown>\n#9 0x55dd4440168e <unknown>\n#10 0x55dd446a2b3b <unknown>\n#11 0x55dd446a6ac1 <unknown>\n#12 0x55dd4468f335 <unknown>\n#13 0x55dd446a7642 <unknown>\n#14 0x55dd4467449f <unknown>\n#15 0x55dd446c7038 <unknown>\n#16 0x55dd446c7203 <unknown>\n#17 0x55dd446d6f8c <unknown>\n#18 0x7fd69b3eca94 <unknown>\n#19 0x7fd69b479a34 __clone\n","statusTrace":"selenium.common.exceptions.TimeoutException: Message: \nStacktrace:\n#0 0x55dd446d813a <unknown>\n#1 0x55dd443be5e0 <unknown>\n#2 0x55dd4440dbe8 <unknown>\n#3 0x55dd4440de81 <unknown>\n#4 0x55dd444548c4 <unknown>\n#5 0x55dd44432b4d <unknown>\n#6 0x55dd44451d7d <unknown>\n#7 0x55dd444328c3 <unknown>\n#8 0x55dd444006b3 <unknown>\n#9 0x55dd4440168e <unknown>\n#10 0x55dd446a2b3b <unknown>\n#11 0x55dd446a6ac1 <unknown>\n#12 0x55dd4468f335 <unknown>\n#13 0x55dd446a7642 <unknown>\n#14 0x55dd4467449f <unknown>\n#15 0x55dd446c7038 <unknown>\n#16 0x55dd446c7203 <unknown>\n#17 0x55dd446d6f8c <unknown>\n#18 0x7fd69b3eca94 <unknown>\n#19 0x7fd69b479a34 __clone\n\n","steps":[],"attachments":[],"parameters":[],"shouldDisplayMessage":true,"stepsCount":0,"attachmentsCount":0,"hasContent":true,"attachmentStep":false}],"attachments":[{"uid":"f5891ec28b00430c","name":"stdout","source":"f5891ec28b00430c.txt","type":"text/plain","size":77}],"parameters":[],"shouldDisplayMessage":true,"stepsCount":2,"attachmentsCount":1,"hasContent":true,"attachmentStep":false},"afterStages":[],"labels":[{"name":"host","value":"fv-az738-949"},{"name":"thread","value":"2759-MainThread"},{"name":"framework","value":"pytest-bdd"},{"name":"language","value":"cpython3"},{"name":"feature","value":"Test each council output matches expected results"},{"name":"resultFormat","value":"allure2"}],"parameters":[{"name":"council","value":"KirkleesCouncil"}],"links":[],"hidden":false,"retry":false,"extra":{"severity":"normal","retries":[],"categories":[{"name":"Product defects","matchedStatuses":[],"flaky":false}],"history":{"statistic":{"failed":158,"broken":0,"skipped":0,"passed":0,"unknown":0,"total":158},"items":[{"uid":"662e2dd552886c04","reportUrl":"https://robbrad.github.io/UKBinCollectionData/3.11/2136//#testresult/662e2dd552886c04","status":"failed","statusDetails":"selenium.common.exceptions.TimeoutException: Message: \nStacktrace:\n#0 0x555671b0a13a <unknown>\n#1 0x5556717f05e0 <unknown>\n#2 0x55567183fbe8 <unknown>\n#3 0x55567183fe81 <unknown>\n#4 0x5556718868c4 <unknown>\n#5 0x555671864b4d <unknown>\n#6 0x555671883d7d <unknown>\n#7 0x5556718648c3 <unknown>\n#8 0x5556718326b3 <unknown>\n#9 0x55567183368e <unknown>\n#10 0x555671ad4b3b <unknown>\n#11 0x555671ad8ac1 <unknown>\n#12 0x555671ac1335 <unknown>\n#13 0x555671ad9642 <unknown>\n#14 0x555671aa649f <unknown>\n#15 0x555671af9038 <unknown>\n#16 0x555671af9203 <unknown>\n#17 0x555671b08f8c <unknown>\n#18 0x7f2e91da4a94 <unknown>\n#19 0x7f2e91e31a34 __clone","time":{"start":1727568840733,"stop":1727568964018,"duration":123285}},{"uid":"1ba1641d75634bfe","reportUrl":"https://robbrad.github.io/UKBinCollectionData/3.11/2135//#testresult/1ba1641d75634bfe","status":"failed","statusDetails":"selenium.common.exceptions.TimeoutException: Message: \nStacktrace:\n#0 0x559650d3713a <unknown>\n#1 0x559650a1d5e0 <unknown>\n#2 0x559650a6cbe8 <unknown>\n#3 0x559650a6ce81 <unknown>\n#4 0x559650ab38c4 <unknown>\n#5 0x559650a91b4d <unknown>\n#6 0x559650ab0d7d <unknown>\n#7 0x559650a918c3 <unknown>\n#8 0x559650a5f6b3 <unknown>\n#9 0x559650a6068e <unknown>\n#10 0x559650d01b3b <unknown>\n#11 0x559650d05ac1 <unknown>\n#12 0x559650cee335 <unknown>\n#13 0x559650d06642 <unknown>\n#14 0x559650cd349f <unknown>\n#15 0x559650d26038 <unknown>\n#16 0x559650d26203 <unknown>\n#17 0x559650d35f8c <unknown>\n#18 0x7f5eaf342a94 <unknown>\n#19 0x7f5eaf3cfa34 __clone","time":{"start":1727482475860,"stop":1727482593989,"duration":118129}},{"uid":"a1bd166364ba5a81","reportUrl":"https://robbrad.github.io/UKBinCollectionData/3.11/2131//#testresult/a1bd166364ba5a81","status":"failed","statusDetails":"selenium.common.exceptions.TimeoutException: Message: \nStacktrace:\n#0 0x55fe72b6d13a <unknown>\n#1 0x55fe728535e0 <unknown>\n#2 0x55fe728a2be8 <unknown>\n#3 0x55fe728a2e81 <unknown>\n#4 0x55fe728e98c4 <unknown>\n#5 0x55fe728c7b4d <unknown>\n#6 0x55fe728e6d7d <unknown>\n#7 0x55fe728c78c3 <unknown>\n#8 0x55fe728956b3 <unknown>\n#9 0x55fe7289668e <unknown>\n#10 0x55fe72b37b3b <unknown>\n#11 0x55fe72b3bac1 <unknown>\n#12 0x55fe72b24335 <unknown>\n#13 0x55fe72b3c642 <unknown>\n#14 0x55fe72b0949f <unknown>\n#15 0x55fe72b5c038 <unknown>\n#16 0x55fe72b5c203 <unknown>\n#17 0x55fe72b6bf8c <unknown>\n#18 0x7faadef65a94 <unknown>\n#19 0x7faadeff2a34 __clone","time":{"start":1727422558937,"stop":1727422625477,"duration":66540}},{"uid":"924f7309a3b31caf","reportUrl":"https://robbrad.github.io/UKBinCollectionData/3.11/2130//#testresult/924f7309a3b31caf","status":"failed","statusDetails":"selenium.common.exceptions.TimeoutException: Message: \nStacktrace:\n#0 0x55d833b6113a <unknown>\n#1 0x55d8338475e0 <unknown>\n#2 0x55d833896be8 <unknown>\n#3 0x55d833896e81 <unknown>\n#4 0x55d8338dd8c4 <unknown>\n#5 0x55d8338bbb4d <unknown>\n#6 0x55d8338dad7d <unknown>\n#7 0x55d8338bb8c3 <unknown>\n#8 0x55d8338896b3 <unknown>\n#9 0x55d83388a68e <unknown>\n#10 0x55d833b2bb3b <unknown>\n#11 0x55d833b2fac1 <unknown>\n#12 0x55d833b18335 <unknown>\n#13 0x55d833b30642 <unknown>\n#14 0x55d833afd49f <unknown>\n#15 0x55d833b50038 <unknown>\n#16 0x55d833b50203 <unknown>\n#17 0x55d833b5ff8c <unknown>\n#18 0x7ff4a2be5a94 <unknown>\n#19 0x7ff4a2c72a34 __clone","time":{"start":1727396262557,"stop":1727396330293,"duration":67736}},{"uid":"55d74f5c9dadbbe8","reportUrl":"https://robbrad.github.io/UKBinCollectionData/3.11/2129//#testresult/55d74f5c9dadbbe8","status":"failed","statusDetails":"selenium.common.exceptions.TimeoutException: Message: \nStacktrace:\n#0 0x56003e0c113a <unknown>\n#1 0x56003dda75e0 <unknown>\n#2 0x56003ddf6be8 <unknown>\n#3 0x56003ddf6e81 <unknown>\n#4 0x56003de3d8c4 <unknown>\n#5 0x56003de1bb4d <unknown>\n#6 0x56003de3ad7d <unknown>\n#7 0x56003de1b8c3 <unknown>\n#8 0x56003dde96b3 <unknown>\n#9 0x56003ddea68e <unknown>\n#10 0x56003e08bb3b <unknown>\n#11 0x56003e08fac1 <unknown>\n#12 0x56003e078335 <unknown>\n#13 0x56003e090642 <unknown>\n#14 0x56003e05d49f <unknown>\n#15 0x56003e0b0038 <unknown>\n#16 0x56003e0b0203 <unknown>\n#17 0x56003e0bff8c <unknown>\n#18 0x7f6ebd72fa94 <unknown>\n#19 0x7f6ebd7bca34 __clone","time":{"start":1727309653538,"stop":1727309773773,"duration":120235}},{"uid":"2c476bcfc0bcc1cb","reportUrl":"https://robbrad.github.io/UKBinCollectionData/3.11/2128//#testresult/2c476bcfc0bcc1cb","status":"failed","statusDetails":"selenium.common.exceptions.TimeoutException: Message: \nStacktrace:\n#0 0x55ebedadb13a <unknown>\n#1 0x55ebed7c15e0 <unknown>\n#2 0x55ebed810be8 <unknown>\n#3 0x55ebed810e81 <unknown>\n#4 0x55ebed8578c4 <unknown>\n#5 0x55ebed835b4d <unknown>\n#6 0x55ebed854d7d <unknown>\n#7 0x55ebed8358c3 <unknown>\n#8 0x55ebed8036b3 <unknown>\n#9 0x55ebed80468e <unknown>\n#10 0x55ebedaa5b3b <unknown>\n#11 0x55ebedaa9ac1 <unknown>\n#12 0x55ebeda92335 <unknown>\n#13 0x55ebedaaa642 <unknown>\n#14 0x55ebeda7749f <unknown>\n#15 0x55ebedaca038 <unknown>\n#16 0x55ebedaca203 <unknown>\n#17 0x55ebedad9f8c <unknown>\n#18 0x7fb9164b1a94 <unknown>\n#19 0x7fb91653ea34 __clone","time":{"start":1727223263530,"stop":1727223381575,"duration":118045}},{"uid":"aad3b07175491e55","reportUrl":"https://robbrad.github.io/UKBinCollectionData/3.11/2127//#testresult/aad3b07175491e55","status":"failed","statusDetails":"selenium.common.exceptions.TimeoutException: Message: \nStacktrace:\n#0 0x561df233313a <unknown>\n#1 0x561df20195e0 <unknown>\n#2 0x561df2068be8 <unknown>\n#3 0x561df2068e81 <unknown>\n#4 0x561df20af8c4 <unknown>\n#5 0x561df208db4d <unknown>\n#6 0x561df20acd7d <unknown>\n#7 0x561df208d8c3 <unknown>\n#8 0x561df205b6b3 <unknown>\n#9 0x561df205c68e <unknown>\n#10 0x561df22fdb3b <unknown>\n#11 0x561df2301ac1 <unknown>\n#12 0x561df22ea335 <unknown>\n#13 0x561df2302642 <unknown>\n#14 0x561df22cf49f <unknown>\n#15 0x561df2322038 <unknown>\n#16 0x561df2322203 <unknown>\n#17 0x561df2331f8c <unknown>\n#18 0x7f01ef976a94 <unknown>\n#19 0x7f01efa03a34 __clone","time":{"start":1727136892544,"stop":1727137006094,"duration":113550}},{"uid":"3fee6d203918761d","reportUrl":"https://robbrad.github.io/UKBinCollectionData/3.11/2126//#testresult/3fee6d203918761d","status":"failed","statusDetails":"selenium.common.exceptions.TimeoutException: Message: \nStacktrace:\n#0 0x56194dc7c13a <unknown>\n#1 0x56194d9625e0 <unknown>\n#2 0x56194d9b1be8 <unknown>\n#3 0x56194d9b1e81 <unknown>\n#4 0x56194d9f88c4 <unknown>\n#5 0x56194d9d6b4d <unknown>\n#6 0x56194d9f5d7d <unknown>\n#7 0x56194d9d68c3 <unknown>\n#8 0x56194d9a46b3 <unknown>\n#9 0x56194d9a568e <unknown>\n#10 0x56194dc46b3b <unknown>\n#11 0x56194dc4aac1 <unknown>\n#12 0x56194dc33335 <unknown>\n#13 0x56194dc4b642 <unknown>\n#14 0x56194dc1849f <unknown>\n#15 0x56194dc6b038 <unknown>\n#16 0x56194dc6b203 <unknown>\n#17 0x56194dc7af8c <unknown>\n#18 0x7fb37f0b8a94 <unknown>\n#19 0x7fb37f145a34 __clone","time":{"start":1727050579990,"stop":1727050631146,"duration":51156}},{"uid":"d71604ac199bfeec","reportUrl":"https://robbrad.github.io/UKBinCollectionData/3.11/2125//#testresult/d71604ac199bfeec","status":"failed","statusDetails":"selenium.common.exceptions.TimeoutException: Message: \nStacktrace:\n#0 0x55dd762ba86a <unknown>\n#1 0x55dd75f88e50 <unknown>\n#2 0x55dd75fd8644 <unknown>\n#3 0x55dd75fd8931 <unknown>\n#4 0x55dd7601e534 <unknown>\n#5 0x55dd75ffd4bd <unknown>\n#6 0x55dd7601b9c6 <unknown>\n#7 0x55dd75ffd233 <unknown>\n#8 0x55dd75fcb093 <unknown>\n#9 0x55dd75fcc09e <unknown>\n#10 0x55dd76281acb <unknown>\n#11 0x55dd76285a81 <unknown>\n#12 0x55dd7626d695 <unknown>\n#13 0x55dd762865f2 <unknown>\n#14 0x55dd7625286f <unknown>\n#15 0x55dd762a9668 <unknown>\n#16 0x55dd762a9832 <unknown>\n#17 0x55dd762b965c <unknown>\n#18 0x7fe2abc23a94 <unknown>\n#19 0x7fe2abcb0a34 __clone","time":{"start":1726964192252,"stop":1726964315636,"duration":123384}},{"uid":"27d64998c0ebd56a","reportUrl":"https://robbrad.github.io/UKBinCollectionData/3.11/2124//#testresult/27d64998c0ebd56a","status":"failed","statusDetails":"selenium.common.exceptions.TimeoutException: Message: \nStacktrace:\n#0 0x56461f14086a <unknown>\n#1 0x56461ee0ee50 <unknown>\n#2 0x56461ee5e644 <unknown>\n#3 0x56461ee5e931 <unknown>\n#4 0x56461eea4534 <unknown>\n#5 0x56461ee834bd <unknown>\n#6 0x56461eea19c6 <unknown>\n#7 0x56461ee83233 <unknown>\n#8 0x56461ee51093 <unknown>\n#9 0x56461ee5209e <unknown>\n#10 0x56461f107acb <unknown>\n#11 0x56461f10ba81 <unknown>\n#12 0x56461f0f3695 <unknown>\n#13 0x56461f10c5f2 <unknown>\n#14 0x56461f0d886f <unknown>\n#15 0x56461f12f668 <unknown>\n#16 0x56461f12f832 <unknown>\n#17 0x56461f13f65c <unknown>\n#18 0x7f0e7af6ea94 <unknown>\n#19 0x7f0e7affba34 __clone","time":{"start":1726877729793,"stop":1726877851671,"duration":121878}},{"uid":"b4a2b765790eef15","reportUrl":"https://robbrad.github.io/UKBinCollectionData/3.11/2123//#testresult/b4a2b765790eef15","status":"failed","statusDetails":"selenium.common.exceptions.TimeoutException: Message: \nStacktrace:\n#0 0x56432692286a <unknown>\n#1 0x5643265f0e50 <unknown>\n#2 0x564326640644 <unknown>\n#3 0x564326640931 <unknown>\n#4 0x564326686534 <unknown>\n#5 0x5643266654bd <unknown>\n#6 0x5643266839c6 <unknown>\n#7 0x564326665233 <unknown>\n#8 0x564326633093 <unknown>\n#9 0x56432663409e <unknown>\n#10 0x5643268e9acb <unknown>\n#11 0x5643268eda81 <unknown>\n#12 0x5643268d5695 <unknown>\n#13 0x5643268ee5f2 <unknown>\n#14 0x5643268ba86f <unknown>\n#15 0x564326911668 <unknown>\n#16 0x564326911832 <unknown>\n#17 0x56432692165c <unknown>\n#18 0x7fa3259c0a94 <unknown>\n#19 0x7fa325a4da34 __clone","time":{"start":1726791497415,"stop":1726791551892,"duration":54477}},{"uid":"a39d986cd0898158","reportUrl":"https://robbrad.github.io/UKBinCollectionData/3.11/2122//#testresult/a39d986cd0898158","status":"failed","statusDetails":"selenium.common.exceptions.TimeoutException: Message: \nStacktrace:\n#0 0x562732bb186a <unknown>\n#1 0x56273287fe50 <unknown>\n#2 0x5627328cf644 <unknown>\n#3 0x5627328cf931 <unknown>\n#4 0x562732915534 <unknown>\n#5 0x5627328f44bd <unknown>\n#6 0x5627329129c6 <unknown>\n#7 0x5627328f4233 <unknown>\n#8 0x5627328c2093 <unknown>\n#9 0x5627328c309e <unknown>\n#10 0x562732b78acb <unknown>\n#11 0x562732b7ca81 <unknown>\n#12 0x562732b64695 <unknown>\n#13 0x562732b7d5f2 <unknown>\n#14 0x562732b4986f <unknown>\n#15 0x562732ba0668 <unknown>\n#16 0x562732ba0832 <unknown>\n#17 0x562732bb065c <unknown>\n#18 0x7f9287bd4a94 <unknown>\n#19 0x7f9287c61a34 __clone","time":{"start":1726704946877,"stop":1726705066106,"duration":119229}},{"uid":"916dbd129139f026","reportUrl":"https://robbrad.github.io/UKBinCollectionData/3.11/2121//#testresult/916dbd129139f026","status":"failed","statusDetails":"selenium.common.exceptions.TimeoutException: Message: \nStacktrace:\n#0 0x5631a9abb86a <unknown>\n#1 0x5631a9789e50 <unknown>\n#2 0x5631a97d9644 <unknown>\n#3 0x5631a97d9931 <unknown>\n#4 0x5631a981f534 <unknown>\n#5 0x5631a97fe4bd <unknown>\n#6 0x5631a981c9c6 <unknown>\n#7 0x5631a97fe233 <unknown>\n#8 0x5631a97cc093 <unknown>\n#9 0x5631a97cd09e <unknown>\n#10 0x5631a9a82acb <unknown>\n#11 0x5631a9a86a81 <unknown>\n#12 0x5631a9a6e695 <unknown>\n#13 0x5631a9a875f2 <unknown>\n#14 0x5631a9a5386f <unknown>\n#15 0x5631a9aaa668 <unknown>\n#16 0x5631a9aaa832 <unknown>\n#17 0x5631a9aba65c <unknown>\n#18 0x7fa115447a94 <unknown>\n#19 0x7fa1154d4a34 __clone","time":{"start":1726618653046,"stop":1726618716423,"duration":63377}},{"uid":"32ccd5279df2fd06","reportUrl":"https://robbrad.github.io/UKBinCollectionData/3.11/2120//#testresult/32ccd5279df2fd06","status":"failed","statusDetails":"selenium.common.exceptions.TimeoutException: Message: \nStacktrace:\n#0 0x55fe00e8586a <unknown>\n#1 0x55fe00b53e50 <unknown>\n#2 0x55fe00ba3644 <unknown>\n#3 0x55fe00ba3931 <unknown>\n#4 0x55fe00be9534 <unknown>\n#5 0x55fe00bc84bd <unknown>\n#6 0x55fe00be69c6 <unknown>\n#7 0x55fe00bc8233 <unknown>\n#8 0x55fe00b96093 <unknown>\n#9 0x55fe00b9709e <unknown>\n#10 0x55fe00e4cacb <unknown>\n#11 0x55fe00e50a81 <unknown>\n#12 0x55fe00e38695 <unknown>\n#13 0x55fe00e515f2 <unknown>\n#14 0x55fe00e1d86f <unknown>\n#15 0x55fe00e74668 <unknown>\n#16 0x55fe00e74832 <unknown>\n#17 0x55fe00e8465c <unknown>\n#18 0x7efe36fffa94 <unknown>\n#19 0x7efe3708ca34 __clone","time":{"start":1726532139181,"stop":1726532194233,"duration":55052}},{"uid":"472a6375c5dae0a8","reportUrl":"https://robbrad.github.io/UKBinCollectionData/3.11/2116//#testresult/472a6375c5dae0a8","status":"failed","statusDetails":"selenium.common.exceptions.TimeoutException: Message: \nStacktrace:\n#0 0x558a58bd286a <unknown>\n#1 0x558a588a0e50 <unknown>\n#2 0x558a588f0644 <unknown>\n#3 0x558a588f0931 <unknown>\n#4 0x558a58936534 <unknown>\n#5 0x558a589154bd <unknown>\n#6 0x558a589339c6 <unknown>\n#7 0x558a58915233 <unknown>\n#8 0x558a588e3093 <unknown>\n#9 0x558a588e409e <unknown>\n#10 0x558a58b99acb <unknown>\n#11 0x558a58b9da81 <unknown>\n#12 0x558a58b85695 <unknown>\n#13 0x558a58b9e5f2 <unknown>\n#14 0x558a58b6a86f <unknown>\n#15 0x558a58bc1668 <unknown>\n#16 0x558a58bc1832 <unknown>\n#17 0x558a58bd165c <unknown>\n#18 0x7fbadb93aa94 <unknown>\n#19 0x7fbadb9c7a34 __clone","time":{"start":1726445824847,"stop":1726445914802,"duration":89955}},{"uid":"4363fbaa99d46198","reportUrl":"https://robbrad.github.io/UKBinCollectionData/3.11/2115//#testresult/4363fbaa99d46198","status":"failed","statusDetails":"selenium.common.exceptions.TimeoutException: Message: \nStacktrace:\n#0 0x55a513cf586a <unknown>\n#1 0x55a5139c3e50 <unknown>\n#2 0x55a513a13644 <unknown>\n#3 0x55a513a13931 <unknown>\n#4 0x55a513a59534 <unknown>\n#5 0x55a513a384bd <unknown>\n#6 0x55a513a569c6 <unknown>\n#7 0x55a513a38233 <unknown>\n#8 0x55a513a06093 <unknown>\n#9 0x55a513a0709e <unknown>\n#10 0x55a513cbcacb <unknown>\n#11 0x55a513cc0a81 <unknown>\n#12 0x55a513ca8695 <unknown>\n#13 0x55a513cc15f2 <unknown>\n#14 0x55a513c8d86f <unknown>\n#15 0x55a513ce4668 <unknown>\n#16 0x55a513ce4832 <unknown>\n#17 0x55a513cf465c <unknown>\n#18 0x7f75f166fa94 <unknown>\n#19 0x7f75f16fca34 __clone","time":{"start":1726359232366,"stop":1726359351179,"duration":118813}},{"uid":"3946655a58d96745","reportUrl":"https://robbrad.github.io/UKBinCollectionData/3.11/2114//#testresult/3946655a58d96745","status":"failed","statusDetails":"selenium.common.exceptions.TimeoutException: Message: \nStacktrace:\n#0 0x558e278ee86a <unknown>\n#1 0x558e275bce50 <unknown>\n#2 0x558e2760c644 <unknown>\n#3 0x558e2760c931 <unknown>\n#4 0x558e27652534 <unknown>\n#5 0x558e276314bd <unknown>\n#6 0x558e2764f9c6 <unknown>\n#7 0x558e27631233 <unknown>\n#8 0x558e275ff093 <unknown>\n#9 0x558e2760009e <unknown>\n#10 0x558e278b5acb <unknown>\n#11 0x558e278b9a81 <unknown>\n#12 0x558e278a1695 <unknown>\n#13 0x558e278ba5f2 <unknown>\n#14 0x558e2788686f <unknown>\n#15 0x558e278dd668 <unknown>\n#16 0x558e278dd832 <unknown>\n#17 0x558e278ed65c <unknown>\n#18 0x7f8731b0aa94 <unknown>\n#19 0x7f8731b97a34 __clone","time":{"start":1726272935732,"stop":1726273034145,"duration":98413}},{"uid":"21593e542c7613c6","reportUrl":"https://robbrad.github.io/UKBinCollectionData/3.11/2113//#testresult/21593e542c7613c6","status":"failed","statusDetails":"selenium.common.exceptions.TimeoutException: Message: \nStacktrace:\n#0 0x56338ba3d86a <unknown>\n#1 0x56338b70be50 <unknown>\n#2 0x56338b75b644 <unknown>\n#3 0x56338b75b931 <unknown>\n#4 0x56338b7a1534 <unknown>\n#5 0x56338b7804bd <unknown>\n#6 0x56338b79e9c6 <unknown>\n#7 0x56338b780233 <unknown>\n#8 0x56338b74e093 <unknown>\n#9 0x56338b74f09e <unknown>\n#10 0x56338ba04acb <unknown>\n#11 0x56338ba08a81 <unknown>\n#12 0x56338b9f0695 <unknown>\n#13 0x56338ba095f2 <unknown>\n#14 0x56338b9d586f <unknown>\n#15 0x56338ba2c668 <unknown>\n#16 0x56338ba2c832 <unknown>\n#17 0x56338ba3c65c <unknown>\n#18 0x7fdb290dba94 <unknown>\n#19 0x7fdb29168a34 __clone","time":{"start":1726186591493,"stop":1726186657304,"duration":65811}},{"uid":"ab3a40eb7e9c1e54","reportUrl":"https://robbrad.github.io/UKBinCollectionData/3.11/2112//#testresult/ab3a40eb7e9c1e54","status":"failed","statusDetails":"selenium.common.exceptions.TimeoutException: Message: \nStacktrace:\n#0 0x55ca327ff86a <unknown>\n#1 0x55ca324cde50 <unknown>\n#2 0x55ca3251d644 <unknown>\n#3 0x55ca3251d931 <unknown>\n#4 0x55ca32563534 <unknown>\n#5 0x55ca325424bd <unknown>\n#6 0x55ca325609c6 <unknown>\n#7 0x55ca32542233 <unknown>\n#8 0x55ca32510093 <unknown>\n#9 0x55ca3251109e <unknown>\n#10 0x55ca327c6acb <unknown>\n#11 0x55ca327caa81 <unknown>\n#12 0x55ca327b2695 <unknown>\n#13 0x55ca327cb5f2 <unknown>\n#14 0x55ca3279786f <unknown>\n#15 0x55ca327ee668 <unknown>\n#16 0x55ca327ee832 <unknown>\n#17 0x55ca327fe65c <unknown>\n#18 0x7fe374342a94 <unknown>\n#19 0x7fe3743cfa34 __clone","time":{"start":1726100043793,"stop":1726100107507,"duration":63714}},{"uid":"fd871affb74b80b4","reportUrl":"https://robbrad.github.io/UKBinCollectionData/3.11/2111//#testresult/fd871affb74b80b4","status":"failed","statusDetails":"selenium.common.exceptions.TimeoutException: Message: \nStacktrace:\n#0 0x562002b5d86a <unknown>\n#1 0x56200282be50 <unknown>\n#2 0x56200287b644 <unknown>\n#3 0x56200287b931 <unknown>\n#4 0x5620028c1534 <unknown>\n#5 0x5620028a04bd <unknown>\n#6 0x5620028be9c6 <unknown>\n#7 0x5620028a0233 <unknown>\n#8 0x56200286e093 <unknown>\n#9 0x56200286f09e <unknown>\n#10 0x562002b24acb <unknown>\n#11 0x562002b28a81 <unknown>\n#12 0x562002b10695 <unknown>\n#13 0x562002b295f2 <unknown>\n#14 0x562002af586f <unknown>\n#15 0x562002b4c668 <unknown>\n#16 0x562002b4c832 <unknown>\n#17 0x562002b5c65c <unknown>\n#18 0x7f6a25279a94 <unknown>\n#19 0x7f6a25306a34 __clone","time":{"start":1726013863793,"stop":1726013930668,"duration":66875}}]},"tags":[]},"source":"690b323707d22df8.json","parameterValues":["KirkleesCouncil"]}