{"uid":"574cdde04beb8414","name":"Validate Council Output [EastSuffolkCouncil]","fullName":"features/validate_council_outputs.feature:Validate Council Output","historyId":"e8795ce8d9315a80a8e410520349c187","time":{"start":1728086762743,"stop":1728086810763,"duration":48020},"status":"failed","statusMessage":"selenium.common.exceptions.TimeoutException: Message: \nStacktrace:\n#0 0x56412098013a <unknown>\n#1 0x5641206665e0 <unknown>\n#2 0x5641206b5be8 <unknown>\n#3 0x5641206b5e81 <unknown>\n#4 0x5641206fc8c4 <unknown>\n#5 0x5641206dab4d <unknown>\n#6 0x5641206f9d7d <unknown>\n#7 0x5641206da8c3 <unknown>\n#8 0x5641206a86b3 <unknown>\n#9 0x5641206a968e <unknown>\n#10 0x56412094ab3b <unknown>\n#11 0x56412094eac1 <unknown>\n#12 0x564120937335 <unknown>\n#13 0x56412094f642 <unknown>\n#14 0x56412091c49f <unknown>\n#15 0x56412096f038 <unknown>\n#16 0x56412096f203 <unknown>\n#17 0x56412097ef8c <unknown>\n#18 0x7f15e7f5ba94 <unknown>\n#19 0x7f15e7fe8a34 __clone","statusTrace":"fixturefunc = <function scrape_step at 0x7f9046a35440>\nrequest = <FixtureRequest for <Function test_scenario_outline[EastSuffolkCouncil]>>\nkwargs = {'context': <test_validate_council.Context object at 0x7f90468ac3d0>, 'headless_mode': 'True', 'local_browser': 'False', 'selenium_url': 'http://localhost:4444'}\n\n    def call_fixture_func(\n        fixturefunc: _FixtureFunc[FixtureValue], request: FixtureRequest, kwargs\n    ) -> FixtureValue:\n        if is_generator(fixturefunc):\n            fixturefunc = cast(\n                Callable[..., Generator[FixtureValue, None, None]], fixturefunc\n            )\n            generator = fixturefunc(**kwargs)\n            try:\n                fixture_result = next(generator)\n            except StopIteration:\n                raise ValueError(f\"{request.fixturename} did not yield a value\") from None\n            finalizer = functools.partial(_teardown_yield_fixture, fixturefunc, generator)\n            request.addfinalizer(finalizer)\n        else:\n            fixturefunc = cast(Callable[..., FixtureValue], fixturefunc)\n>           fixture_result = fixturefunc(**kwargs)\n\n../../../.cache/pypoetry/virtualenvs/uk-bin-collection-EwS6Gn8s-py3.11/lib/python3.11/site-packages/_pytest/fixtures.py:898: \n_ _ _ _ _ _ _ _ _ _ _ _ _ _ _ _ _ _ _ _ _ _ _ _ _ _ _ _ _ _ _ _ _ _ _ _ _ _ _ _ \nuk_bin_collection/tests/step_defs/test_validate_council.py:100: in scrape_step\n    context.parse_result = CollectData.run()\nuk_bin_collection/uk_bin_collection/collect_data.py:101: in run\n    return self.client_code(\nuk_bin_collection/uk_bin_collection/collect_data.py:121: in client_code\n    return get_bin_data_class.template_method(address_url, **kwargs)\nuk_bin_collection/uk_bin_collection/get_bin_data.py:61: in template_method\n    bin_data_dict = self.get_and_parse_data(this_url, **kwargs)\nuk_bin_collection/uk_bin_collection/get_bin_data.py:84: in get_and_parse_data\n    bin_data_dict = self.parse_data(\"\", url=address_url, **kwargs)\nuk_bin_collection/uk_bin_collection/councils/EastSuffolkCouncil.py:74: in parse_data\n    data_table = WebDriverWait(driver, 10).until(\n_ _ _ _ _ _ _ _ _ _ _ _ _ _ _ _ _ _ _ _ _ _ _ _ _ _ _ _ _ _ _ _ _ _ _ _ _ _ _ _ \n\nself = <selenium.webdriver.support.wait.WebDriverWait (session=\"08fe3b07a70b1bd7307ef03be03f495d\")>\nmethod = <function presence_of_element_located.<locals>._predicate at 0x7f90467cba60>\nmessage = ''\n\n    def until(self, method: Callable[[D], Union[Literal[False], T]], message: str = \"\") -> T:\n        \"\"\"Calls the method provided with the driver as an argument until the \\\n        return value does not evaluate to ``False``.\n    \n        :param method: callable(WebDriver)\n        :param message: optional message for :exc:`TimeoutException`\n        :returns: the result of the last call to `method`\n        :raises: :exc:`selenium.common.exceptions.TimeoutException` if timeout occurs\n        \"\"\"\n        screen = None\n        stacktrace = None\n    \n        end_time = time.monotonic() + self._timeout\n        while True:\n            try:\n                value = method(self._driver)\n                if value:\n                    return value\n            except self._ignored_exceptions as exc:\n                screen = getattr(exc, \"screen\", None)\n                stacktrace = getattr(exc, \"stacktrace\", None)\n            time.sleep(self._poll)\n            if time.monotonic() > end_time:\n                break\n>       raise TimeoutException(message, screen, stacktrace)\nE       selenium.common.exceptions.TimeoutException: Message: \nE       Stacktrace:\nE       #0 0x56412098013a <unknown>\nE       #1 0x5641206665e0 <unknown>\nE       #2 0x5641206b5be8 <unknown>\nE       #3 0x5641206b5e81 <unknown>\nE       #4 0x5641206fc8c4 <unknown>\nE       #5 0x5641206dab4d <unknown>\nE       #6 0x5641206f9d7d <unknown>\nE       #7 0x5641206da8c3 <unknown>\nE       #8 0x5641206a86b3 <unknown>\nE       #9 0x5641206a968e <unknown>\nE       #10 0x56412094ab3b <unknown>\nE       #11 0x56412094eac1 <unknown>\nE       #12 0x564120937335 <unknown>\nE       #13 0x56412094f642 <unknown>\nE       #14 0x56412091c49f <unknown>\nE       #15 0x56412096f038 <unknown>\nE       #16 0x56412096f203 <unknown>\nE       #17 0x56412097ef8c <unknown>\nE       #18 0x7f15e7f5ba94 <unknown>\nE       #19 0x7f15e7fe8a34 __clone\n\n../../../.cache/pypoetry/virtualenvs/uk-bin-collection-EwS6Gn8s-py3.11/lib/python3.11/site-packages/selenium/webdriver/support/wait.py:105: TimeoutException","flaky":true,"newFailed":false,"newBroken":false,"newPassed":false,"retriesCount":0,"retriesStatusChange":false,"beforeStages":[],"testStage":{"status":"failed","statusMessage":"selenium.common.exceptions.TimeoutException: Message: \nStacktrace:\n#0 0x56412098013a <unknown>\n#1 0x5641206665e0 <unknown>\n#2 0x5641206b5be8 <unknown>\n#3 0x5641206b5e81 <unknown>\n#4 0x5641206fc8c4 <unknown>\n#5 0x5641206dab4d <unknown>\n#6 0x5641206f9d7d <unknown>\n#7 0x5641206da8c3 <unknown>\n#8 0x5641206a86b3 <unknown>\n#9 0x5641206a968e <unknown>\n#10 0x56412094ab3b <unknown>\n#11 0x56412094eac1 <unknown>\n#12 0x564120937335 <unknown>\n#13 0x56412094f642 <unknown>\n#14 0x56412091c49f <unknown>\n#15 0x56412096f038 <unknown>\n#16 0x56412096f203 <unknown>\n#17 0x56412097ef8c <unknown>\n#18 0x7f15e7f5ba94 <unknown>\n#19 0x7f15e7fe8a34 __clone","statusTrace":"fixturefunc = <function scrape_step at 0x7f9046a35440>\nrequest = <FixtureRequest for <Function test_scenario_outline[EastSuffolkCouncil]>>\nkwargs = {'context': <test_validate_council.Context object at 0x7f90468ac3d0>, 'headless_mode': 'True', 'local_browser': 'False', 'selenium_url': 'http://localhost:4444'}\n\n    def call_fixture_func(\n        fixturefunc: _FixtureFunc[FixtureValue], request: FixtureRequest, kwargs\n    ) -> FixtureValue:\n        if is_generator(fixturefunc):\n            fixturefunc = cast(\n                Callable[..., Generator[FixtureValue, None, None]], fixturefunc\n            )\n            generator = fixturefunc(**kwargs)\n            try:\n                fixture_result = next(generator)\n            except StopIteration:\n                raise ValueError(f\"{request.fixturename} did not yield a value\") from None\n            finalizer = functools.partial(_teardown_yield_fixture, fixturefunc, generator)\n            request.addfinalizer(finalizer)\n        else:\n            fixturefunc = cast(Callable[..., FixtureValue], fixturefunc)\n>           fixture_result = fixturefunc(**kwargs)\n\n../../../.cache/pypoetry/virtualenvs/uk-bin-collection-EwS6Gn8s-py3.11/lib/python3.11/site-packages/_pytest/fixtures.py:898: \n_ _ _ _ _ _ _ _ _ _ _ _ _ _ _ _ _ _ _ _ _ _ _ _ _ _ _ _ _ _ _ _ _ _ _ _ _ _ _ _ \nuk_bin_collection/tests/step_defs/test_validate_council.py:100: in scrape_step\n    context.parse_result = CollectData.run()\nuk_bin_collection/uk_bin_collection/collect_data.py:101: in run\n    return self.client_code(\nuk_bin_collection/uk_bin_collection/collect_data.py:121: in client_code\n    return get_bin_data_class.template_method(address_url, **kwargs)\nuk_bin_collection/uk_bin_collection/get_bin_data.py:61: in template_method\n    bin_data_dict = self.get_and_parse_data(this_url, **kwargs)\nuk_bin_collection/uk_bin_collection/get_bin_data.py:84: in get_and_parse_data\n    bin_data_dict = self.parse_data(\"\", url=address_url, **kwargs)\nuk_bin_collection/uk_bin_collection/councils/EastSuffolkCouncil.py:74: in parse_data\n    data_table = WebDriverWait(driver, 10).until(\n_ _ _ _ _ _ _ _ _ _ _ _ _ _ _ _ _ _ _ _ _ _ _ _ _ _ _ _ _ _ _ _ _ _ _ _ _ _ _ _ \n\nself = <selenium.webdriver.support.wait.WebDriverWait (session=\"08fe3b07a70b1bd7307ef03be03f495d\")>\nmethod = <function presence_of_element_located.<locals>._predicate at 0x7f90467cba60>\nmessage = ''\n\n    def until(self, method: Callable[[D], Union[Literal[False], T]], message: str = \"\") -> T:\n        \"\"\"Calls the method provided with the driver as an argument until the \\\n        return value does not evaluate to ``False``.\n    \n        :param method: callable(WebDriver)\n        :param message: optional message for :exc:`TimeoutException`\n        :returns: the result of the last call to `method`\n        :raises: :exc:`selenium.common.exceptions.TimeoutException` if timeout occurs\n        \"\"\"\n        screen = None\n        stacktrace = None\n    \n        end_time = time.monotonic() + self._timeout\n        while True:\n            try:\n                value = method(self._driver)\n                if value:\n                    return value\n            except self._ignored_exceptions as exc:\n                screen = getattr(exc, \"screen\", None)\n                stacktrace = getattr(exc, \"stacktrace\", None)\n            time.sleep(self._poll)\n            if time.monotonic() > end_time:\n                break\n>       raise TimeoutException(message, screen, stacktrace)\nE       selenium.common.exceptions.TimeoutException: Message: \nE       Stacktrace:\nE       #0 0x56412098013a <unknown>\nE       #1 0x5641206665e0 <unknown>\nE       #2 0x5641206b5be8 <unknown>\nE       #3 0x5641206b5e81 <unknown>\nE       #4 0x5641206fc8c4 <unknown>\nE       #5 0x5641206dab4d <unknown>\nE       #6 0x5641206f9d7d <unknown>\nE       #7 0x5641206da8c3 <unknown>\nE       #8 0x5641206a86b3 <unknown>\nE       #9 0x5641206a968e <unknown>\nE       #10 0x56412094ab3b <unknown>\nE       #11 0x56412094eac1 <unknown>\nE       #12 0x564120937335 <unknown>\nE       #13 0x56412094f642 <unknown>\nE       #14 0x56412091c49f <unknown>\nE       #15 0x56412096f038 <unknown>\nE       #16 0x56412096f203 <unknown>\nE       #17 0x56412097ef8c <unknown>\nE       #18 0x7f15e7f5ba94 <unknown>\nE       #19 0x7f15e7fe8a34 __clone\n\n../../../.cache/pypoetry/virtualenvs/uk-bin-collection-EwS6Gn8s-py3.11/lib/python3.11/site-packages/selenium/webdriver/support/wait.py:105: TimeoutException","steps":[{"name":"Given the council","time":{"start":1728086762744,"stop":1728086762744,"duration":0},"status":"passed","steps":[],"attachments":[],"parameters":[],"shouldDisplayMessage":false,"stepsCount":0,"attachmentsCount":0,"hasContent":false,"attachmentStep":false},{"name":"When we scrape the data from the council","time":{"start":1728086762744,"stop":1728086810763,"duration":48019},"status":"failed","statusMessage":"Message: \nStacktrace:\n#0 0x56412098013a <unknown>\n#1 0x5641206665e0 <unknown>\n#2 0x5641206b5be8 <unknown>\n#3 0x5641206b5e81 <unknown>\n#4 0x5641206fc8c4 <unknown>\n#5 0x5641206dab4d <unknown>\n#6 0x5641206f9d7d <unknown>\n#7 0x5641206da8c3 <unknown>\n#8 0x5641206a86b3 <unknown>\n#9 0x5641206a968e <unknown>\n#10 0x56412094ab3b <unknown>\n#11 0x56412094eac1 <unknown>\n#12 0x564120937335 <unknown>\n#13 0x56412094f642 <unknown>\n#14 0x56412091c49f <unknown>\n#15 0x56412096f038 <unknown>\n#16 0x56412096f203 <unknown>\n#17 0x56412097ef8c <unknown>\n#18 0x7f15e7f5ba94 <unknown>\n#19 0x7f15e7fe8a34 __clone\n","statusTrace":"selenium.common.exceptions.TimeoutException: Message: \nStacktrace:\n#0 0x56412098013a <unknown>\n#1 0x5641206665e0 <unknown>\n#2 0x5641206b5be8 <unknown>\n#3 0x5641206b5e81 <unknown>\n#4 0x5641206fc8c4 <unknown>\n#5 0x5641206dab4d <unknown>\n#6 0x5641206f9d7d <unknown>\n#7 0x5641206da8c3 <unknown>\n#8 0x5641206a86b3 <unknown>\n#9 0x5641206a968e <unknown>\n#10 0x56412094ab3b <unknown>\n#11 0x56412094eac1 <unknown>\n#12 0x564120937335 <unknown>\n#13 0x56412094f642 <unknown>\n#14 0x56412091c49f <unknown>\n#15 0x56412096f038 <unknown>\n#16 0x56412096f203 <unknown>\n#17 0x56412097ef8c <unknown>\n#18 0x7f15e7f5ba94 <unknown>\n#19 0x7f15e7fe8a34 __clone\n\n","steps":[],"attachments":[],"parameters":[],"shouldDisplayMessage":true,"stepsCount":0,"attachmentsCount":0,"hasContent":true,"attachmentStep":false}],"attachments":[{"uid":"ecce99ee87430e4","name":"stdout","source":"ecce99ee87430e4.txt","type":"text/plain","size":655}],"parameters":[],"shouldDisplayMessage":true,"stepsCount":2,"attachmentsCount":1,"hasContent":true,"attachmentStep":false},"afterStages":[],"labels":[{"name":"host","value":"fv-az1205-970"},{"name":"thread","value":"2789-MainThread"},{"name":"framework","value":"pytest-bdd"},{"name":"language","value":"cpython3"},{"name":"feature","value":"Test each council output matches expected results"},{"name":"resultFormat","value":"allure2"}],"parameters":[{"name":"council","value":"EastSuffolkCouncil"}],"links":[],"hidden":false,"retry":false,"extra":{"severity":"normal","retries":[],"categories":[{"name":"Product defects","matchedStatuses":[],"flaky":false}],"history":{"statistic":{"failed":44,"broken":0,"skipped":0,"passed":159,"unknown":0,"total":203},"items":[{"uid":"6389848cd0309779","reportUrl":"https://robbrad.github.io/UKBinCollectionData/3.11/2152//#testresult/6389848cd0309779","status":"failed","statusDetails":"selenium.common.exceptions.SessionNotCreatedException: Message: Could not start a new session. New session request timed out \nHost info: host: 'selenium', ip: '172.18.0.2'\nBuild info: version: '4.25.0', revision: '030fcf7918'\nSystem info: os.name: 'Linux', os.arch: 'amd64', os.version: '6.8.0-1014-azure', java.version: '17.0.12'\nDriver info: driver.version: unknown\nStacktrace:\n    at org.openqa.selenium.grid.sessionqueue.local.LocalNewSessionQueue.addToQueue (LocalNewSessionQueue.java:221)\n    at org.openqa.selenium.grid.sessionqueue.NewSessionQueue.lambda$new$0 (NewSessionQueue.java:68)\n    at org.openqa.selenium.remote.http.Route$TemplatizedRoute.handle (Route.java:192)\n    at org.openqa.selenium.remote.http.Route.execute (Route.java:69)\n    at org.openqa.selenium.remote.http.Route$CombinedRoute.handle (Route.java:360)\n    at org.openqa.selenium.remote.http.Route.execute (Route.java:69)\n    at org.openqa.selenium.grid.sessionqueue.NewSessionQueue.execute (NewSessionQueue.java:128)\n    at org.openqa.selenium.remote.tracing.SpanWrappedHttpHandler.execute (SpanWrappedHttpHandler.java:87)\n    at org.openqa.selenium.remote.http.Filter$1.execute (Filter.java:63)\n    at org.openqa.selenium.remote.http.Route$CombinedRoute.handle (Route.java:360)\n    at org.openqa.selenium.remote.http.Route.execute (Route.java:69)\n    at org.openqa.selenium.grid.router.Router.execute (Router.java:87)\n    at org.openqa.selenium.grid.web.EnsureSpecCompliantResponseHeaders.lambda$apply$0 (EnsureSpecCompliantResponseHeaders.java:34)\n    at org.openqa.selenium.remote.http.Filter$1.execute (Filter.java:63)\n    at org.openqa.selenium.remote.http.Route$CombinedRoute.handle (Route.java:360)\n    at org.openqa.selenium.remote.http.Route.execute (Route.java:69)\n    at org.openqa.selenium.remote.AddWebDriverSpecHeaders.lambda$apply$0 (AddWebDriverSpecHeaders.java:35)\n    at org.openqa.selenium.remote.ErrorFilter.lambda$apply$0 (ErrorFilter.java:44)\n    at org.openqa.selenium.remote.http.Filter$1.execute (Filter.java:63)\n    at org.openqa.selenium.remote.ErrorFilter.lambda$apply$0 (ErrorFilter.java:44)\n    at org.openqa.selenium.remote.http.Filter$1.execute (Filter.java:63)\n    at org.openqa.selenium.netty.server.SeleniumHandler.lambda$channelRead0$0 (SeleniumHandler.java:44)\n    at java.util.concurrent.Executors$RunnableAdapter.call (Executors.java:539)\n    at java.util.concurrent.FutureTask.run (FutureTask.java:264)\n    at java.util.concurrent.ThreadPoolExecutor.runWorker (ThreadPoolExecutor.java:1136)\n    at java.util.concurrent.ThreadPoolExecutor$Worker.run (ThreadPoolExecutor.java:635)\n    at java.lang.Thread.run (Thread.java:840)","time":{"start":1728000429468,"stop":1728000729633,"duration":300165}},{"uid":"5c638b5ed74ac029","reportUrl":"https://robbrad.github.io/UKBinCollectionData/3.11/2148//#testresult/5c638b5ed74ac029","status":"passed","time":{"start":1727932659744,"stop":1727932694490,"duration":34746}},{"uid":"d2daa9c7ff5c776","reportUrl":"https://robbrad.github.io/UKBinCollectionData/3.11/2146//#testresult/d2daa9c7ff5c776","status":"failed","statusDetails":"selenium.common.exceptions.TimeoutException: Message: \nStacktrace:\n#0 0x558a3760413a <unknown>\n#1 0x558a372ea5e0 <unknown>\n#2 0x558a37339be8 <unknown>\n#3 0x558a37339e81 <unknown>\n#4 0x558a373808c4 <unknown>\n#5 0x558a3735eb4d <unknown>\n#6 0x558a3737dd7d <unknown>\n#7 0x558a3735e8c3 <unknown>\n#8 0x558a3732c6b3 <unknown>\n#9 0x558a3732d68e <unknown>\n#10 0x558a375ceb3b <unknown>\n#11 0x558a375d2ac1 <unknown>\n#12 0x558a375bb335 <unknown>\n#13 0x558a375d3642 <unknown>\n#14 0x558a375a049f <unknown>\n#15 0x558a375f3038 <unknown>\n#16 0x558a375f3203 <unknown>\n#17 0x558a37602f8c <unknown>\n#18 0x7f972371da94 <unknown>\n#19 0x7f97237aaa34 __clone","time":{"start":1727914387094,"stop":1727914442709,"duration":55615}},{"uid":"5f970d17bbcf9037","reportUrl":"https://robbrad.github.io/UKBinCollectionData/3.11/2139//#testresult/5f970d17bbcf9037","status":"failed","statusDetails":"selenium.common.exceptions.TimeoutException: Message: \nStacktrace:\n#0 0x55b3636de13a <unknown>\n#1 0x55b3633c45e0 <unknown>\n#2 0x55b363413be8 <unknown>\n#3 0x55b363413e81 <unknown>\n#4 0x55b36345a8c4 <unknown>\n#5 0x55b363438b4d <unknown>\n#6 0x55b363457d7d <unknown>\n#7 0x55b3634388c3 <unknown>\n#8 0x55b3634066b3 <unknown>\n#9 0x55b36340768e <unknown>\n#10 0x55b3636a8b3b <unknown>\n#11 0x55b3636acac1 <unknown>\n#12 0x55b363695335 <unknown>\n#13 0x55b3636ad642 <unknown>\n#14 0x55b36367a49f <unknown>\n#15 0x55b3636cd038 <unknown>\n#16 0x55b3636cd203 <unknown>\n#17 0x55b3636dcf8c <unknown>\n#18 0x7f5be7673a94 <unknown>\n#19 0x7f5be7700a34 __clone","time":{"start":1727827971158,"stop":1727828020265,"duration":49107}},{"uid":"b8037168b5195737","reportUrl":"https://robbrad.github.io/UKBinCollectionData/3.11/2138//#testresult/b8037168b5195737","status":"passed","time":{"start":1727741665744,"stop":1727741699697,"duration":33953}},{"uid":"708aec52abb1e6aa","reportUrl":"https://robbrad.github.io/UKBinCollectionData/3.11/2137//#testresult/708aec52abb1e6aa","status":"failed","statusDetails":"selenium.common.exceptions.TimeoutException: Message: \nStacktrace:\n#0 0x56247f37f13a <unknown>\n#1 0x56247f0655e0 <unknown>\n#2 0x56247f0b4be8 <unknown>\n#3 0x56247f0b4e81 <unknown>\n#4 0x56247f0fb8c4 <unknown>\n#5 0x56247f0d9b4d <unknown>\n#6 0x56247f0f8d7d <unknown>\n#7 0x56247f0d98c3 <unknown>\n#8 0x56247f0a76b3 <unknown>\n#9 0x56247f0a868e <unknown>\n#10 0x56247f349b3b <unknown>\n#11 0x56247f34dac1 <unknown>\n#12 0x56247f336335 <unknown>\n#13 0x56247f34e642 <unknown>\n#14 0x56247f31b49f <unknown>\n#15 0x56247f36e038 <unknown>\n#16 0x56247f36e203 <unknown>\n#17 0x56247f37df8c <unknown>\n#18 0x7f6d6dff5a94 <unknown>\n#19 0x7f6d6e082a34 __clone","time":{"start":1727655191042,"stop":1727655237128,"duration":46086}},{"uid":"a3238acb1c88bc03","reportUrl":"https://robbrad.github.io/UKBinCollectionData/3.11/2136//#testresult/a3238acb1c88bc03","status":"failed","statusDetails":"selenium.common.exceptions.TimeoutException: Message: \nStacktrace:\n#0 0x56535eb1113a <unknown>\n#1 0x56535e7f75e0 <unknown>\n#2 0x56535e846be8 <unknown>\n#3 0x56535e846e81 <unknown>\n#4 0x56535e88d8c4 <unknown>\n#5 0x56535e86bb4d <unknown>\n#6 0x56535e88ad7d <unknown>\n#7 0x56535e86b8c3 <unknown>\n#8 0x56535e8396b3 <unknown>\n#9 0x56535e83a68e <unknown>\n#10 0x56535eadbb3b <unknown>\n#11 0x56535eadfac1 <unknown>\n#12 0x56535eac8335 <unknown>\n#13 0x56535eae0642 <unknown>\n#14 0x56535eaad49f <unknown>\n#15 0x56535eb00038 <unknown>\n#16 0x56535eb00203 <unknown>\n#17 0x56535eb0ff8c <unknown>\n#18 0x7f49bbafca94 <unknown>\n#19 0x7f49bbb89a34 __clone","time":{"start":1727568803365,"stop":1727568836420,"duration":33055}},{"uid":"5bce6069719daf96","reportUrl":"https://robbrad.github.io/UKBinCollectionData/3.11/2135//#testresult/5bce6069719daf96","status":"failed","statusDetails":"selenium.common.exceptions.TimeoutException: Message: \nStacktrace:\n#0 0x56412508613a <unknown>\n#1 0x564124d6c5e0 <unknown>\n#2 0x564124dbbbe8 <unknown>\n#3 0x564124dbbe81 <unknown>\n#4 0x564124e028c4 <unknown>\n#5 0x564124de0b4d <unknown>\n#6 0x564124dffd7d <unknown>\n#7 0x564124de08c3 <unknown>\n#8 0x564124dae6b3 <unknown>\n#9 0x564124daf68e <unknown>\n#10 0x564125050b3b <unknown>\n#11 0x564125054ac1 <unknown>\n#12 0x56412503d335 <unknown>\n#13 0x564125055642 <unknown>\n#14 0x56412502249f <unknown>\n#15 0x564125075038 <unknown>\n#16 0x564125075203 <unknown>\n#17 0x564125084f8c <unknown>\n#18 0x7fb3b98d4a94 <unknown>\n#19 0x7fb3b9961a34 __clone","time":{"start":1727482428948,"stop":1727482470098,"duration":41150}},{"uid":"f3ecb61269e57a5f","reportUrl":"https://robbrad.github.io/UKBinCollectionData/3.11/2131//#testresult/f3ecb61269e57a5f","status":"failed","statusDetails":"selenium.common.exceptions.TimeoutException: Message: \nStacktrace:\n#0 0x55f9d11a613a <unknown>\n#1 0x55f9d0e8c5e0 <unknown>\n#2 0x55f9d0edbbe8 <unknown>\n#3 0x55f9d0edbe81 <unknown>\n#4 0x55f9d0f228c4 <unknown>\n#5 0x55f9d0f00b4d <unknown>\n#6 0x55f9d0f1fd7d <unknown>\n#7 0x55f9d0f008c3 <unknown>\n#8 0x55f9d0ece6b3 <unknown>\n#9 0x55f9d0ecf68e <unknown>\n#10 0x55f9d1170b3b <unknown>\n#11 0x55f9d1174ac1 <unknown>\n#12 0x55f9d115d335 <unknown>\n#13 0x55f9d1175642 <unknown>\n#14 0x55f9d114249f <unknown>\n#15 0x55f9d1195038 <unknown>\n#16 0x55f9d1195203 <unknown>\n#17 0x55f9d11a4f8c <unknown>\n#18 0x7fe3a0d14a94 <unknown>\n#19 0x7fe3a0da1a34 __clone","time":{"start":1727422376644,"stop":1727422427369,"duration":50725}},{"uid":"c1f1eb71a6ac0528","reportUrl":"https://robbrad.github.io/UKBinCollectionData/3.11/2130//#testresult/c1f1eb71a6ac0528","status":"failed","statusDetails":"selenium.common.exceptions.TimeoutException: Message: \nStacktrace:\n#0 0x55ae9939513a <unknown>\n#1 0x55ae9907b5e0 <unknown>\n#2 0x55ae990cabe8 <unknown>\n#3 0x55ae990cae81 <unknown>\n#4 0x55ae991118c4 <unknown>\n#5 0x55ae990efb4d <unknown>\n#6 0x55ae9910ed7d <unknown>\n#7 0x55ae990ef8c3 <unknown>\n#8 0x55ae990bd6b3 <unknown>\n#9 0x55ae990be68e <unknown>\n#10 0x55ae9935fb3b <unknown>\n#11 0x55ae99363ac1 <unknown>\n#12 0x55ae9934c335 <unknown>\n#13 0x55ae99364642 <unknown>\n#14 0x55ae9933149f <unknown>\n#15 0x55ae99384038 <unknown>\n#16 0x55ae99384203 <unknown>\n#17 0x55ae99393f8c <unknown>\n#18 0x7f80b3149a94 <unknown>\n#19 0x7f80b31d6a34 __clone","time":{"start":1727396048420,"stop":1727396109370,"duration":60950}},{"uid":"cb76ca402a34fe19","reportUrl":"https://robbrad.github.io/UKBinCollectionData/3.11/2129//#testresult/cb76ca402a34fe19","status":"passed","time":{"start":1727309592686,"stop":1727309649508,"duration":56822}},{"uid":"2ea9ab41b0edfcf7","reportUrl":"https://robbrad.github.io/UKBinCollectionData/3.11/2128//#testresult/2ea9ab41b0edfcf7","status":"passed","time":{"start":1727223204147,"stop":1727223257011,"duration":52864}},{"uid":"c6610a0a541e65b3","reportUrl":"https://robbrad.github.io/UKBinCollectionData/3.11/2127//#testresult/c6610a0a541e65b3","status":"failed","statusDetails":"selenium.common.exceptions.TimeoutException: Message: \nStacktrace:\n#0 0x55a428be913a <unknown>\n#1 0x55a4288cf5e0 <unknown>\n#2 0x55a42891ebe8 <unknown>\n#3 0x55a42891ee81 <unknown>\n#4 0x55a4289658c4 <unknown>\n#5 0x55a428943b4d <unknown>\n#6 0x55a428962d7d <unknown>\n#7 0x55a4289438c3 <unknown>\n#8 0x55a4289116b3 <unknown>\n#9 0x55a42891268e <unknown>\n#10 0x55a428bb3b3b <unknown>\n#11 0x55a428bb7ac1 <unknown>\n#12 0x55a428ba0335 <unknown>\n#13 0x55a428bb8642 <unknown>\n#14 0x55a428b8549f <unknown>\n#15 0x55a428bd8038 <unknown>\n#16 0x55a428bd8203 <unknown>\n#17 0x55a428be7f8c <unknown>\n#18 0x7f57e5a83a94 <unknown>\n#19 0x7f57e5b10a34 __clone","time":{"start":1727136822098,"stop":1727136879183,"duration":57085}},{"uid":"14ba918c059a0f1","reportUrl":"https://robbrad.github.io/UKBinCollectionData/3.11/2126//#testresult/14ba918c059a0f1","status":"failed","statusDetails":"selenium.common.exceptions.TimeoutException: Message: \nStacktrace:\n#0 0x55c08703f13a <unknown>\n#1 0x55c086d255e0 <unknown>\n#2 0x55c086d74be8 <unknown>\n#3 0x55c086d74e81 <unknown>\n#4 0x55c086dbb8c4 <unknown>\n#5 0x55c086d99b4d <unknown>\n#6 0x55c086db8d7d <unknown>\n#7 0x55c086d998c3 <unknown>\n#8 0x55c086d676b3 <unknown>\n#9 0x55c086d6868e <unknown>\n#10 0x55c087009b3b <unknown>\n#11 0x55c08700dac1 <unknown>\n#12 0x55c086ff6335 <unknown>\n#13 0x55c08700e642 <unknown>\n#14 0x55c086fdb49f <unknown>\n#15 0x55c08702e038 <unknown>\n#16 0x55c08702e203 <unknown>\n#17 0x55c08703df8c <unknown>\n#18 0x7fa1b0c21a94 <unknown>\n#19 0x7fa1b0caea34 __clone","time":{"start":1727050431805,"stop":1727050485777,"duration":53972}},{"uid":"12de59cb9156dc39","reportUrl":"https://robbrad.github.io/UKBinCollectionData/3.11/2125//#testresult/12de59cb9156dc39","status":"failed","statusDetails":"selenium.common.exceptions.TimeoutException: Message: \nStacktrace:\n#0 0x55b94504986a <unknown>\n#1 0x55b944d17e50 <unknown>\n#2 0x55b944d67644 <unknown>\n#3 0x55b944d67931 <unknown>\n#4 0x55b944dad534 <unknown>\n#5 0x55b944d8c4bd <unknown>\n#6 0x55b944daa9c6 <unknown>\n#7 0x55b944d8c233 <unknown>\n#8 0x55b944d5a093 <unknown>\n#9 0x55b944d5b09e <unknown>\n#10 0x55b945010acb <unknown>\n#11 0x55b945014a81 <unknown>\n#12 0x55b944ffc695 <unknown>\n#13 0x55b9450155f2 <unknown>\n#14 0x55b944fe186f <unknown>\n#15 0x55b945038668 <unknown>\n#16 0x55b945038832 <unknown>\n#17 0x55b94504865c <unknown>\n#18 0x7f41dd8bda94 <unknown>\n#19 0x7f41dd94aa34 __clone","time":{"start":1726964060262,"stop":1726964169693,"duration":109431}},{"uid":"b0aec090f3c154e1","reportUrl":"https://robbrad.github.io/UKBinCollectionData/3.11/2124//#testresult/b0aec090f3c154e1","status":"failed","statusDetails":"selenium.common.exceptions.TimeoutException: Message: \nStacktrace:\n#0 0x55e50dcd886a <unknown>\n#1 0x55e50d9a6e50 <unknown>\n#2 0x55e50d9f6644 <unknown>\n#3 0x55e50d9f6931 <unknown>\n#4 0x55e50da3c534 <unknown>\n#5 0x55e50da1b4bd <unknown>\n#6 0x55e50da399c6 <unknown>\n#7 0x55e50da1b233 <unknown>\n#8 0x55e50d9e9093 <unknown>\n#9 0x55e50d9ea09e <unknown>\n#10 0x55e50dc9facb <unknown>\n#11 0x55e50dca3a81 <unknown>\n#12 0x55e50dc8b695 <unknown>\n#13 0x55e50dca45f2 <unknown>\n#14 0x55e50dc7086f <unknown>\n#15 0x55e50dcc7668 <unknown>\n#16 0x55e50dcc7832 <unknown>\n#17 0x55e50dcd765c <unknown>\n#18 0x7fd74def0a94 <unknown>\n#19 0x7fd74df7da34 __clone","time":{"start":1726877649320,"stop":1726877722630,"duration":73310}},{"uid":"bf6b77ca47cb0a38","reportUrl":"https://robbrad.github.io/UKBinCollectionData/3.11/2123//#testresult/bf6b77ca47cb0a38","status":"passed","time":{"start":1726791275228,"stop":1726791310876,"duration":35648}},{"uid":"d134451cc75614e4","reportUrl":"https://robbrad.github.io/UKBinCollectionData/3.11/2122//#testresult/d134451cc75614e4","status":"failed","statusDetails":"selenium.common.exceptions.TimeoutException: Message: \nStacktrace:\n#0 0x56044c89486a <unknown>\n#1 0x56044c562e50 <unknown>\n#2 0x56044c5b2644 <unknown>\n#3 0x56044c5b2931 <unknown>\n#4 0x56044c5f8534 <unknown>\n#5 0x56044c5d74bd <unknown>\n#6 0x56044c5f59c6 <unknown>\n#7 0x56044c5d7233 <unknown>\n#8 0x56044c5a5093 <unknown>\n#9 0x56044c5a609e <unknown>\n#10 0x56044c85bacb <unknown>\n#11 0x56044c85fa81 <unknown>\n#12 0x56044c847695 <unknown>\n#13 0x56044c8605f2 <unknown>\n#14 0x56044c82c86f <unknown>\n#15 0x56044c883668 <unknown>\n#16 0x56044c883832 <unknown>\n#17 0x56044c89365c <unknown>\n#18 0x7f1df608ba94 <unknown>\n#19 0x7f1df6118a34 __clone","time":{"start":1726704875748,"stop":1726704933938,"duration":58190}},{"uid":"cad468a45e068052","reportUrl":"https://robbrad.github.io/UKBinCollectionData/3.11/2121//#testresult/cad468a45e068052","status":"passed","time":{"start":1726618473987,"stop":1726618525748,"duration":51761}},{"uid":"936905fc5a27a1bf","reportUrl":"https://robbrad.github.io/UKBinCollectionData/3.11/2120//#testresult/936905fc5a27a1bf","status":"passed","time":{"start":1726532085221,"stop":1726532121716,"duration":36495}}]},"tags":[]},"source":"574cdde04beb8414.json","parameterValues":["EastSuffolkCouncil"]}