{"uid":"9ba1dc49fe34dcc7","name":"Validate Council Output [GatesheadCouncil]","fullName":"features/validate_council_outputs.feature:Validate Council Output","historyId":"3a7171e6de629587a3f0d32410302b35","time":{"start":1728057195403,"stop":1728057499588,"duration":304185},"status":"failed","statusMessage":"selenium.common.exceptions.WebDriverException: Message: Unable to route (DELETE) /session/cc3f5a37e54a715169c36d3df07544a5","statusTrace":"self = <GatesheadCouncil.CouncilClass object at 0x7f49a9da0b50>, page = ''\nkwargs = {'council_module_str': 'GatesheadCouncil', 'dev_mode': False, 'headless': True, 'local_browser': False, ...}\ndriver = <selenium.webdriver.remote.webdriver.WebDriver (session=\"cc3f5a37e54a715169c36d3df07544a5\")>\ndata = {'bins': []}, user_paon = 'Bracken Cottage', user_postcode = 'NE16 5LQ'\nweb_driver = 'http://localhost:4444', headless = True\naccept_button = <selenium.webdriver.remote.webelement.WebElement (session=\"cc3f5a37e54a715169c36d3df07544a5\", element=\"f.035A85201D7E8ED060D3A012FC145163.d.F03A67393C5B66B820820A7B0B0C9FB7.e.39\")>\n\n    def parse_data(self, page: str, **kwargs) -> dict:\n        driver = None\n        try:\n            data = {\"bins\": []}\n            user_paon = kwargs.get(\"paon\")\n            user_postcode = kwargs.get(\"postcode\")\n            web_driver = kwargs.get(\"web_driver\")\n            headless = kwargs.get(\"headless\")\n            check_paon(user_paon)\n            check_postcode(user_postcode)\n    \n            # Create Selenium webdriver\n            driver = create_webdriver(web_driver, headless, None, __name__)\n            driver.get(\n                \"https://www.gateshead.gov.uk/article/3150/Bin-collection-day-checker\"\n            )\n    \n            accept_button = WebDriverWait(driver, 30).until(\n                EC.presence_of_element_located((By.NAME, \"acceptall\"))\n            )\n            accept_button.click()\n    \n            # Wait for the postcode field to appear then populate it\n            inputElement_postcode = WebDriverWait(driver, 30).until(\n                EC.presence_of_element_located(\n                    (By.ID, \"BINCOLLECTIONCHECKER_ADDRESSSEARCH_ADDRESSLOOKUPPOSTCODE\")\n                )\n            )\n            inputElement_postcode.send_keys(user_postcode)\n    \n            # Click search button\n            findAddress = WebDriverWait(driver, 10).until(\n                EC.presence_of_element_located(\n                    (By.ID, \"BINCOLLECTIONCHECKER_ADDRESSSEARCH_ADDRESSLOOKUPSEARCH\")\n                )\n            )\n            findAddress.click()\n    \n            # Wait for the 'Select address' dropdown to appear and select option matching the house name/number\n            WebDriverWait(driver, 10).until(\n                EC.element_to_be_clickable(\n                    (\n                        By.XPATH,\n                        \"//select[@id='BINCOLLECTIONCHECKER_ADDRESSSEARCH_ADDRESSLOOKUPADDRESS']//option[contains(., '\"\n                        + user_paon\n                        + \"')]\",\n                    )\n                )\n>           ).click()\n\nuk_bin_collection/uk_bin_collection/councils/GatesheadCouncil.py:66: \n_ _ _ _ _ _ _ _ _ _ _ _ _ _ _ _ _ _ _ _ _ _ _ _ _ _ _ _ _ _ _ _ _ _ _ _ _ _ _ _ \n../../../.cache/pypoetry/virtualenvs/uk-bin-collection-EwS6Gn8s-py3.11/lib/python3.11/site-packages/selenium/webdriver/remote/webelement.py:94: in click\n    self._execute(Command.CLICK_ELEMENT)\n../../../.cache/pypoetry/virtualenvs/uk-bin-collection-EwS6Gn8s-py3.11/lib/python3.11/site-packages/selenium/webdriver/remote/webelement.py:395: in _execute\n    return self._parent.execute(command, params)\n../../../.cache/pypoetry/virtualenvs/uk-bin-collection-EwS6Gn8s-py3.11/lib/python3.11/site-packages/selenium/webdriver/remote/webdriver.py:354: in execute\n    self.error_handler.check_response(response)\n_ _ _ _ _ _ _ _ _ _ _ _ _ _ _ _ _ _ _ _ _ _ _ _ _ _ _ _ _ _ _ _ _ _ _ _ _ _ _ _ \n\nself = <selenium.webdriver.remote.errorhandler.ErrorHandler object at 0x7f499da46f10>\nresponse = {'status': 500, 'value': '{\\n  \"value\": {\\n    \"stacktrace\": \"java.lang.RuntimeException: Unable to execute request fo...014-azure\\', java.version: \\'17.0.12\\'\\\\nDriver info: driver.version: unknown\",\\n    \"error\": \"unknown error\"\\n  }\\n}'}\n\n    def check_response(self, response: Dict[str, Any]) -> None:\n        \"\"\"Checks that a JSON response from the WebDriver does not have an\n        error.\n    \n        :Args:\n         - response - The JSON response from the WebDriver server as a dictionary\n           object.\n    \n        :Raises: If the response contains an error message.\n        \"\"\"\n        status = response.get(\"status\", None)\n        if not status or status == ErrorCode.SUCCESS:\n            return\n        value = None\n        message = response.get(\"message\", \"\")\n        screen: str = response.get(\"screen\", \"\")\n        stacktrace = None\n        if isinstance(status, int):\n            value_json = response.get(\"value\", None)\n            if value_json and isinstance(value_json, str):\n                import json\n    \n                try:\n                    value = json.loads(value_json)\n                    if len(value) == 1:\n                        value = value[\"value\"]\n                    status = value.get(\"error\", None)\n                    if not status:\n                        status = value.get(\"status\", ErrorCode.UNKNOWN_ERROR)\n                        message = value.get(\"value\") or value.get(\"message\")\n                        if not isinstance(message, str):\n                            value = message\n                            message = message.get(\"message\")\n                    else:\n                        message = value.get(\"message\", None)\n                except ValueError:\n                    pass\n    \n        exception_class: Type[WebDriverException]\n        e = ErrorCode()\n        error_codes = [item for item in dir(e) if not item.startswith(\"__\")]\n        for error_code in error_codes:\n            error_info = getattr(ErrorCode, error_code)\n            if isinstance(error_info, list) and status in error_info:\n                exception_class = getattr(ExceptionMapping, error_code, WebDriverException)\n                break\n        else:\n            exception_class = WebDriverException\n    \n        if not value:\n            value = response[\"value\"]\n        if isinstance(value, str):\n            raise exception_class(value)\n        if message == \"\" and \"message\" in value:\n            message = value[\"message\"]\n    \n        screen = None  # type: ignore[assignment]\n        if \"screen\" in value:\n            screen = value[\"screen\"]\n    \n        stacktrace = None\n        st_value = value.get(\"stackTrace\") or value.get(\"stacktrace\")\n        if st_value:\n            if isinstance(st_value, str):\n                stacktrace = st_value.split(\"\\n\")\n            else:\n                stacktrace = []\n                try:\n                    for frame in st_value:\n                        line = frame.get(\"lineNumber\", \"\")\n                        file = frame.get(\"fileName\", \"<anonymous>\")\n                        if line:\n                            file = f\"{file}:{line}\"\n                        meth = frame.get(\"methodName\", \"<anonymous>\")\n                        if \"className\" in frame:\n                            meth = f\"{frame['className']}.{meth}\"\n                        msg = \"    at %s (%s)\"\n                        msg = msg % (meth, file)\n                        stacktrace.append(msg)\n                except TypeError:\n                    pass\n        if exception_class == UnexpectedAlertPresentException:\n            alert_text = None\n            if \"data\" in value:\n                alert_text = value[\"data\"].get(\"text\")\n            elif \"alert\" in value:\n                alert_text = value[\"alert\"].get(\"text\")\n            raise exception_class(message, screen, stacktrace, alert_text)  # type: ignore[call-arg]  # mypy is not smart enough here\n>       raise exception_class(message, screen, stacktrace)\nE       selenium.common.exceptions.WebDriverException: Message: Unable to execute request for an existing session: java.util.concurrent.TimeoutException\nE       Build info: version: '4.25.0', revision: '030fcf7918'\nE       System info: os.name: 'Linux', os.arch: 'amd64', os.version: '6.8.0-1014-azure', java.version: '17.0.12'\nE       Driver info: driver.version: unknown\nE       Stacktrace:\nE       java.lang.RuntimeException: Unable to execute request for an existing session: java.util.concurrent.TimeoutException\nE       Build info: version: '4.25.0', revision: '030fcf7918'\nE       System info: os.name: 'Linux', os.arch: 'amd64', os.version: '6.8.0-1014-azure', java.version: '17.0.12'\nE       Driver info: driver.version: unknown\nE       \tat org.openqa.selenium.grid.router.HandleSession.execute(HandleSession.java:208)\nE       \tat org.openqa.selenium.remote.http.Route$PredicatedRoute.handle(Route.java:397)\nE       \tat org.openqa.selenium.remote.http.Route.execute(Route.java:69)\nE       \tat org.openqa.selenium.remote.http.Route$CombinedRoute.handle(Route.java:360)\nE       \tat org.openqa.selenium.remote.http.Route.execute(Route.java:69)\nE       \tat org.openqa.selenium.grid.router.Router.execute(Router.java:87)\nE       \tat org.openqa.selenium.grid.web.EnsureSpecCompliantResponseHeaders.lambda$apply$0(EnsureSpecCompliantResponseHeaders.java:34)\nE       \tat org.openqa.selenium.remote.http.Filter$1.execute(Filter.java:63)\nE       \tat org.openqa.selenium.remote.http.Route$CombinedRoute.handle(Route.java:360)\nE       \tat org.openqa.selenium.remote.http.Route.execute(Route.java:69)\nE       \tat org.openqa.selenium.remote.AddWebDriverSpecHeaders.lambda$apply$0(AddWebDriverSpecHeaders.java:35)\nE       \tat org.openqa.selenium.remote.ErrorFilter.lambda$apply$0(ErrorFilter.java:44)\nE       \tat org.openqa.selenium.remote.http.Filter$1.execute(Filter.java:63)\nE       \tat org.openqa.selenium.remote.ErrorFilter.lambda$apply$0(ErrorFilter.java:44)\nE       \tat org.openqa.selenium.remote.http.Filter$1.execute(Filter.java:63)\nE       \tat org.openqa.selenium.netty.server.SeleniumHandler.lambda$channelRead0$0(SeleniumHandler.java:44)\nE       \tat java.base/java.util.concurrent.Executors$RunnableAdapter.call(Executors.java:539)\nE       \tat java.base/java.util.concurrent.FutureTask.run(FutureTask.java:264)\nE       \tat java.base/java.util.concurrent.ThreadPoolExecutor.runWorker(ThreadPoolExecutor.java:1136)\nE       \tat java.base/java.util.concurrent.ThreadPoolExecutor$Worker.run(ThreadPoolExecutor.java:635)\nE       \tat java.base/java.lang.Thread.run(Thread.java:840)\nE       Caused by: java.util.concurrent.TimeoutException\nE       \tat java.base/java.util.concurrent.CompletableFuture.timedGet(CompletableFuture.java:1960)\nE       \tat java.base/java.util.concurrent.CompletableFuture.get(CompletableFuture.java:2095)\nE       \tat org.openqa.selenium.remote.http.jdk.JdkHttpClient.execute0(JdkHttpClient.java:401)\nE       \tat org.openqa.selenium.remote.http.AddSeleniumUserAgent.lambda$apply$0(AddSeleniumUserAgent.java:42)\nE       \tat org.openqa.selenium.remote.http.Filter.lambda$andFinally$1(Filter.java:55)\nE       \tat org.openqa.selenium.remote.http.jdk.JdkHttpClient.execute(JdkHttpClient.java:374)\nE       \tat org.openqa.selenium.remote.tracing.TracedHttpClient.execute(TracedHttpClient.java:54)\nE       \tat org.openqa.selenium.grid.web.ReverseProxyHandler.execute(ReverseProxyHandler.java:90)\nE       \tat org.openqa.selenium.grid.node.DefaultActiveSession.execute(DefaultActiveSession.java:62)\nE       \tat org.openqa.selenium.grid.node.local.SessionSlot.execute(SessionSlot.java:126)\nE       \tat org.openqa.selenium.grid.node.local.LocalNode.executeWebDriverCommand(LocalNode.java:633)\nE       \tat org.openqa.selenium.grid.node.ForwardWebDriverCommand.execute(ForwardWebDriverCommand.java:35)\nE       \tat org.openqa.selenium.remote.http.Route$PredicatedRoute.handle(Route.java:397)\nE       \tat org.openqa.selenium.remote.http.Route.execute(Route.java:69)\nE       \tat org.openqa.selenium.remote.tracing.SpanWrappedHttpHandler.execute(SpanWrappedHttpHandler.java:87)\nE       \tat org.openqa.selenium.remote.http.Filter$1.execute(Filter.java:63)\nE       \tat org.openqa.selenium.remote.http.Route$CombinedRoute.handle(Route.java:360)\nE       \tat org.openqa.selenium.remote.http.Route.execute(Route.java:69)\nE       \tat org.openqa.selenium.grid.node.Node.execute(Node.java:270)\nE       \tat org.openqa.selenium.grid.web.CombinedHandler.execute(CombinedHandler.java:55)\nE       \tat org.openqa.selenium.grid.web.RoutableHttpClientFactory$1.execute(RoutableHttpClientFactory.java:71)\nE       \tat org.openqa.selenium.grid.web.ReverseProxyHandler.execute(ReverseProxyHandler.java:90)\nE       \tat org.openqa.selenium.grid.router.HandleSession.execute(HandleSession.java:181)\nE       \t... 20 more\n\n../../../.cache/pypoetry/virtualenvs/uk-bin-collection-EwS6Gn8s-py3.11/lib/python3.11/site-packages/selenium/webdriver/remote/errorhandler.py:229: WebDriverException\n\nDuring handling of the above exception, another exception occurred:\n\nfixturefunc = <function scrape_step at 0x7f499db66700>\nrequest = <FixtureRequest for <Function test_scenario_outline[GatesheadCouncil]>>\nkwargs = {'context': <test_validate_council.Context object at 0x7f499d9dced0>, 'headless_mode': 'True', 'local_browser': 'False', 'selenium_url': 'http://localhost:4444'}\n\n    def call_fixture_func(\n        fixturefunc: _FixtureFunc[FixtureValue], request: FixtureRequest, kwargs\n    ) -> FixtureValue:\n        if is_generator(fixturefunc):\n            fixturefunc = cast(\n                Callable[..., Generator[FixtureValue, None, None]], fixturefunc\n            )\n            generator = fixturefunc(**kwargs)\n            try:\n                fixture_result = next(generator)\n            except StopIteration:\n                raise ValueError(f\"{request.fixturename} did not yield a value\") from None\n            finalizer = functools.partial(_teardown_yield_fixture, fixturefunc, generator)\n            request.addfinalizer(finalizer)\n        else:\n            fixturefunc = cast(Callable[..., FixtureValue], fixturefunc)\n>           fixture_result = fixturefunc(**kwargs)\n\n../../../.cache/pypoetry/virtualenvs/uk-bin-collection-EwS6Gn8s-py3.11/lib/python3.11/site-packages/_pytest/fixtures.py:898: \n_ _ _ _ _ _ _ _ _ _ _ _ _ _ _ _ _ _ _ _ _ _ _ _ _ _ _ _ _ _ _ _ _ _ _ _ _ _ _ _ \nuk_bin_collection/tests/step_defs/test_validate_council.py:100: in scrape_step\n    context.parse_result = CollectData.run()\nuk_bin_collection/uk_bin_collection/collect_data.py:101: in run\n    return self.client_code(\nuk_bin_collection/uk_bin_collection/collect_data.py:121: in client_code\n    return get_bin_data_class.template_method(address_url, **kwargs)\nuk_bin_collection/uk_bin_collection/get_bin_data.py:61: in template_method\n    bin_data_dict = self.get_and_parse_data(this_url, **kwargs)\nuk_bin_collection/uk_bin_collection/get_bin_data.py:84: in get_and_parse_data\n    bin_data_dict = self.parse_data(\"\", url=address_url, **kwargs)\nuk_bin_collection/uk_bin_collection/councils/GatesheadCouncil.py:115: in parse_data\n    driver.quit()\n../../../.cache/pypoetry/virtualenvs/uk-bin-collection-EwS6Gn8s-py3.11/lib/python3.11/site-packages/selenium/webdriver/remote/webdriver.py:476: in quit\n    self.execute(Command.QUIT)\n../../../.cache/pypoetry/virtualenvs/uk-bin-collection-EwS6Gn8s-py3.11/lib/python3.11/site-packages/selenium/webdriver/remote/webdriver.py:354: in execute\n    self.error_handler.check_response(response)\n_ _ _ _ _ _ _ _ _ _ _ _ _ _ _ _ _ _ _ _ _ _ _ _ _ _ _ _ _ _ _ _ _ _ _ _ _ _ _ _ \n\nself = <selenium.webdriver.remote.errorhandler.ErrorHandler object at 0x7f499da46f10>\nresponse = {'status': 404, 'value': '{\\n  \"value\": \"\\\\u002fsession\\\\u002fcc3f5a37e54a715169c36d3df07544a5\",\\n  \"message\": \"Unable...002fsession\\\\u002fcc3f5a37e54a715169c36d3df07544a5\",\\n  \"error\": \"org.openqa.selenium.UnsupportedCommandException\"\\n}'}\n\n    def check_response(self, response: Dict[str, Any]) -> None:\n        \"\"\"Checks that a JSON response from the WebDriver does not have an\n        error.\n    \n        :Args:\n         - response - The JSON response from the WebDriver server as a dictionary\n           object.\n    \n        :Raises: If the response contains an error message.\n        \"\"\"\n        status = response.get(\"status\", None)\n        if not status or status == ErrorCode.SUCCESS:\n            return\n        value = None\n        message = response.get(\"message\", \"\")\n        screen: str = response.get(\"screen\", \"\")\n        stacktrace = None\n        if isinstance(status, int):\n            value_json = response.get(\"value\", None)\n            if value_json and isinstance(value_json, str):\n                import json\n    \n                try:\n                    value = json.loads(value_json)\n                    if len(value) == 1:\n                        value = value[\"value\"]\n                    status = value.get(\"error\", None)\n                    if not status:\n                        status = value.get(\"status\", ErrorCode.UNKNOWN_ERROR)\n                        message = value.get(\"value\") or value.get(\"message\")\n                        if not isinstance(message, str):\n                            value = message\n                            message = message.get(\"message\")\n                    else:\n                        message = value.get(\"message\", None)\n                except ValueError:\n                    pass\n    \n        exception_class: Type[WebDriverException]\n        e = ErrorCode()\n        error_codes = [item for item in dir(e) if not item.startswith(\"__\")]\n        for error_code in error_codes:\n            error_info = getattr(ErrorCode, error_code)\n            if isinstance(error_info, list) and status in error_info:\n                exception_class = getattr(ExceptionMapping, error_code, WebDriverException)\n                break\n        else:\n            exception_class = WebDriverException\n    \n        if not value:\n            value = response[\"value\"]\n        if isinstance(value, str):\n            raise exception_class(value)\n        if message == \"\" and \"message\" in value:\n            message = value[\"message\"]\n    \n        screen = None  # type: ignore[assignment]\n        if \"screen\" in value:\n            screen = value[\"screen\"]\n    \n        stacktrace = None\n        st_value = value.get(\"stackTrace\") or value.get(\"stacktrace\")\n        if st_value:\n            if isinstance(st_value, str):\n                stacktrace = st_value.split(\"\\n\")\n            else:\n                stacktrace = []\n                try:\n                    for frame in st_value:\n                        line = frame.get(\"lineNumber\", \"\")\n                        file = frame.get(\"fileName\", \"<anonymous>\")\n                        if line:\n                            file = f\"{file}:{line}\"\n                        meth = frame.get(\"methodName\", \"<anonymous>\")\n                        if \"className\" in frame:\n                            meth = f\"{frame['className']}.{meth}\"\n                        msg = \"    at %s (%s)\"\n                        msg = msg % (meth, file)\n                        stacktrace.append(msg)\n                except TypeError:\n                    pass\n        if exception_class == UnexpectedAlertPresentException:\n            alert_text = None\n            if \"data\" in value:\n                alert_text = value[\"data\"].get(\"text\")\n            elif \"alert\" in value:\n                alert_text = value[\"alert\"].get(\"text\")\n            raise exception_class(message, screen, stacktrace, alert_text)  # type: ignore[call-arg]  # mypy is not smart enough here\n>       raise exception_class(message, screen, stacktrace)\nE       selenium.common.exceptions.WebDriverException: Message: Unable to route (DELETE) /session/cc3f5a37e54a715169c36d3df07544a5\n\n../../../.cache/pypoetry/virtualenvs/uk-bin-collection-EwS6Gn8s-py3.11/lib/python3.11/site-packages/selenium/webdriver/remote/errorhandler.py:229: WebDriverException","flaky":false,"newFailed":false,"newBroken":false,"newPassed":false,"retriesCount":0,"retriesStatusChange":false,"beforeStages":[],"testStage":{"status":"failed","statusMessage":"selenium.common.exceptions.WebDriverException: Message: Unable to route (DELETE) /session/cc3f5a37e54a715169c36d3df07544a5","statusTrace":"self = <GatesheadCouncil.CouncilClass object at 0x7f49a9da0b50>, page = ''\nkwargs = {'council_module_str': 'GatesheadCouncil', 'dev_mode': False, 'headless': True, 'local_browser': False, ...}\ndriver = <selenium.webdriver.remote.webdriver.WebDriver (session=\"cc3f5a37e54a715169c36d3df07544a5\")>\ndata = {'bins': []}, user_paon = 'Bracken Cottage', user_postcode = 'NE16 5LQ'\nweb_driver = 'http://localhost:4444', headless = True\naccept_button = <selenium.webdriver.remote.webelement.WebElement (session=\"cc3f5a37e54a715169c36d3df07544a5\", element=\"f.035A85201D7E8ED060D3A012FC145163.d.F03A67393C5B66B820820A7B0B0C9FB7.e.39\")>\n\n    def parse_data(self, page: str, **kwargs) -> dict:\n        driver = None\n        try:\n            data = {\"bins\": []}\n            user_paon = kwargs.get(\"paon\")\n            user_postcode = kwargs.get(\"postcode\")\n            web_driver = kwargs.get(\"web_driver\")\n            headless = kwargs.get(\"headless\")\n            check_paon(user_paon)\n            check_postcode(user_postcode)\n    \n            # Create Selenium webdriver\n            driver = create_webdriver(web_driver, headless, None, __name__)\n            driver.get(\n                \"https://www.gateshead.gov.uk/article/3150/Bin-collection-day-checker\"\n            )\n    \n            accept_button = WebDriverWait(driver, 30).until(\n                EC.presence_of_element_located((By.NAME, \"acceptall\"))\n            )\n            accept_button.click()\n    \n            # Wait for the postcode field to appear then populate it\n            inputElement_postcode = WebDriverWait(driver, 30).until(\n                EC.presence_of_element_located(\n                    (By.ID, \"BINCOLLECTIONCHECKER_ADDRESSSEARCH_ADDRESSLOOKUPPOSTCODE\")\n                )\n            )\n            inputElement_postcode.send_keys(user_postcode)\n    \n            # Click search button\n            findAddress = WebDriverWait(driver, 10).until(\n                EC.presence_of_element_located(\n                    (By.ID, \"BINCOLLECTIONCHECKER_ADDRESSSEARCH_ADDRESSLOOKUPSEARCH\")\n                )\n            )\n            findAddress.click()\n    \n            # Wait for the 'Select address' dropdown to appear and select option matching the house name/number\n            WebDriverWait(driver, 10).until(\n                EC.element_to_be_clickable(\n                    (\n                        By.XPATH,\n                        \"//select[@id='BINCOLLECTIONCHECKER_ADDRESSSEARCH_ADDRESSLOOKUPADDRESS']//option[contains(., '\"\n                        + user_paon\n                        + \"')]\",\n                    )\n                )\n>           ).click()\n\nuk_bin_collection/uk_bin_collection/councils/GatesheadCouncil.py:66: \n_ _ _ _ _ _ _ _ _ _ _ _ _ _ _ _ _ _ _ _ _ _ _ _ _ _ _ _ _ _ _ _ _ _ _ _ _ _ _ _ \n../../../.cache/pypoetry/virtualenvs/uk-bin-collection-EwS6Gn8s-py3.11/lib/python3.11/site-packages/selenium/webdriver/remote/webelement.py:94: in click\n    self._execute(Command.CLICK_ELEMENT)\n../../../.cache/pypoetry/virtualenvs/uk-bin-collection-EwS6Gn8s-py3.11/lib/python3.11/site-packages/selenium/webdriver/remote/webelement.py:395: in _execute\n    return self._parent.execute(command, params)\n../../../.cache/pypoetry/virtualenvs/uk-bin-collection-EwS6Gn8s-py3.11/lib/python3.11/site-packages/selenium/webdriver/remote/webdriver.py:354: in execute\n    self.error_handler.check_response(response)\n_ _ _ _ _ _ _ _ _ _ _ _ _ _ _ _ _ _ _ _ _ _ _ _ _ _ _ _ _ _ _ _ _ _ _ _ _ _ _ _ \n\nself = <selenium.webdriver.remote.errorhandler.ErrorHandler object at 0x7f499da46f10>\nresponse = {'status': 500, 'value': '{\\n  \"value\": {\\n    \"stacktrace\": \"java.lang.RuntimeException: Unable to execute request fo...014-azure\\', java.version: \\'17.0.12\\'\\\\nDriver info: driver.version: unknown\",\\n    \"error\": \"unknown error\"\\n  }\\n}'}\n\n    def check_response(self, response: Dict[str, Any]) -> None:\n        \"\"\"Checks that a JSON response from the WebDriver does not have an\n        error.\n    \n        :Args:\n         - response - The JSON response from the WebDriver server as a dictionary\n           object.\n    \n        :Raises: If the response contains an error message.\n        \"\"\"\n        status = response.get(\"status\", None)\n        if not status or status == ErrorCode.SUCCESS:\n            return\n        value = None\n        message = response.get(\"message\", \"\")\n        screen: str = response.get(\"screen\", \"\")\n        stacktrace = None\n        if isinstance(status, int):\n            value_json = response.get(\"value\", None)\n            if value_json and isinstance(value_json, str):\n                import json\n    \n                try:\n                    value = json.loads(value_json)\n                    if len(value) == 1:\n                        value = value[\"value\"]\n                    status = value.get(\"error\", None)\n                    if not status:\n                        status = value.get(\"status\", ErrorCode.UNKNOWN_ERROR)\n                        message = value.get(\"value\") or value.get(\"message\")\n                        if not isinstance(message, str):\n                            value = message\n                            message = message.get(\"message\")\n                    else:\n                        message = value.get(\"message\", None)\n                except ValueError:\n                    pass\n    \n        exception_class: Type[WebDriverException]\n        e = ErrorCode()\n        error_codes = [item for item in dir(e) if not item.startswith(\"__\")]\n        for error_code in error_codes:\n            error_info = getattr(ErrorCode, error_code)\n            if isinstance(error_info, list) and status in error_info:\n                exception_class = getattr(ExceptionMapping, error_code, WebDriverException)\n                break\n        else:\n            exception_class = WebDriverException\n    \n        if not value:\n            value = response[\"value\"]\n        if isinstance(value, str):\n            raise exception_class(value)\n        if message == \"\" and \"message\" in value:\n            message = value[\"message\"]\n    \n        screen = None  # type: ignore[assignment]\n        if \"screen\" in value:\n            screen = value[\"screen\"]\n    \n        stacktrace = None\n        st_value = value.get(\"stackTrace\") or value.get(\"stacktrace\")\n        if st_value:\n            if isinstance(st_value, str):\n                stacktrace = st_value.split(\"\\n\")\n            else:\n                stacktrace = []\n                try:\n                    for frame in st_value:\n                        line = frame.get(\"lineNumber\", \"\")\n                        file = frame.get(\"fileName\", \"<anonymous>\")\n                        if line:\n                            file = f\"{file}:{line}\"\n                        meth = frame.get(\"methodName\", \"<anonymous>\")\n                        if \"className\" in frame:\n                            meth = f\"{frame['className']}.{meth}\"\n                        msg = \"    at %s (%s)\"\n                        msg = msg % (meth, file)\n                        stacktrace.append(msg)\n                except TypeError:\n                    pass\n        if exception_class == UnexpectedAlertPresentException:\n            alert_text = None\n            if \"data\" in value:\n                alert_text = value[\"data\"].get(\"text\")\n            elif \"alert\" in value:\n                alert_text = value[\"alert\"].get(\"text\")\n            raise exception_class(message, screen, stacktrace, alert_text)  # type: ignore[call-arg]  # mypy is not smart enough here\n>       raise exception_class(message, screen, stacktrace)\nE       selenium.common.exceptions.WebDriverException: Message: Unable to execute request for an existing session: java.util.concurrent.TimeoutException\nE       Build info: version: '4.25.0', revision: '030fcf7918'\nE       System info: os.name: 'Linux', os.arch: 'amd64', os.version: '6.8.0-1014-azure', java.version: '17.0.12'\nE       Driver info: driver.version: unknown\nE       Stacktrace:\nE       java.lang.RuntimeException: Unable to execute request for an existing session: java.util.concurrent.TimeoutException\nE       Build info: version: '4.25.0', revision: '030fcf7918'\nE       System info: os.name: 'Linux', os.arch: 'amd64', os.version: '6.8.0-1014-azure', java.version: '17.0.12'\nE       Driver info: driver.version: unknown\nE       \tat org.openqa.selenium.grid.router.HandleSession.execute(HandleSession.java:208)\nE       \tat org.openqa.selenium.remote.http.Route$PredicatedRoute.handle(Route.java:397)\nE       \tat org.openqa.selenium.remote.http.Route.execute(Route.java:69)\nE       \tat org.openqa.selenium.remote.http.Route$CombinedRoute.handle(Route.java:360)\nE       \tat org.openqa.selenium.remote.http.Route.execute(Route.java:69)\nE       \tat org.openqa.selenium.grid.router.Router.execute(Router.java:87)\nE       \tat org.openqa.selenium.grid.web.EnsureSpecCompliantResponseHeaders.lambda$apply$0(EnsureSpecCompliantResponseHeaders.java:34)\nE       \tat org.openqa.selenium.remote.http.Filter$1.execute(Filter.java:63)\nE       \tat org.openqa.selenium.remote.http.Route$CombinedRoute.handle(Route.java:360)\nE       \tat org.openqa.selenium.remote.http.Route.execute(Route.java:69)\nE       \tat org.openqa.selenium.remote.AddWebDriverSpecHeaders.lambda$apply$0(AddWebDriverSpecHeaders.java:35)\nE       \tat org.openqa.selenium.remote.ErrorFilter.lambda$apply$0(ErrorFilter.java:44)\nE       \tat org.openqa.selenium.remote.http.Filter$1.execute(Filter.java:63)\nE       \tat org.openqa.selenium.remote.ErrorFilter.lambda$apply$0(ErrorFilter.java:44)\nE       \tat org.openqa.selenium.remote.http.Filter$1.execute(Filter.java:63)\nE       \tat org.openqa.selenium.netty.server.SeleniumHandler.lambda$channelRead0$0(SeleniumHandler.java:44)\nE       \tat java.base/java.util.concurrent.Executors$RunnableAdapter.call(Executors.java:539)\nE       \tat java.base/java.util.concurrent.FutureTask.run(FutureTask.java:264)\nE       \tat java.base/java.util.concurrent.ThreadPoolExecutor.runWorker(ThreadPoolExecutor.java:1136)\nE       \tat java.base/java.util.concurrent.ThreadPoolExecutor$Worker.run(ThreadPoolExecutor.java:635)\nE       \tat java.base/java.lang.Thread.run(Thread.java:840)\nE       Caused by: java.util.concurrent.TimeoutException\nE       \tat java.base/java.util.concurrent.CompletableFuture.timedGet(CompletableFuture.java:1960)\nE       \tat java.base/java.util.concurrent.CompletableFuture.get(CompletableFuture.java:2095)\nE       \tat org.openqa.selenium.remote.http.jdk.JdkHttpClient.execute0(JdkHttpClient.java:401)\nE       \tat org.openqa.selenium.remote.http.AddSeleniumUserAgent.lambda$apply$0(AddSeleniumUserAgent.java:42)\nE       \tat org.openqa.selenium.remote.http.Filter.lambda$andFinally$1(Filter.java:55)\nE       \tat org.openqa.selenium.remote.http.jdk.JdkHttpClient.execute(JdkHttpClient.java:374)\nE       \tat org.openqa.selenium.remote.tracing.TracedHttpClient.execute(TracedHttpClient.java:54)\nE       \tat org.openqa.selenium.grid.web.ReverseProxyHandler.execute(ReverseProxyHandler.java:90)\nE       \tat org.openqa.selenium.grid.node.DefaultActiveSession.execute(DefaultActiveSession.java:62)\nE       \tat org.openqa.selenium.grid.node.local.SessionSlot.execute(SessionSlot.java:126)\nE       \tat org.openqa.selenium.grid.node.local.LocalNode.executeWebDriverCommand(LocalNode.java:633)\nE       \tat org.openqa.selenium.grid.node.ForwardWebDriverCommand.execute(ForwardWebDriverCommand.java:35)\nE       \tat org.openqa.selenium.remote.http.Route$PredicatedRoute.handle(Route.java:397)\nE       \tat org.openqa.selenium.remote.http.Route.execute(Route.java:69)\nE       \tat org.openqa.selenium.remote.tracing.SpanWrappedHttpHandler.execute(SpanWrappedHttpHandler.java:87)\nE       \tat org.openqa.selenium.remote.http.Filter$1.execute(Filter.java:63)\nE       \tat org.openqa.selenium.remote.http.Route$CombinedRoute.handle(Route.java:360)\nE       \tat org.openqa.selenium.remote.http.Route.execute(Route.java:69)\nE       \tat org.openqa.selenium.grid.node.Node.execute(Node.java:270)\nE       \tat org.openqa.selenium.grid.web.CombinedHandler.execute(CombinedHandler.java:55)\nE       \tat org.openqa.selenium.grid.web.RoutableHttpClientFactory$1.execute(RoutableHttpClientFactory.java:71)\nE       \tat org.openqa.selenium.grid.web.ReverseProxyHandler.execute(ReverseProxyHandler.java:90)\nE       \tat org.openqa.selenium.grid.router.HandleSession.execute(HandleSession.java:181)\nE       \t... 20 more\n\n../../../.cache/pypoetry/virtualenvs/uk-bin-collection-EwS6Gn8s-py3.11/lib/python3.11/site-packages/selenium/webdriver/remote/errorhandler.py:229: WebDriverException\n\nDuring handling of the above exception, another exception occurred:\n\nfixturefunc = <function scrape_step at 0x7f499db66700>\nrequest = <FixtureRequest for <Function test_scenario_outline[GatesheadCouncil]>>\nkwargs = {'context': <test_validate_council.Context object at 0x7f499d9dced0>, 'headless_mode': 'True', 'local_browser': 'False', 'selenium_url': 'http://localhost:4444'}\n\n    def call_fixture_func(\n        fixturefunc: _FixtureFunc[FixtureValue], request: FixtureRequest, kwargs\n    ) -> FixtureValue:\n        if is_generator(fixturefunc):\n            fixturefunc = cast(\n                Callable[..., Generator[FixtureValue, None, None]], fixturefunc\n            )\n            generator = fixturefunc(**kwargs)\n            try:\n                fixture_result = next(generator)\n            except StopIteration:\n                raise ValueError(f\"{request.fixturename} did not yield a value\") from None\n            finalizer = functools.partial(_teardown_yield_fixture, fixturefunc, generator)\n            request.addfinalizer(finalizer)\n        else:\n            fixturefunc = cast(Callable[..., FixtureValue], fixturefunc)\n>           fixture_result = fixturefunc(**kwargs)\n\n../../../.cache/pypoetry/virtualenvs/uk-bin-collection-EwS6Gn8s-py3.11/lib/python3.11/site-packages/_pytest/fixtures.py:898: \n_ _ _ _ _ _ _ _ _ _ _ _ _ _ _ _ _ _ _ _ _ _ _ _ _ _ _ _ _ _ _ _ _ _ _ _ _ _ _ _ \nuk_bin_collection/tests/step_defs/test_validate_council.py:100: in scrape_step\n    context.parse_result = CollectData.run()\nuk_bin_collection/uk_bin_collection/collect_data.py:101: in run\n    return self.client_code(\nuk_bin_collection/uk_bin_collection/collect_data.py:121: in client_code\n    return get_bin_data_class.template_method(address_url, **kwargs)\nuk_bin_collection/uk_bin_collection/get_bin_data.py:61: in template_method\n    bin_data_dict = self.get_and_parse_data(this_url, **kwargs)\nuk_bin_collection/uk_bin_collection/get_bin_data.py:84: in get_and_parse_data\n    bin_data_dict = self.parse_data(\"\", url=address_url, **kwargs)\nuk_bin_collection/uk_bin_collection/councils/GatesheadCouncil.py:115: in parse_data\n    driver.quit()\n../../../.cache/pypoetry/virtualenvs/uk-bin-collection-EwS6Gn8s-py3.11/lib/python3.11/site-packages/selenium/webdriver/remote/webdriver.py:476: in quit\n    self.execute(Command.QUIT)\n../../../.cache/pypoetry/virtualenvs/uk-bin-collection-EwS6Gn8s-py3.11/lib/python3.11/site-packages/selenium/webdriver/remote/webdriver.py:354: in execute\n    self.error_handler.check_response(response)\n_ _ _ _ _ _ _ _ _ _ _ _ _ _ _ _ _ _ _ _ _ _ _ _ _ _ _ _ _ _ _ _ _ _ _ _ _ _ _ _ \n\nself = <selenium.webdriver.remote.errorhandler.ErrorHandler object at 0x7f499da46f10>\nresponse = {'status': 404, 'value': '{\\n  \"value\": \"\\\\u002fsession\\\\u002fcc3f5a37e54a715169c36d3df07544a5\",\\n  \"message\": \"Unable...002fsession\\\\u002fcc3f5a37e54a715169c36d3df07544a5\",\\n  \"error\": \"org.openqa.selenium.UnsupportedCommandException\"\\n}'}\n\n    def check_response(self, response: Dict[str, Any]) -> None:\n        \"\"\"Checks that a JSON response from the WebDriver does not have an\n        error.\n    \n        :Args:\n         - response - The JSON response from the WebDriver server as a dictionary\n           object.\n    \n        :Raises: If the response contains an error message.\n        \"\"\"\n        status = response.get(\"status\", None)\n        if not status or status == ErrorCode.SUCCESS:\n            return\n        value = None\n        message = response.get(\"message\", \"\")\n        screen: str = response.get(\"screen\", \"\")\n        stacktrace = None\n        if isinstance(status, int):\n            value_json = response.get(\"value\", None)\n            if value_json and isinstance(value_json, str):\n                import json\n    \n                try:\n                    value = json.loads(value_json)\n                    if len(value) == 1:\n                        value = value[\"value\"]\n                    status = value.get(\"error\", None)\n                    if not status:\n                        status = value.get(\"status\", ErrorCode.UNKNOWN_ERROR)\n                        message = value.get(\"value\") or value.get(\"message\")\n                        if not isinstance(message, str):\n                            value = message\n                            message = message.get(\"message\")\n                    else:\n                        message = value.get(\"message\", None)\n                except ValueError:\n                    pass\n    \n        exception_class: Type[WebDriverException]\n        e = ErrorCode()\n        error_codes = [item for item in dir(e) if not item.startswith(\"__\")]\n        for error_code in error_codes:\n            error_info = getattr(ErrorCode, error_code)\n            if isinstance(error_info, list) and status in error_info:\n                exception_class = getattr(ExceptionMapping, error_code, WebDriverException)\n                break\n        else:\n            exception_class = WebDriverException\n    \n        if not value:\n            value = response[\"value\"]\n        if isinstance(value, str):\n            raise exception_class(value)\n        if message == \"\" and \"message\" in value:\n            message = value[\"message\"]\n    \n        screen = None  # type: ignore[assignment]\n        if \"screen\" in value:\n            screen = value[\"screen\"]\n    \n        stacktrace = None\n        st_value = value.get(\"stackTrace\") or value.get(\"stacktrace\")\n        if st_value:\n            if isinstance(st_value, str):\n                stacktrace = st_value.split(\"\\n\")\n            else:\n                stacktrace = []\n                try:\n                    for frame in st_value:\n                        line = frame.get(\"lineNumber\", \"\")\n                        file = frame.get(\"fileName\", \"<anonymous>\")\n                        if line:\n                            file = f\"{file}:{line}\"\n                        meth = frame.get(\"methodName\", \"<anonymous>\")\n                        if \"className\" in frame:\n                            meth = f\"{frame['className']}.{meth}\"\n                        msg = \"    at %s (%s)\"\n                        msg = msg % (meth, file)\n                        stacktrace.append(msg)\n                except TypeError:\n                    pass\n        if exception_class == UnexpectedAlertPresentException:\n            alert_text = None\n            if \"data\" in value:\n                alert_text = value[\"data\"].get(\"text\")\n            elif \"alert\" in value:\n                alert_text = value[\"alert\"].get(\"text\")\n            raise exception_class(message, screen, stacktrace, alert_text)  # type: ignore[call-arg]  # mypy is not smart enough here\n>       raise exception_class(message, screen, stacktrace)\nE       selenium.common.exceptions.WebDriverException: Message: Unable to route (DELETE) /session/cc3f5a37e54a715169c36d3df07544a5\n\n../../../.cache/pypoetry/virtualenvs/uk-bin-collection-EwS6Gn8s-py3.11/lib/python3.11/site-packages/selenium/webdriver/remote/errorhandler.py:229: WebDriverException","steps":[{"name":"Given the council","time":{"start":1728057195404,"stop":1728057195405,"duration":1},"status":"passed","steps":[],"attachments":[],"parameters":[],"shouldDisplayMessage":false,"stepsCount":0,"attachmentsCount":0,"hasContent":false,"attachmentStep":false},{"name":"When we scrape the data from the council","time":{"start":1728057195405,"stop":1728057499588,"duration":304183},"status":"failed","statusMessage":"Message: Unable to route (DELETE) /session/cc3f5a37e54a715169c36d3df07544a5\n","statusTrace":"selenium.common.exceptions.WebDriverException: Message: Unable to route (DELETE) /session/cc3f5a37e54a715169c36d3df07544a5\n\n","steps":[],"attachments":[],"parameters":[],"shouldDisplayMessage":true,"stepsCount":0,"attachmentsCount":0,"hasContent":true,"attachmentStep":false}],"attachments":[{"uid":"3e559f22e19962f6","name":"stdout","source":"3e559f22e19962f6.txt","type":"text/plain","size":4379}],"parameters":[],"shouldDisplayMessage":true,"stepsCount":2,"attachmentsCount":1,"hasContent":true,"attachmentStep":false},"afterStages":[],"labels":[{"name":"host","value":"fv-az1490-231"},{"name":"thread","value":"2783-MainThread"},{"name":"framework","value":"pytest-bdd"},{"name":"language","value":"cpython3"},{"name":"feature","value":"Test each council output matches expected results"},{"name":"resultFormat","value":"allure2"}],"parameters":[{"name":"council","value":"GatesheadCouncil"}],"links":[],"hidden":false,"retry":false,"extra":{"severity":"normal","retries":[],"categories":[{"name":"Product defects","matchedStatuses":[],"flaky":false}],"history":{"statistic":{"failed":173,"broken":0,"skipped":0,"passed":22,"unknown":0,"total":195},"items":[{"uid":"89a3228c2111cb6d","reportUrl":"https://robbrad.github.io/UKBinCollectionData/3.11/2152//#testresult/89a3228c2111cb6d","status":"failed","statusDetails":"selenium.common.exceptions.TimeoutException: Message: \nStacktrace:\n#0 0x56535060a13a <unknown>\n#1 0x5653502f05e0 <unknown>\n#2 0x56535033fbe8 <unknown>\n#3 0x56535033fe81 <unknown>\n#4 0x5653503868c4 <unknown>\n#5 0x565350364b4d <unknown>\n#6 0x565350383d7d <unknown>\n#7 0x5653503648c3 <unknown>\n#8 0x5653503326b3 <unknown>\n#9 0x56535033368e <unknown>\n#10 0x5653505d4b3b <unknown>\n#11 0x5653505d8ac1 <unknown>\n#12 0x5653505c1335 <unknown>\n#13 0x5653505d9642 <unknown>\n#14 0x5653505a649f <unknown>\n#15 0x5653505f9038 <unknown>\n#16 0x5653505f9203 <unknown>\n#17 0x565350608f8c <unknown>\n#18 0x7fca43be2a94 <unknown>\n#19 0x7fca43c6fa34 __clone","time":{"start":1728001172990,"stop":1728001243040,"duration":70050}},{"uid":"4a3b63ab1ad64cfd","reportUrl":"https://robbrad.github.io/UKBinCollectionData/3.11/2148//#testresult/4a3b63ab1ad64cfd","status":"failed","statusDetails":"selenium.common.exceptions.TimeoutException: Message: \nStacktrace:\n#0 0x5590ee6d813a <unknown>\n#1 0x5590ee3be5e0 <unknown>\n#2 0x5590ee40dbe8 <unknown>\n#3 0x5590ee40de81 <unknown>\n#4 0x5590ee4548c4 <unknown>\n#5 0x5590ee432b4d <unknown>\n#6 0x5590ee451d7d <unknown>\n#7 0x5590ee4328c3 <unknown>\n#8 0x5590ee4006b3 <unknown>\n#9 0x5590ee40168e <unknown>\n#10 0x5590ee6a2b3b <unknown>\n#11 0x5590ee6a6ac1 <unknown>\n#12 0x5590ee68f335 <unknown>\n#13 0x5590ee6a7642 <unknown>\n#14 0x5590ee67449f <unknown>\n#15 0x5590ee6c7038 <unknown>\n#16 0x5590ee6c7203 <unknown>\n#17 0x5590ee6d6f8c <unknown>\n#18 0x7fea170b5a94 <unknown>\n#19 0x7fea17142a34 __clone","time":{"start":1727932720087,"stop":1727932815514,"duration":95427}},{"uid":"6115a5e2396e7303","reportUrl":"https://robbrad.github.io/UKBinCollectionData/3.11/2146//#testresult/6115a5e2396e7303","status":"failed","statusDetails":"selenium.common.exceptions.TimeoutException: Message: \nStacktrace:\n#0 0x55e6e049813a <unknown>\n#1 0x55e6e017e5e0 <unknown>\n#2 0x55e6e01cdbe8 <unknown>\n#3 0x55e6e01cde81 <unknown>\n#4 0x55e6e02148c4 <unknown>\n#5 0x55e6e01f2b4d <unknown>\n#6 0x55e6e0211d7d <unknown>\n#7 0x55e6e01f28c3 <unknown>\n#8 0x55e6e01c06b3 <unknown>\n#9 0x55e6e01c168e <unknown>\n#10 0x55e6e0462b3b <unknown>\n#11 0x55e6e0466ac1 <unknown>\n#12 0x55e6e044f335 <unknown>\n#13 0x55e6e0467642 <unknown>\n#14 0x55e6e043449f <unknown>\n#15 0x55e6e0487038 <unknown>\n#16 0x55e6e0487203 <unknown>\n#17 0x55e6e0496f8c <unknown>\n#18 0x7fd4bc0e4a94 <unknown>\n#19 0x7fd4bc171a34 __clone","time":{"start":1727914522330,"stop":1727914618010,"duration":95680}},{"uid":"721fd5f42a6d4219","reportUrl":"https://robbrad.github.io/UKBinCollectionData/3.11/2139//#testresult/721fd5f42a6d4219","status":"failed","statusDetails":"selenium.common.exceptions.TimeoutException: Message: \nStacktrace:\n#0 0x55a7d145513a <unknown>\n#1 0x55a7d113b5e0 <unknown>\n#2 0x55a7d118abe8 <unknown>\n#3 0x55a7d118ae81 <unknown>\n#4 0x55a7d11d18c4 <unknown>\n#5 0x55a7d11afb4d <unknown>\n#6 0x55a7d11ced7d <unknown>\n#7 0x55a7d11af8c3 <unknown>\n#8 0x55a7d117d6b3 <unknown>\n#9 0x55a7d117e68e <unknown>\n#10 0x55a7d141fb3b <unknown>\n#11 0x55a7d1423ac1 <unknown>\n#12 0x55a7d140c335 <unknown>\n#13 0x55a7d1424642 <unknown>\n#14 0x55a7d13f149f <unknown>\n#15 0x55a7d1444038 <unknown>\n#16 0x55a7d1444203 <unknown>\n#17 0x55a7d1453f8c <unknown>\n#18 0x7f966adf6a94 <unknown>\n#19 0x7f966ae83a34 __clone","time":{"start":1727828103039,"stop":1727828198084,"duration":95045}},{"uid":"194ee4d75d2c5b08","reportUrl":"https://robbrad.github.io/UKBinCollectionData/3.11/2138//#testresult/194ee4d75d2c5b08","status":"failed","statusDetails":"selenium.common.exceptions.TimeoutException: Message: \nStacktrace:\n#0 0x55698288d13a <unknown>\n#1 0x5569825735e0 <unknown>\n#2 0x5569825c2be8 <unknown>\n#3 0x5569825c2e81 <unknown>\n#4 0x5569826098c4 <unknown>\n#5 0x5569825e7b4d <unknown>\n#6 0x556982606d7d <unknown>\n#7 0x5569825e78c3 <unknown>\n#8 0x5569825b56b3 <unknown>\n#9 0x5569825b668e <unknown>\n#10 0x556982857b3b <unknown>\n#11 0x55698285bac1 <unknown>\n#12 0x556982844335 <unknown>\n#13 0x55698285c642 <unknown>\n#14 0x55698282949f <unknown>\n#15 0x55698287c038 <unknown>\n#16 0x55698287c203 <unknown>\n#17 0x55698288bf8c <unknown>\n#18 0x7fa666a88a94 <unknown>\n#19 0x7fa666b15a34 __clone","time":{"start":1727741795689,"stop":1727741896483,"duration":100794}},{"uid":"847207bc501959c7","reportUrl":"https://robbrad.github.io/UKBinCollectionData/3.11/2137//#testresult/847207bc501959c7","status":"failed","statusDetails":"selenium.common.exceptions.TimeoutException: Message: \nStacktrace:\n#0 0x565206ee613a <unknown>\n#1 0x565206bcc5e0 <unknown>\n#2 0x565206c1bbe8 <unknown>\n#3 0x565206c1be81 <unknown>\n#4 0x565206c628c4 <unknown>\n#5 0x565206c40b4d <unknown>\n#6 0x565206c5fd7d <unknown>\n#7 0x565206c408c3 <unknown>\n#8 0x565206c0e6b3 <unknown>\n#9 0x565206c0f68e <unknown>\n#10 0x565206eb0b3b <unknown>\n#11 0x565206eb4ac1 <unknown>\n#12 0x565206e9d335 <unknown>\n#13 0x565206eb5642 <unknown>\n#14 0x565206e8249f <unknown>\n#15 0x565206ed5038 <unknown>\n#16 0x565206ed5203 <unknown>\n#17 0x565206ee4f8c <unknown>\n#18 0x7f686dfa5a94 <unknown>\n#19 0x7f686e032a34 __clone","time":{"start":1727655316728,"stop":1727655436369,"duration":119641}},{"uid":"ed3b00f7af5edcd9","reportUrl":"https://robbrad.github.io/UKBinCollectionData/3.11/2136//#testresult/ed3b00f7af5edcd9","status":"failed","statusDetails":"selenium.common.exceptions.TimeoutException: Message: \nStacktrace:\n#0 0x5626d9f1a13a <unknown>\n#1 0x5626d9c005e0 <unknown>\n#2 0x5626d9c4fbe8 <unknown>\n#3 0x5626d9c4fe81 <unknown>\n#4 0x5626d9c968c4 <unknown>\n#5 0x5626d9c74b4d <unknown>\n#6 0x5626d9c93d7d <unknown>\n#7 0x5626d9c748c3 <unknown>\n#8 0x5626d9c426b3 <unknown>\n#9 0x5626d9c4368e <unknown>\n#10 0x5626d9ee4b3b <unknown>\n#11 0x5626d9ee8ac1 <unknown>\n#12 0x5626d9ed1335 <unknown>\n#13 0x5626d9ee9642 <unknown>\n#14 0x5626d9eb649f <unknown>\n#15 0x5626d9f09038 <unknown>\n#16 0x5626d9f09203 <unknown>\n#17 0x5626d9f18f8c <unknown>\n#18 0x7f8d1dca9a94 <unknown>\n#19 0x7f8d1dd36a34 __clone","time":{"start":1727568918221,"stop":1727569015808,"duration":97587}},{"uid":"8713560e5c2d498b","reportUrl":"https://robbrad.github.io/UKBinCollectionData/3.11/2135//#testresult/8713560e5c2d498b","status":"failed","statusDetails":"selenium.common.exceptions.TimeoutException: Message: \nStacktrace:\n#0 0x559de057013a <unknown>\n#1 0x559de02565e0 <unknown>\n#2 0x559de02a5be8 <unknown>\n#3 0x559de02a5e81 <unknown>\n#4 0x559de02ec8c4 <unknown>\n#5 0x559de02cab4d <unknown>\n#6 0x559de02e9d7d <unknown>\n#7 0x559de02ca8c3 <unknown>\n#8 0x559de02986b3 <unknown>\n#9 0x559de029968e <unknown>\n#10 0x559de053ab3b <unknown>\n#11 0x559de053eac1 <unknown>\n#12 0x559de0527335 <unknown>\n#13 0x559de053f642 <unknown>\n#14 0x559de050c49f <unknown>\n#15 0x559de055f038 <unknown>\n#16 0x559de055f203 <unknown>\n#17 0x559de056ef8c <unknown>\n#18 0x7fb207633a94 <unknown>\n#19 0x7fb2076c0a34 __clone","time":{"start":1727482541443,"stop":1727482626951,"duration":85508}},{"uid":"6a12eb865eb403d8","reportUrl":"https://robbrad.github.io/UKBinCollectionData/3.11/2131//#testresult/6a12eb865eb403d8","status":"failed","statusDetails":"selenium.common.exceptions.TimeoutException: Message: \nStacktrace:\n#0 0x55ed7ee7313a <unknown>\n#1 0x55ed7eb595e0 <unknown>\n#2 0x55ed7eba8be8 <unknown>\n#3 0x55ed7eba8e81 <unknown>\n#4 0x55ed7ebef8c4 <unknown>\n#5 0x55ed7ebcdb4d <unknown>\n#6 0x55ed7ebecd7d <unknown>\n#7 0x55ed7ebcd8c3 <unknown>\n#8 0x55ed7eb9b6b3 <unknown>\n#9 0x55ed7eb9c68e <unknown>\n#10 0x55ed7ee3db3b <unknown>\n#11 0x55ed7ee41ac1 <unknown>\n#12 0x55ed7ee2a335 <unknown>\n#13 0x55ed7ee42642 <unknown>\n#14 0x55ed7ee0f49f <unknown>\n#15 0x55ed7ee62038 <unknown>\n#16 0x55ed7ee62203 <unknown>\n#17 0x55ed7ee71f8c <unknown>\n#18 0x7ff7c47dba94 <unknown>\n#19 0x7ff7c4868a34 __clone","time":{"start":1727422510087,"stop":1727422610661,"duration":100574}},{"uid":"97e07df5195e57f1","reportUrl":"https://robbrad.github.io/UKBinCollectionData/3.11/2130//#testresult/97e07df5195e57f1","status":"failed","statusDetails":"selenium.common.exceptions.TimeoutException: Message: \nStacktrace:\n#0 0x5644ae7d513a <unknown>\n#1 0x5644ae4bb5e0 <unknown>\n#2 0x5644ae50abe8 <unknown>\n#3 0x5644ae50ae81 <unknown>\n#4 0x5644ae5518c4 <unknown>\n#5 0x5644ae52fb4d <unknown>\n#6 0x5644ae54ed7d <unknown>\n#7 0x5644ae52f8c3 <unknown>\n#8 0x5644ae4fd6b3 <unknown>\n#9 0x5644ae4fe68e <unknown>\n#10 0x5644ae79fb3b <unknown>\n#11 0x5644ae7a3ac1 <unknown>\n#12 0x5644ae78c335 <unknown>\n#13 0x5644ae7a4642 <unknown>\n#14 0x5644ae77149f <unknown>\n#15 0x5644ae7c4038 <unknown>\n#16 0x5644ae7c4203 <unknown>\n#17 0x5644ae7d3f8c <unknown>\n#18 0x7fd3985f9a94 <unknown>\n#19 0x7fd398686a34 __clone","time":{"start":1727396217002,"stop":1727396296224,"duration":79222}},{"uid":"6ec7cc7b22c4360c","reportUrl":"https://robbrad.github.io/UKBinCollectionData/3.11/2129//#testresult/6ec7cc7b22c4360c","status":"failed","statusDetails":"selenium.common.exceptions.TimeoutException: Message: \nStacktrace:\n#0 0x55e07208613a <unknown>\n#1 0x55e071d6c5e0 <unknown>\n#2 0x55e071dbbbe8 <unknown>\n#3 0x55e071dbbe81 <unknown>\n#4 0x55e071e028c4 <unknown>\n#5 0x55e071de0b4d <unknown>\n#6 0x55e071dffd7d <unknown>\n#7 0x55e071de08c3 <unknown>\n#8 0x55e071dae6b3 <unknown>\n#9 0x55e071daf68e <unknown>\n#10 0x55e072050b3b <unknown>\n#11 0x55e072054ac1 <unknown>\n#12 0x55e07203d335 <unknown>\n#13 0x55e072055642 <unknown>\n#14 0x55e07202249f <unknown>\n#15 0x55e072075038 <unknown>\n#16 0x55e072075203 <unknown>\n#17 0x55e072084f8c <unknown>\n#18 0x7f58902b6a94 <unknown>\n#19 0x7f5890343a34 __clone","time":{"start":1727309728375,"stop":1727309824318,"duration":95943}},{"uid":"92dc288142003529","reportUrl":"https://robbrad.github.io/UKBinCollectionData/3.11/2128//#testresult/92dc288142003529","status":"failed","statusDetails":"selenium.common.exceptions.TimeoutException: Message: \nStacktrace:\n#0 0x556577e5c13a <unknown>\n#1 0x556577b425e0 <unknown>\n#2 0x556577b91be8 <unknown>\n#3 0x556577b91e81 <unknown>\n#4 0x556577bd88c4 <unknown>\n#5 0x556577bb6b4d <unknown>\n#6 0x556577bd5d7d <unknown>\n#7 0x556577bb68c3 <unknown>\n#8 0x556577b846b3 <unknown>\n#9 0x556577b8568e <unknown>\n#10 0x556577e26b3b <unknown>\n#11 0x556577e2aac1 <unknown>\n#12 0x556577e13335 <unknown>\n#13 0x556577e2b642 <unknown>\n#14 0x556577df849f <unknown>\n#15 0x556577e4b038 <unknown>\n#16 0x556577e4b203 <unknown>\n#17 0x556577e5af8c <unknown>\n#18 0x7f9116946a94 <unknown>\n#19 0x7f91169d3a34 __clone","time":{"start":1727223336321,"stop":1727223431068,"duration":94747}},{"uid":"5286bc2f205dea36","reportUrl":"https://robbrad.github.io/UKBinCollectionData/3.11/2127//#testresult/5286bc2f205dea36","status":"failed","statusDetails":"selenium.common.exceptions.TimeoutException: Message: \nStacktrace:\n#0 0x55a0a876413a <unknown>\n#1 0x55a0a844a5e0 <unknown>\n#2 0x55a0a8499be8 <unknown>\n#3 0x55a0a8499e81 <unknown>\n#4 0x55a0a84e08c4 <unknown>\n#5 0x55a0a84beb4d <unknown>\n#6 0x55a0a84ddd7d <unknown>\n#7 0x55a0a84be8c3 <unknown>\n#8 0x55a0a848c6b3 <unknown>\n#9 0x55a0a848d68e <unknown>\n#10 0x55a0a872eb3b <unknown>\n#11 0x55a0a8732ac1 <unknown>\n#12 0x55a0a871b335 <unknown>\n#13 0x55a0a8733642 <unknown>\n#14 0x55a0a870049f <unknown>\n#15 0x55a0a8753038 <unknown>\n#16 0x55a0a8753203 <unknown>\n#17 0x55a0a8762f8c <unknown>\n#18 0x7fe81749ea94 <unknown>\n#19 0x7fe81752ba34 __clone","time":{"start":1727136959645,"stop":1727137073161,"duration":113516}},{"uid":"416ec27b2d77d5c2","reportUrl":"https://robbrad.github.io/UKBinCollectionData/3.11/2126//#testresult/416ec27b2d77d5c2","status":"failed","statusDetails":"selenium.common.exceptions.TimeoutException: Message: \nStacktrace:\n#0 0x558ae4b3f13a <unknown>\n#1 0x558ae48255e0 <unknown>\n#2 0x558ae4874be8 <unknown>\n#3 0x558ae4874e81 <unknown>\n#4 0x558ae48bb8c4 <unknown>\n#5 0x558ae4899b4d <unknown>\n#6 0x558ae48b8d7d <unknown>\n#7 0x558ae48998c3 <unknown>\n#8 0x558ae48676b3 <unknown>\n#9 0x558ae486868e <unknown>\n#10 0x558ae4b09b3b <unknown>\n#11 0x558ae4b0dac1 <unknown>\n#12 0x558ae4af6335 <unknown>\n#13 0x558ae4b0e642 <unknown>\n#14 0x558ae4adb49f <unknown>\n#15 0x558ae4b2e038 <unknown>\n#16 0x558ae4b2e203 <unknown>\n#17 0x558ae4b3df8c <unknown>\n#18 0x7f028e1a8a94 <unknown>\n#19 0x7f028e235a34 __clone","time":{"start":1727050532037,"stop":1727050613467,"duration":81430}},{"uid":"d2c279d180e69dc7","reportUrl":"https://robbrad.github.io/UKBinCollectionData/3.11/2125//#testresult/d2c279d180e69dc7","status":"failed","statusDetails":"selenium.common.exceptions.TimeoutException: Message: \nStacktrace:\n#0 0x55b94158e86a <unknown>\n#1 0x55b94125ce50 <unknown>\n#2 0x55b9412ac644 <unknown>\n#3 0x55b9412ac931 <unknown>\n#4 0x55b9412f2534 <unknown>\n#5 0x55b9412d14bd <unknown>\n#6 0x55b9412ef9c6 <unknown>\n#7 0x55b9412d1233 <unknown>\n#8 0x55b94129f093 <unknown>\n#9 0x55b9412a009e <unknown>\n#10 0x55b941555acb <unknown>\n#11 0x55b941559a81 <unknown>\n#12 0x55b941541695 <unknown>\n#13 0x55b94155a5f2 <unknown>\n#14 0x55b94152686f <unknown>\n#15 0x55b94157d668 <unknown>\n#16 0x55b94157d832 <unknown>\n#17 0x55b94158d65c <unknown>\n#18 0x7f5aad1eba94 <unknown>\n#19 0x7f5aad278a34 __clone","time":{"start":1726964308481,"stop":1726964375952,"duration":67471}},{"uid":"acaee4af8ea72828","reportUrl":"https://robbrad.github.io/UKBinCollectionData/3.11/2124//#testresult/acaee4af8ea72828","status":"failed","statusDetails":"selenium.common.exceptions.TimeoutException: Message: \nStacktrace:\n#0 0x55734ed7e86a <unknown>\n#1 0x55734ea4ce50 <unknown>\n#2 0x55734ea9c644 <unknown>\n#3 0x55734ea9c931 <unknown>\n#4 0x55734eae2534 <unknown>\n#5 0x55734eac14bd <unknown>\n#6 0x55734eadf9c6 <unknown>\n#7 0x55734eac1233 <unknown>\n#8 0x55734ea8f093 <unknown>\n#9 0x55734ea9009e <unknown>\n#10 0x55734ed45acb <unknown>\n#11 0x55734ed49a81 <unknown>\n#12 0x55734ed31695 <unknown>\n#13 0x55734ed4a5f2 <unknown>\n#14 0x55734ed1686f <unknown>\n#15 0x55734ed6d668 <unknown>\n#16 0x55734ed6d832 <unknown>\n#17 0x55734ed7d65c <unknown>\n#18 0x7efd770f4a94 <unknown>\n#19 0x7efd77181a34 __clone","time":{"start":1726877796194,"stop":1726877884712,"duration":88518}},{"uid":"9983d6a4faf40fa6","reportUrl":"https://robbrad.github.io/UKBinCollectionData/3.11/2123//#testresult/9983d6a4faf40fa6","status":"failed","statusDetails":"selenium.common.exceptions.TimeoutException: Message: \nStacktrace:\n#0 0x55c01edb486a <unknown>\n#1 0x55c01ea82e50 <unknown>\n#2 0x55c01ead2644 <unknown>\n#3 0x55c01ead2931 <unknown>\n#4 0x55c01eb18534 <unknown>\n#5 0x55c01eaf74bd <unknown>\n#6 0x55c01eb159c6 <unknown>\n#7 0x55c01eaf7233 <unknown>\n#8 0x55c01eac5093 <unknown>\n#9 0x55c01eac609e <unknown>\n#10 0x55c01ed7bacb <unknown>\n#11 0x55c01ed7fa81 <unknown>\n#12 0x55c01ed67695 <unknown>\n#13 0x55c01ed805f2 <unknown>\n#14 0x55c01ed4c86f <unknown>\n#15 0x55c01eda3668 <unknown>\n#16 0x55c01eda3832 <unknown>\n#17 0x55c01edb365c <unknown>\n#18 0x7faf85879a94 <unknown>\n#19 0x7faf85906a34 __clone","time":{"start":1726791384562,"stop":1726791465905,"duration":81343}},{"uid":"c3921e7946be79bc","reportUrl":"https://robbrad.github.io/UKBinCollectionData/3.11/2122//#testresult/c3921e7946be79bc","status":"failed","statusDetails":"selenium.common.exceptions.TimeoutException: Message: \nStacktrace:\n#0 0x563877e6086a <unknown>\n#1 0x563877b2ee50 <unknown>\n#2 0x563877b7e644 <unknown>\n#3 0x563877b7e931 <unknown>\n#4 0x563877bc4534 <unknown>\n#5 0x563877ba34bd <unknown>\n#6 0x563877bc19c6 <unknown>\n#7 0x563877ba3233 <unknown>\n#8 0x563877b71093 <unknown>\n#9 0x563877b7209e <unknown>\n#10 0x563877e27acb <unknown>\n#11 0x563877e2ba81 <unknown>\n#12 0x563877e13695 <unknown>\n#13 0x563877e2c5f2 <unknown>\n#14 0x563877df886f <unknown>\n#15 0x563877e4f668 <unknown>\n#16 0x563877e4f832 <unknown>\n#17 0x563877e5f65c <unknown>\n#18 0x7fa78fc72a94 <unknown>\n#19 0x7fa78fcffa34 __clone","time":{"start":1726705012484,"stop":1726705099958,"duration":87474}},{"uid":"9a9dffdebbb1d391","reportUrl":"https://robbrad.github.io/UKBinCollectionData/3.11/2121//#testresult/9a9dffdebbb1d391","status":"failed","statusDetails":"selenium.common.exceptions.TimeoutException: Message: \nStacktrace:\n#0 0x55dd415dd86a <unknown>\n#1 0x55dd412abe50 <unknown>\n#2 0x55dd412fb644 <unknown>\n#3 0x55dd412fb931 <unknown>\n#4 0x55dd41341534 <unknown>\n#5 0x55dd413204bd <unknown>\n#6 0x55dd4133e9c6 <unknown>\n#7 0x55dd41320233 <unknown>\n#8 0x55dd412ee093 <unknown>\n#9 0x55dd412ef09e <unknown>\n#10 0x55dd415a4acb <unknown>\n#11 0x55dd415a8a81 <unknown>\n#12 0x55dd41590695 <unknown>\n#13 0x55dd415a95f2 <unknown>\n#14 0x55dd4157586f <unknown>\n#15 0x55dd415cc668 <unknown>\n#16 0x55dd415cc832 <unknown>\n#17 0x55dd415dc65c <unknown>\n#18 0x7f884c72ba94 <unknown>\n#19 0x7f884c7b8a34 __clone","time":{"start":1726618608781,"stop":1726618704799,"duration":96018}},{"uid":"856d72a91ad8938","reportUrl":"https://robbrad.github.io/UKBinCollectionData/3.11/2120//#testresult/856d72a91ad8938","status":"failed","statusDetails":"selenium.common.exceptions.TimeoutException: Message: \nStacktrace:\n#0 0x55b3a8d5f86a <unknown>\n#1 0x55b3a8a2de50 <unknown>\n#2 0x55b3a8a7d644 <unknown>\n#3 0x55b3a8a7d931 <unknown>\n#4 0x55b3a8ac3534 <unknown>\n#5 0x55b3a8aa24bd <unknown>\n#6 0x55b3a8ac09c6 <unknown>\n#7 0x55b3a8aa2233 <unknown>\n#8 0x55b3a8a70093 <unknown>\n#9 0x55b3a8a7109e <unknown>\n#10 0x55b3a8d26acb <unknown>\n#11 0x55b3a8d2aa81 <unknown>\n#12 0x55b3a8d12695 <unknown>\n#13 0x55b3a8d2b5f2 <unknown>\n#14 0x55b3a8cf786f <unknown>\n#15 0x55b3a8d4e668 <unknown>\n#16 0x55b3a8d4e832 <unknown>\n#17 0x55b3a8d5e65c <unknown>\n#18 0x7f10364d5a94 <unknown>\n#19 0x7f1036562a34 __clone","time":{"start":1726532149033,"stop":1726532227648,"duration":78615}}]},"tags":[]},"source":"9ba1dc49fe34dcc7.json","parameterValues":["GatesheadCouncil"]}