{"uid":"2a6be5b4905f6133","name":"Validate Council Output [StaffordshireMoorlandsDistrictCouncil]","fullName":"features/validate_council_outputs.feature:Validate Council Output","historyId":"43ce41b46876976a27337fcdb402fec8","time":{"start":1727933584614,"stop":1727933626836,"duration":42222},"status":"failed","statusMessage":"selenium.common.exceptions.TimeoutException: Message: \nStacktrace:\n#0 0x5581dfcdb13a <unknown>\n#1 0x5581df9c15e0 <unknown>\n#2 0x5581dfa10be8 <unknown>\n#3 0x5581dfa10e81 <unknown>\n#4 0x5581dfa578c4 <unknown>\n#5 0x5581dfa35b4d <unknown>\n#6 0x5581dfa54d7d <unknown>\n#7 0x5581dfa358c3 <unknown>\n#8 0x5581dfa036b3 <unknown>\n#9 0x5581dfa0468e <unknown>\n#10 0x5581dfca5b3b <unknown>\n#11 0x5581dfca9ac1 <unknown>\n#12 0x5581dfc92335 <unknown>\n#13 0x5581dfcaa642 <unknown>\n#14 0x5581dfc7749f <unknown>\n#15 0x5581dfcca038 <unknown>\n#16 0x5581dfcca203 <unknown>\n#17 0x5581dfcd9f8c <unknown>\n#18 0x7fdab7845a94 <unknown>\n#19 0x7fdab78d2a34 __clone","statusTrace":"fixturefunc = <function scrape_step at 0x7fc0e62976a0>\nrequest = <FixtureRequest for <Function test_scenario_outline[StaffordshireMoorlandsDistrictCouncil]>>\nkwargs = {'context': <test_validate_council.Context object at 0x7fc0f8c60dd0>, 'headless_mode': 'True', 'local_browser': 'False', 'selenium_url': 'http://localhost:4444'}\n\n    def call_fixture_func(\n        fixturefunc: _FixtureFunc[FixtureValue], request: FixtureRequest, kwargs\n    ) -> FixtureValue:\n        if is_generator(fixturefunc):\n            fixturefunc = cast(\n                Callable[..., Generator[FixtureValue, None, None]], fixturefunc\n            )\n            generator = fixturefunc(**kwargs)\n            try:\n                fixture_result = next(generator)\n            except StopIteration:\n                raise ValueError(f\"{request.fixturename} did not yield a value\") from None\n            finalizer = functools.partial(_teardown_yield_fixture, fixturefunc, generator)\n            request.addfinalizer(finalizer)\n        else:\n            fixturefunc = cast(Callable[..., FixtureValue], fixturefunc)\n>           fixture_result = fixturefunc(**kwargs)\n\n../../../.cache/pypoetry/virtualenvs/uk-bin-collection-EwS6Gn8s-py3.12/lib/python3.12/site-packages/_pytest/fixtures.py:898: \n_ _ _ _ _ _ _ _ _ _ _ _ _ _ _ _ _ _ _ _ _ _ _ _ _ _ _ _ _ _ _ _ _ _ _ _ _ _ _ _ \nuk_bin_collection/tests/step_defs/test_validate_council.py:100: in scrape_step\n    context.parse_result = CollectData.run()\nuk_bin_collection/uk_bin_collection/collect_data.py:101: in run\n    return self.client_code(\nuk_bin_collection/uk_bin_collection/collect_data.py:121: in client_code\n    return get_bin_data_class.template_method(address_url, **kwargs)\nuk_bin_collection/uk_bin_collection/get_bin_data.py:61: in template_method\n    bin_data_dict = self.get_and_parse_data(this_url, **kwargs)\nuk_bin_collection/uk_bin_collection/get_bin_data.py:84: in get_and_parse_data\n    bin_data_dict = self.parse_data(\"\", url=address_url, **kwargs)\nuk_bin_collection/uk_bin_collection/councils/StaffordshireMoorlandsDistrictCouncil.py:33: in parse_data\n    cookieAccept = WebDriverWait(driver, 10).until(\n_ _ _ _ _ _ _ _ _ _ _ _ _ _ _ _ _ _ _ _ _ _ _ _ _ _ _ _ _ _ _ _ _ _ _ _ _ _ _ _ \n\nself = <selenium.webdriver.support.wait.WebDriverWait (session=\"8f1e49f212b86e42a346ae7d607fecf6\")>\nmethod = <function presence_of_element_located.<locals>._predicate at 0x7fc0e57bfba0>\nmessage = ''\n\n    def until(self, method: Callable[[D], Union[Literal[False], T]], message: str = \"\") -> T:\n        \"\"\"Calls the method provided with the driver as an argument until the \\\n        return value does not evaluate to ``False``.\n    \n        :param method: callable(WebDriver)\n        :param message: optional message for :exc:`TimeoutException`\n        :returns: the result of the last call to `method`\n        :raises: :exc:`selenium.common.exceptions.TimeoutException` if timeout occurs\n        \"\"\"\n        screen = None\n        stacktrace = None\n    \n        end_time = time.monotonic() + self._timeout\n        while True:\n            try:\n                value = method(self._driver)\n                if value:\n                    return value\n            except self._ignored_exceptions as exc:\n                screen = getattr(exc, \"screen\", None)\n                stacktrace = getattr(exc, \"stacktrace\", None)\n            time.sleep(self._poll)\n            if time.monotonic() > end_time:\n                break\n>       raise TimeoutException(message, screen, stacktrace)\nE       selenium.common.exceptions.TimeoutException: Message: \nE       Stacktrace:\nE       #0 0x5581dfcdb13a <unknown>\nE       #1 0x5581df9c15e0 <unknown>\nE       #2 0x5581dfa10be8 <unknown>\nE       #3 0x5581dfa10e81 <unknown>\nE       #4 0x5581dfa578c4 <unknown>\nE       #5 0x5581dfa35b4d <unknown>\nE       #6 0x5581dfa54d7d <unknown>\nE       #7 0x5581dfa358c3 <unknown>\nE       #8 0x5581dfa036b3 <unknown>\nE       #9 0x5581dfa0468e <unknown>\nE       #10 0x5581dfca5b3b <unknown>\nE       #11 0x5581dfca9ac1 <unknown>\nE       #12 0x5581dfc92335 <unknown>\nE       #13 0x5581dfcaa642 <unknown>\nE       #14 0x5581dfc7749f <unknown>\nE       #15 0x5581dfcca038 <unknown>\nE       #16 0x5581dfcca203 <unknown>\nE       #17 0x5581dfcd9f8c <unknown>\nE       #18 0x7fdab7845a94 <unknown>\nE       #19 0x7fdab78d2a34 __clone\n\n../../../.cache/pypoetry/virtualenvs/uk-bin-collection-EwS6Gn8s-py3.12/lib/python3.12/site-packages/selenium/webdriver/support/wait.py:105: TimeoutException","flaky":true,"newFailed":false,"newBroken":false,"newPassed":false,"retriesCount":0,"retriesStatusChange":false,"beforeStages":[],"testStage":{"status":"failed","statusMessage":"selenium.common.exceptions.TimeoutException: Message: \nStacktrace:\n#0 0x5581dfcdb13a <unknown>\n#1 0x5581df9c15e0 <unknown>\n#2 0x5581dfa10be8 <unknown>\n#3 0x5581dfa10e81 <unknown>\n#4 0x5581dfa578c4 <unknown>\n#5 0x5581dfa35b4d <unknown>\n#6 0x5581dfa54d7d <unknown>\n#7 0x5581dfa358c3 <unknown>\n#8 0x5581dfa036b3 <unknown>\n#9 0x5581dfa0468e <unknown>\n#10 0x5581dfca5b3b <unknown>\n#11 0x5581dfca9ac1 <unknown>\n#12 0x5581dfc92335 <unknown>\n#13 0x5581dfcaa642 <unknown>\n#14 0x5581dfc7749f <unknown>\n#15 0x5581dfcca038 <unknown>\n#16 0x5581dfcca203 <unknown>\n#17 0x5581dfcd9f8c <unknown>\n#18 0x7fdab7845a94 <unknown>\n#19 0x7fdab78d2a34 __clone","statusTrace":"fixturefunc = <function scrape_step at 0x7fc0e62976a0>\nrequest = <FixtureRequest for <Function test_scenario_outline[StaffordshireMoorlandsDistrictCouncil]>>\nkwargs = {'context': <test_validate_council.Context object at 0x7fc0f8c60dd0>, 'headless_mode': 'True', 'local_browser': 'False', 'selenium_url': 'http://localhost:4444'}\n\n    def call_fixture_func(\n        fixturefunc: _FixtureFunc[FixtureValue], request: FixtureRequest, kwargs\n    ) -> FixtureValue:\n        if is_generator(fixturefunc):\n            fixturefunc = cast(\n                Callable[..., Generator[FixtureValue, None, None]], fixturefunc\n            )\n            generator = fixturefunc(**kwargs)\n            try:\n                fixture_result = next(generator)\n            except StopIteration:\n                raise ValueError(f\"{request.fixturename} did not yield a value\") from None\n            finalizer = functools.partial(_teardown_yield_fixture, fixturefunc, generator)\n            request.addfinalizer(finalizer)\n        else:\n            fixturefunc = cast(Callable[..., FixtureValue], fixturefunc)\n>           fixture_result = fixturefunc(**kwargs)\n\n../../../.cache/pypoetry/virtualenvs/uk-bin-collection-EwS6Gn8s-py3.12/lib/python3.12/site-packages/_pytest/fixtures.py:898: \n_ _ _ _ _ _ _ _ _ _ _ _ _ _ _ _ _ _ _ _ _ _ _ _ _ _ _ _ _ _ _ _ _ _ _ _ _ _ _ _ \nuk_bin_collection/tests/step_defs/test_validate_council.py:100: in scrape_step\n    context.parse_result = CollectData.run()\nuk_bin_collection/uk_bin_collection/collect_data.py:101: in run\n    return self.client_code(\nuk_bin_collection/uk_bin_collection/collect_data.py:121: in client_code\n    return get_bin_data_class.template_method(address_url, **kwargs)\nuk_bin_collection/uk_bin_collection/get_bin_data.py:61: in template_method\n    bin_data_dict = self.get_and_parse_data(this_url, **kwargs)\nuk_bin_collection/uk_bin_collection/get_bin_data.py:84: in get_and_parse_data\n    bin_data_dict = self.parse_data(\"\", url=address_url, **kwargs)\nuk_bin_collection/uk_bin_collection/councils/StaffordshireMoorlandsDistrictCouncil.py:33: in parse_data\n    cookieAccept = WebDriverWait(driver, 10).until(\n_ _ _ _ _ _ _ _ _ _ _ _ _ _ _ _ _ _ _ _ _ _ _ _ _ _ _ _ _ _ _ _ _ _ _ _ _ _ _ _ \n\nself = <selenium.webdriver.support.wait.WebDriverWait (session=\"8f1e49f212b86e42a346ae7d607fecf6\")>\nmethod = <function presence_of_element_located.<locals>._predicate at 0x7fc0e57bfba0>\nmessage = ''\n\n    def until(self, method: Callable[[D], Union[Literal[False], T]], message: str = \"\") -> T:\n        \"\"\"Calls the method provided with the driver as an argument until the \\\n        return value does not evaluate to ``False``.\n    \n        :param method: callable(WebDriver)\n        :param message: optional message for :exc:`TimeoutException`\n        :returns: the result of the last call to `method`\n        :raises: :exc:`selenium.common.exceptions.TimeoutException` if timeout occurs\n        \"\"\"\n        screen = None\n        stacktrace = None\n    \n        end_time = time.monotonic() + self._timeout\n        while True:\n            try:\n                value = method(self._driver)\n                if value:\n                    return value\n            except self._ignored_exceptions as exc:\n                screen = getattr(exc, \"screen\", None)\n                stacktrace = getattr(exc, \"stacktrace\", None)\n            time.sleep(self._poll)\n            if time.monotonic() > end_time:\n                break\n>       raise TimeoutException(message, screen, stacktrace)\nE       selenium.common.exceptions.TimeoutException: Message: \nE       Stacktrace:\nE       #0 0x5581dfcdb13a <unknown>\nE       #1 0x5581df9c15e0 <unknown>\nE       #2 0x5581dfa10be8 <unknown>\nE       #3 0x5581dfa10e81 <unknown>\nE       #4 0x5581dfa578c4 <unknown>\nE       #5 0x5581dfa35b4d <unknown>\nE       #6 0x5581dfa54d7d <unknown>\nE       #7 0x5581dfa358c3 <unknown>\nE       #8 0x5581dfa036b3 <unknown>\nE       #9 0x5581dfa0468e <unknown>\nE       #10 0x5581dfca5b3b <unknown>\nE       #11 0x5581dfca9ac1 <unknown>\nE       #12 0x5581dfc92335 <unknown>\nE       #13 0x5581dfcaa642 <unknown>\nE       #14 0x5581dfc7749f <unknown>\nE       #15 0x5581dfcca038 <unknown>\nE       #16 0x5581dfcca203 <unknown>\nE       #17 0x5581dfcd9f8c <unknown>\nE       #18 0x7fdab7845a94 <unknown>\nE       #19 0x7fdab78d2a34 __clone\n\n../../../.cache/pypoetry/virtualenvs/uk-bin-collection-EwS6Gn8s-py3.12/lib/python3.12/site-packages/selenium/webdriver/support/wait.py:105: TimeoutException","steps":[{"name":"Given the council","time":{"start":1727933584615,"stop":1727933584615,"duration":0},"status":"passed","steps":[],"attachments":[],"parameters":[],"shouldDisplayMessage":false,"stepsCount":0,"attachmentsCount":0,"hasContent":false,"attachmentStep":false},{"name":"When we scrape the data from the council","time":{"start":1727933584615,"stop":1727933626836,"duration":42221},"status":"failed","statusMessage":"Message: \nStacktrace:\n#0 0x5581dfcdb13a <unknown>\n#1 0x5581df9c15e0 <unknown>\n#2 0x5581dfa10be8 <unknown>\n#3 0x5581dfa10e81 <unknown>\n#4 0x5581dfa578c4 <unknown>\n#5 0x5581dfa35b4d <unknown>\n#6 0x5581dfa54d7d <unknown>\n#7 0x5581dfa358c3 <unknown>\n#8 0x5581dfa036b3 <unknown>\n#9 0x5581dfa0468e <unknown>\n#10 0x5581dfca5b3b <unknown>\n#11 0x5581dfca9ac1 <unknown>\n#12 0x5581dfc92335 <unknown>\n#13 0x5581dfcaa642 <unknown>\n#14 0x5581dfc7749f <unknown>\n#15 0x5581dfcca038 <unknown>\n#16 0x5581dfcca203 <unknown>\n#17 0x5581dfcd9f8c <unknown>\n#18 0x7fdab7845a94 <unknown>\n#19 0x7fdab78d2a34 __clone\n","statusTrace":"selenium.common.exceptions.TimeoutException: Message: \nStacktrace:\n#0 0x5581dfcdb13a <unknown>\n#1 0x5581df9c15e0 <unknown>\n#2 0x5581dfa10be8 <unknown>\n#3 0x5581dfa10e81 <unknown>\n#4 0x5581dfa578c4 <unknown>\n#5 0x5581dfa35b4d <unknown>\n#6 0x5581dfa54d7d <unknown>\n#7 0x5581dfa358c3 <unknown>\n#8 0x5581dfa036b3 <unknown>\n#9 0x5581dfa0468e <unknown>\n#10 0x5581dfca5b3b <unknown>\n#11 0x5581dfca9ac1 <unknown>\n#12 0x5581dfc92335 <unknown>\n#13 0x5581dfcaa642 <unknown>\n#14 0x5581dfc7749f <unknown>\n#15 0x5581dfcca038 <unknown>\n#16 0x5581dfcca203 <unknown>\n#17 0x5581dfcd9f8c <unknown>\n#18 0x7fdab7845a94 <unknown>\n#19 0x7fdab78d2a34 __clone\n\n","steps":[],"attachments":[],"parameters":[],"shouldDisplayMessage":true,"stepsCount":0,"attachmentsCount":0,"hasContent":true,"attachmentStep":false}],"attachments":[{"uid":"6f428008edc34ab3","name":"stdout","source":"6f428008edc34ab3.txt","type":"text/plain","size":64}],"parameters":[],"shouldDisplayMessage":true,"stepsCount":2,"attachmentsCount":1,"hasContent":true,"attachmentStep":false},"afterStages":[],"labels":[{"name":"host","value":"fv-az732-326"},{"name":"thread","value":"2718-MainThread"},{"name":"framework","value":"pytest-bdd"},{"name":"language","value":"cpython3"},{"name":"feature","value":"Test each council output matches expected results"},{"name":"resultFormat","value":"allure2"}],"parameters":[{"name":"council","value":"StaffordshireMoorlandsDistrictCouncil"}],"links":[],"hidden":false,"retry":false,"extra":{"severity":"normal","retries":[],"categories":[{"name":"Product defects","matchedStatuses":[],"flaky":false}],"history":{"statistic":{"failed":24,"broken":0,"skipped":0,"passed":136,"unknown":0,"total":160},"items":[{"uid":"8cbd7123c26b4e4","reportUrl":"https://robbrad.github.io/UKBinCollectionData/3.12/2146//#testresult/8cbd7123c26b4e4","status":"failed","statusDetails":"selenium.common.exceptions.TimeoutException: Message: \nStacktrace:\n#0 0x556e1e74313a <unknown>\n#1 0x556e1e4295e0 <unknown>\n#2 0x556e1e478be8 <unknown>\n#3 0x556e1e478e81 <unknown>\n#4 0x556e1e4bf8c4 <unknown>\n#5 0x556e1e49db4d <unknown>\n#6 0x556e1e4bcd7d <unknown>\n#7 0x556e1e49d8c3 <unknown>\n#8 0x556e1e46b6b3 <unknown>\n#9 0x556e1e46c68e <unknown>\n#10 0x556e1e70db3b <unknown>\n#11 0x556e1e711ac1 <unknown>\n#12 0x556e1e6fa335 <unknown>\n#13 0x556e1e712642 <unknown>\n#14 0x556e1e6df49f <unknown>\n#15 0x556e1e732038 <unknown>\n#16 0x556e1e732203 <unknown>\n#17 0x556e1e741f8c <unknown>\n#18 0x7f9a73546a94 <unknown>\n#19 0x7f9a735d3a34 __clone","time":{"start":1727914850952,"stop":1727915101794,"duration":250842}},{"uid":"b29559d8c9ef4249","reportUrl":"https://robbrad.github.io/UKBinCollectionData/3.12/2139//#testresult/b29559d8c9ef4249","status":"failed","statusDetails":"selenium.common.exceptions.TimeoutException: Message: \nStacktrace:\n#0 0x5625cc84e13a <unknown>\n#1 0x5625cc5345e0 <unknown>\n#2 0x5625cc583be8 <unknown>\n#3 0x5625cc583e81 <unknown>\n#4 0x5625cc5ca8c4 <unknown>\n#5 0x5625cc5a8b4d <unknown>\n#6 0x5625cc5c7d7d <unknown>\n#7 0x5625cc5a88c3 <unknown>\n#8 0x5625cc5766b3 <unknown>\n#9 0x5625cc57768e <unknown>\n#10 0x5625cc818b3b <unknown>\n#11 0x5625cc81cac1 <unknown>\n#12 0x5625cc805335 <unknown>\n#13 0x5625cc81d642 <unknown>\n#14 0x5625cc7ea49f <unknown>\n#15 0x5625cc83d038 <unknown>\n#16 0x5625cc83d203 <unknown>\n#17 0x5625cc84cf8c <unknown>\n#18 0x7fa39f9aca94 <unknown>\n#19 0x7fa39fa39a34 __clone","time":{"start":1727828370046,"stop":1727828644026,"duration":273980}},{"uid":"531472a8327beee3","reportUrl":"https://robbrad.github.io/UKBinCollectionData/3.12/2138//#testresult/531472a8327beee3","status":"passed","time":{"start":1727742027820,"stop":1727742315433,"duration":287613}},{"uid":"7cbc68f39b2186c5","reportUrl":"https://robbrad.github.io/UKBinCollectionData/3.12/2137//#testresult/7cbc68f39b2186c5","status":"passed","time":{"start":1727655931746,"stop":1727655972772,"duration":41026}},{"uid":"3ce696aa22e80a08","reportUrl":"https://robbrad.github.io/UKBinCollectionData/3.12/2136//#testresult/3ce696aa22e80a08","status":"failed","statusDetails":"selenium.common.exceptions.SessionNotCreatedException: Message: Could not start a new session. New session request timed out \nHost info: host: 'selenium', ip: '172.18.0.2'\nBuild info: version: '4.25.0', revision: '030fcf7918'\nSystem info: os.name: 'Linux', os.arch: 'amd64', os.version: '6.8.0-1014-azure', java.version: '17.0.12'\nDriver info: driver.version: unknown\nStacktrace:\n    at org.openqa.selenium.grid.sessionqueue.local.LocalNewSessionQueue.addToQueue (LocalNewSessionQueue.java:221)\n    at org.openqa.selenium.grid.sessionqueue.NewSessionQueue.lambda$new$0 (NewSessionQueue.java:68)\n    at org.openqa.selenium.remote.http.Route$TemplatizedRoute.handle (Route.java:192)\n    at org.openqa.selenium.remote.http.Route.execute (Route.java:69)\n    at org.openqa.selenium.remote.http.Route$CombinedRoute.handle (Route.java:360)\n    at org.openqa.selenium.remote.http.Route.execute (Route.java:69)\n    at org.openqa.selenium.grid.sessionqueue.NewSessionQueue.execute (NewSessionQueue.java:128)\n    at org.openqa.selenium.remote.tracing.SpanWrappedHttpHandler.execute (SpanWrappedHttpHandler.java:87)\n    at org.openqa.selenium.remote.http.Filter$1.execute (Filter.java:63)\n    at org.openqa.selenium.remote.http.Route$CombinedRoute.handle (Route.java:360)\n    at org.openqa.selenium.remote.http.Route.execute (Route.java:69)\n    at org.openqa.selenium.grid.router.Router.execute (Router.java:87)\n    at org.openqa.selenium.grid.web.EnsureSpecCompliantResponseHeaders.lambda$apply$0 (EnsureSpecCompliantResponseHeaders.java:34)\n    at org.openqa.selenium.remote.http.Filter$1.execute (Filter.java:63)\n    at org.openqa.selenium.remote.http.Route$CombinedRoute.handle (Route.java:360)\n    at org.openqa.selenium.remote.http.Route.execute (Route.java:69)\n    at org.openqa.selenium.remote.AddWebDriverSpecHeaders.lambda$apply$0 (AddWebDriverSpecHeaders.java:35)\n    at org.openqa.selenium.remote.ErrorFilter.lambda$apply$0 (ErrorFilter.java:44)\n    at org.openqa.selenium.remote.http.Filter$1.execute (Filter.java:63)\n    at org.openqa.selenium.remote.ErrorFilter.lambda$apply$0 (ErrorFilter.java:44)\n    at org.openqa.selenium.remote.http.Filter$1.execute (Filter.java:63)\n    at org.openqa.selenium.netty.server.SeleniumHandler.lambda$channelRead0$0 (SeleniumHandler.java:44)\n    at java.util.concurrent.Executors$RunnableAdapter.call (Executors.java:539)\n    at java.util.concurrent.FutureTask.run (FutureTask.java:264)\n    at java.util.concurrent.ThreadPoolExecutor.runWorker (ThreadPoolExecutor.java:1136)\n    at java.util.concurrent.ThreadPoolExecutor$Worker.run (ThreadPoolExecutor.java:635)\n    at java.lang.Thread.run (Thread.java:840)","time":{"start":1727569238398,"stop":1727569538437,"duration":300039}},{"uid":"f161f80db30e72bc","reportUrl":"https://robbrad.github.io/UKBinCollectionData/3.12/2135//#testresult/f161f80db30e72bc","status":"passed","time":{"start":1727483151753,"stop":1727483202667,"duration":50914}},{"uid":"ed5a4dba235bdf70","reportUrl":"https://robbrad.github.io/UKBinCollectionData/3.12/2131//#testresult/ed5a4dba235bdf70","status":"passed","time":{"start":1727423338408,"stop":1727423367205,"duration":28797}},{"uid":"eae16e127a80f644","reportUrl":"https://robbrad.github.io/UKBinCollectionData/3.12/2130//#testresult/eae16e127a80f644","status":"passed","time":{"start":1727396791261,"stop":1727396832118,"duration":40857}},{"uid":"adbe04e58f1dab0b","reportUrl":"https://robbrad.github.io/UKBinCollectionData/3.12/2129//#testresult/adbe04e58f1dab0b","status":"failed","statusDetails":"selenium.common.exceptions.SessionNotCreatedException: Message: Could not start a new session. New session request timed out \nHost info: host: 'selenium', ip: '172.18.0.2'\nBuild info: version: '4.25.0', revision: '030fcf7918'\nSystem info: os.name: 'Linux', os.arch: 'amd64', os.version: '6.8.0-1014-azure', java.version: '17.0.12'\nDriver info: driver.version: unknown\nStacktrace:\n    at org.openqa.selenium.grid.sessionqueue.local.LocalNewSessionQueue.addToQueue (LocalNewSessionQueue.java:221)\n    at org.openqa.selenium.grid.sessionqueue.NewSessionQueue.lambda$new$0 (NewSessionQueue.java:68)\n    at org.openqa.selenium.remote.http.Route$TemplatizedRoute.handle (Route.java:192)\n    at org.openqa.selenium.remote.http.Route.execute (Route.java:69)\n    at org.openqa.selenium.remote.http.Route$CombinedRoute.handle (Route.java:360)\n    at org.openqa.selenium.remote.http.Route.execute (Route.java:69)\n    at org.openqa.selenium.grid.sessionqueue.NewSessionQueue.execute (NewSessionQueue.java:128)\n    at org.openqa.selenium.remote.tracing.SpanWrappedHttpHandler.execute (SpanWrappedHttpHandler.java:87)\n    at org.openqa.selenium.remote.http.Filter$1.execute (Filter.java:63)\n    at org.openqa.selenium.remote.http.Route$CombinedRoute.handle (Route.java:360)\n    at org.openqa.selenium.remote.http.Route.execute (Route.java:69)\n    at org.openqa.selenium.grid.router.Router.execute (Router.java:87)\n    at org.openqa.selenium.grid.web.EnsureSpecCompliantResponseHeaders.lambda$apply$0 (EnsureSpecCompliantResponseHeaders.java:34)\n    at org.openqa.selenium.remote.http.Filter$1.execute (Filter.java:63)\n    at org.openqa.selenium.remote.http.Route$CombinedRoute.handle (Route.java:360)\n    at org.openqa.selenium.remote.http.Route.execute (Route.java:69)\n    at org.openqa.selenium.remote.AddWebDriverSpecHeaders.lambda$apply$0 (AddWebDriverSpecHeaders.java:35)\n    at org.openqa.selenium.remote.ErrorFilter.lambda$apply$0 (ErrorFilter.java:44)\n    at org.openqa.selenium.remote.http.Filter$1.execute (Filter.java:63)\n    at org.openqa.selenium.remote.ErrorFilter.lambda$apply$0 (ErrorFilter.java:44)\n    at org.openqa.selenium.remote.http.Filter$1.execute (Filter.java:63)\n    at org.openqa.selenium.netty.server.SeleniumHandler.lambda$channelRead0$0 (SeleniumHandler.java:44)\n    at java.util.concurrent.Executors$RunnableAdapter.call (Executors.java:539)\n    at java.util.concurrent.FutureTask.run (FutureTask.java:264)\n    at java.util.concurrent.ThreadPoolExecutor.runWorker (ThreadPoolExecutor.java:1136)\n    at java.util.concurrent.ThreadPoolExecutor$Worker.run (ThreadPoolExecutor.java:635)\n    at java.lang.Thread.run (Thread.java:840)","time":{"start":1727309992113,"stop":1727310292282,"duration":300169}},{"uid":"8982e3fcc4898df6","reportUrl":"https://robbrad.github.io/UKBinCollectionData/3.12/2128//#testresult/8982e3fcc4898df6","status":"passed","time":{"start":1727223935826,"stop":1727223981472,"duration":45646}},{"uid":"3cf9e627d24d6c58","reportUrl":"https://robbrad.github.io/UKBinCollectionData/3.12/2127//#testresult/3cf9e627d24d6c58","status":"passed","time":{"start":1727137597368,"stop":1727137619649,"duration":22281}},{"uid":"f3257d0bd5573e61","reportUrl":"https://robbrad.github.io/UKBinCollectionData/3.12/2126//#testresult/f3257d0bd5573e61","status":"failed","statusDetails":"selenium.common.exceptions.SessionNotCreatedException: Message: Could not start a new session. New session request timed out \nHost info: host: 'selenium', ip: '172.18.0.2'\nBuild info: version: '4.25.0', revision: '030fcf7918'\nSystem info: os.name: 'Linux', os.arch: 'amd64', os.version: '6.8.0-1014-azure', java.version: '17.0.12'\nDriver info: driver.version: unknown\nStacktrace:\n    at org.openqa.selenium.grid.sessionqueue.local.LocalNewSessionQueue.addToQueue (LocalNewSessionQueue.java:221)\n    at org.openqa.selenium.grid.sessionqueue.NewSessionQueue.lambda$new$0 (NewSessionQueue.java:68)\n    at org.openqa.selenium.remote.http.Route$TemplatizedRoute.handle (Route.java:192)\n    at org.openqa.selenium.remote.http.Route.execute (Route.java:69)\n    at org.openqa.selenium.remote.http.Route$CombinedRoute.handle (Route.java:360)\n    at org.openqa.selenium.remote.http.Route.execute (Route.java:69)\n    at org.openqa.selenium.grid.sessionqueue.NewSessionQueue.execute (NewSessionQueue.java:128)\n    at org.openqa.selenium.remote.tracing.SpanWrappedHttpHandler.execute (SpanWrappedHttpHandler.java:87)\n    at org.openqa.selenium.remote.http.Filter$1.execute (Filter.java:63)\n    at org.openqa.selenium.remote.http.Route$CombinedRoute.handle (Route.java:360)\n    at org.openqa.selenium.remote.http.Route.execute (Route.java:69)\n    at org.openqa.selenium.grid.router.Router.execute (Router.java:87)\n    at org.openqa.selenium.grid.web.EnsureSpecCompliantResponseHeaders.lambda$apply$0 (EnsureSpecCompliantResponseHeaders.java:34)\n    at org.openqa.selenium.remote.http.Filter$1.execute (Filter.java:63)\n    at org.openqa.selenium.remote.http.Route$CombinedRoute.handle (Route.java:360)\n    at org.openqa.selenium.remote.http.Route.execute (Route.java:69)\n    at org.openqa.selenium.remote.AddWebDriverSpecHeaders.lambda$apply$0 (AddWebDriverSpecHeaders.java:35)\n    at org.openqa.selenium.remote.ErrorFilter.lambda$apply$0 (ErrorFilter.java:44)\n    at org.openqa.selenium.remote.http.Filter$1.execute (Filter.java:63)\n    at org.openqa.selenium.remote.ErrorFilter.lambda$apply$0 (ErrorFilter.java:44)\n    at org.openqa.selenium.remote.http.Filter$1.execute (Filter.java:63)\n    at org.openqa.selenium.netty.server.SeleniumHandler.lambda$channelRead0$0 (SeleniumHandler.java:44)\n    at java.util.concurrent.Executors$RunnableAdapter.call (Executors.java:539)\n    at java.util.concurrent.FutureTask.run (FutureTask.java:264)\n    at java.util.concurrent.ThreadPoolExecutor.runWorker (ThreadPoolExecutor.java:1136)\n    at java.util.concurrent.ThreadPoolExecutor$Worker.run (ThreadPoolExecutor.java:635)\n    at java.lang.Thread.run (Thread.java:840)","time":{"start":1727050956203,"stop":1727051256362,"duration":300159}},{"uid":"bb2ccb80b7f1646","reportUrl":"https://robbrad.github.io/UKBinCollectionData/3.12/2125//#testresult/bb2ccb80b7f1646","status":"passed","time":{"start":1726965069096,"stop":1726965125256,"duration":56160}},{"uid":"e5ffb6dbb26709de","reportUrl":"https://robbrad.github.io/UKBinCollectionData/3.12/2124//#testresult/e5ffb6dbb26709de","status":"passed","time":{"start":1726878175957,"stop":1726878486912,"duration":310955}},{"uid":"9f822933dea7cad3","reportUrl":"https://robbrad.github.io/UKBinCollectionData/3.12/2123//#testresult/9f822933dea7cad3","status":"passed","time":{"start":1726791988754,"stop":1726792039169,"duration":50415}},{"uid":"a521961c90fd6284","reportUrl":"https://robbrad.github.io/UKBinCollectionData/3.12/2122//#testresult/a521961c90fd6284","status":"passed","time":{"start":1726705302987,"stop":1726705563130,"duration":260143}},{"uid":"d52545e3d93fad0d","reportUrl":"https://robbrad.github.io/UKBinCollectionData/3.12/2121//#testresult/d52545e3d93fad0d","status":"failed","statusDetails":"selenium.common.exceptions.SessionNotCreatedException: Message: Could not start a new session. New session request timed out \nHost info: host: 'selenium', ip: '172.18.0.2'\nBuild info: version: '4.24.0', revision: '748ffc9bc3'\nSystem info: os.name: 'Linux', os.arch: 'amd64', os.version: '6.5.0-1025-azure', java.version: '17.0.12'\nDriver info: driver.version: unknown\nStacktrace:\n    at org.openqa.selenium.grid.sessionqueue.local.LocalNewSessionQueue.addToQueue (LocalNewSessionQueue.java:221)\n    at org.openqa.selenium.grid.sessionqueue.NewSessionQueue.lambda$new$0 (NewSessionQueue.java:68)\n    at org.openqa.selenium.remote.http.Route$TemplatizedRoute.handle (Route.java:192)\n    at org.openqa.selenium.remote.http.Route.execute (Route.java:69)\n    at org.openqa.selenium.remote.http.Route$CombinedRoute.handle (Route.java:360)\n    at org.openqa.selenium.remote.http.Route.execute (Route.java:69)\n    at org.openqa.selenium.grid.sessionqueue.NewSessionQueue.execute (NewSessionQueue.java:128)\n    at org.openqa.selenium.remote.tracing.SpanWrappedHttpHandler.execute (SpanWrappedHttpHandler.java:87)\n    at org.openqa.selenium.remote.http.Filter$1.execute (Filter.java:63)\n    at org.openqa.selenium.remote.http.Route$CombinedRoute.handle (Route.java:360)\n    at org.openqa.selenium.remote.http.Route.execute (Route.java:69)\n    at org.openqa.selenium.grid.router.Router.execute (Router.java:87)\n    at org.openqa.selenium.grid.web.EnsureSpecCompliantResponseHeaders.lambda$apply$0 (EnsureSpecCompliantResponseHeaders.java:34)\n    at org.openqa.selenium.remote.http.Filter$1.execute (Filter.java:63)\n    at org.openqa.selenium.remote.http.Route$CombinedRoute.handle (Route.java:360)\n    at org.openqa.selenium.remote.http.Route.execute (Route.java:69)\n    at org.openqa.selenium.remote.AddWebDriverSpecHeaders.lambda$apply$0 (AddWebDriverSpecHeaders.java:35)\n    at org.openqa.selenium.remote.ErrorFilter.lambda$apply$0 (ErrorFilter.java:44)\n    at org.openqa.selenium.remote.http.Filter$1.execute (Filter.java:63)\n    at org.openqa.selenium.remote.ErrorFilter.lambda$apply$0 (ErrorFilter.java:44)\n    at org.openqa.selenium.remote.http.Filter$1.execute (Filter.java:63)\n    at org.openqa.selenium.netty.server.SeleniumHandler.lambda$channelRead0$0 (SeleniumHandler.java:44)\n    at java.util.concurrent.Executors$RunnableAdapter.call (Executors.java:539)\n    at java.util.concurrent.FutureTask.run (FutureTask.java:264)\n    at java.util.concurrent.ThreadPoolExecutor.runWorker (ThreadPoolExecutor.java:1136)\n    at java.util.concurrent.ThreadPoolExecutor$Worker.run (ThreadPoolExecutor.java:635)\n    at java.lang.Thread.run (Thread.java:840)","time":{"start":1726619164367,"stop":1726619464510,"duration":300143}},{"uid":"81d9d7134a02f617","reportUrl":"https://robbrad.github.io/UKBinCollectionData/3.12/2120//#testresult/81d9d7134a02f617","status":"passed","time":{"start":1726532853000,"stop":1726533121576,"duration":268576}},{"uid":"efe47e68e5e70f0","reportUrl":"https://robbrad.github.io/UKBinCollectionData/3.12/2116//#testresult/efe47e68e5e70f0","status":"passed","time":{"start":1726446741614,"stop":1726446802824,"duration":61210}},{"uid":"64a619a986acbfa8","reportUrl":"https://robbrad.github.io/UKBinCollectionData/3.12/2115//#testresult/64a619a986acbfa8","status":"failed","statusDetails":"selenium.common.exceptions.SessionNotCreatedException: Message: Could not start a new session. New session request timed out \nHost info: host: 'selenium', ip: '172.18.0.2'\nBuild info: version: '4.24.0', revision: '748ffc9bc3'\nSystem info: os.name: 'Linux', os.arch: 'amd64', os.version: '6.5.0-1025-azure', java.version: '17.0.12'\nDriver info: driver.version: unknown\nStacktrace:\n    at org.openqa.selenium.grid.sessionqueue.local.LocalNewSessionQueue.addToQueue (LocalNewSessionQueue.java:221)\n    at org.openqa.selenium.grid.sessionqueue.NewSessionQueue.lambda$new$0 (NewSessionQueue.java:68)\n    at org.openqa.selenium.remote.http.Route$TemplatizedRoute.handle (Route.java:192)\n    at org.openqa.selenium.remote.http.Route.execute (Route.java:69)\n    at org.openqa.selenium.remote.http.Route$CombinedRoute.handle (Route.java:360)\n    at org.openqa.selenium.remote.http.Route.execute (Route.java:69)\n    at org.openqa.selenium.grid.sessionqueue.NewSessionQueue.execute (NewSessionQueue.java:128)\n    at org.openqa.selenium.remote.tracing.SpanWrappedHttpHandler.execute (SpanWrappedHttpHandler.java:87)\n    at org.openqa.selenium.remote.http.Filter$1.execute (Filter.java:63)\n    at org.openqa.selenium.remote.http.Route$CombinedRoute.handle (Route.java:360)\n    at org.openqa.selenium.remote.http.Route.execute (Route.java:69)\n    at org.openqa.selenium.grid.router.Router.execute (Router.java:87)\n    at org.openqa.selenium.grid.web.EnsureSpecCompliantResponseHeaders.lambda$apply$0 (EnsureSpecCompliantResponseHeaders.java:34)\n    at org.openqa.selenium.remote.http.Filter$1.execute (Filter.java:63)\n    at org.openqa.selenium.remote.http.Route$CombinedRoute.handle (Route.java:360)\n    at org.openqa.selenium.remote.http.Route.execute (Route.java:69)\n    at org.openqa.selenium.remote.AddWebDriverSpecHeaders.lambda$apply$0 (AddWebDriverSpecHeaders.java:35)\n    at org.openqa.selenium.remote.ErrorFilter.lambda$apply$0 (ErrorFilter.java:44)\n    at org.openqa.selenium.remote.http.Filter$1.execute (Filter.java:63)\n    at org.openqa.selenium.remote.ErrorFilter.lambda$apply$0 (ErrorFilter.java:44)\n    at org.openqa.selenium.remote.http.Filter$1.execute (Filter.java:63)\n    at org.openqa.selenium.netty.server.SeleniumHandler.lambda$channelRead0$0 (SeleniumHandler.java:44)\n    at java.util.concurrent.Executors$RunnableAdapter.call (Executors.java:539)\n    at java.util.concurrent.FutureTask.run (FutureTask.java:264)\n    at java.util.concurrent.ThreadPoolExecutor.runWorker (ThreadPoolExecutor.java:1136)\n    at java.util.concurrent.ThreadPoolExecutor$Worker.run (ThreadPoolExecutor.java:635)\n    at java.lang.Thread.run (Thread.java:840)","time":{"start":1726359587503,"stop":1726359887651,"duration":300148}}]},"tags":[]},"source":"2a6be5b4905f6133.json","parameterValues":["StaffordshireMoorlandsDistrictCouncil"]}