{"uid":"7685ac941ba55dd4","name":"Validate Council Output [HounslowCouncil]","fullName":"features/validate_council_outputs.feature:Validate Council Output","historyId":"aac44c456757cf049173908c3c74b9ca","time":{"start":1727932376844,"stop":1727932625018,"duration":248174},"status":"passed","flaky":false,"newFailed":false,"newBroken":false,"newPassed":false,"retriesCount":0,"retriesStatusChange":false,"beforeStages":[],"testStage":{"status":"passed","steps":[{"name":"Given the council","time":{"start":1727932376844,"stop":1727932376844,"duration":0},"status":"passed","steps":[],"attachments":[],"parameters":[],"shouldDisplayMessage":false,"stepsCount":0,"attachmentsCount":0,"hasContent":false,"attachmentStep":false},{"name":"When we scrape the data from the council","time":{"start":1727932376844,"stop":1727932625016,"duration":248172},"status":"passed","steps":[],"attachments":[],"parameters":[],"shouldDisplayMessage":false,"stepsCount":0,"attachmentsCount":0,"hasContent":false,"attachmentStep":false},{"name":"Then the result is valid json","time":{"start":1727932625016,"stop":1727932625016,"duration":0},"status":"passed","steps":[],"attachments":[],"parameters":[],"shouldDisplayMessage":false,"stepsCount":0,"attachmentsCount":0,"hasContent":false,"attachmentStep":false},{"name":"And the output should validate against the schema","time":{"start":1727932625016,"stop":1727932625018,"duration":2},"status":"passed","steps":[],"attachments":[],"parameters":[],"shouldDisplayMessage":false,"stepsCount":0,"attachmentsCount":0,"hasContent":false,"attachmentStep":false}],"attachments":[{"uid":"efc9897cbf71a095","name":"stdout","source":"efc9897cbf71a095.txt","type":"text/plain","size":42}],"parameters":[],"shouldDisplayMessage":false,"stepsCount":4,"attachmentsCount":1,"hasContent":true,"attachmentStep":false},"afterStages":[],"labels":[{"name":"host","value":"fv-az732-326"},{"name":"thread","value":"2724-MainThread"},{"name":"framework","value":"pytest-bdd"},{"name":"language","value":"cpython3"},{"name":"feature","value":"Test each council output matches expected results"},{"name":"resultFormat","value":"allure2"}],"parameters":[{"name":"council","value":"HounslowCouncil"}],"links":[],"hidden":false,"retry":false,"extra":{"severity":"normal","retries":[],"categories":[],"history":{"statistic":{"failed":12,"broken":0,"skipped":0,"passed":130,"unknown":0,"total":142},"items":[{"uid":"48e275d2b3ca4a67","reportUrl":"https://robbrad.github.io/UKBinCollectionData/3.12/2146//#testresult/48e275d2b3ca4a67","status":"passed","time":{"start":1727914431966,"stop":1727914472005,"duration":40039}},{"uid":"a778f3e65b7108f0","reportUrl":"https://robbrad.github.io/UKBinCollectionData/3.12/2139//#testresult/a778f3e65b7108f0","status":"passed","time":{"start":1727827701123,"stop":1727827970591,"duration":269468}},{"uid":"bd043d7899f9f484","reportUrl":"https://robbrad.github.io/UKBinCollectionData/3.12/2138//#testresult/bd043d7899f9f484","status":"passed","time":{"start":1727741296773,"stop":1727741592079,"duration":295306}},{"uid":"23d522fdff91bde7","reportUrl":"https://robbrad.github.io/UKBinCollectionData/3.12/2137//#testresult/23d522fdff91bde7","status":"passed","time":{"start":1727655169459,"stop":1727655209601,"duration":40142}},{"uid":"18c1f07dcaef844f","reportUrl":"https://robbrad.github.io/UKBinCollectionData/3.12/2136//#testresult/18c1f07dcaef844f","status":"passed","time":{"start":1727569157444,"stop":1727569191676,"duration":34232}},{"uid":"ddfae889896a51ac","reportUrl":"https://robbrad.github.io/UKBinCollectionData/3.12/2135//#testresult/ddfae889896a51ac","status":"passed","time":{"start":1727482116106,"stop":1727482415407,"duration":299301}},{"uid":"d93e17df5fed8a3b","reportUrl":"https://robbrad.github.io/UKBinCollectionData/3.12/2131//#testresult/d93e17df5fed8a3b","status":"passed","time":{"start":1727422075470,"stop":1727422327604,"duration":252134}},{"uid":"e274e2c03c4a424b","reportUrl":"https://robbrad.github.io/UKBinCollectionData/3.12/2130//#testresult/e274e2c03c4a424b","status":"passed","time":{"start":1727396081729,"stop":1727396140773,"duration":59044}},{"uid":"e165274807203df9","reportUrl":"https://robbrad.github.io/UKBinCollectionData/3.12/2129//#testresult/e165274807203df9","status":"passed","time":{"start":1727309352641,"stop":1727309611546,"duration":258905}},{"uid":"f9a3e8ad8f5383d7","reportUrl":"https://robbrad.github.io/UKBinCollectionData/3.12/2128//#testresult/f9a3e8ad8f5383d7","status":"passed","time":{"start":1727223269441,"stop":1727223306030,"duration":36589}},{"uid":"981279208b900dd7","reportUrl":"https://robbrad.github.io/UKBinCollectionData/3.12/2127//#testresult/981279208b900dd7","status":"passed","time":{"start":1727136794003,"stop":1727136924789,"duration":130786}},{"uid":"162e28a4e9c5a68d","reportUrl":"https://robbrad.github.io/UKBinCollectionData/3.12/2126//#testresult/162e28a4e9c5a68d","status":"failed","statusDetails":"selenium.common.exceptions.SessionNotCreatedException: Message: Could not start a new session. New session request timed out \nHost info: host: 'selenium', ip: '172.18.0.2'\nBuild info: version: '4.25.0', revision: '030fcf7918'\nSystem info: os.name: 'Linux', os.arch: 'amd64', os.version: '6.8.0-1014-azure', java.version: '17.0.12'\nDriver info: driver.version: unknown\nStacktrace:\n    at org.openqa.selenium.grid.sessionqueue.local.LocalNewSessionQueue.addToQueue (LocalNewSessionQueue.java:221)\n    at org.openqa.selenium.grid.sessionqueue.NewSessionQueue.lambda$new$0 (NewSessionQueue.java:68)\n    at org.openqa.selenium.remote.http.Route$TemplatizedRoute.handle (Route.java:192)\n    at org.openqa.selenium.remote.http.Route.execute (Route.java:69)\n    at org.openqa.selenium.remote.http.Route$CombinedRoute.handle (Route.java:360)\n    at org.openqa.selenium.remote.http.Route.execute (Route.java:69)\n    at org.openqa.selenium.grid.sessionqueue.NewSessionQueue.execute (NewSessionQueue.java:128)\n    at org.openqa.selenium.remote.tracing.SpanWrappedHttpHandler.execute (SpanWrappedHttpHandler.java:87)\n    at org.openqa.selenium.remote.http.Filter$1.execute (Filter.java:63)\n    at org.openqa.selenium.remote.http.Route$CombinedRoute.handle (Route.java:360)\n    at org.openqa.selenium.remote.http.Route.execute (Route.java:69)\n    at org.openqa.selenium.grid.router.Router.execute (Router.java:87)\n    at org.openqa.selenium.grid.web.EnsureSpecCompliantResponseHeaders.lambda$apply$0 (EnsureSpecCompliantResponseHeaders.java:34)\n    at org.openqa.selenium.remote.http.Filter$1.execute (Filter.java:63)\n    at org.openqa.selenium.remote.http.Route$CombinedRoute.handle (Route.java:360)\n    at org.openqa.selenium.remote.http.Route.execute (Route.java:69)\n    at org.openqa.selenium.remote.AddWebDriverSpecHeaders.lambda$apply$0 (AddWebDriverSpecHeaders.java:35)\n    at org.openqa.selenium.remote.ErrorFilter.lambda$apply$0 (ErrorFilter.java:44)\n    at org.openqa.selenium.remote.http.Filter$1.execute (Filter.java:63)\n    at org.openqa.selenium.remote.ErrorFilter.lambda$apply$0 (ErrorFilter.java:44)\n    at org.openqa.selenium.remote.http.Filter$1.execute (Filter.java:63)\n    at org.openqa.selenium.netty.server.SeleniumHandler.lambda$channelRead0$0 (SeleniumHandler.java:44)\n    at java.util.concurrent.Executors$RunnableAdapter.call (Executors.java:539)\n    at java.util.concurrent.FutureTask.run (FutureTask.java:264)\n    at java.util.concurrent.ThreadPoolExecutor.runWorker (ThreadPoolExecutor.java:1136)\n    at java.util.concurrent.ThreadPoolExecutor$Worker.run (ThreadPoolExecutor.java:635)\n    at java.lang.Thread.run (Thread.java:840)","time":{"start":1727050183603,"stop":1727050483612,"duration":300009}},{"uid":"d5b5f9f90aa93369","reportUrl":"https://robbrad.github.io/UKBinCollectionData/3.12/2125//#testresult/d5b5f9f90aa93369","status":"passed","time":{"start":1726963798493,"stop":1726964102455,"duration":303962}},{"uid":"7011252d0534cac9","reportUrl":"https://robbrad.github.io/UKBinCollectionData/3.12/2124//#testresult/7011252d0534cac9","status":"passed","time":{"start":1726877631519,"stop":1726877752921,"duration":121402}},{"uid":"ebc95078b24e5a25","reportUrl":"https://robbrad.github.io/UKBinCollectionData/3.12/2123//#testresult/ebc95078b24e5a25","status":"passed","time":{"start":1726791289426,"stop":1726791348918,"duration":59492}},{"uid":"f77c277f55164c4e","reportUrl":"https://robbrad.github.io/UKBinCollectionData/3.12/2122//#testresult/f77c277f55164c4e","status":"passed","time":{"start":1726704653461,"stop":1726704904470,"duration":251009}},{"uid":"94e27b0187e0ff88","reportUrl":"https://robbrad.github.io/UKBinCollectionData/3.12/2121//#testresult/94e27b0187e0ff88","status":"passed","time":{"start":1726618176720,"stop":1726618455128,"duration":278408}},{"uid":"9fed06b08e3de60f","reportUrl":"https://robbrad.github.io/UKBinCollectionData/3.12/2120//#testresult/9fed06b08e3de60f","status":"passed","time":{"start":1726532051584,"stop":1726532076636,"duration":25052}},{"uid":"654bffc7980c580","reportUrl":"https://robbrad.github.io/UKBinCollectionData/3.12/2116//#testresult/654bffc7980c580","status":"failed","statusDetails":"selenium.common.exceptions.SessionNotCreatedException: Message: Could not start a new session. New session request timed out \nHost info: host: 'selenium', ip: '172.18.0.2'\nBuild info: version: '4.24.0', revision: '748ffc9bc3'\nSystem info: os.name: 'Linux', os.arch: 'amd64', os.version: '6.5.0-1025-azure', java.version: '17.0.12'\nDriver info: driver.version: unknown\nStacktrace:\n    at org.openqa.selenium.grid.sessionqueue.local.LocalNewSessionQueue.addToQueue (LocalNewSessionQueue.java:221)\n    at org.openqa.selenium.grid.sessionqueue.NewSessionQueue.lambda$new$0 (NewSessionQueue.java:68)\n    at org.openqa.selenium.remote.http.Route$TemplatizedRoute.handle (Route.java:192)\n    at org.openqa.selenium.remote.http.Route.execute (Route.java:69)\n    at org.openqa.selenium.remote.http.Route$CombinedRoute.handle (Route.java:360)\n    at org.openqa.selenium.remote.http.Route.execute (Route.java:69)\n    at org.openqa.selenium.grid.sessionqueue.NewSessionQueue.execute (NewSessionQueue.java:128)\n    at org.openqa.selenium.remote.tracing.SpanWrappedHttpHandler.execute (SpanWrappedHttpHandler.java:87)\n    at org.openqa.selenium.remote.http.Filter$1.execute (Filter.java:63)\n    at org.openqa.selenium.remote.http.Route$CombinedRoute.handle (Route.java:360)\n    at org.openqa.selenium.remote.http.Route.execute (Route.java:69)\n    at org.openqa.selenium.grid.router.Router.execute (Router.java:87)\n    at org.openqa.selenium.grid.web.EnsureSpecCompliantResponseHeaders.lambda$apply$0 (EnsureSpecCompliantResponseHeaders.java:34)\n    at org.openqa.selenium.remote.http.Filter$1.execute (Filter.java:63)\n    at org.openqa.selenium.remote.http.Route$CombinedRoute.handle (Route.java:360)\n    at org.openqa.selenium.remote.http.Route.execute (Route.java:69)\n    at org.openqa.selenium.remote.AddWebDriverSpecHeaders.lambda$apply$0 (AddWebDriverSpecHeaders.java:35)\n    at org.openqa.selenium.remote.ErrorFilter.lambda$apply$0 (ErrorFilter.java:44)\n    at org.openqa.selenium.remote.http.Filter$1.execute (Filter.java:63)\n    at org.openqa.selenium.remote.ErrorFilter.lambda$apply$0 (ErrorFilter.java:44)\n    at org.openqa.selenium.remote.http.Filter$1.execute (Filter.java:63)\n    at org.openqa.selenium.netty.server.SeleniumHandler.lambda$channelRead0$0 (SeleniumHandler.java:44)\n    at java.util.concurrent.Executors$RunnableAdapter.call (Executors.java:539)\n    at java.util.concurrent.FutureTask.run (FutureTask.java:264)\n    at java.util.concurrent.ThreadPoolExecutor.runWorker (ThreadPoolExecutor.java:1136)\n    at java.util.concurrent.ThreadPoolExecutor$Worker.run (ThreadPoolExecutor.java:635)\n    at java.lang.Thread.run (Thread.java:840)","time":{"start":1726445380357,"stop":1726445680367,"duration":300010}},{"uid":"4324a9723296adde","reportUrl":"https://robbrad.github.io/UKBinCollectionData/3.12/2115//#testresult/4324a9723296adde","status":"passed","time":{"start":1726358969379,"stop":1726359262102,"duration":292723}}]},"tags":[]},"source":"7685ac941ba55dd4.json","parameterValues":["HounslowCouncil"]}