{"uid":"44d690a9b772dcf6","name":"Validate Council Output [UttlesfordDistrictCouncil]","fullName":"features/validate_council_outputs.feature:Validate Council Output","historyId":"85e4c6b99adcc222d67fb70016996414","time":{"start":1728001797218,"stop":1728001970449,"duration":173231},"status":"failed","statusMessage":"ValueError: time data 'Thursday 31st October' does not match format '%A %dth %B'","statusTrace":"fixturefunc = <function scrape_step at 0x7f27af017600>\nrequest = <FixtureRequest for <Function test_scenario_outline[UttlesfordDistrictCouncil]>>\nkwargs = {'context': <test_validate_council.Context object at 0x7f27c2553980>, 'headless_mode': 'True', 'local_browser': 'False', 'selenium_url': 'http://localhost:4444'}\n\n    def call_fixture_func(\n        fixturefunc: _FixtureFunc[FixtureValue], request: FixtureRequest, kwargs\n    ) -> FixtureValue:\n        if is_generator(fixturefunc):\n            fixturefunc = cast(\n                Callable[..., Generator[FixtureValue, None, None]], fixturefunc\n            )\n            generator = fixturefunc(**kwargs)\n            try:\n                fixture_result = next(generator)\n            except StopIteration:\n                raise ValueError(f\"{request.fixturename} did not yield a value\") from None\n            finalizer = functools.partial(_teardown_yield_fixture, fixturefunc, generator)\n            request.addfinalizer(finalizer)\n        else:\n            fixturefunc = cast(Callable[..., FixtureValue], fixturefunc)\n>           fixture_result = fixturefunc(**kwargs)\n\n../../../.cache/pypoetry/virtualenvs/uk-bin-collection-EwS6Gn8s-py3.12/lib/python3.12/site-packages/_pytest/fixtures.py:898: \n_ _ _ _ _ _ _ _ _ _ _ _ _ _ _ _ _ _ _ _ _ _ _ _ _ _ _ _ _ _ _ _ _ _ _ _ _ _ _ _ \nuk_bin_collection/tests/step_defs/test_validate_council.py:100: in scrape_step\n    context.parse_result = CollectData.run()\nuk_bin_collection/uk_bin_collection/collect_data.py:101: in run\n    return self.client_code(\nuk_bin_collection/uk_bin_collection/collect_data.py:121: in client_code\n    return get_bin_data_class.template_method(address_url, **kwargs)\nuk_bin_collection/uk_bin_collection/get_bin_data.py:61: in template_method\n    bin_data_dict = self.get_and_parse_data(this_url, **kwargs)\nuk_bin_collection/uk_bin_collection/get_bin_data.py:84: in get_and_parse_data\n    bin_data_dict = self.parse_data(\"\", url=address_url, **kwargs)\nuk_bin_collection/uk_bin_collection/councils/UttlesfordDistrictCouncil.py:94: in parse_data\n    collection_date = datetime.strptime(\n/opt/hostedtoolcache/Python/3.12.6/x64/lib/python3.12/_strptime.py:554: in _strptime_datetime\n    tt, fraction, gmtoff_fraction = _strptime(data_string, format)\n_ _ _ _ _ _ _ _ _ _ _ _ _ _ _ _ _ _ _ _ _ _ _ _ _ _ _ _ _ _ _ _ _ _ _ _ _ _ _ _ \n\ndata_string = 'Thursday 31st October', format = '%A %dth %B'\n\n    def _strptime(data_string, format=\"%a %b %d %H:%M:%S %Y\"):\n        \"\"\"Return a 2-tuple consisting of a time struct and an int containing\n        the number of microseconds based on the input string and the\n        format string.\"\"\"\n    \n        for index, arg in enumerate([data_string, format]):\n            if not isinstance(arg, str):\n                msg = \"strptime() argument {} must be str, not {}\"\n                raise TypeError(msg.format(index, type(arg)))\n    \n        global _TimeRE_cache, _regex_cache\n        with _cache_lock:\n            locale_time = _TimeRE_cache.locale_time\n            if (_getlang() != locale_time.lang or\n                time.tzname != locale_time.tzname or\n                time.daylight != locale_time.daylight):\n                _TimeRE_cache = TimeRE()\n                _regex_cache.clear()\n                locale_time = _TimeRE_cache.locale_time\n            if len(_regex_cache) > _CACHE_MAX_SIZE:\n                _regex_cache.clear()\n            format_regex = _regex_cache.get(format)\n            if not format_regex:\n                try:\n                    format_regex = _TimeRE_cache.compile(format)\n                # KeyError raised when a bad format is found; can be specified as\n                # \\\\, in which case it was a stray % but with a space after it\n                except KeyError as err:\n                    bad_directive = err.args[0]\n                    if bad_directive == \"\\\\\":\n                        bad_directive = \"%\"\n                    del err\n                    raise ValueError(\"'%s' is a bad directive in format '%s'\" %\n                                        (bad_directive, format)) from None\n                # IndexError only occurs when the format string is \"%\"\n                except IndexError:\n                    raise ValueError(\"stray %% in format '%s'\" % format) from None\n                _regex_cache[format] = format_regex\n        found = format_regex.match(data_string)\n        if not found:\n>           raise ValueError(\"time data %r does not match format %r\" %\n                             (data_string, format))\nE           ValueError: time data 'Thursday 31st October' does not match format '%A %dth %B'\n\n/opt/hostedtoolcache/Python/3.12.6/x64/lib/python3.12/_strptime.py:333: ValueError","flaky":false,"newFailed":false,"newBroken":false,"newPassed":false,"retriesCount":0,"retriesStatusChange":false,"beforeStages":[],"testStage":{"status":"failed","statusMessage":"ValueError: time data 'Thursday 31st October' does not match format '%A %dth %B'","statusTrace":"fixturefunc = <function scrape_step at 0x7f27af017600>\nrequest = <FixtureRequest for <Function test_scenario_outline[UttlesfordDistrictCouncil]>>\nkwargs = {'context': <test_validate_council.Context object at 0x7f27c2553980>, 'headless_mode': 'True', 'local_browser': 'False', 'selenium_url': 'http://localhost:4444'}\n\n    def call_fixture_func(\n        fixturefunc: _FixtureFunc[FixtureValue], request: FixtureRequest, kwargs\n    ) -> FixtureValue:\n        if is_generator(fixturefunc):\n            fixturefunc = cast(\n                Callable[..., Generator[FixtureValue, None, None]], fixturefunc\n            )\n            generator = fixturefunc(**kwargs)\n            try:\n                fixture_result = next(generator)\n            except StopIteration:\n                raise ValueError(f\"{request.fixturename} did not yield a value\") from None\n            finalizer = functools.partial(_teardown_yield_fixture, fixturefunc, generator)\n            request.addfinalizer(finalizer)\n        else:\n            fixturefunc = cast(Callable[..., FixtureValue], fixturefunc)\n>           fixture_result = fixturefunc(**kwargs)\n\n../../../.cache/pypoetry/virtualenvs/uk-bin-collection-EwS6Gn8s-py3.12/lib/python3.12/site-packages/_pytest/fixtures.py:898: \n_ _ _ _ _ _ _ _ _ _ _ _ _ _ _ _ _ _ _ _ _ _ _ _ _ _ _ _ _ _ _ _ _ _ _ _ _ _ _ _ \nuk_bin_collection/tests/step_defs/test_validate_council.py:100: in scrape_step\n    context.parse_result = CollectData.run()\nuk_bin_collection/uk_bin_collection/collect_data.py:101: in run\n    return self.client_code(\nuk_bin_collection/uk_bin_collection/collect_data.py:121: in client_code\n    return get_bin_data_class.template_method(address_url, **kwargs)\nuk_bin_collection/uk_bin_collection/get_bin_data.py:61: in template_method\n    bin_data_dict = self.get_and_parse_data(this_url, **kwargs)\nuk_bin_collection/uk_bin_collection/get_bin_data.py:84: in get_and_parse_data\n    bin_data_dict = self.parse_data(\"\", url=address_url, **kwargs)\nuk_bin_collection/uk_bin_collection/councils/UttlesfordDistrictCouncil.py:94: in parse_data\n    collection_date = datetime.strptime(\n/opt/hostedtoolcache/Python/3.12.6/x64/lib/python3.12/_strptime.py:554: in _strptime_datetime\n    tt, fraction, gmtoff_fraction = _strptime(data_string, format)\n_ _ _ _ _ _ _ _ _ _ _ _ _ _ _ _ _ _ _ _ _ _ _ _ _ _ _ _ _ _ _ _ _ _ _ _ _ _ _ _ \n\ndata_string = 'Thursday 31st October', format = '%A %dth %B'\n\n    def _strptime(data_string, format=\"%a %b %d %H:%M:%S %Y\"):\n        \"\"\"Return a 2-tuple consisting of a time struct and an int containing\n        the number of microseconds based on the input string and the\n        format string.\"\"\"\n    \n        for index, arg in enumerate([data_string, format]):\n            if not isinstance(arg, str):\n                msg = \"strptime() argument {} must be str, not {}\"\n                raise TypeError(msg.format(index, type(arg)))\n    \n        global _TimeRE_cache, _regex_cache\n        with _cache_lock:\n            locale_time = _TimeRE_cache.locale_time\n            if (_getlang() != locale_time.lang or\n                time.tzname != locale_time.tzname or\n                time.daylight != locale_time.daylight):\n                _TimeRE_cache = TimeRE()\n                _regex_cache.clear()\n                locale_time = _TimeRE_cache.locale_time\n            if len(_regex_cache) > _CACHE_MAX_SIZE:\n                _regex_cache.clear()\n            format_regex = _regex_cache.get(format)\n            if not format_regex:\n                try:\n                    format_regex = _TimeRE_cache.compile(format)\n                # KeyError raised when a bad format is found; can be specified as\n                # \\\\, in which case it was a stray % but with a space after it\n                except KeyError as err:\n                    bad_directive = err.args[0]\n                    if bad_directive == \"\\\\\":\n                        bad_directive = \"%\"\n                    del err\n                    raise ValueError(\"'%s' is a bad directive in format '%s'\" %\n                                        (bad_directive, format)) from None\n                # IndexError only occurs when the format string is \"%\"\n                except IndexError:\n                    raise ValueError(\"stray %% in format '%s'\" % format) from None\n                _regex_cache[format] = format_regex\n        found = format_regex.match(data_string)\n        if not found:\n>           raise ValueError(\"time data %r does not match format %r\" %\n                             (data_string, format))\nE           ValueError: time data 'Thursday 31st October' does not match format '%A %dth %B'\n\n/opt/hostedtoolcache/Python/3.12.6/x64/lib/python3.12/_strptime.py:333: ValueError","steps":[{"name":"Given the council","time":{"start":1728001797218,"stop":1728001797219,"duration":1},"status":"passed","steps":[],"attachments":[],"parameters":[],"shouldDisplayMessage":false,"stepsCount":0,"attachmentsCount":0,"hasContent":false,"attachmentStep":false},{"name":"When we scrape the data from the council","time":{"start":1728001797219,"stop":1728001970449,"duration":173230},"status":"failed","statusMessage":"time data 'Thursday 31st October' does not match format '%A %dth %B'","statusTrace":"ValueError: time data 'Thursday 31st October' does not match format '%A %dth %B'\n","steps":[],"attachments":[],"parameters":[],"shouldDisplayMessage":true,"stepsCount":0,"attachmentsCount":0,"hasContent":true,"attachmentStep":false}],"attachments":[{"uid":"9a4bb9179bf67e18","name":"log","source":"9a4bb9179bf67e18.txt","type":"text/plain","size":134},{"uid":"5c35c985ccf75e75","name":"stdout","source":"5c35c985ccf75e75.txt","type":"text/plain","size":52}],"parameters":[],"shouldDisplayMessage":true,"stepsCount":2,"attachmentsCount":2,"hasContent":true,"attachmentStep":false},"afterStages":[],"labels":[{"name":"host","value":"fv-az1499-303"},{"name":"thread","value":"2756-MainThread"},{"name":"framework","value":"pytest-bdd"},{"name":"language","value":"cpython3"},{"name":"feature","value":"Test each council output matches expected results"},{"name":"resultFormat","value":"allure2"}],"parameters":[{"name":"council","value":"UttlesfordDistrictCouncil"}],"links":[],"hidden":false,"retry":false,"extra":{"severity":"normal","retries":[],"categories":[{"name":"Product defects","matchedStatuses":[],"flaky":false}],"history":{"statistic":{"failed":118,"broken":0,"skipped":0,"passed":19,"unknown":0,"total":137},"items":[{"uid":"93f7a0afe9d600e4","reportUrl":"https://robbrad.github.io/UKBinCollectionData/3.12/2148//#testresult/93f7a0afe9d600e4","status":"failed","statusDetails":"selenium.common.exceptions.SessionNotCreatedException: Message: Could not start a new session. New session request timed out \nHost info: host: 'selenium', ip: '172.18.0.2'\nBuild info: version: '4.25.0', revision: '030fcf7918'\nSystem info: os.name: 'Linux', os.arch: 'amd64', os.version: '6.8.0-1014-azure', java.version: '17.0.12'\nDriver info: driver.version: unknown\nStacktrace:\n    at org.openqa.selenium.grid.sessionqueue.local.LocalNewSessionQueue.addToQueue (LocalNewSessionQueue.java:221)\n    at org.openqa.selenium.grid.sessionqueue.NewSessionQueue.lambda$new$0 (NewSessionQueue.java:68)\n    at org.openqa.selenium.remote.http.Route$TemplatizedRoute.handle (Route.java:192)\n    at org.openqa.selenium.remote.http.Route.execute (Route.java:69)\n    at org.openqa.selenium.remote.http.Route$CombinedRoute.handle (Route.java:360)\n    at org.openqa.selenium.remote.http.Route.execute (Route.java:69)\n    at org.openqa.selenium.grid.sessionqueue.NewSessionQueue.execute (NewSessionQueue.java:128)\n    at org.openqa.selenium.remote.tracing.SpanWrappedHttpHandler.execute (SpanWrappedHttpHandler.java:87)\n    at org.openqa.selenium.remote.http.Filter$1.execute (Filter.java:63)\n    at org.openqa.selenium.remote.http.Route$CombinedRoute.handle (Route.java:360)\n    at org.openqa.selenium.remote.http.Route.execute (Route.java:69)\n    at org.openqa.selenium.grid.router.Router.execute (Router.java:87)\n    at org.openqa.selenium.grid.web.EnsureSpecCompliantResponseHeaders.lambda$apply$0 (EnsureSpecCompliantResponseHeaders.java:34)\n    at org.openqa.selenium.remote.http.Filter$1.execute (Filter.java:63)\n    at org.openqa.selenium.remote.http.Route$CombinedRoute.handle (Route.java:360)\n    at org.openqa.selenium.remote.http.Route.execute (Route.java:69)\n    at org.openqa.selenium.remote.AddWebDriverSpecHeaders.lambda$apply$0 (AddWebDriverSpecHeaders.java:35)\n    at org.openqa.selenium.remote.ErrorFilter.lambda$apply$0 (ErrorFilter.java:44)\n    at org.openqa.selenium.remote.http.Filter$1.execute (Filter.java:63)\n    at org.openqa.selenium.remote.ErrorFilter.lambda$apply$0 (ErrorFilter.java:44)\n    at org.openqa.selenium.remote.http.Filter$1.execute (Filter.java:63)\n    at org.openqa.selenium.netty.server.SeleniumHandler.lambda$channelRead0$0 (SeleniumHandler.java:44)\n    at java.util.concurrent.Executors$RunnableAdapter.call (Executors.java:539)\n    at java.util.concurrent.FutureTask.run (FutureTask.java:264)\n    at java.util.concurrent.ThreadPoolExecutor.runWorker (ThreadPoolExecutor.java:1136)\n    at java.util.concurrent.ThreadPoolExecutor$Worker.run (ThreadPoolExecutor.java:635)\n    at java.lang.Thread.run (Thread.java:840)","time":{"start":1727933584990,"stop":1727933885018,"duration":300028}},{"uid":"9cab9aee6f49ef6f","reportUrl":"https://robbrad.github.io/UKBinCollectionData/3.12/2146//#testresult/9cab9aee6f49ef6f","status":"failed","statusDetails":"ValueError: time data 'Thursday 3rd October' does not match format '%A %dth %B'","time":{"start":1727915394496,"stop":1727915437701,"duration":43205}},{"uid":"51045e346f4bc739","reportUrl":"https://robbrad.github.io/UKBinCollectionData/3.12/2139//#testresult/51045e346f4bc739","status":"failed","statusDetails":"ValueError: time data 'Thursday 3rd October' does not match format '%A %dth %B'","time":{"start":1727828984093,"stop":1727829002910,"duration":18817}},{"uid":"94750b15a59dae31","reportUrl":"https://robbrad.github.io/UKBinCollectionData/3.12/2138//#testresult/94750b15a59dae31","status":"failed","statusDetails":"ValueError: time data 'Thursday 3rd October' does not match format '%A %dth %B'","time":{"start":1727742469786,"stop":1727742655954,"duration":186168}},{"uid":"6653765aadeafdff","reportUrl":"https://robbrad.github.io/UKBinCollectionData/3.12/2137//#testresult/6653765aadeafdff","status":"failed","statusDetails":"ValueError: time data 'Thursday 3rd October' does not match format '%A %dth %B'","time":{"start":1727655971083,"stop":1727655991933,"duration":20850}},{"uid":"2b9ccf37d79e4990","reportUrl":"https://robbrad.github.io/UKBinCollectionData/3.12/2136//#testresult/2b9ccf37d79e4990","status":"failed","statusDetails":"ValueError: time data 'Thursday 3rd October' does not match format '%A %dth %B'","time":{"start":1727569581477,"stop":1727569595175,"duration":13698}},{"uid":"dabbf5878e46be00","reportUrl":"https://robbrad.github.io/UKBinCollectionData/3.12/2135//#testresult/dabbf5878e46be00","status":"failed","statusDetails":"ValueError: time data 'Thursday 3rd October' does not match format '%A %dth %B'","time":{"start":1727483666929,"stop":1727483669444,"duration":2515}},{"uid":"310e441482cecf22","reportUrl":"https://robbrad.github.io/UKBinCollectionData/3.12/2131//#testresult/310e441482cecf22","status":"failed","statusDetails":"ValueError: time data 'Thursday 3rd October' does not match format '%A %dth %B'","time":{"start":1727423348591,"stop":1727423370191,"duration":21600}},{"uid":"509171393204c257","reportUrl":"https://robbrad.github.io/UKBinCollectionData/3.12/2130//#testresult/509171393204c257","status":"failed","statusDetails":"ValueError: time data 'Thursday 3rd October' does not match format '%A %dth %B'","time":{"start":1727396852997,"stop":1727396866240,"duration":13243}},{"uid":"74cd9d48b9f35b39","reportUrl":"https://robbrad.github.io/UKBinCollectionData/3.12/2129//#testresult/74cd9d48b9f35b39","status":"failed","statusDetails":"selenium.common.exceptions.SessionNotCreatedException: Message: Could not start a new session. New session request timed out \nHost info: host: 'selenium', ip: '172.18.0.2'\nBuild info: version: '4.25.0', revision: '030fcf7918'\nSystem info: os.name: 'Linux', os.arch: 'amd64', os.version: '6.8.0-1014-azure', java.version: '17.0.12'\nDriver info: driver.version: unknown\nStacktrace:\n    at org.openqa.selenium.grid.sessionqueue.local.LocalNewSessionQueue.addToQueue (LocalNewSessionQueue.java:221)\n    at org.openqa.selenium.grid.sessionqueue.NewSessionQueue.lambda$new$0 (NewSessionQueue.java:68)\n    at org.openqa.selenium.remote.http.Route$TemplatizedRoute.handle (Route.java:192)\n    at org.openqa.selenium.remote.http.Route.execute (Route.java:69)\n    at org.openqa.selenium.remote.http.Route$CombinedRoute.handle (Route.java:360)\n    at org.openqa.selenium.remote.http.Route.execute (Route.java:69)\n    at org.openqa.selenium.grid.sessionqueue.NewSessionQueue.execute (NewSessionQueue.java:128)\n    at org.openqa.selenium.remote.tracing.SpanWrappedHttpHandler.execute (SpanWrappedHttpHandler.java:87)\n    at org.openqa.selenium.remote.http.Filter$1.execute (Filter.java:63)\n    at org.openqa.selenium.remote.http.Route$CombinedRoute.handle (Route.java:360)\n    at org.openqa.selenium.remote.http.Route.execute (Route.java:69)\n    at org.openqa.selenium.grid.router.Router.execute (Router.java:87)\n    at org.openqa.selenium.grid.web.EnsureSpecCompliantResponseHeaders.lambda$apply$0 (EnsureSpecCompliantResponseHeaders.java:34)\n    at org.openqa.selenium.remote.http.Filter$1.execute (Filter.java:63)\n    at org.openqa.selenium.remote.http.Route$CombinedRoute.handle (Route.java:360)\n    at org.openqa.selenium.remote.http.Route.execute (Route.java:69)\n    at org.openqa.selenium.remote.AddWebDriverSpecHeaders.lambda$apply$0 (AddWebDriverSpecHeaders.java:35)\n    at org.openqa.selenium.remote.ErrorFilter.lambda$apply$0 (ErrorFilter.java:44)\n    at org.openqa.selenium.remote.http.Filter$1.execute (Filter.java:63)\n    at org.openqa.selenium.remote.ErrorFilter.lambda$apply$0 (ErrorFilter.java:44)\n    at org.openqa.selenium.remote.http.Filter$1.execute (Filter.java:63)\n    at org.openqa.selenium.netty.server.SeleniumHandler.lambda$channelRead0$0 (SeleniumHandler.java:44)\n    at java.util.concurrent.Executors$RunnableAdapter.call (Executors.java:539)\n    at java.util.concurrent.FutureTask.run (FutureTask.java:264)\n    at java.util.concurrent.ThreadPoolExecutor.runWorker (ThreadPoolExecutor.java:1136)\n    at java.util.concurrent.ThreadPoolExecutor$Worker.run (ThreadPoolExecutor.java:635)\n    at java.lang.Thread.run (Thread.java:840)","time":{"start":1727310333879,"stop":1727310634062,"duration":300183}},{"uid":"e49d4e53b399549b","reportUrl":"https://robbrad.github.io/UKBinCollectionData/3.12/2128//#testresult/e49d4e53b399549b","status":"failed","statusDetails":"ValueError: time data 'Thursday 3rd October' does not match format '%A %dth %B'","time":{"start":1727224107589,"stop":1727224304046,"duration":196457}},{"uid":"ac06447a27487516","reportUrl":"https://robbrad.github.io/UKBinCollectionData/3.12/2127//#testresult/ac06447a27487516","status":"failed","statusDetails":"ValueError: time data 'Thursday 3rd October' does not match format '%A %dth %B'","time":{"start":1727137656286,"stop":1727137673576,"duration":17290}},{"uid":"6d0c89fb7e6fb5c8","reportUrl":"https://robbrad.github.io/UKBinCollectionData/3.12/2126//#testresult/6d0c89fb7e6fb5c8","status":"failed","statusDetails":"ValueError: time data 'Thursday 3rd October' does not match format '%A %dth %B'","time":{"start":1727051307076,"stop":1727051312311,"duration":5235}},{"uid":"67e771cf1e3d11c7","reportUrl":"https://robbrad.github.io/UKBinCollectionData/3.12/2125//#testresult/67e771cf1e3d11c7","status":"failed","statusDetails":"ValueError: time data 'Thursday 3rd October' does not match format '%A %dth %B'","time":{"start":1726965170530,"stop":1726965180399,"duration":9869}},{"uid":"52b30a491f9691be","reportUrl":"https://robbrad.github.io/UKBinCollectionData/3.12/2124//#testresult/52b30a491f9691be","status":"failed","statusDetails":"ValueError: time data 'Thursday 3rd October' does not match format '%A %dth %B'","time":{"start":1726878509971,"stop":1726878518941,"duration":8970}},{"uid":"3008ae7b6b5c3845","reportUrl":"https://robbrad.github.io/UKBinCollectionData/3.12/2123//#testresult/3008ae7b6b5c3845","status":"failed","statusDetails":"ValueError: time data 'Thursday 3rd October' does not match format '%A %dth %B'","time":{"start":1726792003849,"stop":1726792041461,"duration":37612}},{"uid":"7e2869c2baba24ef","reportUrl":"https://robbrad.github.io/UKBinCollectionData/3.12/2122//#testresult/7e2869c2baba24ef","status":"failed","statusDetails":"ValueError: time data 'Thursday 3rd October' does not match format '%A %dth %B'","time":{"start":1726705882071,"stop":1726705933009,"duration":50938}},{"uid":"3fb56631b5ec342a","reportUrl":"https://robbrad.github.io/UKBinCollectionData/3.12/2121//#testresult/3fb56631b5ec342a","status":"failed","statusDetails":"ValueError: time data 'Thursday 3rd October' does not match format '%A %dth %B'","time":{"start":1726619477449,"stop":1726619523502,"duration":46053}},{"uid":"69fae1fbb3c7a24","reportUrl":"https://robbrad.github.io/UKBinCollectionData/3.12/2120//#testresult/69fae1fbb3c7a24","status":"failed","statusDetails":"ValueError: time data 'Thursday 3rd October' does not match format '%A %dth %B'","time":{"start":1726533112710,"stop":1726533134702,"duration":21992}},{"uid":"3a16ff55a03f6a0d","reportUrl":"https://robbrad.github.io/UKBinCollectionData/3.12/2116//#testresult/3a16ff55a03f6a0d","status":"failed","statusDetails":"ValueError: time data 'Thursday 3rd October' does not match format '%A %dth %B'","time":{"start":1726446809281,"stop":1726446832562,"duration":23281}}]},"tags":[]},"source":"44d690a9b772dcf6.json","parameterValues":["UttlesfordDistrictCouncil"]}