{"uid":"7e625435018c3123","name":"Validate Council Output [RenfrewshireCouncil]","fullName":"features/validate_council_outputs.feature:Validate Council Output","historyId":"21c77c05ec171f4a60a68c21bf3d0b55","time":{"start":1727915375213,"stop":1727915435472,"duration":60259},"status":"passed","flaky":false,"newFailed":false,"newBroken":false,"newPassed":false,"retriesCount":0,"retriesStatusChange":false,"beforeStages":[],"testStage":{"status":"passed","steps":[{"name":"Given the council","time":{"start":1727915375213,"stop":1727915375213,"duration":0},"status":"passed","steps":[],"attachments":[],"parameters":[],"shouldDisplayMessage":false,"stepsCount":0,"attachmentsCount":0,"hasContent":false,"attachmentStep":false},{"name":"When we scrape the data from the council","time":{"start":1727915375214,"stop":1727915435469,"duration":60255},"status":"passed","steps":[],"attachments":[],"parameters":[],"shouldDisplayMessage":false,"stepsCount":0,"attachmentsCount":0,"hasContent":false,"attachmentStep":false},{"name":"Then the result is valid json","time":{"start":1727915435470,"stop":1727915435470,"duration":0},"status":"passed","steps":[],"attachments":[],"parameters":[],"shouldDisplayMessage":false,"stepsCount":0,"attachmentsCount":0,"hasContent":false,"attachmentStep":false},{"name":"And the output should validate against the schema","time":{"start":1727915435470,"stop":1727915435472,"duration":2},"status":"passed","steps":[],"attachments":[],"parameters":[],"shouldDisplayMessage":false,"stepsCount":0,"attachmentsCount":0,"hasContent":false,"attachmentStep":false}],"attachments":[{"uid":"f5513015d1472887","name":"stdout","source":"f5513015d1472887.txt","type":"text/plain","size":46}],"parameters":[],"shouldDisplayMessage":false,"stepsCount":4,"attachmentsCount":1,"hasContent":true,"attachmentStep":false},"afterStages":[],"labels":[{"name":"host","value":"fv-az700-494"},{"name":"thread","value":"2827-MainThread"},{"name":"framework","value":"pytest-bdd"},{"name":"language","value":"cpython3"},{"name":"feature","value":"Test each council output matches expected results"},{"name":"resultFormat","value":"allure2"}],"parameters":[{"name":"council","value":"RenfrewshireCouncil"}],"links":[],"hidden":false,"retry":false,"extra":{"severity":"normal","retries":[],"categories":[],"history":{"statistic":{"failed":54,"broken":0,"skipped":0,"passed":105,"unknown":0,"total":159},"items":[{"uid":"2a2f1d6b86a21a23","reportUrl":"https://robbrad.github.io/UKBinCollectionData/3.12/2139//#testresult/2a2f1d6b86a21a23","status":"passed","time":{"start":1727828916561,"stop":1727828994091,"duration":77530}},{"uid":"46166860f9ba7d81","reportUrl":"https://robbrad.github.io/UKBinCollectionData/3.12/2138//#testresult/46166860f9ba7d81","status":"failed","statusDetails":"selenium.common.exceptions.SessionNotCreatedException: Message: Could not start a new session. New session request timed out \nHost info: host: 'selenium', ip: '172.18.0.2'\nBuild info: version: '4.25.0', revision: '030fcf7918'\nSystem info: os.name: 'Linux', os.arch: 'amd64', os.version: '6.8.0-1014-azure', java.version: '17.0.12'\nDriver info: driver.version: unknown\nStacktrace:\n    at org.openqa.selenium.grid.sessionqueue.local.LocalNewSessionQueue.addToQueue (LocalNewSessionQueue.java:221)\n    at org.openqa.selenium.grid.sessionqueue.NewSessionQueue.lambda$new$0 (NewSessionQueue.java:68)\n    at org.openqa.selenium.remote.http.Route$TemplatizedRoute.handle (Route.java:192)\n    at org.openqa.selenium.remote.http.Route.execute (Route.java:69)\n    at org.openqa.selenium.remote.http.Route$CombinedRoute.handle (Route.java:360)\n    at org.openqa.selenium.remote.http.Route.execute (Route.java:69)\n    at org.openqa.selenium.grid.sessionqueue.NewSessionQueue.execute (NewSessionQueue.java:128)\n    at org.openqa.selenium.remote.tracing.SpanWrappedHttpHandler.execute (SpanWrappedHttpHandler.java:87)\n    at org.openqa.selenium.remote.http.Filter$1.execute (Filter.java:63)\n    at org.openqa.selenium.remote.http.Route$CombinedRoute.handle (Route.java:360)\n    at org.openqa.selenium.remote.http.Route.execute (Route.java:69)\n    at org.openqa.selenium.grid.router.Router.execute (Router.java:87)\n    at org.openqa.selenium.grid.web.EnsureSpecCompliantResponseHeaders.lambda$apply$0 (EnsureSpecCompliantResponseHeaders.java:34)\n    at org.openqa.selenium.remote.http.Filter$1.execute (Filter.java:63)\n    at org.openqa.selenium.remote.http.Route$CombinedRoute.handle (Route.java:360)\n    at org.openqa.selenium.remote.http.Route.execute (Route.java:69)\n    at org.openqa.selenium.remote.AddWebDriverSpecHeaders.lambda$apply$0 (AddWebDriverSpecHeaders.java:35)\n    at org.openqa.selenium.remote.ErrorFilter.lambda$apply$0 (ErrorFilter.java:44)\n    at org.openqa.selenium.remote.http.Filter$1.execute (Filter.java:63)\n    at org.openqa.selenium.remote.ErrorFilter.lambda$apply$0 (ErrorFilter.java:44)\n    at org.openqa.selenium.remote.http.Filter$1.execute (Filter.java:63)\n    at org.openqa.selenium.netty.server.SeleniumHandler.lambda$channelRead0$0 (SeleniumHandler.java:44)\n    at java.util.concurrent.Executors$RunnableAdapter.call (Executors.java:539)\n    at java.util.concurrent.FutureTask.run (FutureTask.java:264)\n    at java.util.concurrent.ThreadPoolExecutor.runWorker (ThreadPoolExecutor.java:1136)\n    at java.util.concurrent.ThreadPoolExecutor$Worker.run (ThreadPoolExecutor.java:635)\n    at java.lang.Thread.run (Thread.java:840)","time":{"start":1727742338322,"stop":1727742638506,"duration":300184}},{"uid":"227d7e58993f5631","reportUrl":"https://robbrad.github.io/UKBinCollectionData/3.12/2137//#testresult/227d7e58993f5631","status":"passed","time":{"start":1727655946174,"stop":1727655980925,"duration":34751}},{"uid":"c7d0cf3e3c328230","reportUrl":"https://robbrad.github.io/UKBinCollectionData/3.12/2136//#testresult/c7d0cf3e3c328230","status":"failed","statusDetails":"selenium.common.exceptions.TimeoutException: Message: \nStacktrace:\n#0 0x55bd4a2cb13a <unknown>\n#1 0x55bd49fb15e0 <unknown>\n#2 0x55bd4a000be8 <unknown>\n#3 0x55bd4a000e81 <unknown>\n#4 0x55bd4a0478c4 <unknown>\n#5 0x55bd4a025b4d <unknown>\n#6 0x55bd4a044d7d <unknown>\n#7 0x55bd4a0258c3 <unknown>\n#8 0x55bd49ff36b3 <unknown>\n#9 0x55bd49ff468e <unknown>\n#10 0x55bd4a295b3b <unknown>\n#11 0x55bd4a299ac1 <unknown>\n#12 0x55bd4a282335 <unknown>\n#13 0x55bd4a29a642 <unknown>\n#14 0x55bd4a26749f <unknown>\n#15 0x55bd4a2ba038 <unknown>\n#16 0x55bd4a2ba203 <unknown>\n#17 0x55bd4a2c9f8c <unknown>\n#18 0x7f3c32d8ba94 <unknown>\n#19 0x7f3c32e18a34 __clone","time":{"start":1727569581829,"stop":1727569608418,"duration":26589}},{"uid":"e5602f89dec04ce3","reportUrl":"https://robbrad.github.io/UKBinCollectionData/3.12/2135//#testresult/e5602f89dec04ce3","status":"failed","statusDetails":"selenium.common.exceptions.SessionNotCreatedException: Message: Could not start a new session. New session request timed out \nHost info: host: 'selenium', ip: '172.18.0.2'\nBuild info: version: '4.25.0', revision: '030fcf7918'\nSystem info: os.name: 'Linux', os.arch: 'amd64', os.version: '6.8.0-1014-azure', java.version: '17.0.12'\nDriver info: driver.version: unknown\nStacktrace:\n    at org.openqa.selenium.grid.sessionqueue.local.LocalNewSessionQueue.addToQueue (LocalNewSessionQueue.java:221)\n    at org.openqa.selenium.grid.sessionqueue.NewSessionQueue.lambda$new$0 (NewSessionQueue.java:68)\n    at org.openqa.selenium.remote.http.Route$TemplatizedRoute.handle (Route.java:192)\n    at org.openqa.selenium.remote.http.Route.execute (Route.java:69)\n    at org.openqa.selenium.remote.http.Route$CombinedRoute.handle (Route.java:360)\n    at org.openqa.selenium.remote.http.Route.execute (Route.java:69)\n    at org.openqa.selenium.grid.sessionqueue.NewSessionQueue.execute (NewSessionQueue.java:128)\n    at org.openqa.selenium.remote.tracing.SpanWrappedHttpHandler.execute (SpanWrappedHttpHandler.java:87)\n    at org.openqa.selenium.remote.http.Filter$1.execute (Filter.java:63)\n    at org.openqa.selenium.remote.http.Route$CombinedRoute.handle (Route.java:360)\n    at org.openqa.selenium.remote.http.Route.execute (Route.java:69)\n    at org.openqa.selenium.grid.router.Router.execute (Router.java:87)\n    at org.openqa.selenium.grid.web.EnsureSpecCompliantResponseHeaders.lambda$apply$0 (EnsureSpecCompliantResponseHeaders.java:34)\n    at org.openqa.selenium.remote.http.Filter$1.execute (Filter.java:63)\n    at org.openqa.selenium.remote.http.Route$CombinedRoute.handle (Route.java:360)\n    at org.openqa.selenium.remote.http.Route.execute (Route.java:69)\n    at org.openqa.selenium.remote.AddWebDriverSpecHeaders.lambda$apply$0 (AddWebDriverSpecHeaders.java:35)\n    at org.openqa.selenium.remote.ErrorFilter.lambda$apply$0 (ErrorFilter.java:44)\n    at org.openqa.selenium.remote.http.Filter$1.execute (Filter.java:63)\n    at org.openqa.selenium.remote.ErrorFilter.lambda$apply$0 (ErrorFilter.java:44)\n    at org.openqa.selenium.remote.http.Filter$1.execute (Filter.java:63)\n    at org.openqa.selenium.netty.server.SeleniumHandler.lambda$channelRead0$0 (SeleniumHandler.java:44)\n    at java.util.concurrent.Executors$RunnableAdapter.call (Executors.java:539)\n    at java.util.concurrent.FutureTask.run (FutureTask.java:264)\n    at java.util.concurrent.ThreadPoolExecutor.runWorker (ThreadPoolExecutor.java:1136)\n    at java.util.concurrent.ThreadPoolExecutor$Worker.run (ThreadPoolExecutor.java:635)\n    at java.lang.Thread.run (Thread.java:840)","time":{"start":1727483222852,"stop":1727483522888,"duration":300036}},{"uid":"1349641407b2dfae","reportUrl":"https://robbrad.github.io/UKBinCollectionData/3.12/2131//#testresult/1349641407b2dfae","status":"failed","statusDetails":"selenium.common.exceptions.SessionNotCreatedException: Message: Could not start a new session. New session request timed out \nHost info: host: 'selenium', ip: '172.18.0.2'\nBuild info: version: '4.25.0', revision: '030fcf7918'\nSystem info: os.name: 'Linux', os.arch: 'amd64', os.version: '6.8.0-1014-azure', java.version: '17.0.12'\nDriver info: driver.version: unknown\nStacktrace:\n    at org.openqa.selenium.grid.sessionqueue.local.LocalNewSessionQueue.addToQueue (LocalNewSessionQueue.java:221)\n    at org.openqa.selenium.grid.sessionqueue.NewSessionQueue.lambda$new$0 (NewSessionQueue.java:68)\n    at org.openqa.selenium.remote.http.Route$TemplatizedRoute.handle (Route.java:192)\n    at org.openqa.selenium.remote.http.Route.execute (Route.java:69)\n    at org.openqa.selenium.remote.http.Route$CombinedRoute.handle (Route.java:360)\n    at org.openqa.selenium.remote.http.Route.execute (Route.java:69)\n    at org.openqa.selenium.grid.sessionqueue.NewSessionQueue.execute (NewSessionQueue.java:128)\n    at org.openqa.selenium.remote.tracing.SpanWrappedHttpHandler.execute (SpanWrappedHttpHandler.java:87)\n    at org.openqa.selenium.remote.http.Filter$1.execute (Filter.java:63)\n    at org.openqa.selenium.remote.http.Route$CombinedRoute.handle (Route.java:360)\n    at org.openqa.selenium.remote.http.Route.execute (Route.java:69)\n    at org.openqa.selenium.grid.router.Router.execute (Router.java:87)\n    at org.openqa.selenium.grid.web.EnsureSpecCompliantResponseHeaders.lambda$apply$0 (EnsureSpecCompliantResponseHeaders.java:34)\n    at org.openqa.selenium.remote.http.Filter$1.execute (Filter.java:63)\n    at org.openqa.selenium.remote.http.Route$CombinedRoute.handle (Route.java:360)\n    at org.openqa.selenium.remote.http.Route.execute (Route.java:69)\n    at org.openqa.selenium.remote.AddWebDriverSpecHeaders.lambda$apply$0 (AddWebDriverSpecHeaders.java:35)\n    at org.openqa.selenium.remote.ErrorFilter.lambda$apply$0 (ErrorFilter.java:44)\n    at org.openqa.selenium.remote.http.Filter$1.execute (Filter.java:63)\n    at org.openqa.selenium.remote.ErrorFilter.lambda$apply$0 (ErrorFilter.java:44)\n    at org.openqa.selenium.remote.http.Filter$1.execute (Filter.java:63)\n    at org.openqa.selenium.netty.server.SeleniumHandler.lambda$channelRead0$0 (SeleniumHandler.java:44)\n    at java.util.concurrent.Executors$RunnableAdapter.call (Executors.java:539)\n    at java.util.concurrent.FutureTask.run (FutureTask.java:264)\n    at java.util.concurrent.ThreadPoolExecutor.runWorker (ThreadPoolExecutor.java:1136)\n    at java.util.concurrent.ThreadPoolExecutor$Worker.run (ThreadPoolExecutor.java:635)\n    at java.lang.Thread.run (Thread.java:840)","time":{"start":1727423028010,"stop":1727423328229,"duration":300219}},{"uid":"e5b0cf4d4fe5a2f6","reportUrl":"https://robbrad.github.io/UKBinCollectionData/3.12/2130//#testresult/e5b0cf4d4fe5a2f6","status":"failed","statusDetails":"selenium.common.exceptions.ElementClickInterceptedException: Message: element click intercepted: Element is not clickable at point (1142, 1043)\n  (Session info: chrome=129.0.6668.58)\nStacktrace:\n#0 0x556b25bb113a <unknown>\n#1 0x556b258975e0 <unknown>\n#2 0x556b258ed866 <unknown>\n#3 0x556b258eb78d <unknown>\n#4 0x556b258e9237 <unknown>\n#5 0x556b258e8646 <unknown>\n#6 0x556b258dba98 <unknown>\n#7 0x556b2590bb22 <unknown>\n#8 0x556b258db478 <unknown>\n#9 0x556b2590bcee <unknown>\n#10 0x556b2592ad7d <unknown>\n#11 0x556b2590b8c3 <unknown>\n#12 0x556b258d96b3 <unknown>\n#13 0x556b258da68e <unknown>\n#14 0x556b25b7bb3b <unknown>\n#15 0x556b25b7fac1 <unknown>\n#16 0x556b25b68335 <unknown>\n#17 0x556b25b80642 <unknown>\n#18 0x556b25b4d49f <unknown>\n#19 0x556b25ba0038 <unknown>\n#20 0x556b25ba0203 <unknown>\n#21 0x556b25baff8c <unknown>\n#22 0x7f3aa6496a94 <unknown>\n#23 0x7f3aa6523a34 __clone","time":{"start":1727396821962,"stop":1727396863257,"duration":41295}},{"uid":"b02a8fea8b68ad07","reportUrl":"https://robbrad.github.io/UKBinCollectionData/3.12/2129//#testresult/b02a8fea8b68ad07","status":"failed","statusDetails":"selenium.common.exceptions.ElementClickInterceptedException: Message: element click intercepted: Element is not clickable at point (1142, 1033)\n  (Session info: chrome=129.0.6668.58)\nStacktrace:\n#0 0x5605a7d2113a <unknown>\n#1 0x5605a7a075e0 <unknown>\n#2 0x5605a7a5d866 <unknown>\n#3 0x5605a7a5b78d <unknown>\n#4 0x5605a7a59237 <unknown>\n#5 0x5605a7a58646 <unknown>\n#6 0x5605a7a4ba98 <unknown>\n#7 0x5605a7a7bb22 <unknown>\n#8 0x5605a7a4b478 <unknown>\n#9 0x5605a7a7bcee <unknown>\n#10 0x5605a7a9ad7d <unknown>\n#11 0x5605a7a7b8c3 <unknown>\n#12 0x5605a7a496b3 <unknown>\n#13 0x5605a7a4a68e <unknown>\n#14 0x5605a7cebb3b <unknown>\n#15 0x5605a7cefac1 <unknown>\n#16 0x5605a7cd8335 <unknown>\n#17 0x5605a7cf0642 <unknown>\n#18 0x5605a7cbd49f <unknown>\n#19 0x5605a7d10038 <unknown>\n#20 0x5605a7d10203 <unknown>\n#21 0x5605a7d1ff8c <unknown>\n#22 0x7f8550b30a94 <unknown>\n#23 0x7f8550bbda34 __clone","time":{"start":1727310709049,"stop":1727310720199,"duration":11150}},{"uid":"5b19d7b2a004691e","reportUrl":"https://robbrad.github.io/UKBinCollectionData/3.12/2128//#testresult/5b19d7b2a004691e","status":"failed","statusDetails":"selenium.common.exceptions.SessionNotCreatedException: Message: Could not start a new session. New session request timed out \nHost info: host: 'selenium', ip: '172.18.0.2'\nBuild info: version: '4.25.0', revision: '030fcf7918'\nSystem info: os.name: 'Linux', os.arch: 'amd64', os.version: '6.8.0-1014-azure', java.version: '17.0.12'\nDriver info: driver.version: unknown\nStacktrace:\n    at org.openqa.selenium.grid.sessionqueue.local.LocalNewSessionQueue.addToQueue (LocalNewSessionQueue.java:221)\n    at org.openqa.selenium.grid.sessionqueue.NewSessionQueue.lambda$new$0 (NewSessionQueue.java:68)\n    at org.openqa.selenium.remote.http.Route$TemplatizedRoute.handle (Route.java:192)\n    at org.openqa.selenium.remote.http.Route.execute (Route.java:69)\n    at org.openqa.selenium.remote.http.Route$CombinedRoute.handle (Route.java:360)\n    at org.openqa.selenium.remote.http.Route.execute (Route.java:69)\n    at org.openqa.selenium.grid.sessionqueue.NewSessionQueue.execute (NewSessionQueue.java:128)\n    at org.openqa.selenium.remote.tracing.SpanWrappedHttpHandler.execute (SpanWrappedHttpHandler.java:87)\n    at org.openqa.selenium.remote.http.Filter$1.execute (Filter.java:63)\n    at org.openqa.selenium.remote.http.Route$CombinedRoute.handle (Route.java:360)\n    at org.openqa.selenium.remote.http.Route.execute (Route.java:69)\n    at org.openqa.selenium.grid.router.Router.execute (Router.java:87)\n    at org.openqa.selenium.grid.web.EnsureSpecCompliantResponseHeaders.lambda$apply$0 (EnsureSpecCompliantResponseHeaders.java:34)\n    at org.openqa.selenium.remote.http.Filter$1.execute (Filter.java:63)\n    at org.openqa.selenium.remote.http.Route$CombinedRoute.handle (Route.java:360)\n    at org.openqa.selenium.remote.http.Route.execute (Route.java:69)\n    at org.openqa.selenium.remote.AddWebDriverSpecHeaders.lambda$apply$0 (AddWebDriverSpecHeaders.java:35)\n    at org.openqa.selenium.remote.ErrorFilter.lambda$apply$0 (ErrorFilter.java:44)\n    at org.openqa.selenium.remote.http.Filter$1.execute (Filter.java:63)\n    at org.openqa.selenium.remote.ErrorFilter.lambda$apply$0 (ErrorFilter.java:44)\n    at org.openqa.selenium.remote.http.Filter$1.execute (Filter.java:63)\n    at org.openqa.selenium.netty.server.SeleniumHandler.lambda$channelRead0$0 (SeleniumHandler.java:44)\n    at java.util.concurrent.Executors$RunnableAdapter.call (Executors.java:539)\n    at java.util.concurrent.FutureTask.run (FutureTask.java:264)\n    at java.util.concurrent.ThreadPoolExecutor.runWorker (ThreadPoolExecutor.java:1136)\n    at java.util.concurrent.ThreadPoolExecutor$Worker.run (ThreadPoolExecutor.java:635)\n    at java.lang.Thread.run (Thread.java:840)","time":{"start":1727223972846,"stop":1727224272897,"duration":300051}},{"uid":"542e9f068e40327e","reportUrl":"https://robbrad.github.io/UKBinCollectionData/3.12/2127//#testresult/542e9f068e40327e","status":"failed","statusDetails":"selenium.common.exceptions.TimeoutException: Message: \nStacktrace:\n#0 0x5648adcad13a <unknown>\n#1 0x5648ad9935e0 <unknown>\n#2 0x5648ad9e2be8 <unknown>\n#3 0x5648ad9e2e81 <unknown>\n#4 0x5648ada298c4 <unknown>\n#5 0x5648ada07b4d <unknown>\n#6 0x5648ada26d7d <unknown>\n#7 0x5648ada078c3 <unknown>\n#8 0x5648ad9d56b3 <unknown>\n#9 0x5648ad9d668e <unknown>\n#10 0x5648adc77b3b <unknown>\n#11 0x5648adc7bac1 <unknown>\n#12 0x5648adc64335 <unknown>\n#13 0x5648adc7c642 <unknown>\n#14 0x5648adc4949f <unknown>\n#15 0x5648adc9c038 <unknown>\n#16 0x5648adc9c203 <unknown>\n#17 0x5648adcabf8c <unknown>\n#18 0x7f2758c02a94 <unknown>\n#19 0x7f2758c8fa34 __clone","time":{"start":1727137611524,"stop":1727137632727,"duration":21203}},{"uid":"39b0db9b45cc5762","reportUrl":"https://robbrad.github.io/UKBinCollectionData/3.12/2126//#testresult/39b0db9b45cc5762","status":"passed","time":{"start":1727051284271,"stop":1727051309963,"duration":25692}},{"uid":"7f3ae22f7f330c53","reportUrl":"https://robbrad.github.io/UKBinCollectionData/3.12/2125//#testresult/7f3ae22f7f330c53","status":"passed","time":{"start":1726965074493,"stop":1726965134185,"duration":59692}},{"uid":"3ee4d7ba116e138a","reportUrl":"https://robbrad.github.io/UKBinCollectionData/3.12/2124//#testresult/3ee4d7ba116e138a","status":"failed","statusDetails":"selenium.common.exceptions.ElementClickInterceptedException: Message: element click intercepted: Element is not clickable at point (1142, 1033)\n  (Session info: chrome=128.0.6613.119)\nStacktrace:\n#0 0x5577b004886a <unknown>\n#1 0x5577afd16e50 <unknown>\n#2 0x5577afd6d346 <unknown>\n#3 0x5577afd6b25d <unknown>\n#4 0x5577afd68cf7 <unknown>\n#5 0x5577afd67b9c <unknown>\n#6 0x5577afd5b4d6 <unknown>\n#7 0x5577afd8b492 <unknown>\n#8 0x5577afd5ae89 <unknown>\n#9 0x5577afd8b65e <unknown>\n#10 0x5577afda99c6 <unknown>\n#11 0x5577afd8b233 <unknown>\n#12 0x5577afd59093 <unknown>\n#13 0x5577afd5a09e <unknown>\n#14 0x5577b000facb <unknown>\n#15 0x5577b0013a81 <unknown>\n#16 0x5577afffb695 <unknown>\n#17 0x5577b00145f2 <unknown>\n#18 0x5577affe086f <unknown>\n#19 0x5577b0037668 <unknown>\n#20 0x5577b0037832 <unknown>\n#21 0x5577b004765c <unknown>\n#22 0x7fa9c26b5a94 <unknown>\n#23 0x7fa9c2742a34 __clone","time":{"start":1726878495845,"stop":1726878515836,"duration":19991}},{"uid":"b6c111192c0db94f","reportUrl":"https://robbrad.github.io/UKBinCollectionData/3.12/2123//#testresult/b6c111192c0db94f","status":"passed","time":{"start":1726792377840,"stop":1726792395937,"duration":18097}},{"uid":"1916f1d951f0580f","reportUrl":"https://robbrad.github.io/UKBinCollectionData/3.12/2122//#testresult/1916f1d951f0580f","status":"passed","time":{"start":1726705841079,"stop":1726705921341,"duration":80262}},{"uid":"5f92f68174f874be","reportUrl":"https://robbrad.github.io/UKBinCollectionData/3.12/2121//#testresult/5f92f68174f874be","status":"failed","statusDetails":"selenium.common.exceptions.SessionNotCreatedException: Message: Could not start a new session. New session request timed out \nHost info: host: 'selenium', ip: '172.18.0.2'\nBuild info: version: '4.24.0', revision: '748ffc9bc3'\nSystem info: os.name: 'Linux', os.arch: 'amd64', os.version: '6.5.0-1025-azure', java.version: '17.0.12'\nDriver info: driver.version: unknown\nStacktrace:\n    at org.openqa.selenium.grid.sessionqueue.local.LocalNewSessionQueue.addToQueue (LocalNewSessionQueue.java:221)\n    at org.openqa.selenium.grid.sessionqueue.NewSessionQueue.lambda$new$0 (NewSessionQueue.java:68)\n    at org.openqa.selenium.remote.http.Route$TemplatizedRoute.handle (Route.java:192)\n    at org.openqa.selenium.remote.http.Route.execute (Route.java:69)\n    at org.openqa.selenium.remote.http.Route$CombinedRoute.handle (Route.java:360)\n    at org.openqa.selenium.remote.http.Route.execute (Route.java:69)\n    at org.openqa.selenium.grid.sessionqueue.NewSessionQueue.execute (NewSessionQueue.java:128)\n    at org.openqa.selenium.remote.tracing.SpanWrappedHttpHandler.execute (SpanWrappedHttpHandler.java:87)\n    at org.openqa.selenium.remote.http.Filter$1.execute (Filter.java:63)\n    at org.openqa.selenium.remote.http.Route$CombinedRoute.handle (Route.java:360)\n    at org.openqa.selenium.remote.http.Route.execute (Route.java:69)\n    at org.openqa.selenium.grid.router.Router.execute (Router.java:87)\n    at org.openqa.selenium.grid.web.EnsureSpecCompliantResponseHeaders.lambda$apply$0 (EnsureSpecCompliantResponseHeaders.java:34)\n    at org.openqa.selenium.remote.http.Filter$1.execute (Filter.java:63)\n    at org.openqa.selenium.remote.http.Route$CombinedRoute.handle (Route.java:360)\n    at org.openqa.selenium.remote.http.Route.execute (Route.java:69)\n    at org.openqa.selenium.remote.AddWebDriverSpecHeaders.lambda$apply$0 (AddWebDriverSpecHeaders.java:35)\n    at org.openqa.selenium.remote.ErrorFilter.lambda$apply$0 (ErrorFilter.java:44)\n    at org.openqa.selenium.remote.http.Filter$1.execute (Filter.java:63)\n    at org.openqa.selenium.remote.ErrorFilter.lambda$apply$0 (ErrorFilter.java:44)\n    at org.openqa.selenium.remote.http.Filter$1.execute (Filter.java:63)\n    at org.openqa.selenium.netty.server.SeleniumHandler.lambda$channelRead0$0 (SeleniumHandler.java:44)\n    at java.util.concurrent.Executors$RunnableAdapter.call (Executors.java:539)\n    at java.util.concurrent.FutureTask.run (FutureTask.java:264)\n    at java.util.concurrent.ThreadPoolExecutor.runWorker (ThreadPoolExecutor.java:1136)\n    at java.util.concurrent.ThreadPoolExecutor$Worker.run (ThreadPoolExecutor.java:635)\n    at java.lang.Thread.run (Thread.java:840)","time":{"start":1726619161927,"stop":1726619461982,"duration":300055}},{"uid":"82247b80ce373805","reportUrl":"https://robbrad.github.io/UKBinCollectionData/3.12/2120//#testresult/82247b80ce373805","status":"passed","time":{"start":1726532800572,"stop":1726532806718,"duration":6146}},{"uid":"5d3c8afae1118f27","reportUrl":"https://robbrad.github.io/UKBinCollectionData/3.12/2116//#testresult/5d3c8afae1118f27","status":"passed","time":{"start":1726446734776,"stop":1726446795518,"duration":60742}},{"uid":"801eabe503fab1db","reportUrl":"https://robbrad.github.io/UKBinCollectionData/3.12/2115//#testresult/801eabe503fab1db","status":"passed","time":{"start":1726359914502,"stop":1726359953955,"duration":39453}},{"uid":"850bacbdbd94a246","reportUrl":"https://robbrad.github.io/UKBinCollectionData/3.12/2114//#testresult/850bacbdbd94a246","status":"passed","time":{"start":1726273719840,"stop":1726273766086,"duration":46246}}]},"tags":[]},"source":"7e625435018c3123.json","parameterValues":["RenfrewshireCouncil"]}