{"uid":"6c0b4286d5e5de38","name":"Validate Council Output [BuckinghamshireCouncil]","fullName":"features/validate_council_outputs.feature:Validate Council Output","historyId":"d3931a358fdfe26e1ace17c1805a29ca","time":{"start":1728173375492,"stop":1728173675501,"duration":300009},"status":"failed","statusMessage":"selenium.common.exceptions.SessionNotCreatedException: Message: Could not start a new session. New session request timed out \nHost info: host: 'selenium', ip: '172.18.0.2'\nBuild info: version: '4.25.0', revision: '030fcf7918'\nSystem info: os.name: 'Linux', os.arch: 'amd64', os.version: '6.8.0-1014-azure', java.version: '17.0.12'\nDriver info: driver.version: unknown\nStacktrace:\n    at org.openqa.selenium.grid.sessionqueue.local.LocalNewSessionQueue.addToQueue (LocalNewSessionQueue.java:221)\n    at org.openqa.selenium.grid.sessionqueue.NewSessionQueue.lambda$new$0 (NewSessionQueue.java:68)\n    at org.openqa.selenium.remote.http.Route$TemplatizedRoute.handle (Route.java:192)\n    at org.openqa.selenium.remote.http.Route.execute (Route.java:69)\n    at org.openqa.selenium.remote.http.Route$CombinedRoute.handle (Route.java:360)\n    at org.openqa.selenium.remote.http.Route.execute (Route.java:69)\n    at org.openqa.selenium.grid.sessionqueue.NewSessionQueue.execute (NewSessionQueue.java:128)\n    at org.openqa.selenium.remote.tracing.SpanWrappedHttpHandler.execute (SpanWrappedHttpHandler.java:87)\n    at org.openqa.selenium.remote.http.Filter$1.execute (Filter.java:63)\n    at org.openqa.selenium.remote.http.Route$CombinedRoute.handle (Route.java:360)\n    at org.openqa.selenium.remote.http.Route.execute (Route.java:69)\n    at org.openqa.selenium.grid.router.Router.execute (Router.java:87)\n    at org.openqa.selenium.grid.web.EnsureSpecCompliantResponseHeaders.lambda$apply$0 (EnsureSpecCompliantResponseHeaders.java:34)\n    at org.openqa.selenium.remote.http.Filter$1.execute (Filter.java:63)\n    at org.openqa.selenium.remote.http.Route$CombinedRoute.handle (Route.java:360)\n    at org.openqa.selenium.remote.http.Route.execute (Route.java:69)\n    at org.openqa.selenium.remote.AddWebDriverSpecHeaders.lambda$apply$0 (AddWebDriverSpecHeaders.java:35)\n    at org.openqa.selenium.remote.ErrorFilter.lambda$apply$0 (ErrorFilter.java:44)\n    at org.openqa.selenium.remote.http.Filter$1.execute (Filter.java:63)\n    at org.openqa.selenium.remote.ErrorFilter.lambda$apply$0 (ErrorFilter.java:44)\n    at org.openqa.selenium.remote.http.Filter$1.execute (Filter.java:63)\n    at org.openqa.selenium.netty.server.SeleniumHandler.lambda$channelRead0$0 (SeleniumHandler.java:44)\n    at java.util.concurrent.Executors$RunnableAdapter.call (Executors.java:539)\n    at java.util.concurrent.FutureTask.run (FutureTask.java:264)\n    at java.util.concurrent.ThreadPoolExecutor.runWorker (ThreadPoolExecutor.java:1136)\n    at java.util.concurrent.ThreadPoolExecutor$Worker.run (ThreadPoolExecutor.java:635)\n    at java.lang.Thread.run (Thread.java:840)","statusTrace":"fixturefunc = <function scrape_step at 0x7fd5d4fc00e0>\nrequest = <FixtureRequest for <Function test_scenario_outline[BuckinghamshireCouncil]>>\nkwargs = {'context': <test_validate_council.Context object at 0x7fd5e3a95610>, 'headless_mode': 'True', 'local_browser': 'False', 'selenium_url': 'http://localhost:4444'}\n\n    def call_fixture_func(\n        fixturefunc: _FixtureFunc[FixtureValue], request: FixtureRequest, kwargs\n    ) -> FixtureValue:\n        if is_generator(fixturefunc):\n            fixturefunc = cast(\n                Callable[..., Generator[FixtureValue, None, None]], fixturefunc\n            )\n            generator = fixturefunc(**kwargs)\n            try:\n                fixture_result = next(generator)\n            except StopIteration:\n                raise ValueError(f\"{request.fixturename} did not yield a value\") from None\n            finalizer = functools.partial(_teardown_yield_fixture, fixturefunc, generator)\n            request.addfinalizer(finalizer)\n        else:\n            fixturefunc = cast(Callable[..., FixtureValue], fixturefunc)\n>           fixture_result = fixturefunc(**kwargs)\n\n../../../.cache/pypoetry/virtualenvs/uk-bin-collection-EwS6Gn8s-py3.12/lib/python3.12/site-packages/_pytest/fixtures.py:898: \n_ _ _ _ _ _ _ _ _ _ _ _ _ _ _ _ _ _ _ _ _ _ _ _ _ _ _ _ _ _ _ _ _ _ _ _ _ _ _ _ \nuk_bin_collection/tests/step_defs/test_validate_council.py:100: in scrape_step\n    context.parse_result = CollectData.run()\nuk_bin_collection/uk_bin_collection/collect_data.py:101: in run\n    return self.client_code(\nuk_bin_collection/uk_bin_collection/collect_data.py:121: in client_code\n    return get_bin_data_class.template_method(address_url, **kwargs)\nuk_bin_collection/uk_bin_collection/get_bin_data.py:61: in template_method\n    bin_data_dict = self.get_and_parse_data(this_url, **kwargs)\nuk_bin_collection/uk_bin_collection/get_bin_data.py:84: in get_and_parse_data\n    bin_data_dict = self.parse_data(\"\", url=address_url, **kwargs)\nuk_bin_collection/uk_bin_collection/councils/BuckinghamshireCouncil.py:46: in parse_data\n    driver = create_webdriver(web_driver, headless, None, __name__)\nuk_bin_collection/uk_bin_collection/common.py:323: in create_webdriver\n    return webdriver.Remote(command_executor=web_driver, options=options)\n../../../.cache/pypoetry/virtualenvs/uk-bin-collection-EwS6Gn8s-py3.12/lib/python3.12/site-packages/selenium/webdriver/remote/webdriver.py:212: in __init__\n    self.start_session(capabilities)\n../../../.cache/pypoetry/virtualenvs/uk-bin-collection-EwS6Gn8s-py3.12/lib/python3.12/site-packages/selenium/webdriver/remote/webdriver.py:299: in start_session\n    response = self.execute(Command.NEW_SESSION, caps)[\"value\"]\n../../../.cache/pypoetry/virtualenvs/uk-bin-collection-EwS6Gn8s-py3.12/lib/python3.12/site-packages/selenium/webdriver/remote/webdriver.py:354: in execute\n    self.error_handler.check_response(response)\n_ _ _ _ _ _ _ _ _ _ _ _ _ _ _ _ _ _ _ _ _ _ _ _ _ _ _ _ _ _ _ _ _ _ _ _ _ _ _ _ \n\nself = <selenium.webdriver.remote.errorhandler.ErrorHandler object at 0x7fd5d42f8fb0>\nresponse = {'status': 500, 'value': '{\\n  \"value\": {\\n    \"error\": \"session not created\",\\n    \"message\": \"Could not start a new ...\"className\": \"java.lang.Thread\",\\n        \"lineNumber\": 840,\\n        \"classLoaderName\": null\\n      }\\n    ]\\n  }\\n}'}\n\n    def check_response(self, response: Dict[str, Any]) -> None:\n        \"\"\"Checks that a JSON response from the WebDriver does not have an\n        error.\n    \n        :Args:\n         - response - The JSON response from the WebDriver server as a dictionary\n           object.\n    \n        :Raises: If the response contains an error message.\n        \"\"\"\n        status = response.get(\"status\", None)\n        if not status or status == ErrorCode.SUCCESS:\n            return\n        value = None\n        message = response.get(\"message\", \"\")\n        screen: str = response.get(\"screen\", \"\")\n        stacktrace = None\n        if isinstance(status, int):\n            value_json = response.get(\"value\", None)\n            if value_json and isinstance(value_json, str):\n                import json\n    \n                try:\n                    value = json.loads(value_json)\n                    if len(value) == 1:\n                        value = value[\"value\"]\n                    status = value.get(\"error\", None)\n                    if not status:\n                        status = value.get(\"status\", ErrorCode.UNKNOWN_ERROR)\n                        message = value.get(\"value\") or value.get(\"message\")\n                        if not isinstance(message, str):\n                            value = message\n                            message = message.get(\"message\")\n                    else:\n                        message = value.get(\"message\", None)\n                except ValueError:\n                    pass\n    \n        exception_class: Type[WebDriverException]\n        e = ErrorCode()\n        error_codes = [item for item in dir(e) if not item.startswith(\"__\")]\n        for error_code in error_codes:\n            error_info = getattr(ErrorCode, error_code)\n            if isinstance(error_info, list) and status in error_info:\n                exception_class = getattr(ExceptionMapping, error_code, WebDriverException)\n                break\n        else:\n            exception_class = WebDriverException\n    \n        if not value:\n            value = response[\"value\"]\n        if isinstance(value, str):\n            raise exception_class(value)\n        if message == \"\" and \"message\" in value:\n            message = value[\"message\"]\n    \n        screen = None  # type: ignore[assignment]\n        if \"screen\" in value:\n            screen = value[\"screen\"]\n    \n        stacktrace = None\n        st_value = value.get(\"stackTrace\") or value.get(\"stacktrace\")\n        if st_value:\n            if isinstance(st_value, str):\n                stacktrace = st_value.split(\"\\n\")\n            else:\n                stacktrace = []\n                try:\n                    for frame in st_value:\n                        line = frame.get(\"lineNumber\", \"\")\n                        file = frame.get(\"fileName\", \"<anonymous>\")\n                        if line:\n                            file = f\"{file}:{line}\"\n                        meth = frame.get(\"methodName\", \"<anonymous>\")\n                        if \"className\" in frame:\n                            meth = f\"{frame['className']}.{meth}\"\n                        msg = \"    at %s (%s)\"\n                        msg = msg % (meth, file)\n                        stacktrace.append(msg)\n                except TypeError:\n                    pass\n        if exception_class == UnexpectedAlertPresentException:\n            alert_text = None\n            if \"data\" in value:\n                alert_text = value[\"data\"].get(\"text\")\n            elif \"alert\" in value:\n                alert_text = value[\"alert\"].get(\"text\")\n            raise exception_class(message, screen, stacktrace, alert_text)  # type: ignore[call-arg]  # mypy is not smart enough here\n>       raise exception_class(message, screen, stacktrace)\nE       selenium.common.exceptions.SessionNotCreatedException: Message: Could not start a new session. New session request timed out \nE       Host info: host: 'selenium', ip: '172.18.0.2'\nE       Build info: version: '4.25.0', revision: '030fcf7918'\nE       System info: os.name: 'Linux', os.arch: 'amd64', os.version: '6.8.0-1014-azure', java.version: '17.0.12'\nE       Driver info: driver.version: unknown\nE       Stacktrace:\nE           at org.openqa.selenium.grid.sessionqueue.local.LocalNewSessionQueue.addToQueue (LocalNewSessionQueue.java:221)\nE           at org.openqa.selenium.grid.sessionqueue.NewSessionQueue.lambda$new$0 (NewSessionQueue.java:68)\nE           at org.openqa.selenium.remote.http.Route$TemplatizedRoute.handle (Route.java:192)\nE           at org.openqa.selenium.remote.http.Route.execute (Route.java:69)\nE           at org.openqa.selenium.remote.http.Route$CombinedRoute.handle (Route.java:360)\nE           at org.openqa.selenium.remote.http.Route.execute (Route.java:69)\nE           at org.openqa.selenium.grid.sessionqueue.NewSessionQueue.execute (NewSessionQueue.java:128)\nE           at org.openqa.selenium.remote.tracing.SpanWrappedHttpHandler.execute (SpanWrappedHttpHandler.java:87)\nE           at org.openqa.selenium.remote.http.Filter$1.execute (Filter.java:63)\nE           at org.openqa.selenium.remote.http.Route$CombinedRoute.handle (Route.java:360)\nE           at org.openqa.selenium.remote.http.Route.execute (Route.java:69)\nE           at org.openqa.selenium.grid.router.Router.execute (Router.java:87)\nE           at org.openqa.selenium.grid.web.EnsureSpecCompliantResponseHeaders.lambda$apply$0 (EnsureSpecCompliantResponseHeaders.java:34)\nE           at org.openqa.selenium.remote.http.Filter$1.execute (Filter.java:63)\nE           at org.openqa.selenium.remote.http.Route$CombinedRoute.handle (Route.java:360)\nE           at org.openqa.selenium.remote.http.Route.execute (Route.java:69)\nE           at org.openqa.selenium.remote.AddWebDriverSpecHeaders.lambda$apply$0 (AddWebDriverSpecHeaders.java:35)\nE           at org.openqa.selenium.remote.ErrorFilter.lambda$apply$0 (ErrorFilter.java:44)\nE           at org.openqa.selenium.remote.http.Filter$1.execute (Filter.java:63)\nE           at org.openqa.selenium.remote.ErrorFilter.lambda$apply$0 (ErrorFilter.java:44)\nE           at org.openqa.selenium.remote.http.Filter$1.execute (Filter.java:63)\nE           at org.openqa.selenium.netty.server.SeleniumHandler.lambda$channelRead0$0 (SeleniumHandler.java:44)\nE           at java.util.concurrent.Executors$RunnableAdapter.call (Executors.java:539)\nE           at java.util.concurrent.FutureTask.run (FutureTask.java:264)\nE           at java.util.concurrent.ThreadPoolExecutor.runWorker (ThreadPoolExecutor.java:1136)\nE           at java.util.concurrent.ThreadPoolExecutor$Worker.run (ThreadPoolExecutor.java:635)\nE           at java.lang.Thread.run (Thread.java:840)\n\n../../../.cache/pypoetry/virtualenvs/uk-bin-collection-EwS6Gn8s-py3.12/lib/python3.12/site-packages/selenium/webdriver/remote/errorhandler.py:229: SessionNotCreatedException","flaky":false,"newFailed":false,"newBroken":false,"newPassed":false,"retriesCount":0,"retriesStatusChange":false,"beforeStages":[],"testStage":{"status":"failed","statusMessage":"selenium.common.exceptions.SessionNotCreatedException: Message: Could not start a new session. New session request timed out \nHost info: host: 'selenium', ip: '172.18.0.2'\nBuild info: version: '4.25.0', revision: '030fcf7918'\nSystem info: os.name: 'Linux', os.arch: 'amd64', os.version: '6.8.0-1014-azure', java.version: '17.0.12'\nDriver info: driver.version: unknown\nStacktrace:\n    at org.openqa.selenium.grid.sessionqueue.local.LocalNewSessionQueue.addToQueue (LocalNewSessionQueue.java:221)\n    at org.openqa.selenium.grid.sessionqueue.NewSessionQueue.lambda$new$0 (NewSessionQueue.java:68)\n    at org.openqa.selenium.remote.http.Route$TemplatizedRoute.handle (Route.java:192)\n    at org.openqa.selenium.remote.http.Route.execute (Route.java:69)\n    at org.openqa.selenium.remote.http.Route$CombinedRoute.handle (Route.java:360)\n    at org.openqa.selenium.remote.http.Route.execute (Route.java:69)\n    at org.openqa.selenium.grid.sessionqueue.NewSessionQueue.execute (NewSessionQueue.java:128)\n    at org.openqa.selenium.remote.tracing.SpanWrappedHttpHandler.execute (SpanWrappedHttpHandler.java:87)\n    at org.openqa.selenium.remote.http.Filter$1.execute (Filter.java:63)\n    at org.openqa.selenium.remote.http.Route$CombinedRoute.handle (Route.java:360)\n    at org.openqa.selenium.remote.http.Route.execute (Route.java:69)\n    at org.openqa.selenium.grid.router.Router.execute (Router.java:87)\n    at org.openqa.selenium.grid.web.EnsureSpecCompliantResponseHeaders.lambda$apply$0 (EnsureSpecCompliantResponseHeaders.java:34)\n    at org.openqa.selenium.remote.http.Filter$1.execute (Filter.java:63)\n    at org.openqa.selenium.remote.http.Route$CombinedRoute.handle (Route.java:360)\n    at org.openqa.selenium.remote.http.Route.execute (Route.java:69)\n    at org.openqa.selenium.remote.AddWebDriverSpecHeaders.lambda$apply$0 (AddWebDriverSpecHeaders.java:35)\n    at org.openqa.selenium.remote.ErrorFilter.lambda$apply$0 (ErrorFilter.java:44)\n    at org.openqa.selenium.remote.http.Filter$1.execute (Filter.java:63)\n    at org.openqa.selenium.remote.ErrorFilter.lambda$apply$0 (ErrorFilter.java:44)\n    at org.openqa.selenium.remote.http.Filter$1.execute (Filter.java:63)\n    at org.openqa.selenium.netty.server.SeleniumHandler.lambda$channelRead0$0 (SeleniumHandler.java:44)\n    at java.util.concurrent.Executors$RunnableAdapter.call (Executors.java:539)\n    at java.util.concurrent.FutureTask.run (FutureTask.java:264)\n    at java.util.concurrent.ThreadPoolExecutor.runWorker (ThreadPoolExecutor.java:1136)\n    at java.util.concurrent.ThreadPoolExecutor$Worker.run (ThreadPoolExecutor.java:635)\n    at java.lang.Thread.run (Thread.java:840)","statusTrace":"fixturefunc = <function scrape_step at 0x7fd5d4fc00e0>\nrequest = <FixtureRequest for <Function test_scenario_outline[BuckinghamshireCouncil]>>\nkwargs = {'context': <test_validate_council.Context object at 0x7fd5e3a95610>, 'headless_mode': 'True', 'local_browser': 'False', 'selenium_url': 'http://localhost:4444'}\n\n    def call_fixture_func(\n        fixturefunc: _FixtureFunc[FixtureValue], request: FixtureRequest, kwargs\n    ) -> FixtureValue:\n        if is_generator(fixturefunc):\n            fixturefunc = cast(\n                Callable[..., Generator[FixtureValue, None, None]], fixturefunc\n            )\n            generator = fixturefunc(**kwargs)\n            try:\n                fixture_result = next(generator)\n            except StopIteration:\n                raise ValueError(f\"{request.fixturename} did not yield a value\") from None\n            finalizer = functools.partial(_teardown_yield_fixture, fixturefunc, generator)\n            request.addfinalizer(finalizer)\n        else:\n            fixturefunc = cast(Callable[..., FixtureValue], fixturefunc)\n>           fixture_result = fixturefunc(**kwargs)\n\n../../../.cache/pypoetry/virtualenvs/uk-bin-collection-EwS6Gn8s-py3.12/lib/python3.12/site-packages/_pytest/fixtures.py:898: \n_ _ _ _ _ _ _ _ _ _ _ _ _ _ _ _ _ _ _ _ _ _ _ _ _ _ _ _ _ _ _ _ _ _ _ _ _ _ _ _ \nuk_bin_collection/tests/step_defs/test_validate_council.py:100: in scrape_step\n    context.parse_result = CollectData.run()\nuk_bin_collection/uk_bin_collection/collect_data.py:101: in run\n    return self.client_code(\nuk_bin_collection/uk_bin_collection/collect_data.py:121: in client_code\n    return get_bin_data_class.template_method(address_url, **kwargs)\nuk_bin_collection/uk_bin_collection/get_bin_data.py:61: in template_method\n    bin_data_dict = self.get_and_parse_data(this_url, **kwargs)\nuk_bin_collection/uk_bin_collection/get_bin_data.py:84: in get_and_parse_data\n    bin_data_dict = self.parse_data(\"\", url=address_url, **kwargs)\nuk_bin_collection/uk_bin_collection/councils/BuckinghamshireCouncil.py:46: in parse_data\n    driver = create_webdriver(web_driver, headless, None, __name__)\nuk_bin_collection/uk_bin_collection/common.py:323: in create_webdriver\n    return webdriver.Remote(command_executor=web_driver, options=options)\n../../../.cache/pypoetry/virtualenvs/uk-bin-collection-EwS6Gn8s-py3.12/lib/python3.12/site-packages/selenium/webdriver/remote/webdriver.py:212: in __init__\n    self.start_session(capabilities)\n../../../.cache/pypoetry/virtualenvs/uk-bin-collection-EwS6Gn8s-py3.12/lib/python3.12/site-packages/selenium/webdriver/remote/webdriver.py:299: in start_session\n    response = self.execute(Command.NEW_SESSION, caps)[\"value\"]\n../../../.cache/pypoetry/virtualenvs/uk-bin-collection-EwS6Gn8s-py3.12/lib/python3.12/site-packages/selenium/webdriver/remote/webdriver.py:354: in execute\n    self.error_handler.check_response(response)\n_ _ _ _ _ _ _ _ _ _ _ _ _ _ _ _ _ _ _ _ _ _ _ _ _ _ _ _ _ _ _ _ _ _ _ _ _ _ _ _ \n\nself = <selenium.webdriver.remote.errorhandler.ErrorHandler object at 0x7fd5d42f8fb0>\nresponse = {'status': 500, 'value': '{\\n  \"value\": {\\n    \"error\": \"session not created\",\\n    \"message\": \"Could not start a new ...\"className\": \"java.lang.Thread\",\\n        \"lineNumber\": 840,\\n        \"classLoaderName\": null\\n      }\\n    ]\\n  }\\n}'}\n\n    def check_response(self, response: Dict[str, Any]) -> None:\n        \"\"\"Checks that a JSON response from the WebDriver does not have an\n        error.\n    \n        :Args:\n         - response - The JSON response from the WebDriver server as a dictionary\n           object.\n    \n        :Raises: If the response contains an error message.\n        \"\"\"\n        status = response.get(\"status\", None)\n        if not status or status == ErrorCode.SUCCESS:\n            return\n        value = None\n        message = response.get(\"message\", \"\")\n        screen: str = response.get(\"screen\", \"\")\n        stacktrace = None\n        if isinstance(status, int):\n            value_json = response.get(\"value\", None)\n            if value_json and isinstance(value_json, str):\n                import json\n    \n                try:\n                    value = json.loads(value_json)\n                    if len(value) == 1:\n                        value = value[\"value\"]\n                    status = value.get(\"error\", None)\n                    if not status:\n                        status = value.get(\"status\", ErrorCode.UNKNOWN_ERROR)\n                        message = value.get(\"value\") or value.get(\"message\")\n                        if not isinstance(message, str):\n                            value = message\n                            message = message.get(\"message\")\n                    else:\n                        message = value.get(\"message\", None)\n                except ValueError:\n                    pass\n    \n        exception_class: Type[WebDriverException]\n        e = ErrorCode()\n        error_codes = [item for item in dir(e) if not item.startswith(\"__\")]\n        for error_code in error_codes:\n            error_info = getattr(ErrorCode, error_code)\n            if isinstance(error_info, list) and status in error_info:\n                exception_class = getattr(ExceptionMapping, error_code, WebDriverException)\n                break\n        else:\n            exception_class = WebDriverException\n    \n        if not value:\n            value = response[\"value\"]\n        if isinstance(value, str):\n            raise exception_class(value)\n        if message == \"\" and \"message\" in value:\n            message = value[\"message\"]\n    \n        screen = None  # type: ignore[assignment]\n        if \"screen\" in value:\n            screen = value[\"screen\"]\n    \n        stacktrace = None\n        st_value = value.get(\"stackTrace\") or value.get(\"stacktrace\")\n        if st_value:\n            if isinstance(st_value, str):\n                stacktrace = st_value.split(\"\\n\")\n            else:\n                stacktrace = []\n                try:\n                    for frame in st_value:\n                        line = frame.get(\"lineNumber\", \"\")\n                        file = frame.get(\"fileName\", \"<anonymous>\")\n                        if line:\n                            file = f\"{file}:{line}\"\n                        meth = frame.get(\"methodName\", \"<anonymous>\")\n                        if \"className\" in frame:\n                            meth = f\"{frame['className']}.{meth}\"\n                        msg = \"    at %s (%s)\"\n                        msg = msg % (meth, file)\n                        stacktrace.append(msg)\n                except TypeError:\n                    pass\n        if exception_class == UnexpectedAlertPresentException:\n            alert_text = None\n            if \"data\" in value:\n                alert_text = value[\"data\"].get(\"text\")\n            elif \"alert\" in value:\n                alert_text = value[\"alert\"].get(\"text\")\n            raise exception_class(message, screen, stacktrace, alert_text)  # type: ignore[call-arg]  # mypy is not smart enough here\n>       raise exception_class(message, screen, stacktrace)\nE       selenium.common.exceptions.SessionNotCreatedException: Message: Could not start a new session. New session request timed out \nE       Host info: host: 'selenium', ip: '172.18.0.2'\nE       Build info: version: '4.25.0', revision: '030fcf7918'\nE       System info: os.name: 'Linux', os.arch: 'amd64', os.version: '6.8.0-1014-azure', java.version: '17.0.12'\nE       Driver info: driver.version: unknown\nE       Stacktrace:\nE           at org.openqa.selenium.grid.sessionqueue.local.LocalNewSessionQueue.addToQueue (LocalNewSessionQueue.java:221)\nE           at org.openqa.selenium.grid.sessionqueue.NewSessionQueue.lambda$new$0 (NewSessionQueue.java:68)\nE           at org.openqa.selenium.remote.http.Route$TemplatizedRoute.handle (Route.java:192)\nE           at org.openqa.selenium.remote.http.Route.execute (Route.java:69)\nE           at org.openqa.selenium.remote.http.Route$CombinedRoute.handle (Route.java:360)\nE           at org.openqa.selenium.remote.http.Route.execute (Route.java:69)\nE           at org.openqa.selenium.grid.sessionqueue.NewSessionQueue.execute (NewSessionQueue.java:128)\nE           at org.openqa.selenium.remote.tracing.SpanWrappedHttpHandler.execute (SpanWrappedHttpHandler.java:87)\nE           at org.openqa.selenium.remote.http.Filter$1.execute (Filter.java:63)\nE           at org.openqa.selenium.remote.http.Route$CombinedRoute.handle (Route.java:360)\nE           at org.openqa.selenium.remote.http.Route.execute (Route.java:69)\nE           at org.openqa.selenium.grid.router.Router.execute (Router.java:87)\nE           at org.openqa.selenium.grid.web.EnsureSpecCompliantResponseHeaders.lambda$apply$0 (EnsureSpecCompliantResponseHeaders.java:34)\nE           at org.openqa.selenium.remote.http.Filter$1.execute (Filter.java:63)\nE           at org.openqa.selenium.remote.http.Route$CombinedRoute.handle (Route.java:360)\nE           at org.openqa.selenium.remote.http.Route.execute (Route.java:69)\nE           at org.openqa.selenium.remote.AddWebDriverSpecHeaders.lambda$apply$0 (AddWebDriverSpecHeaders.java:35)\nE           at org.openqa.selenium.remote.ErrorFilter.lambda$apply$0 (ErrorFilter.java:44)\nE           at org.openqa.selenium.remote.http.Filter$1.execute (Filter.java:63)\nE           at org.openqa.selenium.remote.ErrorFilter.lambda$apply$0 (ErrorFilter.java:44)\nE           at org.openqa.selenium.remote.http.Filter$1.execute (Filter.java:63)\nE           at org.openqa.selenium.netty.server.SeleniumHandler.lambda$channelRead0$0 (SeleniumHandler.java:44)\nE           at java.util.concurrent.Executors$RunnableAdapter.call (Executors.java:539)\nE           at java.util.concurrent.FutureTask.run (FutureTask.java:264)\nE           at java.util.concurrent.ThreadPoolExecutor.runWorker (ThreadPoolExecutor.java:1136)\nE           at java.util.concurrent.ThreadPoolExecutor$Worker.run (ThreadPoolExecutor.java:635)\nE           at java.lang.Thread.run (Thread.java:840)\n\n../../../.cache/pypoetry/virtualenvs/uk-bin-collection-EwS6Gn8s-py3.12/lib/python3.12/site-packages/selenium/webdriver/remote/errorhandler.py:229: SessionNotCreatedException","steps":[{"name":"Given the council","time":{"start":1728173375492,"stop":1728173375492,"duration":0},"status":"passed","steps":[],"attachments":[],"parameters":[],"shouldDisplayMessage":false,"stepsCount":0,"attachmentsCount":0,"hasContent":false,"attachmentStep":false},{"name":"When we scrape the data from the council","time":{"start":1728173375493,"stop":1728173675501,"duration":300008},"status":"failed","statusMessage":"Message: Could not start a new session. New session request timed out \nHost info: host: 'selenium', ip: '172.18.0.2'\nBuild info: version: '4.25.0', revision: '030fcf7918'\nSystem info: os.name: 'Linux', os.arch: 'amd64', os.version: '6.8.0-1014-azure', java.version: '17.0.12'\nDriver info: driver.version: unknown\nStacktrace:\n    at org.openqa.selenium.grid.sessionqueue.local.LocalNewSessionQueue.addToQueue (LocalNewSessionQueue.java:221)\n    at org.openqa.selenium.grid.sessionqueue.NewSessionQueue.lambda$new$0 (NewSessionQueue.java:68)\n    at org.openqa.selenium.remote.http.Route$TemplatizedRoute.handle (Route.java:192)\n    at org.openqa.selenium.remote.http.Route.execute (Route.java:69)\n    at org.openqa.selenium.remote.http.Route$CombinedRoute.handle (Route.java:360)\n    at org.openqa.selenium.remote.http.Route.execute (Route.java:69)\n    at org.openqa.selenium.grid.sessionqueue.NewSessionQueue.execute (NewSessionQueue.java:128)\n    at org.openqa.selenium.remote.tracing.SpanWrappedHttpHandler.execute (SpanWrappedHttpHandler.java:87)\n    at org.openqa.selenium.remote.http.Filter$1.execute (Filter.java:63)\n    at org.openqa.selenium.remote.http.Route$CombinedRoute.handle (Route.java:360)\n    at org.openqa.selenium.remote.http.Route.execute (Route.java:69)\n    at org.openqa.selenium.grid.router.Router.execute (Router.java:87)\n    at org.openqa.selenium.grid.web.EnsureSpecCompliantResponseHeaders.lambda$apply$0 (EnsureSpecCompliantResponseHeaders.java:34)\n    at org.openqa.selenium.remote.http.Filter$1.execute (Filter.java:63)\n    at org.openqa.selenium.remote.http.Route$CombinedRoute.handle (Route.java:360)\n    at org.openqa.selenium.remote.http.Route.execute (Route.java:69)\n    at org.openqa.selenium.remote.AddWebDriverSpecHeaders.lambda$apply$0 (AddWebDriverSpecHeaders.java:35)\n    at org.openqa.selenium.remote.ErrorFilter.lambda$apply$0 (ErrorFilter.java:44)\n    at org.openqa.selenium.remote.http.Filter$1.execute (Filter.java:63)\n    at org.openqa.selenium.remote.ErrorFilter.lambda$apply$0 (ErrorFilter.java:44)\n    at org.openqa.selenium.remote.http.Filter$1.execute (Filter.java:63)\n    at org.openqa.selenium.netty.server.SeleniumHandler.lambda$channelRead0$0 (SeleniumHandler.java:44)\n    at java.util.concurrent.Executors$RunnableAdapter.call (Executors.java:539)\n    at java.util.concurrent.FutureTask.run (FutureTask.java:264)\n    at java.util.concurrent.ThreadPoolExecutor.runWorker (ThreadPoolExecutor.java:1136)\n    at java.util.concurrent.ThreadPoolExecutor$Worker.run (ThreadPoolExecutor.java:635)\n    at java.lang.Thread.run (Thread.java:840)","statusTrace":"selenium.common.exceptions.SessionNotCreatedException: Message: Could not start a new session. New session request timed out \nHost info: host: 'selenium', ip: '172.18.0.2'\nBuild info: version: '4.25.0', revision: '030fcf7918'\nSystem info: os.name: 'Linux', os.arch: 'amd64', os.version: '6.8.0-1014-azure', java.version: '17.0.12'\nDriver info: driver.version: unknown\nStacktrace:\n    at org.openqa.selenium.grid.sessionqueue.local.LocalNewSessionQueue.addToQueue (LocalNewSessionQueue.java:221)\n    at org.openqa.selenium.grid.sessionqueue.NewSessionQueue.lambda$new$0 (NewSessionQueue.java:68)\n    at org.openqa.selenium.remote.http.Route$TemplatizedRoute.handle (Route.java:192)\n    at org.openqa.selenium.remote.http.Route.execute (Route.java:69)\n    at org.openqa.selenium.remote.http.Route$CombinedRoute.handle (Route.java:360)\n    at org.openqa.selenium.remote.http.Route.execute (Route.java:69)\n    at org.openqa.selenium.grid.sessionqueue.NewSessionQueue.execute (NewSessionQueue.java:128)\n    at org.openqa.selenium.remote.tracing.SpanWrappedHttpHandler.execute (SpanWrappedHttpHandler.java:87)\n    at org.openqa.selenium.remote.http.Filter$1.execute (Filter.java:63)\n    at org.openqa.selenium.remote.http.Route$CombinedRoute.handle (Route.java:360)\n    at org.openqa.selenium.remote.http.Route.execute (Route.java:69)\n    at org.openqa.selenium.grid.router.Router.execute (Router.java:87)\n    at org.openqa.selenium.grid.web.EnsureSpecCompliantResponseHeaders.lambda$apply$0 (EnsureSpecCompliantResponseHeaders.java:34)\n    at org.openqa.selenium.remote.http.Filter$1.execute (Filter.java:63)\n    at org.openqa.selenium.remote.http.Route$CombinedRoute.handle (Route.java:360)\n    at org.openqa.selenium.remote.http.Route.execute (Route.java:69)\n    at org.openqa.selenium.remote.AddWebDriverSpecHeaders.lambda$apply$0 (AddWebDriverSpecHeaders.java:35)\n    at org.openqa.selenium.remote.ErrorFilter.lambda$apply$0 (ErrorFilter.java:44)\n    at org.openqa.selenium.remote.http.Filter$1.execute (Filter.java:63)\n    at org.openqa.selenium.remote.ErrorFilter.lambda$apply$0 (ErrorFilter.java:44)\n    at org.openqa.selenium.remote.http.Filter$1.execute (Filter.java:63)\n    at org.openqa.selenium.netty.server.SeleniumHandler.lambda$channelRead0$0 (SeleniumHandler.java:44)\n    at java.util.concurrent.Executors$RunnableAdapter.call (Executors.java:539)\n    at java.util.concurrent.FutureTask.run (FutureTask.java:264)\n    at java.util.concurrent.ThreadPoolExecutor.runWorker (ThreadPoolExecutor.java:1136)\n    at java.util.concurrent.ThreadPoolExecutor$Worker.run (ThreadPoolExecutor.java:635)\n    at java.lang.Thread.run (Thread.java:840)\n","steps":[],"attachments":[],"parameters":[],"shouldDisplayMessage":true,"stepsCount":0,"attachmentsCount":0,"hasContent":true,"attachmentStep":false}],"attachments":[{"uid":"be48ab6cddc76784","name":"stdout","source":"be48ab6cddc76784.txt","type":"text/plain","size":2659}],"parameters":[],"shouldDisplayMessage":true,"stepsCount":2,"attachmentsCount":1,"hasContent":true,"attachmentStep":false},"afterStages":[],"labels":[{"name":"host","value":"fv-az975-66"},{"name":"thread","value":"2868-MainThread"},{"name":"framework","value":"pytest-bdd"},{"name":"language","value":"cpython3"},{"name":"feature","value":"Test each council output matches expected results"},{"name":"resultFormat","value":"allure2"}],"parameters":[{"name":"council","value":"BuckinghamshireCouncil"}],"links":[],"hidden":false,"retry":false,"extra":{"severity":"normal","retries":[],"categories":[{"name":"Product defects","matchedStatuses":[],"flaky":false}],"history":{"statistic":{"failed":83,"broken":0,"skipped":0,"passed":81,"unknown":0,"total":164},"items":[{"uid":"77c2950ca9e3a03f","reportUrl":"https://robbrad.github.io/UKBinCollectionData/3.12/2160//#testresult/77c2950ca9e3a03f","status":"failed","statusDetails":"selenium.common.exceptions.NoSuchElementException: Message: no such element: Unable to locate element: {\"method\":\"css selector\",\"selector\":\"[id=\"COPYOFECHOCOLLECTIONDATES_ADDRESSSELECTION_ADDRESSSELECTIONPOSTCODE\"]\"}\n  (Session info: chrome=129.0.6668.58); For documentation on this error, please visit: https://www.selenium.dev/documentation/webdriver/troubleshooting/errors#no-such-element-exception\nStacktrace:\n#0 0x557bd1b6313a <unknown>\n#1 0x557bd18495e0 <unknown>\n#2 0x557bd1898be8 <unknown>\n#3 0x557bd1898e81 <unknown>\n#4 0x557bd18df8c4 <unknown>\n#5 0x557bd18bdb4d <unknown>\n#6 0x557bd18dcd7d <unknown>\n#7 0x557bd18bd8c3 <unknown>\n#8 0x557bd188b6b3 <unknown>\n#9 0x557bd188c68e <unknown>\n#10 0x557bd1b2db3b <unknown>\n#11 0x557bd1b31ac1 <unknown>\n#12 0x557bd1b1a335 <unknown>\n#13 0x557bd1b32642 <unknown>\n#14 0x557bd1aff49f <unknown>\n#15 0x557bd1b52038 <unknown>\n#16 0x557bd1b52203 <unknown>\n#17 0x557bd1b61f8c <unknown>\n#18 0x7f1a1f28ca94 <unknown>\n#19 0x7f1a1f319a34 __clone","time":{"start":1728086854240,"stop":1728087134077,"duration":279837}},{"uid":"a82d65086164492d","reportUrl":"https://robbrad.github.io/UKBinCollectionData/3.12/2152//#testresult/a82d65086164492d","status":"failed","statusDetails":"selenium.common.exceptions.SessionNotCreatedException: Message: Could not start a new session. New session request timed out \nHost info: host: 'selenium', ip: '172.18.0.2'\nBuild info: version: '4.25.0', revision: '030fcf7918'\nSystem info: os.name: 'Linux', os.arch: 'amd64', os.version: '6.8.0-1014-azure', java.version: '17.0.12'\nDriver info: driver.version: unknown\nStacktrace:\n    at org.openqa.selenium.grid.sessionqueue.local.LocalNewSessionQueue.addToQueue (LocalNewSessionQueue.java:221)\n    at org.openqa.selenium.grid.sessionqueue.NewSessionQueue.lambda$new$0 (NewSessionQueue.java:68)\n    at org.openqa.selenium.remote.http.Route$TemplatizedRoute.handle (Route.java:192)\n    at org.openqa.selenium.remote.http.Route.execute (Route.java:69)\n    at org.openqa.selenium.remote.http.Route$CombinedRoute.handle (Route.java:360)\n    at org.openqa.selenium.remote.http.Route.execute (Route.java:69)\n    at org.openqa.selenium.grid.sessionqueue.NewSessionQueue.execute (NewSessionQueue.java:128)\n    at org.openqa.selenium.remote.tracing.SpanWrappedHttpHandler.execute (SpanWrappedHttpHandler.java:87)\n    at org.openqa.selenium.remote.http.Filter$1.execute (Filter.java:63)\n    at org.openqa.selenium.remote.http.Route$CombinedRoute.handle (Route.java:360)\n    at org.openqa.selenium.remote.http.Route.execute (Route.java:69)\n    at org.openqa.selenium.grid.router.Router.execute (Router.java:87)\n    at org.openqa.selenium.grid.web.EnsureSpecCompliantResponseHeaders.lambda$apply$0 (EnsureSpecCompliantResponseHeaders.java:34)\n    at org.openqa.selenium.remote.http.Filter$1.execute (Filter.java:63)\n    at org.openqa.selenium.remote.http.Route$CombinedRoute.handle (Route.java:360)\n    at org.openqa.selenium.remote.http.Route.execute (Route.java:69)\n    at org.openqa.selenium.remote.AddWebDriverSpecHeaders.lambda$apply$0 (AddWebDriverSpecHeaders.java:35)\n    at org.openqa.selenium.remote.ErrorFilter.lambda$apply$0 (ErrorFilter.java:44)\n    at org.openqa.selenium.remote.http.Filter$1.execute (Filter.java:63)\n    at org.openqa.selenium.remote.ErrorFilter.lambda$apply$0 (ErrorFilter.java:44)\n    at org.openqa.selenium.remote.http.Filter$1.execute (Filter.java:63)\n    at org.openqa.selenium.netty.server.SeleniumHandler.lambda$channelRead0$0 (SeleniumHandler.java:44)\n    at java.util.concurrent.Executors$RunnableAdapter.call (Executors.java:539)\n    at java.util.concurrent.FutureTask.run (FutureTask.java:264)\n    at java.util.concurrent.ThreadPoolExecutor.runWorker (ThreadPoolExecutor.java:1136)\n    at java.util.concurrent.ThreadPoolExecutor$Worker.run (ThreadPoolExecutor.java:635)\n    at java.lang.Thread.run (Thread.java:840)","time":{"start":1728000440087,"stop":1728000740097,"duration":300010}},{"uid":"16957268b42930e2","reportUrl":"https://robbrad.github.io/UKBinCollectionData/3.12/2148//#testresult/16957268b42930e2","status":"failed","statusDetails":"selenium.common.exceptions.NoSuchElementException: Message: no such element: Unable to locate element: {\"method\":\"css selector\",\"selector\":\"[id=\"COPYOFECHOCOLLECTIONDATES_ADDRESSSELECTION_ADDRESSSELECTIONPOSTCODE\"]\"}\n  (Session info: chrome=129.0.6668.58); For documentation on this error, please visit: https://www.selenium.dev/documentation/webdriver/troubleshooting/errors#no-such-element-exception\nStacktrace:\n#0 0x564049ccf13a <unknown>\n#1 0x5640499b55e0 <unknown>\n#2 0x564049a04be8 <unknown>\n#3 0x564049a04e81 <unknown>\n#4 0x564049a4b8c4 <unknown>\n#5 0x564049a29b4d <unknown>\n#6 0x564049a48d7d <unknown>\n#7 0x564049a298c3 <unknown>\n#8 0x5640499f76b3 <unknown>\n#9 0x5640499f868e <unknown>\n#10 0x564049c99b3b <unknown>\n#11 0x564049c9dac1 <unknown>\n#12 0x564049c86335 <unknown>\n#13 0x564049c9e642 <unknown>\n#14 0x564049c6b49f <unknown>\n#15 0x564049cbe038 <unknown>\n#16 0x564049cbe203 <unknown>\n#17 0x564049ccdf8c <unknown>\n#18 0x7fc2c98afa94 <unknown>\n#19 0x7fc2c993ca34 __clone","time":{"start":1727931975036,"stop":1727932033670,"duration":58634}},{"uid":"b25e241c4926a1f1","reportUrl":"https://robbrad.github.io/UKBinCollectionData/3.12/2146//#testresult/b25e241c4926a1f1","status":"failed","statusDetails":"selenium.common.exceptions.NoSuchElementException: Message: no such element: Unable to locate element: {\"method\":\"css selector\",\"selector\":\"[id=\"COPYOFECHOCOLLECTIONDATES_ADDRESSSELECTION_ADDRESSSELECTIONPOSTCODE\"]\"}\n  (Session info: chrome=129.0.6668.58); For documentation on this error, please visit: https://www.selenium.dev/documentation/webdriver/troubleshooting/errors#no-such-element-exception\nStacktrace:\n#0 0x562f9750513a <unknown>\n#1 0x562f971eb5e0 <unknown>\n#2 0x562f9723abe8 <unknown>\n#3 0x562f9723ae81 <unknown>\n#4 0x562f972818c4 <unknown>\n#5 0x562f9725fb4d <unknown>\n#6 0x562f9727ed7d <unknown>\n#7 0x562f9725f8c3 <unknown>\n#8 0x562f9722d6b3 <unknown>\n#9 0x562f9722e68e <unknown>\n#10 0x562f974cfb3b <unknown>\n#11 0x562f974d3ac1 <unknown>\n#12 0x562f974bc335 <unknown>\n#13 0x562f974d4642 <unknown>\n#14 0x562f974a149f <unknown>\n#15 0x562f974f4038 <unknown>\n#16 0x562f974f4203 <unknown>\n#17 0x562f97503f8c <unknown>\n#18 0x7fd5845cba94 <unknown>\n#19 0x7fd584658a34 __clone","time":{"start":1727913713825,"stop":1727913823629,"duration":109804}},{"uid":"d4c90bc12edb04c8","reportUrl":"https://robbrad.github.io/UKBinCollectionData/3.12/2139//#testresult/d4c90bc12edb04c8","status":"failed","statusDetails":"selenium.common.exceptions.NoSuchElementException: Message: no such element: Unable to locate element: {\"method\":\"css selector\",\"selector\":\"[id=\"COPYOFECHOCOLLECTIONDATES_ADDRESSSELECTION_ADDRESSSELECTIONPOSTCODE\"]\"}\n  (Session info: chrome=129.0.6668.58); For documentation on this error, please visit: https://www.selenium.dev/documentation/webdriver/troubleshooting/errors#no-such-element-exception\nStacktrace:\n#0 0x56295bc4513a <unknown>\n#1 0x56295b92b5e0 <unknown>\n#2 0x56295b97abe8 <unknown>\n#3 0x56295b97ae81 <unknown>\n#4 0x56295b9c18c4 <unknown>\n#5 0x56295b99fb4d <unknown>\n#6 0x56295b9bed7d <unknown>\n#7 0x56295b99f8c3 <unknown>\n#8 0x56295b96d6b3 <unknown>\n#9 0x56295b96e68e <unknown>\n#10 0x56295bc0fb3b <unknown>\n#11 0x56295bc13ac1 <unknown>\n#12 0x56295bbfc335 <unknown>\n#13 0x56295bc14642 <unknown>\n#14 0x56295bbe149f <unknown>\n#15 0x56295bc34038 <unknown>\n#16 0x56295bc34203 <unknown>\n#17 0x56295bc43f8c <unknown>\n#18 0x7f6e837c0a94 <unknown>\n#19 0x7f6e8384da34 __clone","time":{"start":1727827279064,"stop":1727827350340,"duration":71276}},{"uid":"6ab6c924c43b1cdb","reportUrl":"https://robbrad.github.io/UKBinCollectionData/3.12/2138//#testresult/6ab6c924c43b1cdb","status":"failed","statusDetails":"selenium.common.exceptions.NoSuchElementException: Message: no such element: Unable to locate element: {\"method\":\"css selector\",\"selector\":\"[id=\"COPYOFECHOCOLLECTIONDATES_ADDRESSSELECTION_ADDRESSSELECTIONPOSTCODE\"]\"}\n  (Session info: chrome=129.0.6668.58); For documentation on this error, please visit: https://www.selenium.dev/documentation/webdriver/troubleshooting/errors#no-such-element-exception\nStacktrace:\n#0 0x562171ece13a <unknown>\n#1 0x562171bb45e0 <unknown>\n#2 0x562171c03be8 <unknown>\n#3 0x562171c03e81 <unknown>\n#4 0x562171c4a8c4 <unknown>\n#5 0x562171c28b4d <unknown>\n#6 0x562171c47d7d <unknown>\n#7 0x562171c288c3 <unknown>\n#8 0x562171bf66b3 <unknown>\n#9 0x562171bf768e <unknown>\n#10 0x562171e98b3b <unknown>\n#11 0x562171e9cac1 <unknown>\n#12 0x562171e85335 <unknown>\n#13 0x562171e9d642 <unknown>\n#14 0x562171e6a49f <unknown>\n#15 0x562171ebd038 <unknown>\n#16 0x562171ebd203 <unknown>\n#17 0x562171eccf8c <unknown>\n#18 0x7f89bab7da94 <unknown>\n#19 0x7f89bac0aa34 __clone","time":{"start":1727740879655,"stop":1727740946004,"duration":66349}},{"uid":"cb1931d2d9cb8e44","reportUrl":"https://robbrad.github.io/UKBinCollectionData/3.12/2137//#testresult/cb1931d2d9cb8e44","status":"failed","statusDetails":"selenium.common.exceptions.NoSuchElementException: Message: no such element: Unable to locate element: {\"method\":\"css selector\",\"selector\":\"[id=\"COPYOFECHOCOLLECTIONDATES_ADDRESSSELECTION_ADDRESSSELECTIONPOSTCODE\"]\"}\n  (Session info: chrome=129.0.6668.58); For documentation on this error, please visit: https://www.selenium.dev/documentation/webdriver/troubleshooting/errors#no-such-element-exception\nStacktrace:\n#0 0x55c2504b313a <unknown>\n#1 0x55c2501995e0 <unknown>\n#2 0x55c2501e8be8 <unknown>\n#3 0x55c2501e8e81 <unknown>\n#4 0x55c25022f8c4 <unknown>\n#5 0x55c25020db4d <unknown>\n#6 0x55c25022cd7d <unknown>\n#7 0x55c25020d8c3 <unknown>\n#8 0x55c2501db6b3 <unknown>\n#9 0x55c2501dc68e <unknown>\n#10 0x55c25047db3b <unknown>\n#11 0x55c250481ac1 <unknown>\n#12 0x55c25046a335 <unknown>\n#13 0x55c250482642 <unknown>\n#14 0x55c25044f49f <unknown>\n#15 0x55c2504a2038 <unknown>\n#16 0x55c2504a2203 <unknown>\n#17 0x55c2504b1f8c <unknown>\n#18 0x7f49b6f7fa94 <unknown>\n#19 0x7f49b700ca34 __clone","time":{"start":1727654503643,"stop":1727654556389,"duration":52746}},{"uid":"79231127f23073f7","reportUrl":"https://robbrad.github.io/UKBinCollectionData/3.12/2136//#testresult/79231127f23073f7","status":"failed","statusDetails":"selenium.common.exceptions.NoSuchElementException: Message: no such element: Unable to locate element: {\"method\":\"css selector\",\"selector\":\"[id=\"COPYOFECHOCOLLECTIONDATES_ADDRESSSELECTION_ADDRESSSELECTIONPOSTCODE\"]\"}\n  (Session info: chrome=129.0.6668.58); For documentation on this error, please visit: https://www.selenium.dev/documentation/webdriver/troubleshooting/errors#no-such-element-exception\nStacktrace:\n#0 0x56385154d13a <unknown>\n#1 0x5638512335e0 <unknown>\n#2 0x563851282be8 <unknown>\n#3 0x563851282e81 <unknown>\n#4 0x5638512c98c4 <unknown>\n#5 0x5638512a7b4d <unknown>\n#6 0x5638512c6d7d <unknown>\n#7 0x5638512a78c3 <unknown>\n#8 0x5638512756b3 <unknown>\n#9 0x56385127668e <unknown>\n#10 0x563851517b3b <unknown>\n#11 0x56385151bac1 <unknown>\n#12 0x563851504335 <unknown>\n#13 0x56385151c642 <unknown>\n#14 0x5638514e949f <unknown>\n#15 0x56385153c038 <unknown>\n#16 0x56385153c203 <unknown>\n#17 0x56385154bf8c <unknown>\n#18 0x7f7089ff3a94 <unknown>\n#19 0x7f708a080a34 __clone","time":{"start":1727568078164,"stop":1727568145782,"duration":67618}},{"uid":"b86b4adaf26f51be","reportUrl":"https://robbrad.github.io/UKBinCollectionData/3.12/2135//#testresult/b86b4adaf26f51be","status":"failed","statusDetails":"selenium.common.exceptions.NoSuchElementException: Message: no such element: Unable to locate element: {\"method\":\"css selector\",\"selector\":\"[id=\"COPYOFECHOCOLLECTIONDATES_ADDRESSSELECTION_ADDRESSSELECTIONPOSTCODE\"]\"}\n  (Session info: chrome=129.0.6668.58); For documentation on this error, please visit: https://www.selenium.dev/documentation/webdriver/troubleshooting/errors#no-such-element-exception\nStacktrace:\n#0 0x55ce9ba0113a <unknown>\n#1 0x55ce9b6e75e0 <unknown>\n#2 0x55ce9b736be8 <unknown>\n#3 0x55ce9b736e81 <unknown>\n#4 0x55ce9b77d8c4 <unknown>\n#5 0x55ce9b75bb4d <unknown>\n#6 0x55ce9b77ad7d <unknown>\n#7 0x55ce9b75b8c3 <unknown>\n#8 0x55ce9b7296b3 <unknown>\n#9 0x55ce9b72a68e <unknown>\n#10 0x55ce9b9cbb3b <unknown>\n#11 0x55ce9b9cfac1 <unknown>\n#12 0x55ce9b9b8335 <unknown>\n#13 0x55ce9b9d0642 <unknown>\n#14 0x55ce9b99d49f <unknown>\n#15 0x55ce9b9f0038 <unknown>\n#16 0x55ce9b9f0203 <unknown>\n#17 0x55ce9b9fff8c <unknown>\n#18 0x7f4c541dba94 <unknown>\n#19 0x7f4c54268a34 __clone","time":{"start":1727481686163,"stop":1727481756221,"duration":70058}},{"uid":"186d596067c463ab","reportUrl":"https://robbrad.github.io/UKBinCollectionData/3.12/2131//#testresult/186d596067c463ab","status":"failed","statusDetails":"selenium.common.exceptions.NoSuchElementException: Message: no such element: Unable to locate element: {\"method\":\"css selector\",\"selector\":\"[id=\"COPYOFECHOCOLLECTIONDATES_ADDRESSSELECTION_ADDRESSSELECTIONPOSTCODE\"]\"}\n  (Session info: chrome=129.0.6668.58); For documentation on this error, please visit: https://www.selenium.dev/documentation/webdriver/troubleshooting/errors#no-such-element-exception\nStacktrace:\n#0 0x55d57476d13a <unknown>\n#1 0x55d5744535e0 <unknown>\n#2 0x55d5744a2be8 <unknown>\n#3 0x55d5744a2e81 <unknown>\n#4 0x55d5744e98c4 <unknown>\n#5 0x55d5744c7b4d <unknown>\n#6 0x55d5744e6d7d <unknown>\n#7 0x55d5744c78c3 <unknown>\n#8 0x55d5744956b3 <unknown>\n#9 0x55d57449668e <unknown>\n#10 0x55d574737b3b <unknown>\n#11 0x55d57473bac1 <unknown>\n#12 0x55d574724335 <unknown>\n#13 0x55d57473c642 <unknown>\n#14 0x55d57470949f <unknown>\n#15 0x55d57475c038 <unknown>\n#16 0x55d57475c203 <unknown>\n#17 0x55d57476bf8c <unknown>\n#18 0x7fa73db6ca94 <unknown>\n#19 0x7fa73dbf9a34 __clone","time":{"start":1727421656253,"stop":1727421709166,"duration":52913}},{"uid":"4766fb86dc9c0e3c","reportUrl":"https://robbrad.github.io/UKBinCollectionData/3.12/2130//#testresult/4766fb86dc9c0e3c","status":"failed","statusDetails":"selenium.common.exceptions.NoSuchElementException: Message: no such element: Unable to locate element: {\"method\":\"css selector\",\"selector\":\"[id=\"COPYOFECHOCOLLECTIONDATES_ADDRESSSELECTION_ADDRESSSELECTIONPOSTCODE\"]\"}\n  (Session info: chrome=129.0.6668.58); For documentation on this error, please visit: https://www.selenium.dev/documentation/webdriver/troubleshooting/errors#no-such-element-exception\nStacktrace:\n#0 0x557a37f9413a <unknown>\n#1 0x557a37c7a5e0 <unknown>\n#2 0x557a37cc9be8 <unknown>\n#3 0x557a37cc9e81 <unknown>\n#4 0x557a37d108c4 <unknown>\n#5 0x557a37ceeb4d <unknown>\n#6 0x557a37d0dd7d <unknown>\n#7 0x557a37cee8c3 <unknown>\n#8 0x557a37cbc6b3 <unknown>\n#9 0x557a37cbd68e <unknown>\n#10 0x557a37f5eb3b <unknown>\n#11 0x557a37f62ac1 <unknown>\n#12 0x557a37f4b335 <unknown>\n#13 0x557a37f63642 <unknown>\n#14 0x557a37f3049f <unknown>\n#15 0x557a37f83038 <unknown>\n#16 0x557a37f83203 <unknown>\n#17 0x557a37f92f8c <unknown>\n#18 0x7f9c67beca94 <unknown>\n#19 0x7f9c67c79a34 __clone","time":{"start":1727395333338,"stop":1727395387075,"duration":53737}},{"uid":"825fe5cbad979a04","reportUrl":"https://robbrad.github.io/UKBinCollectionData/3.12/2129//#testresult/825fe5cbad979a04","status":"failed","statusDetails":"selenium.common.exceptions.NoSuchElementException: Message: no such element: Unable to locate element: {\"method\":\"css selector\",\"selector\":\"[id=\"COPYOFECHOCOLLECTIONDATES_ADDRESSSELECTION_ADDRESSSELECTIONPOSTCODE\"]\"}\n  (Session info: chrome=129.0.6668.58); For documentation on this error, please visit: https://www.selenium.dev/documentation/webdriver/troubleshooting/errors#no-such-element-exception\nStacktrace:\n#0 0x55d8657e013a <unknown>\n#1 0x55d8654c65e0 <unknown>\n#2 0x55d865515be8 <unknown>\n#3 0x55d865515e81 <unknown>\n#4 0x55d86555c8c4 <unknown>\n#5 0x55d86553ab4d <unknown>\n#6 0x55d865559d7d <unknown>\n#7 0x55d86553a8c3 <unknown>\n#8 0x55d8655086b3 <unknown>\n#9 0x55d86550968e <unknown>\n#10 0x55d8657aab3b <unknown>\n#11 0x55d8657aeac1 <unknown>\n#12 0x55d865797335 <unknown>\n#13 0x55d8657af642 <unknown>\n#14 0x55d86577c49f <unknown>\n#15 0x55d8657cf038 <unknown>\n#16 0x55d8657cf203 <unknown>\n#17 0x55d8657def8c <unknown>\n#18 0x7fd96d8eba94 <unknown>\n#19 0x7fd96d978a34 __clone","time":{"start":1727308883074,"stop":1727308956772,"duration":73698}},{"uid":"eef65537c0733e00","reportUrl":"https://robbrad.github.io/UKBinCollectionData/3.12/2128//#testresult/eef65537c0733e00","status":"failed","statusDetails":"selenium.common.exceptions.NoSuchElementException: Message: no such element: Unable to locate element: {\"method\":\"css selector\",\"selector\":\"[id=\"COPYOFECHOCOLLECTIONDATES_ADDRESSSELECTION_ADDRESSSELECTIONPOSTCODE\"]\"}\n  (Session info: chrome=129.0.6668.58); For documentation on this error, please visit: https://www.selenium.dev/documentation/webdriver/troubleshooting/errors#no-such-element-exception\nStacktrace:\n#0 0x55f44864913a <unknown>\n#1 0x55f44832f5e0 <unknown>\n#2 0x55f44837ebe8 <unknown>\n#3 0x55f44837ee81 <unknown>\n#4 0x55f4483c58c4 <unknown>\n#5 0x55f4483a3b4d <unknown>\n#6 0x55f4483c2d7d <unknown>\n#7 0x55f4483a38c3 <unknown>\n#8 0x55f4483716b3 <unknown>\n#9 0x55f44837268e <unknown>\n#10 0x55f448613b3b <unknown>\n#11 0x55f448617ac1 <unknown>\n#12 0x55f448600335 <unknown>\n#13 0x55f448618642 <unknown>\n#14 0x55f4485e549f <unknown>\n#15 0x55f448638038 <unknown>\n#16 0x55f448638203 <unknown>\n#17 0x55f448647f8c <unknown>\n#18 0x7f5b80f1fa94 <unknown>\n#19 0x7f5b80faca34 __clone","time":{"start":1727222529471,"stop":1727222578656,"duration":49185}},{"uid":"765f9a92b0eeb96e","reportUrl":"https://robbrad.github.io/UKBinCollectionData/3.12/2127//#testresult/765f9a92b0eeb96e","status":"failed","statusDetails":"selenium.common.exceptions.NoSuchElementException: Message: no such element: Unable to locate element: {\"method\":\"css selector\",\"selector\":\"[id=\"COPYOFECHOCOLLECTIONDATES_ADDRESSSELECTION_ADDRESSSELECTIONPOSTCODE\"]\"}\n  (Session info: chrome=129.0.6668.58); For documentation on this error, please visit: https://www.selenium.dev/documentation/webdriver/troubleshooting/errors#no-such-element-exception\nStacktrace:\n#0 0x555aa76a013a <unknown>\n#1 0x555aa73865e0 <unknown>\n#2 0x555aa73d5be8 <unknown>\n#3 0x555aa73d5e81 <unknown>\n#4 0x555aa741c8c4 <unknown>\n#5 0x555aa73fab4d <unknown>\n#6 0x555aa7419d7d <unknown>\n#7 0x555aa73fa8c3 <unknown>\n#8 0x555aa73c86b3 <unknown>\n#9 0x555aa73c968e <unknown>\n#10 0x555aa766ab3b <unknown>\n#11 0x555aa766eac1 <unknown>\n#12 0x555aa7657335 <unknown>\n#13 0x555aa766f642 <unknown>\n#14 0x555aa763c49f <unknown>\n#15 0x555aa768f038 <unknown>\n#16 0x555aa768f203 <unknown>\n#17 0x555aa769ef8c <unknown>\n#18 0x7f513f15ea94 <unknown>\n#19 0x7f513f1eba34 __clone","time":{"start":1727136131625,"stop":1727136184314,"duration":52689}},{"uid":"a0244f7e3f38a81a","reportUrl":"https://robbrad.github.io/UKBinCollectionData/3.12/2126//#testresult/a0244f7e3f38a81a","status":"failed","statusDetails":"selenium.common.exceptions.NoSuchElementException: Message: no such element: Unable to locate element: {\"method\":\"css selector\",\"selector\":\"[id=\"COPYOFECHOCOLLECTIONDATES_ADDRESSSELECTION_ADDRESSSELECTIONPOSTCODE\"]\"}\n  (Session info: chrome=129.0.6668.58); For documentation on this error, please visit: https://www.selenium.dev/documentation/webdriver/troubleshooting/errors#no-such-element-exception\nStacktrace:\n#0 0x55920bc6513a <unknown>\n#1 0x55920b94b5e0 <unknown>\n#2 0x55920b99abe8 <unknown>\n#3 0x55920b99ae81 <unknown>\n#4 0x55920b9e18c4 <unknown>\n#5 0x55920b9bfb4d <unknown>\n#6 0x55920b9ded7d <unknown>\n#7 0x55920b9bf8c3 <unknown>\n#8 0x55920b98d6b3 <unknown>\n#9 0x55920b98e68e <unknown>\n#10 0x55920bc2fb3b <unknown>\n#11 0x55920bc33ac1 <unknown>\n#12 0x55920bc1c335 <unknown>\n#13 0x55920bc34642 <unknown>\n#14 0x55920bc0149f <unknown>\n#15 0x55920bc54038 <unknown>\n#16 0x55920bc54203 <unknown>\n#17 0x55920bc63f8c <unknown>\n#18 0x7f68c9d95a94 <unknown>\n#19 0x7f68c9e22a34 __clone","time":{"start":1727049683427,"stop":1727049742684,"duration":59257}},{"uid":"fdb544301256e8fe","reportUrl":"https://robbrad.github.io/UKBinCollectionData/3.12/2125//#testresult/fdb544301256e8fe","status":"failed","statusDetails":"selenium.common.exceptions.NoSuchElementException: Message: no such element: Unable to locate element: {\"method\":\"css selector\",\"selector\":\"[id=\"COPYOFECHOCOLLECTIONDATES_ADDRESSSELECTION_ADDRESSSELECTIONPOSTCODE\"]\"}\n  (Session info: chrome=128.0.6613.119); For documentation on this error, please visit: https://www.selenium.dev/documentation/webdriver/troubleshooting/errors#no-such-element-exception\nStacktrace:\n#0 0x560efa51786a <unknown>\n#1 0x560efa1e5e50 <unknown>\n#2 0x560efa235644 <unknown>\n#3 0x560efa235931 <unknown>\n#4 0x560efa27b534 <unknown>\n#5 0x560efa25a4bd <unknown>\n#6 0x560efa2789c6 <unknown>\n#7 0x560efa25a233 <unknown>\n#8 0x560efa228093 <unknown>\n#9 0x560efa22909e <unknown>\n#10 0x560efa4deacb <unknown>\n#11 0x560efa4e2a81 <unknown>\n#12 0x560efa4ca695 <unknown>\n#13 0x560efa4e35f2 <unknown>\n#14 0x560efa4af86f <unknown>\n#15 0x560efa506668 <unknown>\n#16 0x560efa506832 <unknown>\n#17 0x560efa51665c <unknown>\n#18 0x7f7d15f1ca94 <unknown>\n#19 0x7f7d15fa9a34 __clone","time":{"start":1726963285544,"stop":1726963358241,"duration":72697}},{"uid":"3111f0d01caef51","reportUrl":"https://robbrad.github.io/UKBinCollectionData/3.12/2124//#testresult/3111f0d01caef51","status":"failed","statusDetails":"selenium.common.exceptions.NoSuchElementException: Message: no such element: Unable to locate element: {\"method\":\"css selector\",\"selector\":\"[id=\"COPYOFECHOCOLLECTIONDATES_ADDRESSSELECTION_ADDRESSSELECTIONPOSTCODE\"]\"}\n  (Session info: chrome=128.0.6613.119); For documentation on this error, please visit: https://www.selenium.dev/documentation/webdriver/troubleshooting/errors#no-such-element-exception\nStacktrace:\n#0 0x55cc6204d86a <unknown>\n#1 0x55cc61d1be50 <unknown>\n#2 0x55cc61d6b644 <unknown>\n#3 0x55cc61d6b931 <unknown>\n#4 0x55cc61db1534 <unknown>\n#5 0x55cc61d904bd <unknown>\n#6 0x55cc61dae9c6 <unknown>\n#7 0x55cc61d90233 <unknown>\n#8 0x55cc61d5e093 <unknown>\n#9 0x55cc61d5f09e <unknown>\n#10 0x55cc62014acb <unknown>\n#11 0x55cc62018a81 <unknown>\n#12 0x55cc62000695 <unknown>\n#13 0x55cc620195f2 <unknown>\n#14 0x55cc61fe586f <unknown>\n#15 0x55cc6203c668 <unknown>\n#16 0x55cc6203c832 <unknown>\n#17 0x55cc6204c65c <unknown>\n#18 0x7f851a741a94 <unknown>\n#19 0x7f851a7cea34 __clone","time":{"start":1726876958938,"stop":1726877015232,"duration":56294}},{"uid":"50f223aa49e92bce","reportUrl":"https://robbrad.github.io/UKBinCollectionData/3.12/2123//#testresult/50f223aa49e92bce","status":"failed","statusDetails":"selenium.common.exceptions.NoSuchElementException: Message: no such element: Unable to locate element: {\"method\":\"css selector\",\"selector\":\"[id=\"COPYOFECHOCOLLECTIONDATES_ADDRESSSELECTION_ADDRESSSELECTIONPOSTCODE\"]\"}\n  (Session info: chrome=128.0.6613.119); For documentation on this error, please visit: https://www.selenium.dev/documentation/webdriver/troubleshooting/errors#no-such-element-exception\nStacktrace:\n#0 0x562d0ea6e86a <unknown>\n#1 0x562d0e73ce50 <unknown>\n#2 0x562d0e78c644 <unknown>\n#3 0x562d0e78c931 <unknown>\n#4 0x562d0e7d2534 <unknown>\n#5 0x562d0e7b14bd <unknown>\n#6 0x562d0e7cf9c6 <unknown>\n#7 0x562d0e7b1233 <unknown>\n#8 0x562d0e77f093 <unknown>\n#9 0x562d0e78009e <unknown>\n#10 0x562d0ea35acb <unknown>\n#11 0x562d0ea39a81 <unknown>\n#12 0x562d0ea21695 <unknown>\n#13 0x562d0ea3a5f2 <unknown>\n#14 0x562d0ea0686f <unknown>\n#15 0x562d0ea5d668 <unknown>\n#16 0x562d0ea5d832 <unknown>\n#17 0x562d0ea6d65c <unknown>\n#18 0x7fdf48b87a94 <unknown>\n#19 0x7fdf48c14a34 __clone","time":{"start":1726790562525,"stop":1726790611399,"duration":48874}},{"uid":"20c3a8b9eeb68de3","reportUrl":"https://robbrad.github.io/UKBinCollectionData/3.12/2122//#testresult/20c3a8b9eeb68de3","status":"failed","statusDetails":"selenium.common.exceptions.NoSuchElementException: Message: no such element: Unable to locate element: {\"method\":\"css selector\",\"selector\":\"[id=\"COPYOFECHOCOLLECTIONDATES_ADDRESSSELECTION_ADDRESSSELECTIONPOSTCODE\"]\"}\n  (Session info: chrome=128.0.6613.119); For documentation on this error, please visit: https://www.selenium.dev/documentation/webdriver/troubleshooting/errors#no-such-element-exception\nStacktrace:\n#0 0x563d976cc86a <unknown>\n#1 0x563d9739ae50 <unknown>\n#2 0x563d973ea644 <unknown>\n#3 0x563d973ea931 <unknown>\n#4 0x563d97430534 <unknown>\n#5 0x563d9740f4bd <unknown>\n#6 0x563d9742d9c6 <unknown>\n#7 0x563d9740f233 <unknown>\n#8 0x563d973dd093 <unknown>\n#9 0x563d973de09e <unknown>\n#10 0x563d97693acb <unknown>\n#11 0x563d97697a81 <unknown>\n#12 0x563d9767f695 <unknown>\n#13 0x563d976985f2 <unknown>\n#14 0x563d9766486f <unknown>\n#15 0x563d976bb668 <unknown>\n#16 0x563d976bb832 <unknown>\n#17 0x563d976cb65c <unknown>\n#18 0x7fca7bc30a94 <unknown>\n#19 0x7fca7bcbda34 __clone","time":{"start":1726704170335,"stop":1726704292241,"duration":121906}},{"uid":"6baca5f8c543ddd9","reportUrl":"https://robbrad.github.io/UKBinCollectionData/3.12/2121//#testresult/6baca5f8c543ddd9","status":"failed","statusDetails":"selenium.common.exceptions.NoSuchElementException: Message: no such element: Unable to locate element: {\"method\":\"css selector\",\"selector\":\"[id=\"COPYOFECHOCOLLECTIONDATES_ADDRESSSELECTION_ADDRESSSELECTIONPOSTCODE\"]\"}\n  (Session info: chrome=128.0.6613.119); For documentation on this error, please visit: https://www.selenium.dev/documentation/webdriver/troubleshooting/errors#no-such-element-exception\nStacktrace:\n#0 0x563cb9fa786a <unknown>\n#1 0x563cb9c75e50 <unknown>\n#2 0x563cb9cc5644 <unknown>\n#3 0x563cb9cc5931 <unknown>\n#4 0x563cb9d0b534 <unknown>\n#5 0x563cb9cea4bd <unknown>\n#6 0x563cb9d089c6 <unknown>\n#7 0x563cb9cea233 <unknown>\n#8 0x563cb9cb8093 <unknown>\n#9 0x563cb9cb909e <unknown>\n#10 0x563cb9f6eacb <unknown>\n#11 0x563cb9f72a81 <unknown>\n#12 0x563cb9f5a695 <unknown>\n#13 0x563cb9f735f2 <unknown>\n#14 0x563cb9f3f86f <unknown>\n#15 0x563cb9f96668 <unknown>\n#16 0x563cb9f96832 <unknown>\n#17 0x563cb9fa665c <unknown>\n#18 0x7fe26652aa94 <unknown>\n#19 0x7fe2665b7a34 __clone","time":{"start":1726617686955,"stop":1726617799670,"duration":112715}}]},"tags":[]},"source":"6c0b4286d5e5de38.json","parameterValues":["BuckinghamshireCouncil"]}