{"uid":"3a653fcd506ff3e1","name":"Validate Council Output [NeathPortTalbotCouncil]","fullName":"features/validate_council_outputs.feature:Validate Council Output","historyId":"6a7795e00df27bb2a2723cbd96dd78a1","time":{"start":1728001260897,"stop":1728001270296,"duration":9399},"status":"failed","statusMessage":"selenium.common.exceptions.NoSuchElementException: Message: no such element: Unable to locate element: {\"method\":\"css selector\",\"selector\":\"[id=\"ContentPlaceHolderDefault_ctl13_nptLLPG2_25_addresslookup_txtTmpPostcode\"]\"}\n  (Session info: chrome=129.0.6668.58); For documentation on this error, please visit: https://www.selenium.dev/documentation/webdriver/troubleshooting/errors#no-such-element-exception\nStacktrace:\n#0 0x55f78eb8213a <unknown>\n#1 0x55f78e8685e0 <unknown>\n#2 0x55f78e8b7be8 <unknown>\n#3 0x55f78e8b7e81 <unknown>\n#4 0x55f78e8fe8c4 <unknown>\n#5 0x55f78e8dcb4d <unknown>\n#6 0x55f78e8fbd7d <unknown>\n#7 0x55f78e8dc8c3 <unknown>\n#8 0x55f78e8aa6b3 <unknown>\n#9 0x55f78e8ab68e <unknown>\n#10 0x55f78eb4cb3b <unknown>\n#11 0x55f78eb50ac1 <unknown>\n#12 0x55f78eb39335 <unknown>\n#13 0x55f78eb51642 <unknown>\n#14 0x55f78eb1e49f <unknown>\n#15 0x55f78eb71038 <unknown>\n#16 0x55f78eb71203 <unknown>\n#17 0x55f78eb80f8c <unknown>\n#18 0x7fca73562a94 <unknown>\n#19 0x7fca735efa34 __clone","statusTrace":"fixturefunc = <function scrape_step at 0x7fbd316623e0>\nrequest = <FixtureRequest for <Function test_scenario_outline[NeathPortTalbotCouncil]>>\nkwargs = {'context': <test_validate_council.Context object at 0x7fbd314e1850>, 'headless_mode': 'True', 'local_browser': 'False', 'selenium_url': 'http://localhost:4444'}\n\n    def call_fixture_func(\n        fixturefunc: _FixtureFunc[FixtureValue], request: FixtureRequest, kwargs\n    ) -> FixtureValue:\n        if is_generator(fixturefunc):\n            fixturefunc = cast(\n                Callable[..., Generator[FixtureValue, None, None]], fixturefunc\n            )\n            generator = fixturefunc(**kwargs)\n            try:\n                fixture_result = next(generator)\n            except StopIteration:\n                raise ValueError(f\"{request.fixturename} did not yield a value\") from None\n            finalizer = functools.partial(_teardown_yield_fixture, fixturefunc, generator)\n            request.addfinalizer(finalizer)\n        else:\n            fixturefunc = cast(Callable[..., FixtureValue], fixturefunc)\n>           fixture_result = fixturefunc(**kwargs)\n\n../../../.cache/pypoetry/virtualenvs/uk-bin-collection-EwS6Gn8s-py3.11/lib/python3.11/site-packages/_pytest/fixtures.py:898: \n_ _ _ _ _ _ _ _ _ _ _ _ _ _ _ _ _ _ _ _ _ _ _ _ _ _ _ _ _ _ _ _ _ _ _ _ _ _ _ _ \nuk_bin_collection/tests/step_defs/test_validate_council.py:100: in scrape_step\n    context.parse_result = CollectData.run()\nuk_bin_collection/uk_bin_collection/collect_data.py:101: in run\n    return self.client_code(\nuk_bin_collection/uk_bin_collection/collect_data.py:121: in client_code\n    return get_bin_data_class.template_method(address_url, **kwargs)\nuk_bin_collection/uk_bin_collection/get_bin_data.py:61: in template_method\n    bin_data_dict = self.get_and_parse_data(this_url, **kwargs)\nuk_bin_collection/uk_bin_collection/get_bin_data.py:84: in get_and_parse_data\n    bin_data_dict = self.parse_data(\"\", url=address_url, **kwargs)\nuk_bin_collection/uk_bin_collection/councils/NeathPortTalbotCouncil.py:43: in parse_data\n    inputElement_postcode = driver.find_element(\n../../../.cache/pypoetry/virtualenvs/uk-bin-collection-EwS6Gn8s-py3.11/lib/python3.11/site-packages/selenium/webdriver/remote/webdriver.py:748: in find_element\n    return self.execute(Command.FIND_ELEMENT, {\"using\": by, \"value\": value})[\"value\"]\n../../../.cache/pypoetry/virtualenvs/uk-bin-collection-EwS6Gn8s-py3.11/lib/python3.11/site-packages/selenium/webdriver/remote/webdriver.py:354: in execute\n    self.error_handler.check_response(response)\n_ _ _ _ _ _ _ _ _ _ _ _ _ _ _ _ _ _ _ _ _ _ _ _ _ _ _ _ _ _ _ _ _ _ _ _ _ _ _ _ \n\nself = <selenium.webdriver.remote.errorhandler.ErrorHandler object at 0x7fbd30aca310>\nresponse = {'status': 404, 'value': '{\"value\":{\"error\":\"no such element\",\"message\":\"no such element: Unable to locate element: {\\...unknown>\\\\n#17 0x55f78eb80f8c \\\\u003Cunknown>\\\\n#18 0x7fca73562a94 \\\\u003Cunknown>\\\\n#19 0x7fca735efa34 __clone\\\\n\"}}'}\n\n    def check_response(self, response: Dict[str, Any]) -> None:\n        \"\"\"Checks that a JSON response from the WebDriver does not have an\n        error.\n    \n        :Args:\n         - response - The JSON response from the WebDriver server as a dictionary\n           object.\n    \n        :Raises: If the response contains an error message.\n        \"\"\"\n        status = response.get(\"status\", None)\n        if not status or status == ErrorCode.SUCCESS:\n            return\n        value = None\n        message = response.get(\"message\", \"\")\n        screen: str = response.get(\"screen\", \"\")\n        stacktrace = None\n        if isinstance(status, int):\n            value_json = response.get(\"value\", None)\n            if value_json and isinstance(value_json, str):\n                import json\n    \n                try:\n                    value = json.loads(value_json)\n                    if len(value) == 1:\n                        value = value[\"value\"]\n                    status = value.get(\"error\", None)\n                    if not status:\n                        status = value.get(\"status\", ErrorCode.UNKNOWN_ERROR)\n                        message = value.get(\"value\") or value.get(\"message\")\n                        if not isinstance(message, str):\n                            value = message\n                            message = message.get(\"message\")\n                    else:\n                        message = value.get(\"message\", None)\n                except ValueError:\n                    pass\n    \n        exception_class: Type[WebDriverException]\n        e = ErrorCode()\n        error_codes = [item for item in dir(e) if not item.startswith(\"__\")]\n        for error_code in error_codes:\n            error_info = getattr(ErrorCode, error_code)\n            if isinstance(error_info, list) and status in error_info:\n                exception_class = getattr(ExceptionMapping, error_code, WebDriverException)\n                break\n        else:\n            exception_class = WebDriverException\n    \n        if not value:\n            value = response[\"value\"]\n        if isinstance(value, str):\n            raise exception_class(value)\n        if message == \"\" and \"message\" in value:\n            message = value[\"message\"]\n    \n        screen = None  # type: ignore[assignment]\n        if \"screen\" in value:\n            screen = value[\"screen\"]\n    \n        stacktrace = None\n        st_value = value.get(\"stackTrace\") or value.get(\"stacktrace\")\n        if st_value:\n            if isinstance(st_value, str):\n                stacktrace = st_value.split(\"\\n\")\n            else:\n                stacktrace = []\n                try:\n                    for frame in st_value:\n                        line = frame.get(\"lineNumber\", \"\")\n                        file = frame.get(\"fileName\", \"<anonymous>\")\n                        if line:\n                            file = f\"{file}:{line}\"\n                        meth = frame.get(\"methodName\", \"<anonymous>\")\n                        if \"className\" in frame:\n                            meth = f\"{frame['className']}.{meth}\"\n                        msg = \"    at %s (%s)\"\n                        msg = msg % (meth, file)\n                        stacktrace.append(msg)\n                except TypeError:\n                    pass\n        if exception_class == UnexpectedAlertPresentException:\n            alert_text = None\n            if \"data\" in value:\n                alert_text = value[\"data\"].get(\"text\")\n            elif \"alert\" in value:\n                alert_text = value[\"alert\"].get(\"text\")\n            raise exception_class(message, screen, stacktrace, alert_text)  # type: ignore[call-arg]  # mypy is not smart enough here\n>       raise exception_class(message, screen, stacktrace)\nE       selenium.common.exceptions.NoSuchElementException: Message: no such element: Unable to locate element: {\"method\":\"css selector\",\"selector\":\"[id=\"ContentPlaceHolderDefault_ctl13_nptLLPG2_25_addresslookup_txtTmpPostcode\"]\"}\nE         (Session info: chrome=129.0.6668.58); For documentation on this error, please visit: https://www.selenium.dev/documentation/webdriver/troubleshooting/errors#no-such-element-exception\nE       Stacktrace:\nE       #0 0x55f78eb8213a <unknown>\nE       #1 0x55f78e8685e0 <unknown>\nE       #2 0x55f78e8b7be8 <unknown>\nE       #3 0x55f78e8b7e81 <unknown>\nE       #4 0x55f78e8fe8c4 <unknown>\nE       #5 0x55f78e8dcb4d <unknown>\nE       #6 0x55f78e8fbd7d <unknown>\nE       #7 0x55f78e8dc8c3 <unknown>\nE       #8 0x55f78e8aa6b3 <unknown>\nE       #9 0x55f78e8ab68e <unknown>\nE       #10 0x55f78eb4cb3b <unknown>\nE       #11 0x55f78eb50ac1 <unknown>\nE       #12 0x55f78eb39335 <unknown>\nE       #13 0x55f78eb51642 <unknown>\nE       #14 0x55f78eb1e49f <unknown>\nE       #15 0x55f78eb71038 <unknown>\nE       #16 0x55f78eb71203 <unknown>\nE       #17 0x55f78eb80f8c <unknown>\nE       #18 0x7fca73562a94 <unknown>\nE       #19 0x7fca735efa34 __clone\n\n../../../.cache/pypoetry/virtualenvs/uk-bin-collection-EwS6Gn8s-py3.11/lib/python3.11/site-packages/selenium/webdriver/remote/errorhandler.py:229: NoSuchElementException","flaky":false,"newFailed":false,"newBroken":false,"newPassed":false,"retriesCount":0,"retriesStatusChange":false,"beforeStages":[],"testStage":{"status":"failed","statusMessage":"selenium.common.exceptions.NoSuchElementException: Message: no such element: Unable to locate element: {\"method\":\"css selector\",\"selector\":\"[id=\"ContentPlaceHolderDefault_ctl13_nptLLPG2_25_addresslookup_txtTmpPostcode\"]\"}\n  (Session info: chrome=129.0.6668.58); For documentation on this error, please visit: https://www.selenium.dev/documentation/webdriver/troubleshooting/errors#no-such-element-exception\nStacktrace:\n#0 0x55f78eb8213a <unknown>\n#1 0x55f78e8685e0 <unknown>\n#2 0x55f78e8b7be8 <unknown>\n#3 0x55f78e8b7e81 <unknown>\n#4 0x55f78e8fe8c4 <unknown>\n#5 0x55f78e8dcb4d <unknown>\n#6 0x55f78e8fbd7d <unknown>\n#7 0x55f78e8dc8c3 <unknown>\n#8 0x55f78e8aa6b3 <unknown>\n#9 0x55f78e8ab68e <unknown>\n#10 0x55f78eb4cb3b <unknown>\n#11 0x55f78eb50ac1 <unknown>\n#12 0x55f78eb39335 <unknown>\n#13 0x55f78eb51642 <unknown>\n#14 0x55f78eb1e49f <unknown>\n#15 0x55f78eb71038 <unknown>\n#16 0x55f78eb71203 <unknown>\n#17 0x55f78eb80f8c <unknown>\n#18 0x7fca73562a94 <unknown>\n#19 0x7fca735efa34 __clone","statusTrace":"fixturefunc = <function scrape_step at 0x7fbd316623e0>\nrequest = <FixtureRequest for <Function test_scenario_outline[NeathPortTalbotCouncil]>>\nkwargs = {'context': <test_validate_council.Context object at 0x7fbd314e1850>, 'headless_mode': 'True', 'local_browser': 'False', 'selenium_url': 'http://localhost:4444'}\n\n    def call_fixture_func(\n        fixturefunc: _FixtureFunc[FixtureValue], request: FixtureRequest, kwargs\n    ) -> FixtureValue:\n        if is_generator(fixturefunc):\n            fixturefunc = cast(\n                Callable[..., Generator[FixtureValue, None, None]], fixturefunc\n            )\n            generator = fixturefunc(**kwargs)\n            try:\n                fixture_result = next(generator)\n            except StopIteration:\n                raise ValueError(f\"{request.fixturename} did not yield a value\") from None\n            finalizer = functools.partial(_teardown_yield_fixture, fixturefunc, generator)\n            request.addfinalizer(finalizer)\n        else:\n            fixturefunc = cast(Callable[..., FixtureValue], fixturefunc)\n>           fixture_result = fixturefunc(**kwargs)\n\n../../../.cache/pypoetry/virtualenvs/uk-bin-collection-EwS6Gn8s-py3.11/lib/python3.11/site-packages/_pytest/fixtures.py:898: \n_ _ _ _ _ _ _ _ _ _ _ _ _ _ _ _ _ _ _ _ _ _ _ _ _ _ _ _ _ _ _ _ _ _ _ _ _ _ _ _ \nuk_bin_collection/tests/step_defs/test_validate_council.py:100: in scrape_step\n    context.parse_result = CollectData.run()\nuk_bin_collection/uk_bin_collection/collect_data.py:101: in run\n    return self.client_code(\nuk_bin_collection/uk_bin_collection/collect_data.py:121: in client_code\n    return get_bin_data_class.template_method(address_url, **kwargs)\nuk_bin_collection/uk_bin_collection/get_bin_data.py:61: in template_method\n    bin_data_dict = self.get_and_parse_data(this_url, **kwargs)\nuk_bin_collection/uk_bin_collection/get_bin_data.py:84: in get_and_parse_data\n    bin_data_dict = self.parse_data(\"\", url=address_url, **kwargs)\nuk_bin_collection/uk_bin_collection/councils/NeathPortTalbotCouncil.py:43: in parse_data\n    inputElement_postcode = driver.find_element(\n../../../.cache/pypoetry/virtualenvs/uk-bin-collection-EwS6Gn8s-py3.11/lib/python3.11/site-packages/selenium/webdriver/remote/webdriver.py:748: in find_element\n    return self.execute(Command.FIND_ELEMENT, {\"using\": by, \"value\": value})[\"value\"]\n../../../.cache/pypoetry/virtualenvs/uk-bin-collection-EwS6Gn8s-py3.11/lib/python3.11/site-packages/selenium/webdriver/remote/webdriver.py:354: in execute\n    self.error_handler.check_response(response)\n_ _ _ _ _ _ _ _ _ _ _ _ _ _ _ _ _ _ _ _ _ _ _ _ _ _ _ _ _ _ _ _ _ _ _ _ _ _ _ _ \n\nself = <selenium.webdriver.remote.errorhandler.ErrorHandler object at 0x7fbd30aca310>\nresponse = {'status': 404, 'value': '{\"value\":{\"error\":\"no such element\",\"message\":\"no such element: Unable to locate element: {\\...unknown>\\\\n#17 0x55f78eb80f8c \\\\u003Cunknown>\\\\n#18 0x7fca73562a94 \\\\u003Cunknown>\\\\n#19 0x7fca735efa34 __clone\\\\n\"}}'}\n\n    def check_response(self, response: Dict[str, Any]) -> None:\n        \"\"\"Checks that a JSON response from the WebDriver does not have an\n        error.\n    \n        :Args:\n         - response - The JSON response from the WebDriver server as a dictionary\n           object.\n    \n        :Raises: If the response contains an error message.\n        \"\"\"\n        status = response.get(\"status\", None)\n        if not status or status == ErrorCode.SUCCESS:\n            return\n        value = None\n        message = response.get(\"message\", \"\")\n        screen: str = response.get(\"screen\", \"\")\n        stacktrace = None\n        if isinstance(status, int):\n            value_json = response.get(\"value\", None)\n            if value_json and isinstance(value_json, str):\n                import json\n    \n                try:\n                    value = json.loads(value_json)\n                    if len(value) == 1:\n                        value = value[\"value\"]\n                    status = value.get(\"error\", None)\n                    if not status:\n                        status = value.get(\"status\", ErrorCode.UNKNOWN_ERROR)\n                        message = value.get(\"value\") or value.get(\"message\")\n                        if not isinstance(message, str):\n                            value = message\n                            message = message.get(\"message\")\n                    else:\n                        message = value.get(\"message\", None)\n                except ValueError:\n                    pass\n    \n        exception_class: Type[WebDriverException]\n        e = ErrorCode()\n        error_codes = [item for item in dir(e) if not item.startswith(\"__\")]\n        for error_code in error_codes:\n            error_info = getattr(ErrorCode, error_code)\n            if isinstance(error_info, list) and status in error_info:\n                exception_class = getattr(ExceptionMapping, error_code, WebDriverException)\n                break\n        else:\n            exception_class = WebDriverException\n    \n        if not value:\n            value = response[\"value\"]\n        if isinstance(value, str):\n            raise exception_class(value)\n        if message == \"\" and \"message\" in value:\n            message = value[\"message\"]\n    \n        screen = None  # type: ignore[assignment]\n        if \"screen\" in value:\n            screen = value[\"screen\"]\n    \n        stacktrace = None\n        st_value = value.get(\"stackTrace\") or value.get(\"stacktrace\")\n        if st_value:\n            if isinstance(st_value, str):\n                stacktrace = st_value.split(\"\\n\")\n            else:\n                stacktrace = []\n                try:\n                    for frame in st_value:\n                        line = frame.get(\"lineNumber\", \"\")\n                        file = frame.get(\"fileName\", \"<anonymous>\")\n                        if line:\n                            file = f\"{file}:{line}\"\n                        meth = frame.get(\"methodName\", \"<anonymous>\")\n                        if \"className\" in frame:\n                            meth = f\"{frame['className']}.{meth}\"\n                        msg = \"    at %s (%s)\"\n                        msg = msg % (meth, file)\n                        stacktrace.append(msg)\n                except TypeError:\n                    pass\n        if exception_class == UnexpectedAlertPresentException:\n            alert_text = None\n            if \"data\" in value:\n                alert_text = value[\"data\"].get(\"text\")\n            elif \"alert\" in value:\n                alert_text = value[\"alert\"].get(\"text\")\n            raise exception_class(message, screen, stacktrace, alert_text)  # type: ignore[call-arg]  # mypy is not smart enough here\n>       raise exception_class(message, screen, stacktrace)\nE       selenium.common.exceptions.NoSuchElementException: Message: no such element: Unable to locate element: {\"method\":\"css selector\",\"selector\":\"[id=\"ContentPlaceHolderDefault_ctl13_nptLLPG2_25_addresslookup_txtTmpPostcode\"]\"}\nE         (Session info: chrome=129.0.6668.58); For documentation on this error, please visit: https://www.selenium.dev/documentation/webdriver/troubleshooting/errors#no-such-element-exception\nE       Stacktrace:\nE       #0 0x55f78eb8213a <unknown>\nE       #1 0x55f78e8685e0 <unknown>\nE       #2 0x55f78e8b7be8 <unknown>\nE       #3 0x55f78e8b7e81 <unknown>\nE       #4 0x55f78e8fe8c4 <unknown>\nE       #5 0x55f78e8dcb4d <unknown>\nE       #6 0x55f78e8fbd7d <unknown>\nE       #7 0x55f78e8dc8c3 <unknown>\nE       #8 0x55f78e8aa6b3 <unknown>\nE       #9 0x55f78e8ab68e <unknown>\nE       #10 0x55f78eb4cb3b <unknown>\nE       #11 0x55f78eb50ac1 <unknown>\nE       #12 0x55f78eb39335 <unknown>\nE       #13 0x55f78eb51642 <unknown>\nE       #14 0x55f78eb1e49f <unknown>\nE       #15 0x55f78eb71038 <unknown>\nE       #16 0x55f78eb71203 <unknown>\nE       #17 0x55f78eb80f8c <unknown>\nE       #18 0x7fca73562a94 <unknown>\nE       #19 0x7fca735efa34 __clone\n\n../../../.cache/pypoetry/virtualenvs/uk-bin-collection-EwS6Gn8s-py3.11/lib/python3.11/site-packages/selenium/webdriver/remote/errorhandler.py:229: NoSuchElementException","steps":[{"name":"Given the council","time":{"start":1728001260897,"stop":1728001260897,"duration":0},"status":"passed","steps":[],"attachments":[],"parameters":[],"stepsCount":0,"attachmentsCount":0,"hasContent":false,"attachmentStep":false,"shouldDisplayMessage":false},{"name":"When we scrape the data from the council","time":{"start":1728001260897,"stop":1728001270296,"duration":9399},"status":"failed","statusMessage":"Message: no such element: Unable to locate element: {\"method\":\"css selector\",\"selector\":\"[id=\"ContentPlaceHolderDefault_ctl13_nptLLPG2_25_addresslookup_txtTmpPostcode\"]\"}\n  (Session info: chrome=129.0.6668.58); For documentation on this error, please visit: https://www.selenium.dev/documentation/webdriver/troubleshooting/errors#no-such-element-exception\nStacktrace:\n#0 0x55f78eb8213a <unknown>\n#1 0x55f78e8685e0 <unknown>\n#2 0x55f78e8b7be8 <unknown>\n#3 0x55f78e8b7e81 <unknown>\n#4 0x55f78e8fe8c4 <unknown>\n#5 0x55f78e8dcb4d <unknown>\n#6 0x55f78e8fbd7d <unknown>\n#7 0x55f78e8dc8c3 <unknown>\n#8 0x55f78e8aa6b3 <unknown>\n#9 0x55f78e8ab68e <unknown>\n#10 0x55f78eb4cb3b <unknown>\n#11 0x55f78eb50ac1 <unknown>\n#12 0x55f78eb39335 <unknown>\n#13 0x55f78eb51642 <unknown>\n#14 0x55f78eb1e49f <unknown>\n#15 0x55f78eb71038 <unknown>\n#16 0x55f78eb71203 <unknown>\n#17 0x55f78eb80f8c <unknown>\n#18 0x7fca73562a94 <unknown>\n#19 0x7fca735efa34 __clone\n","statusTrace":"selenium.common.exceptions.NoSuchElementException: Message: no such element: Unable to locate element: {\"method\":\"css selector\",\"selector\":\"[id=\"ContentPlaceHolderDefault_ctl13_nptLLPG2_25_addresslookup_txtTmpPostcode\"]\"}\n  (Session info: chrome=129.0.6668.58); For documentation on this error, please visit: https://www.selenium.dev/documentation/webdriver/troubleshooting/errors#no-such-element-exception\nStacktrace:\n#0 0x55f78eb8213a <unknown>\n#1 0x55f78e8685e0 <unknown>\n#2 0x55f78e8b7be8 <unknown>\n#3 0x55f78e8b7e81 <unknown>\n#4 0x55f78e8fe8c4 <unknown>\n#5 0x55f78e8dcb4d <unknown>\n#6 0x55f78e8fbd7d <unknown>\n#7 0x55f78e8dc8c3 <unknown>\n#8 0x55f78e8aa6b3 <unknown>\n#9 0x55f78e8ab68e <unknown>\n#10 0x55f78eb4cb3b <unknown>\n#11 0x55f78eb50ac1 <unknown>\n#12 0x55f78eb39335 <unknown>\n#13 0x55f78eb51642 <unknown>\n#14 0x55f78eb1e49f <unknown>\n#15 0x55f78eb71038 <unknown>\n#16 0x55f78eb71203 <unknown>\n#17 0x55f78eb80f8c <unknown>\n#18 0x7fca73562a94 <unknown>\n#19 0x7fca735efa34 __clone\n\n","steps":[],"attachments":[],"parameters":[],"stepsCount":0,"attachmentsCount":0,"hasContent":true,"attachmentStep":false,"shouldDisplayMessage":true}],"attachments":[{"uid":"432450d23ae86216","name":"stdout","source":"432450d23ae86216.txt","type":"text/plain","size":1005}],"parameters":[],"stepsCount":2,"attachmentsCount":1,"hasContent":true,"attachmentStep":false,"shouldDisplayMessage":true},"afterStages":[],"labels":[{"name":"host","value":"fv-az1499-303"},{"name":"thread","value":"2760-MainThread"},{"name":"framework","value":"pytest-bdd"},{"name":"language","value":"cpython3"},{"name":"feature","value":"Test each council output matches expected results"},{"name":"resultFormat","value":"allure2"}],"parameters":[{"name":"council","value":"NeathPortTalbotCouncil"}],"links":[],"hidden":false,"retry":false,"extra":{"severity":"normal","retries":[],"categories":[{"name":"Product defects","matchedStatuses":[],"flaky":false}],"history":{"statistic":{"failed":196,"broken":0,"skipped":0,"passed":9,"unknown":0,"total":205},"items":[{"uid":"42da33463e169bc7","reportUrl":"https://robbrad.github.io/UKBinCollectionData/3.11/2148//#testresult/42da33463e169bc7","status":"failed","statusDetails":"selenium.common.exceptions.NoSuchElementException: Message: no such element: Unable to locate element: {\"method\":\"css selector\",\"selector\":\"[id=\"ContentPlaceHolderDefault_ctl13_nptLLPG2_25_addresslookup_txtTmpPostcode\"]\"}\n  (Session info: chrome=129.0.6668.58); For documentation on this error, please visit: https://www.selenium.dev/documentation/webdriver/troubleshooting/errors#no-such-element-exception\nStacktrace:\n#0 0x5574e842513a <unknown>\n#1 0x5574e810b5e0 <unknown>\n#2 0x5574e815abe8 <unknown>\n#3 0x5574e815ae81 <unknown>\n#4 0x5574e81a18c4 <unknown>\n#5 0x5574e817fb4d <unknown>\n#6 0x5574e819ed7d <unknown>\n#7 0x5574e817f8c3 <unknown>\n#8 0x5574e814d6b3 <unknown>\n#9 0x5574e814e68e <unknown>\n#10 0x5574e83efb3b <unknown>\n#11 0x5574e83f3ac1 <unknown>\n#12 0x5574e83dc335 <unknown>\n#13 0x5574e83f4642 <unknown>\n#14 0x5574e83c149f <unknown>\n#15 0x5574e8414038 <unknown>\n#16 0x5574e8414203 <unknown>\n#17 0x5574e8423f8c <unknown>\n#18 0x7f80fbcd1a94 <unknown>\n#19 0x7f80fbd5ea34 __clone","time":{"start":1727932860813,"stop":1727932887488,"duration":26675}},{"uid":"68c82e95ee29c294","reportUrl":"https://robbrad.github.io/UKBinCollectionData/3.11/2146//#testresult/68c82e95ee29c294","status":"failed","statusDetails":"selenium.common.exceptions.NoSuchElementException: Message: no such element: Unable to locate element: {\"method\":\"css selector\",\"selector\":\"[id=\"ContentPlaceHolderDefault_ctl13_nptLLPG2_25_addresslookup_txtTmpPostcode\"]\"}\n  (Session info: chrome=129.0.6668.58); For documentation on this error, please visit: https://www.selenium.dev/documentation/webdriver/troubleshooting/errors#no-such-element-exception\nStacktrace:\n#0 0x56201060413a <unknown>\n#1 0x5620102ea5e0 <unknown>\n#2 0x562010339be8 <unknown>\n#3 0x562010339e81 <unknown>\n#4 0x5620103808c4 <unknown>\n#5 0x56201035eb4d <unknown>\n#6 0x56201037dd7d <unknown>\n#7 0x56201035e8c3 <unknown>\n#8 0x56201032c6b3 <unknown>\n#9 0x56201032d68e <unknown>\n#10 0x5620105ceb3b <unknown>\n#11 0x5620105d2ac1 <unknown>\n#12 0x5620105bb335 <unknown>\n#13 0x5620105d3642 <unknown>\n#14 0x5620105a049f <unknown>\n#15 0x5620105f3038 <unknown>\n#16 0x5620105f3203 <unknown>\n#17 0x562010602f8c <unknown>\n#18 0x7fd495304a94 <unknown>\n#19 0x7fd495391a34 __clone","time":{"start":1727914667337,"stop":1727914708733,"duration":41396}},{"uid":"66ae2e3a671c0922","reportUrl":"https://robbrad.github.io/UKBinCollectionData/3.11/2139//#testresult/66ae2e3a671c0922","status":"failed","statusDetails":"selenium.common.exceptions.NoSuchElementException: Message: no such element: Unable to locate element: {\"method\":\"css selector\",\"selector\":\"[id=\"ContentPlaceHolderDefault_ctl13_nptLLPG2_25_addresslookup_txtTmpPostcode\"]\"}\n  (Session info: chrome=129.0.6668.58); For documentation on this error, please visit: https://www.selenium.dev/documentation/webdriver/troubleshooting/errors#no-such-element-exception\nStacktrace:\n#0 0x55c64f82013a <unknown>\n#1 0x55c64f5065e0 <unknown>\n#2 0x55c64f555be8 <unknown>\n#3 0x55c64f555e81 <unknown>\n#4 0x55c64f59c8c4 <unknown>\n#5 0x55c64f57ab4d <unknown>\n#6 0x55c64f599d7d <unknown>\n#7 0x55c64f57a8c3 <unknown>\n#8 0x55c64f5486b3 <unknown>\n#9 0x55c64f54968e <unknown>\n#10 0x55c64f7eab3b <unknown>\n#11 0x55c64f7eeac1 <unknown>\n#12 0x55c64f7d7335 <unknown>\n#13 0x55c64f7ef642 <unknown>\n#14 0x55c64f7bc49f <unknown>\n#15 0x55c64f80f038 <unknown>\n#16 0x55c64f80f203 <unknown>\n#17 0x55c64f81ef8c <unknown>\n#18 0x7f6175130a94 <unknown>\n#19 0x7f61751bda34 __clone","time":{"start":1727828243928,"stop":1727828276627,"duration":32699}},{"uid":"4e4b4bb7ce70bc19","reportUrl":"https://robbrad.github.io/UKBinCollectionData/3.11/2138//#testresult/4e4b4bb7ce70bc19","status":"failed","statusDetails":"selenium.common.exceptions.NoSuchElementException: Message: no such element: Unable to locate element: {\"method\":\"css selector\",\"selector\":\"[id=\"ContentPlaceHolderDefault_ctl13_nptLLPG2_25_addresslookup_txtTmpPostcode\"]\"}\n  (Session info: chrome=129.0.6668.58); For documentation on this error, please visit: https://www.selenium.dev/documentation/webdriver/troubleshooting/errors#no-such-element-exception\nStacktrace:\n#0 0x559c94b0713a <unknown>\n#1 0x559c947ed5e0 <unknown>\n#2 0x559c9483cbe8 <unknown>\n#3 0x559c9483ce81 <unknown>\n#4 0x559c948838c4 <unknown>\n#5 0x559c94861b4d <unknown>\n#6 0x559c94880d7d <unknown>\n#7 0x559c948618c3 <unknown>\n#8 0x559c9482f6b3 <unknown>\n#9 0x559c9483068e <unknown>\n#10 0x559c94ad1b3b <unknown>\n#11 0x559c94ad5ac1 <unknown>\n#12 0x559c94abe335 <unknown>\n#13 0x559c94ad6642 <unknown>\n#14 0x559c94aa349f <unknown>\n#15 0x559c94af6038 <unknown>\n#16 0x559c94af6203 <unknown>\n#17 0x559c94b05f8c <unknown>\n#18 0x7f7dc843ea94 <unknown>\n#19 0x7f7dc84cba34 __clone","time":{"start":1727741923236,"stop":1727741970495,"duration":47259}},{"uid":"60226a23452a92e1","reportUrl":"https://robbrad.github.io/UKBinCollectionData/3.11/2137//#testresult/60226a23452a92e1","status":"failed","statusDetails":"selenium.common.exceptions.ElementNotInteractableException: Message: element not interactable\n  (Session info: chrome=129.0.6668.58)\nStacktrace:\n#0 0x557172ee113a <unknown>\n#1 0x557172bc743d <unknown>\n#2 0x557172c17ddb <unknown>\n#3 0x557172c0ba98 <unknown>\n#4 0x557172c3bb22 <unknown>\n#5 0x557172c0b478 <unknown>\n#6 0x557172c3bcee <unknown>\n#7 0x557172c5ad7d <unknown>\n#8 0x557172c3b8c3 <unknown>\n#9 0x557172c096b3 <unknown>\n#10 0x557172c0a68e <unknown>\n#11 0x557172eabb3b <unknown>\n#12 0x557172eafac1 <unknown>\n#13 0x557172e98335 <unknown>\n#14 0x557172eb0642 <unknown>\n#15 0x557172e7d49f <unknown>\n#16 0x557172ed0038 <unknown>\n#17 0x557172ed0203 <unknown>\n#18 0x557172edff8c <unknown>\n#19 0x7f20fd883a94 <unknown>\n#20 0x7f20fd910a34 __clone","time":{"start":1727655459929,"stop":1727655484387,"duration":24458}},{"uid":"70d18e1c0a9bf8b0","reportUrl":"https://robbrad.github.io/UKBinCollectionData/3.11/2136//#testresult/70d18e1c0a9bf8b0","status":"failed","statusDetails":"selenium.common.exceptions.NoSuchElementException: Message: no such element: Unable to locate element: {\"method\":\"css selector\",\"selector\":\"[id=\"ContentPlaceHolderDefault_ctl13_nptLLPG2_25_addresslookup_txtTmpPostcode\"]\"}\n  (Session info: chrome=129.0.6668.58); For documentation on this error, please visit: https://www.selenium.dev/documentation/webdriver/troubleshooting/errors#no-such-element-exception\nStacktrace:\n#0 0x55ed83cb713a <unknown>\n#1 0x55ed8399d5e0 <unknown>\n#2 0x55ed839ecbe8 <unknown>\n#3 0x55ed839ece81 <unknown>\n#4 0x55ed83a338c4 <unknown>\n#5 0x55ed83a11b4d <unknown>\n#6 0x55ed83a30d7d <unknown>\n#7 0x55ed83a118c3 <unknown>\n#8 0x55ed839df6b3 <unknown>\n#9 0x55ed839e068e <unknown>\n#10 0x55ed83c81b3b <unknown>\n#11 0x55ed83c85ac1 <unknown>\n#12 0x55ed83c6e335 <unknown>\n#13 0x55ed83c86642 <unknown>\n#14 0x55ed83c5349f <unknown>\n#15 0x55ed83ca6038 <unknown>\n#16 0x55ed83ca6203 <unknown>\n#17 0x55ed83cb5f8c <unknown>\n#18 0x7ff51fb61a94 <unknown>\n#19 0x7ff51fbeea34 __clone","time":{"start":1727569068047,"stop":1727569121880,"duration":53833}},{"uid":"6dfce093582545f1","reportUrl":"https://robbrad.github.io/UKBinCollectionData/3.11/2135//#testresult/6dfce093582545f1","status":"failed","statusDetails":"selenium.common.exceptions.NoSuchElementException: Message: no such element: Unable to locate element: {\"method\":\"css selector\",\"selector\":\"[id=\"ContentPlaceHolderDefault_ctl13_nptLLPG2_25_addresslookup_txtTmpPostcode\"]\"}\n  (Session info: chrome=129.0.6668.58); For documentation on this error, please visit: https://www.selenium.dev/documentation/webdriver/troubleshooting/errors#no-such-element-exception\nStacktrace:\n#0 0x56379691a13a <unknown>\n#1 0x5637966005e0 <unknown>\n#2 0x56379664fbe8 <unknown>\n#3 0x56379664fe81 <unknown>\n#4 0x5637966968c4 <unknown>\n#5 0x563796674b4d <unknown>\n#6 0x563796693d7d <unknown>\n#7 0x5637966748c3 <unknown>\n#8 0x5637966426b3 <unknown>\n#9 0x56379664368e <unknown>\n#10 0x5637968e4b3b <unknown>\n#11 0x5637968e8ac1 <unknown>\n#12 0x5637968d1335 <unknown>\n#13 0x5637968e9642 <unknown>\n#14 0x5637968b649f <unknown>\n#15 0x563796909038 <unknown>\n#16 0x563796909203 <unknown>\n#17 0x563796918f8c <unknown>\n#18 0x7fb0870f5a94 <unknown>\n#19 0x7fb087182a34 __clone","time":{"start":1727482792045,"stop":1727482806416,"duration":14371}},{"uid":"47a6f42044bef71f","reportUrl":"https://robbrad.github.io/UKBinCollectionData/3.11/2131//#testresult/47a6f42044bef71f","status":"failed","statusDetails":"selenium.common.exceptions.NoSuchElementException: Message: no such element: Unable to locate element: {\"method\":\"css selector\",\"selector\":\"[id=\"ContentPlaceHolderDefault_ctl13_nptLLPG2_25_addresslookup_txtTmpPostcode\"]\"}\n  (Session info: chrome=129.0.6668.58); For documentation on this error, please visit: https://www.selenium.dev/documentation/webdriver/troubleshooting/errors#no-such-element-exception\nStacktrace:\n#0 0x55dcbffe813a <unknown>\n#1 0x55dcbfcce5e0 <unknown>\n#2 0x55dcbfd1dbe8 <unknown>\n#3 0x55dcbfd1de81 <unknown>\n#4 0x55dcbfd648c4 <unknown>\n#5 0x55dcbfd42b4d <unknown>\n#6 0x55dcbfd61d7d <unknown>\n#7 0x55dcbfd428c3 <unknown>\n#8 0x55dcbfd106b3 <unknown>\n#9 0x55dcbfd1168e <unknown>\n#10 0x55dcbffb2b3b <unknown>\n#11 0x55dcbffb6ac1 <unknown>\n#12 0x55dcbff9f335 <unknown>\n#13 0x55dcbffb7642 <unknown>\n#14 0x55dcbff8449f <unknown>\n#15 0x55dcbffd7038 <unknown>\n#16 0x55dcbffd7203 <unknown>\n#17 0x55dcbffe6f8c <unknown>\n#18 0x7f070757aa94 <unknown>\n#19 0x7f0707607a34 __clone","time":{"start":1727422633125,"stop":1727422682271,"duration":49146}},{"uid":"79c7e644b2900d8f","reportUrl":"https://robbrad.github.io/UKBinCollectionData/3.11/2130//#testresult/79c7e644b2900d8f","status":"failed","statusDetails":"selenium.common.exceptions.NoSuchElementException: Message: no such element: Unable to locate element: {\"method\":\"css selector\",\"selector\":\"[id=\"ContentPlaceHolderDefault_ctl13_nptLLPG2_25_addresslookup_txtTmpPostcode\"]\"}\n  (Session info: chrome=129.0.6668.58); For documentation on this error, please visit: https://www.selenium.dev/documentation/webdriver/troubleshooting/errors#no-such-element-exception\nStacktrace:\n#0 0x5634552bc13a <unknown>\n#1 0x563454fa25e0 <unknown>\n#2 0x563454ff1be8 <unknown>\n#3 0x563454ff1e81 <unknown>\n#4 0x5634550388c4 <unknown>\n#5 0x563455016b4d <unknown>\n#6 0x563455035d7d <unknown>\n#7 0x5634550168c3 <unknown>\n#8 0x563454fe46b3 <unknown>\n#9 0x563454fe568e <unknown>\n#10 0x563455286b3b <unknown>\n#11 0x56345528aac1 <unknown>\n#12 0x563455273335 <unknown>\n#13 0x56345528b642 <unknown>\n#14 0x56345525849f <unknown>\n#15 0x5634552ab038 <unknown>\n#16 0x5634552ab203 <unknown>\n#17 0x5634552baf8c <unknown>\n#18 0x7fa691a8da94 <unknown>\n#19 0x7fa691b1aa34 __clone","time":{"start":1727396361998,"stop":1727396412635,"duration":50637}},{"uid":"8cd3b1a801ce20d0","reportUrl":"https://robbrad.github.io/UKBinCollectionData/3.11/2129//#testresult/8cd3b1a801ce20d0","status":"failed","statusDetails":"selenium.common.exceptions.NoSuchElementException: Message: no such element: Unable to locate element: {\"method\":\"css selector\",\"selector\":\"[id=\"ContentPlaceHolderDefault_ctl13_nptLLPG2_25_addresslookup_txtTmpPostcode\"]\"}\n  (Session info: chrome=129.0.6668.58); For documentation on this error, please visit: https://www.selenium.dev/documentation/webdriver/troubleshooting/errors#no-such-element-exception\nStacktrace:\n#0 0x55ce9dfcb13a <unknown>\n#1 0x55ce9dcb15e0 <unknown>\n#2 0x55ce9dd00be8 <unknown>\n#3 0x55ce9dd00e81 <unknown>\n#4 0x55ce9dd478c4 <unknown>\n#5 0x55ce9dd25b4d <unknown>\n#6 0x55ce9dd44d7d <unknown>\n#7 0x55ce9dd258c3 <unknown>\n#8 0x55ce9dcf36b3 <unknown>\n#9 0x55ce9dcf468e <unknown>\n#10 0x55ce9df95b3b <unknown>\n#11 0x55ce9df99ac1 <unknown>\n#12 0x55ce9df82335 <unknown>\n#13 0x55ce9df9a642 <unknown>\n#14 0x55ce9df6749f <unknown>\n#15 0x55ce9dfba038 <unknown>\n#16 0x55ce9dfba203 <unknown>\n#17 0x55ce9dfc9f8c <unknown>\n#18 0x7f6890b03a94 <unknown>\n#19 0x7f6890b90a34 __clone","time":{"start":1727309870527,"stop":1727309914094,"duration":43567}},{"uid":"c373950b1f569ce3","reportUrl":"https://robbrad.github.io/UKBinCollectionData/3.11/2128//#testresult/c373950b1f569ce3","status":"failed","statusDetails":"selenium.common.exceptions.NoSuchElementException: Message: no such element: Unable to locate element: {\"method\":\"css selector\",\"selector\":\"[id=\"ContentPlaceHolderDefault_ctl13_nptLLPG2_25_addresslookup_txtTmpPostcode\"]\"}\n  (Session info: chrome=129.0.6668.58); For documentation on this error, please visit: https://www.selenium.dev/documentation/webdriver/troubleshooting/errors#no-such-element-exception\nStacktrace:\n#0 0x55fc6bd0113a <unknown>\n#1 0x55fc6b9e75e0 <unknown>\n#2 0x55fc6ba36be8 <unknown>\n#3 0x55fc6ba36e81 <unknown>\n#4 0x55fc6ba7d8c4 <unknown>\n#5 0x55fc6ba5bb4d <unknown>\n#6 0x55fc6ba7ad7d <unknown>\n#7 0x55fc6ba5b8c3 <unknown>\n#8 0x55fc6ba296b3 <unknown>\n#9 0x55fc6ba2a68e <unknown>\n#10 0x55fc6bccbb3b <unknown>\n#11 0x55fc6bccfac1 <unknown>\n#12 0x55fc6bcb8335 <unknown>\n#13 0x55fc6bcd0642 <unknown>\n#14 0x55fc6bc9d49f <unknown>\n#15 0x55fc6bcf0038 <unknown>\n#16 0x55fc6bcf0203 <unknown>\n#17 0x55fc6bcfff8c <unknown>\n#18 0x7fdf517b6a94 <unknown>\n#19 0x7fdf51843a34 __clone","time":{"start":1727223480650,"stop":1727223514106,"duration":33456}},{"uid":"dccfd847b83fdcf4","reportUrl":"https://robbrad.github.io/UKBinCollectionData/3.11/2127//#testresult/dccfd847b83fdcf4","status":"failed","statusDetails":"selenium.common.exceptions.NoSuchElementException: Message: no such element: Unable to locate element: {\"method\":\"css selector\",\"selector\":\"[id=\"ContentPlaceHolderDefault_ctl13_nptLLPG2_25_addresslookup_txtTmpPostcode\"]\"}\n  (Session info: chrome=129.0.6668.58); For documentation on this error, please visit: https://www.selenium.dev/documentation/webdriver/troubleshooting/errors#no-such-element-exception\nStacktrace:\n#0 0x56312409f13a <unknown>\n#1 0x563123d855e0 <unknown>\n#2 0x563123dd4be8 <unknown>\n#3 0x563123dd4e81 <unknown>\n#4 0x563123e1b8c4 <unknown>\n#5 0x563123df9b4d <unknown>\n#6 0x563123e18d7d <unknown>\n#7 0x563123df98c3 <unknown>\n#8 0x563123dc76b3 <unknown>\n#9 0x563123dc868e <unknown>\n#10 0x563124069b3b <unknown>\n#11 0x56312406dac1 <unknown>\n#12 0x563124056335 <unknown>\n#13 0x56312406e642 <unknown>\n#14 0x56312403b49f <unknown>\n#15 0x56312408e038 <unknown>\n#16 0x56312408e203 <unknown>\n#17 0x56312409df8c <unknown>\n#18 0x7f212a9a6a94 <unknown>\n#19 0x7f212aa33a34 __clone","time":{"start":1727137126890,"stop":1727137173345,"duration":46455}},{"uid":"18a26c2bbb576173","reportUrl":"https://robbrad.github.io/UKBinCollectionData/3.11/2126//#testresult/18a26c2bbb576173","status":"failed","statusDetails":"selenium.common.exceptions.NoSuchElementException: Message: no such element: Unable to locate element: {\"method\":\"css selector\",\"selector\":\"[id=\"ContentPlaceHolderDefault_ctl13_nptLLPG2_25_addresslookup_txtTmpPostcode\"]\"}\n  (Session info: chrome=129.0.6668.58); For documentation on this error, please visit: https://www.selenium.dev/documentation/webdriver/troubleshooting/errors#no-such-element-exception\nStacktrace:\n#0 0x5645e215b13a <unknown>\n#1 0x5645e1e415e0 <unknown>\n#2 0x5645e1e90be8 <unknown>\n#3 0x5645e1e90e81 <unknown>\n#4 0x5645e1ed78c4 <unknown>\n#5 0x5645e1eb5b4d <unknown>\n#6 0x5645e1ed4d7d <unknown>\n#7 0x5645e1eb58c3 <unknown>\n#8 0x5645e1e836b3 <unknown>\n#9 0x5645e1e8468e <unknown>\n#10 0x5645e2125b3b <unknown>\n#11 0x5645e2129ac1 <unknown>\n#12 0x5645e2112335 <unknown>\n#13 0x5645e212a642 <unknown>\n#14 0x5645e20f749f <unknown>\n#15 0x5645e214a038 <unknown>\n#16 0x5645e214a203 <unknown>\n#17 0x5645e2159f8c <unknown>\n#18 0x7f17ce7eaa94 <unknown>\n#19 0x7f17ce877a34 __clone","time":{"start":1727050725621,"stop":1727050766603,"duration":40982}},{"uid":"62ad779345351d6d","reportUrl":"https://robbrad.github.io/UKBinCollectionData/3.11/2125//#testresult/62ad779345351d6d","status":"failed","statusDetails":"selenium.common.exceptions.ElementNotInteractableException: Message: element not interactable\n  (Session info: chrome=128.0.6613.119)\nStacktrace:\n#0 0x55e89cb7d86a <unknown>\n#1 0x55e89c84bc91 <unknown>\n#2 0x55e89c89c92f <unknown>\n#3 0x55e89c8904d6 <unknown>\n#4 0x55e89c8c0492 <unknown>\n#5 0x55e89c88fe89 <unknown>\n#6 0x55e89c8c065e <unknown>\n#7 0x55e89c8de9c6 <unknown>\n#8 0x55e89c8c0233 <unknown>\n#9 0x55e89c88e093 <unknown>\n#10 0x55e89c88f09e <unknown>\n#11 0x55e89cb44acb <unknown>\n#12 0x55e89cb48a81 <unknown>\n#13 0x55e89cb30695 <unknown>\n#14 0x55e89cb495f2 <unknown>\n#15 0x55e89cb1586f <unknown>\n#16 0x55e89cb6c668 <unknown>\n#17 0x55e89cb6c832 <unknown>\n#18 0x55e89cb7c65c <unknown>\n#19 0x7f98fb440a94 <unknown>\n#20 0x7f98fb4cda34 __clone","time":{"start":1726964421677,"stop":1726964440287,"duration":18610}},{"uid":"22bc81b57f7ebc34","reportUrl":"https://robbrad.github.io/UKBinCollectionData/3.11/2124//#testresult/22bc81b57f7ebc34","status":"failed","statusDetails":"selenium.common.exceptions.NoSuchElementException: Message: no such element: Unable to locate element: {\"method\":\"css selector\",\"selector\":\"[id=\"ContentPlaceHolderDefault_ctl13_nptLLPG2_25_addresslookup_txtTmpPostcode\"]\"}\n  (Session info: chrome=128.0.6613.119); For documentation on this error, please visit: https://www.selenium.dev/documentation/webdriver/troubleshooting/errors#no-such-element-exception\nStacktrace:\n#0 0x55fc4021386a <unknown>\n#1 0x55fc3fee1e50 <unknown>\n#2 0x55fc3ff31644 <unknown>\n#3 0x55fc3ff31931 <unknown>\n#4 0x55fc3ff77534 <unknown>\n#5 0x55fc3ff564bd <unknown>\n#6 0x55fc3ff749c6 <unknown>\n#7 0x55fc3ff56233 <unknown>\n#8 0x55fc3ff24093 <unknown>\n#9 0x55fc3ff2509e <unknown>\n#10 0x55fc401daacb <unknown>\n#11 0x55fc401dea81 <unknown>\n#12 0x55fc401c6695 <unknown>\n#13 0x55fc401df5f2 <unknown>\n#14 0x55fc401ab86f <unknown>\n#15 0x55fc40202668 <unknown>\n#16 0x55fc40202832 <unknown>\n#17 0x55fc4021265c <unknown>\n#18 0x7f7a0effca94 <unknown>\n#19 0x7f7a0f089a34 __clone","time":{"start":1726878018383,"stop":1726878032241,"duration":13858}},{"uid":"9e7675e9fddb611b","reportUrl":"https://robbrad.github.io/UKBinCollectionData/3.11/2123//#testresult/9e7675e9fddb611b","status":"failed","statusDetails":"selenium.common.exceptions.NoSuchElementException: Message: no such element: Unable to locate element: {\"method\":\"css selector\",\"selector\":\"[id=\"ContentPlaceHolderDefault_ctl13_nptLLPG2_25_addresslookup_txtTmpPostcode\"]\"}\n  (Session info: chrome=128.0.6613.119); For documentation on this error, please visit: https://www.selenium.dev/documentation/webdriver/troubleshooting/errors#no-such-element-exception\nStacktrace:\n#0 0x56351226d86a <unknown>\n#1 0x563511f3be50 <unknown>\n#2 0x563511f8b644 <unknown>\n#3 0x563511f8b931 <unknown>\n#4 0x563511fd1534 <unknown>\n#5 0x563511fb04bd <unknown>\n#6 0x563511fce9c6 <unknown>\n#7 0x563511fb0233 <unknown>\n#8 0x563511f7e093 <unknown>\n#9 0x563511f7f09e <unknown>\n#10 0x563512234acb <unknown>\n#11 0x563512238a81 <unknown>\n#12 0x563512220695 <unknown>\n#13 0x5635122395f2 <unknown>\n#14 0x56351220586f <unknown>\n#15 0x56351225c668 <unknown>\n#16 0x56351225c832 <unknown>\n#17 0x56351226c65c <unknown>\n#18 0x7f2715e88a94 <unknown>\n#19 0x7f2715f15a34 __clone","time":{"start":1726791525496,"stop":1726791564447,"duration":38951}},{"uid":"7ec76b14da8d5ca5","reportUrl":"https://robbrad.github.io/UKBinCollectionData/3.11/2122//#testresult/7ec76b14da8d5ca5","status":"failed","statusDetails":"selenium.common.exceptions.NoSuchElementException: Message: no such element: Unable to locate element: {\"method\":\"css selector\",\"selector\":\"[id=\"ContentPlaceHolderDefault_ctl13_nptLLPG2_25_addresslookup_txtTmpPostcode\"]\"}\n  (Session info: chrome=128.0.6613.119); For documentation on this error, please visit: https://www.selenium.dev/documentation/webdriver/troubleshooting/errors#no-such-element-exception\nStacktrace:\n#0 0x55768cb8b86a <unknown>\n#1 0x55768c859e50 <unknown>\n#2 0x55768c8a9644 <unknown>\n#3 0x55768c8a9931 <unknown>\n#4 0x55768c8ef534 <unknown>\n#5 0x55768c8ce4bd <unknown>\n#6 0x55768c8ec9c6 <unknown>\n#7 0x55768c8ce233 <unknown>\n#8 0x55768c89c093 <unknown>\n#9 0x55768c89d09e <unknown>\n#10 0x55768cb52acb <unknown>\n#11 0x55768cb56a81 <unknown>\n#12 0x55768cb3e695 <unknown>\n#13 0x55768cb575f2 <unknown>\n#14 0x55768cb2386f <unknown>\n#15 0x55768cb7a668 <unknown>\n#16 0x55768cb7a832 <unknown>\n#17 0x55768cb8a65c <unknown>\n#18 0x7f6767bcca94 <unknown>\n#19 0x7f6767c59a34 __clone","time":{"start":1726705189879,"stop":1726705199000,"duration":9121}},{"uid":"2271dc9e64484ece","reportUrl":"https://robbrad.github.io/UKBinCollectionData/3.11/2121//#testresult/2271dc9e64484ece","status":"failed","statusDetails":"selenium.common.exceptions.NoSuchElementException: Message: no such element: Unable to locate element: {\"method\":\"css selector\",\"selector\":\"[id=\"ContentPlaceHolderDefault_ctl13_nptLLPG2_25_addresslookup_txtTmpPostcode\"]\"}\n  (Session info: chrome=128.0.6613.119); For documentation on this error, please visit: https://www.selenium.dev/documentation/webdriver/troubleshooting/errors#no-such-element-exception\nStacktrace:\n#0 0x55b7b853486a <unknown>\n#1 0x55b7b8202e50 <unknown>\n#2 0x55b7b8252644 <unknown>\n#3 0x55b7b8252931 <unknown>\n#4 0x55b7b8298534 <unknown>\n#5 0x55b7b82774bd <unknown>\n#6 0x55b7b82959c6 <unknown>\n#7 0x55b7b8277233 <unknown>\n#8 0x55b7b8245093 <unknown>\n#9 0x55b7b824609e <unknown>\n#10 0x55b7b84fbacb <unknown>\n#11 0x55b7b84ffa81 <unknown>\n#12 0x55b7b84e7695 <unknown>\n#13 0x55b7b85005f2 <unknown>\n#14 0x55b7b84cc86f <unknown>\n#15 0x55b7b8523668 <unknown>\n#16 0x55b7b8523832 <unknown>\n#17 0x55b7b853365c <unknown>\n#18 0x7f0581906a94 <unknown>\n#19 0x7f0581993a34 __clone","time":{"start":1726618723421,"stop":1726618778346,"duration":54925}},{"uid":"15ca10d26558e766","reportUrl":"https://robbrad.github.io/UKBinCollectionData/3.11/2120//#testresult/15ca10d26558e766","status":"failed","statusDetails":"selenium.common.exceptions.NoSuchElementException: Message: no such element: Unable to locate element: {\"method\":\"css selector\",\"selector\":\"[id=\"ContentPlaceHolderDefault_ctl13_nptLLPG2_25_addresslookup_txtTmpPostcode\"]\"}\n  (Session info: chrome=128.0.6613.119); For documentation on this error, please visit: https://www.selenium.dev/documentation/webdriver/troubleshooting/errors#no-such-element-exception\nStacktrace:\n#0 0x5632c279b86a <unknown>\n#1 0x5632c2469e50 <unknown>\n#2 0x5632c24b9644 <unknown>\n#3 0x5632c24b9931 <unknown>\n#4 0x5632c24ff534 <unknown>\n#5 0x5632c24de4bd <unknown>\n#6 0x5632c24fc9c6 <unknown>\n#7 0x5632c24de233 <unknown>\n#8 0x5632c24ac093 <unknown>\n#9 0x5632c24ad09e <unknown>\n#10 0x5632c2762acb <unknown>\n#11 0x5632c2766a81 <unknown>\n#12 0x5632c274e695 <unknown>\n#13 0x5632c27675f2 <unknown>\n#14 0x5632c273386f <unknown>\n#15 0x5632c278a668 <unknown>\n#16 0x5632c278a832 <unknown>\n#17 0x5632c279a65c <unknown>\n#18 0x7f879e548a94 <unknown>\n#19 0x7f879e5d5a34 __clone","time":{"start":1726532314981,"stop":1726532433152,"duration":118171}},{"uid":"92fb6633f49750e5","reportUrl":"https://robbrad.github.io/UKBinCollectionData/3.11/2116//#testresult/92fb6633f49750e5","status":"failed","statusDetails":"selenium.common.exceptions.NoSuchElementException: Message: no such element: Unable to locate element: {\"method\":\"css selector\",\"selector\":\"[id=\"ContentPlaceHolderDefault_ctl13_nptLLPG2_25_addresslookup_txtTmpPostcode\"]\"}\n  (Session info: chrome=128.0.6613.119); For documentation on this error, please visit: https://www.selenium.dev/documentation/webdriver/troubleshooting/errors#no-such-element-exception\nStacktrace:\n#0 0x561b3f8f286a <unknown>\n#1 0x561b3f5c0e50 <unknown>\n#2 0x561b3f610644 <unknown>\n#3 0x561b3f610931 <unknown>\n#4 0x561b3f656534 <unknown>\n#5 0x561b3f6354bd <unknown>\n#6 0x561b3f6539c6 <unknown>\n#7 0x561b3f635233 <unknown>\n#8 0x561b3f603093 <unknown>\n#9 0x561b3f60409e <unknown>\n#10 0x561b3f8b9acb <unknown>\n#11 0x561b3f8bda81 <unknown>\n#12 0x561b3f8a5695 <unknown>\n#13 0x561b3f8be5f2 <unknown>\n#14 0x561b3f88a86f <unknown>\n#15 0x561b3f8e1668 <unknown>\n#16 0x561b3f8e1832 <unknown>\n#17 0x561b3f8f165c <unknown>\n#18 0x7fa76f23aa94 <unknown>\n#19 0x7fa76f2c7a34 __clone","time":{"start":1726446060436,"stop":1726446085131,"duration":24695}}]},"tags":[]},"source":"3a653fcd506ff3e1.json","parameterValues":["NeathPortTalbotCouncil"]}