{"uid":"6389848cd0309779","name":"Validate Council Output [EastSuffolkCouncil]","fullName":"features/validate_council_outputs.feature:Validate Council Output","historyId":"e8795ce8d9315a80a8e410520349c187","time":{"start":1728000429468,"stop":1728000729633,"duration":300165},"status":"failed","statusMessage":"selenium.common.exceptions.SessionNotCreatedException: Message: Could not start a new session. New session request timed out \nHost info: host: 'selenium', ip: '172.18.0.2'\nBuild info: version: '4.25.0', revision: '030fcf7918'\nSystem info: os.name: 'Linux', os.arch: 'amd64', os.version: '6.8.0-1014-azure', java.version: '17.0.12'\nDriver info: driver.version: unknown\nStacktrace:\n    at org.openqa.selenium.grid.sessionqueue.local.LocalNewSessionQueue.addToQueue (LocalNewSessionQueue.java:221)\n    at org.openqa.selenium.grid.sessionqueue.NewSessionQueue.lambda$new$0 (NewSessionQueue.java:68)\n    at org.openqa.selenium.remote.http.Route$TemplatizedRoute.handle (Route.java:192)\n    at org.openqa.selenium.remote.http.Route.execute (Route.java:69)\n    at org.openqa.selenium.remote.http.Route$CombinedRoute.handle (Route.java:360)\n    at org.openqa.selenium.remote.http.Route.execute (Route.java:69)\n    at org.openqa.selenium.grid.sessionqueue.NewSessionQueue.execute (NewSessionQueue.java:128)\n    at org.openqa.selenium.remote.tracing.SpanWrappedHttpHandler.execute (SpanWrappedHttpHandler.java:87)\n    at org.openqa.selenium.remote.http.Filter$1.execute (Filter.java:63)\n    at org.openqa.selenium.remote.http.Route$CombinedRoute.handle (Route.java:360)\n    at org.openqa.selenium.remote.http.Route.execute (Route.java:69)\n    at org.openqa.selenium.grid.router.Router.execute (Router.java:87)\n    at org.openqa.selenium.grid.web.EnsureSpecCompliantResponseHeaders.lambda$apply$0 (EnsureSpecCompliantResponseHeaders.java:34)\n    at org.openqa.selenium.remote.http.Filter$1.execute (Filter.java:63)\n    at org.openqa.selenium.remote.http.Route$CombinedRoute.handle (Route.java:360)\n    at org.openqa.selenium.remote.http.Route.execute (Route.java:69)\n    at org.openqa.selenium.remote.AddWebDriverSpecHeaders.lambda$apply$0 (AddWebDriverSpecHeaders.java:35)\n    at org.openqa.selenium.remote.ErrorFilter.lambda$apply$0 (ErrorFilter.java:44)\n    at org.openqa.selenium.remote.http.Filter$1.execute (Filter.java:63)\n    at org.openqa.selenium.remote.ErrorFilter.lambda$apply$0 (ErrorFilter.java:44)\n    at org.openqa.selenium.remote.http.Filter$1.execute (Filter.java:63)\n    at org.openqa.selenium.netty.server.SeleniumHandler.lambda$channelRead0$0 (SeleniumHandler.java:44)\n    at java.util.concurrent.Executors$RunnableAdapter.call (Executors.java:539)\n    at java.util.concurrent.FutureTask.run (FutureTask.java:264)\n    at java.util.concurrent.ThreadPoolExecutor.runWorker (ThreadPoolExecutor.java:1136)\n    at java.util.concurrent.ThreadPoolExecutor$Worker.run (ThreadPoolExecutor.java:635)\n    at java.lang.Thread.run (Thread.java:840)","statusTrace":"fixturefunc = <function scrape_step at 0x7f341183eac0>\nrequest = <FixtureRequest for <Function test_scenario_outline[EastSuffolkCouncil]>>\nkwargs = {'context': <test_validate_council.Context object at 0x7f34116bd610>, 'headless_mode': 'True', 'local_browser': 'False', 'selenium_url': 'http://localhost:4444'}\n\n    def call_fixture_func(\n        fixturefunc: _FixtureFunc[FixtureValue], request: FixtureRequest, kwargs\n    ) -> FixtureValue:\n        if is_generator(fixturefunc):\n            fixturefunc = cast(\n                Callable[..., Generator[FixtureValue, None, None]], fixturefunc\n            )\n            generator = fixturefunc(**kwargs)\n            try:\n                fixture_result = next(generator)\n            except StopIteration:\n                raise ValueError(f\"{request.fixturename} did not yield a value\") from None\n            finalizer = functools.partial(_teardown_yield_fixture, fixturefunc, generator)\n            request.addfinalizer(finalizer)\n        else:\n            fixturefunc = cast(Callable[..., FixtureValue], fixturefunc)\n>           fixture_result = fixturefunc(**kwargs)\n\n../../../.cache/pypoetry/virtualenvs/uk-bin-collection-EwS6Gn8s-py3.11/lib/python3.11/site-packages/_pytest/fixtures.py:898: \n_ _ _ _ _ _ _ _ _ _ _ _ _ _ _ _ _ _ _ _ _ _ _ _ _ _ _ _ _ _ _ _ _ _ _ _ _ _ _ _ \nuk_bin_collection/tests/step_defs/test_validate_council.py:100: in scrape_step\n    context.parse_result = CollectData.run()\nuk_bin_collection/uk_bin_collection/collect_data.py:101: in run\n    return self.client_code(\nuk_bin_collection/uk_bin_collection/collect_data.py:121: in client_code\n    return get_bin_data_class.template_method(address_url, **kwargs)\nuk_bin_collection/uk_bin_collection/get_bin_data.py:61: in template_method\n    bin_data_dict = self.get_and_parse_data(this_url, **kwargs)\nuk_bin_collection/uk_bin_collection/get_bin_data.py:84: in get_and_parse_data\n    bin_data_dict = self.parse_data(\"\", url=address_url, **kwargs)\nuk_bin_collection/uk_bin_collection/councils/EastSuffolkCouncil.py:31: in parse_data\n    driver = create_webdriver(web_driver, headless, None, __name__)\nuk_bin_collection/uk_bin_collection/common.py:323: in create_webdriver\n    return webdriver.Remote(command_executor=web_driver, options=options)\n../../../.cache/pypoetry/virtualenvs/uk-bin-collection-EwS6Gn8s-py3.11/lib/python3.11/site-packages/selenium/webdriver/remote/webdriver.py:212: in __init__\n    self.start_session(capabilities)\n../../../.cache/pypoetry/virtualenvs/uk-bin-collection-EwS6Gn8s-py3.11/lib/python3.11/site-packages/selenium/webdriver/remote/webdriver.py:299: in start_session\n    response = self.execute(Command.NEW_SESSION, caps)[\"value\"]\n../../../.cache/pypoetry/virtualenvs/uk-bin-collection-EwS6Gn8s-py3.11/lib/python3.11/site-packages/selenium/webdriver/remote/webdriver.py:354: in execute\n    self.error_handler.check_response(response)\n_ _ _ _ _ _ _ _ _ _ _ _ _ _ _ _ _ _ _ _ _ _ _ _ _ _ _ _ _ _ _ _ _ _ _ _ _ _ _ _ \n\nself = <selenium.webdriver.remote.errorhandler.ErrorHandler object at 0x7f3411462a50>\nresponse = {'status': 500, 'value': '{\\n  \"value\": {\\n    \"error\": \"session not created\",\\n    \"message\": \"Could not start a new ...\"className\": \"java.lang.Thread\",\\n        \"lineNumber\": 840,\\n        \"classLoaderName\": null\\n      }\\n    ]\\n  }\\n}'}\n\n    def check_response(self, response: Dict[str, Any]) -> None:\n        \"\"\"Checks that a JSON response from the WebDriver does not have an\n        error.\n    \n        :Args:\n         - response - The JSON response from the WebDriver server as a dictionary\n           object.\n    \n        :Raises: If the response contains an error message.\n        \"\"\"\n        status = response.get(\"status\", None)\n        if not status or status == ErrorCode.SUCCESS:\n            return\n        value = None\n        message = response.get(\"message\", \"\")\n        screen: str = response.get(\"screen\", \"\")\n        stacktrace = None\n        if isinstance(status, int):\n            value_json = response.get(\"value\", None)\n            if value_json and isinstance(value_json, str):\n                import json\n    \n                try:\n                    value = json.loads(value_json)\n                    if len(value) == 1:\n                        value = value[\"value\"]\n                    status = value.get(\"error\", None)\n                    if not status:\n                        status = value.get(\"status\", ErrorCode.UNKNOWN_ERROR)\n                        message = value.get(\"value\") or value.get(\"message\")\n                        if not isinstance(message, str):\n                            value = message\n                            message = message.get(\"message\")\n                    else:\n                        message = value.get(\"message\", None)\n                except ValueError:\n                    pass\n    \n        exception_class: Type[WebDriverException]\n        e = ErrorCode()\n        error_codes = [item for item in dir(e) if not item.startswith(\"__\")]\n        for error_code in error_codes:\n            error_info = getattr(ErrorCode, error_code)\n            if isinstance(error_info, list) and status in error_info:\n                exception_class = getattr(ExceptionMapping, error_code, WebDriverException)\n                break\n        else:\n            exception_class = WebDriverException\n    \n        if not value:\n            value = response[\"value\"]\n        if isinstance(value, str):\n            raise exception_class(value)\n        if message == \"\" and \"message\" in value:\n            message = value[\"message\"]\n    \n        screen = None  # type: ignore[assignment]\n        if \"screen\" in value:\n            screen = value[\"screen\"]\n    \n        stacktrace = None\n        st_value = value.get(\"stackTrace\") or value.get(\"stacktrace\")\n        if st_value:\n            if isinstance(st_value, str):\n                stacktrace = st_value.split(\"\\n\")\n            else:\n                stacktrace = []\n                try:\n                    for frame in st_value:\n                        line = frame.get(\"lineNumber\", \"\")\n                        file = frame.get(\"fileName\", \"<anonymous>\")\n                        if line:\n                            file = f\"{file}:{line}\"\n                        meth = frame.get(\"methodName\", \"<anonymous>\")\n                        if \"className\" in frame:\n                            meth = f\"{frame['className']}.{meth}\"\n                        msg = \"    at %s (%s)\"\n                        msg = msg % (meth, file)\n                        stacktrace.append(msg)\n                except TypeError:\n                    pass\n        if exception_class == UnexpectedAlertPresentException:\n            alert_text = None\n            if \"data\" in value:\n                alert_text = value[\"data\"].get(\"text\")\n            elif \"alert\" in value:\n                alert_text = value[\"alert\"].get(\"text\")\n            raise exception_class(message, screen, stacktrace, alert_text)  # type: ignore[call-arg]  # mypy is not smart enough here\n>       raise exception_class(message, screen, stacktrace)\nE       selenium.common.exceptions.SessionNotCreatedException: Message: Could not start a new session. New session request timed out \nE       Host info: host: 'selenium', ip: '172.18.0.2'\nE       Build info: version: '4.25.0', revision: '030fcf7918'\nE       System info: os.name: 'Linux', os.arch: 'amd64', os.version: '6.8.0-1014-azure', java.version: '17.0.12'\nE       Driver info: driver.version: unknown\nE       Stacktrace:\nE           at org.openqa.selenium.grid.sessionqueue.local.LocalNewSessionQueue.addToQueue (LocalNewSessionQueue.java:221)\nE           at org.openqa.selenium.grid.sessionqueue.NewSessionQueue.lambda$new$0 (NewSessionQueue.java:68)\nE           at org.openqa.selenium.remote.http.Route$TemplatizedRoute.handle (Route.java:192)\nE           at org.openqa.selenium.remote.http.Route.execute (Route.java:69)\nE           at org.openqa.selenium.remote.http.Route$CombinedRoute.handle (Route.java:360)\nE           at org.openqa.selenium.remote.http.Route.execute (Route.java:69)\nE           at org.openqa.selenium.grid.sessionqueue.NewSessionQueue.execute (NewSessionQueue.java:128)\nE           at org.openqa.selenium.remote.tracing.SpanWrappedHttpHandler.execute (SpanWrappedHttpHandler.java:87)\nE           at org.openqa.selenium.remote.http.Filter$1.execute (Filter.java:63)\nE           at org.openqa.selenium.remote.http.Route$CombinedRoute.handle (Route.java:360)\nE           at org.openqa.selenium.remote.http.Route.execute (Route.java:69)\nE           at org.openqa.selenium.grid.router.Router.execute (Router.java:87)\nE           at org.openqa.selenium.grid.web.EnsureSpecCompliantResponseHeaders.lambda$apply$0 (EnsureSpecCompliantResponseHeaders.java:34)\nE           at org.openqa.selenium.remote.http.Filter$1.execute (Filter.java:63)\nE           at org.openqa.selenium.remote.http.Route$CombinedRoute.handle (Route.java:360)\nE           at org.openqa.selenium.remote.http.Route.execute (Route.java:69)\nE           at org.openqa.selenium.remote.AddWebDriverSpecHeaders.lambda$apply$0 (AddWebDriverSpecHeaders.java:35)\nE           at org.openqa.selenium.remote.ErrorFilter.lambda$apply$0 (ErrorFilter.java:44)\nE           at org.openqa.selenium.remote.http.Filter$1.execute (Filter.java:63)\nE           at org.openqa.selenium.remote.ErrorFilter.lambda$apply$0 (ErrorFilter.java:44)\nE           at org.openqa.selenium.remote.http.Filter$1.execute (Filter.java:63)\nE           at org.openqa.selenium.netty.server.SeleniumHandler.lambda$channelRead0$0 (SeleniumHandler.java:44)\nE           at java.util.concurrent.Executors$RunnableAdapter.call (Executors.java:539)\nE           at java.util.concurrent.FutureTask.run (FutureTask.java:264)\nE           at java.util.concurrent.ThreadPoolExecutor.runWorker (ThreadPoolExecutor.java:1136)\nE           at java.util.concurrent.ThreadPoolExecutor$Worker.run (ThreadPoolExecutor.java:635)\nE           at java.lang.Thread.run (Thread.java:840)\n\n../../../.cache/pypoetry/virtualenvs/uk-bin-collection-EwS6Gn8s-py3.11/lib/python3.11/site-packages/selenium/webdriver/remote/errorhandler.py:229: SessionNotCreatedException","flaky":true,"newFailed":true,"newBroken":false,"newPassed":false,"retriesCount":0,"retriesStatusChange":false,"beforeStages":[],"testStage":{"status":"failed","statusMessage":"selenium.common.exceptions.SessionNotCreatedException: Message: Could not start a new session. New session request timed out \nHost info: host: 'selenium', ip: '172.18.0.2'\nBuild info: version: '4.25.0', revision: '030fcf7918'\nSystem info: os.name: 'Linux', os.arch: 'amd64', os.version: '6.8.0-1014-azure', java.version: '17.0.12'\nDriver info: driver.version: unknown\nStacktrace:\n    at org.openqa.selenium.grid.sessionqueue.local.LocalNewSessionQueue.addToQueue (LocalNewSessionQueue.java:221)\n    at org.openqa.selenium.grid.sessionqueue.NewSessionQueue.lambda$new$0 (NewSessionQueue.java:68)\n    at org.openqa.selenium.remote.http.Route$TemplatizedRoute.handle (Route.java:192)\n    at org.openqa.selenium.remote.http.Route.execute (Route.java:69)\n    at org.openqa.selenium.remote.http.Route$CombinedRoute.handle (Route.java:360)\n    at org.openqa.selenium.remote.http.Route.execute (Route.java:69)\n    at org.openqa.selenium.grid.sessionqueue.NewSessionQueue.execute (NewSessionQueue.java:128)\n    at org.openqa.selenium.remote.tracing.SpanWrappedHttpHandler.execute (SpanWrappedHttpHandler.java:87)\n    at org.openqa.selenium.remote.http.Filter$1.execute (Filter.java:63)\n    at org.openqa.selenium.remote.http.Route$CombinedRoute.handle (Route.java:360)\n    at org.openqa.selenium.remote.http.Route.execute (Route.java:69)\n    at org.openqa.selenium.grid.router.Router.execute (Router.java:87)\n    at org.openqa.selenium.grid.web.EnsureSpecCompliantResponseHeaders.lambda$apply$0 (EnsureSpecCompliantResponseHeaders.java:34)\n    at org.openqa.selenium.remote.http.Filter$1.execute (Filter.java:63)\n    at org.openqa.selenium.remote.http.Route$CombinedRoute.handle (Route.java:360)\n    at org.openqa.selenium.remote.http.Route.execute (Route.java:69)\n    at org.openqa.selenium.remote.AddWebDriverSpecHeaders.lambda$apply$0 (AddWebDriverSpecHeaders.java:35)\n    at org.openqa.selenium.remote.ErrorFilter.lambda$apply$0 (ErrorFilter.java:44)\n    at org.openqa.selenium.remote.http.Filter$1.execute (Filter.java:63)\n    at org.openqa.selenium.remote.ErrorFilter.lambda$apply$0 (ErrorFilter.java:44)\n    at org.openqa.selenium.remote.http.Filter$1.execute (Filter.java:63)\n    at org.openqa.selenium.netty.server.SeleniumHandler.lambda$channelRead0$0 (SeleniumHandler.java:44)\n    at java.util.concurrent.Executors$RunnableAdapter.call (Executors.java:539)\n    at java.util.concurrent.FutureTask.run (FutureTask.java:264)\n    at java.util.concurrent.ThreadPoolExecutor.runWorker (ThreadPoolExecutor.java:1136)\n    at java.util.concurrent.ThreadPoolExecutor$Worker.run (ThreadPoolExecutor.java:635)\n    at java.lang.Thread.run (Thread.java:840)","statusTrace":"fixturefunc = <function scrape_step at 0x7f341183eac0>\nrequest = <FixtureRequest for <Function test_scenario_outline[EastSuffolkCouncil]>>\nkwargs = {'context': <test_validate_council.Context object at 0x7f34116bd610>, 'headless_mode': 'True', 'local_browser': 'False', 'selenium_url': 'http://localhost:4444'}\n\n    def call_fixture_func(\n        fixturefunc: _FixtureFunc[FixtureValue], request: FixtureRequest, kwargs\n    ) -> FixtureValue:\n        if is_generator(fixturefunc):\n            fixturefunc = cast(\n                Callable[..., Generator[FixtureValue, None, None]], fixturefunc\n            )\n            generator = fixturefunc(**kwargs)\n            try:\n                fixture_result = next(generator)\n            except StopIteration:\n                raise ValueError(f\"{request.fixturename} did not yield a value\") from None\n            finalizer = functools.partial(_teardown_yield_fixture, fixturefunc, generator)\n            request.addfinalizer(finalizer)\n        else:\n            fixturefunc = cast(Callable[..., FixtureValue], fixturefunc)\n>           fixture_result = fixturefunc(**kwargs)\n\n../../../.cache/pypoetry/virtualenvs/uk-bin-collection-EwS6Gn8s-py3.11/lib/python3.11/site-packages/_pytest/fixtures.py:898: \n_ _ _ _ _ _ _ _ _ _ _ _ _ _ _ _ _ _ _ _ _ _ _ _ _ _ _ _ _ _ _ _ _ _ _ _ _ _ _ _ \nuk_bin_collection/tests/step_defs/test_validate_council.py:100: in scrape_step\n    context.parse_result = CollectData.run()\nuk_bin_collection/uk_bin_collection/collect_data.py:101: in run\n    return self.client_code(\nuk_bin_collection/uk_bin_collection/collect_data.py:121: in client_code\n    return get_bin_data_class.template_method(address_url, **kwargs)\nuk_bin_collection/uk_bin_collection/get_bin_data.py:61: in template_method\n    bin_data_dict = self.get_and_parse_data(this_url, **kwargs)\nuk_bin_collection/uk_bin_collection/get_bin_data.py:84: in get_and_parse_data\n    bin_data_dict = self.parse_data(\"\", url=address_url, **kwargs)\nuk_bin_collection/uk_bin_collection/councils/EastSuffolkCouncil.py:31: in parse_data\n    driver = create_webdriver(web_driver, headless, None, __name__)\nuk_bin_collection/uk_bin_collection/common.py:323: in create_webdriver\n    return webdriver.Remote(command_executor=web_driver, options=options)\n../../../.cache/pypoetry/virtualenvs/uk-bin-collection-EwS6Gn8s-py3.11/lib/python3.11/site-packages/selenium/webdriver/remote/webdriver.py:212: in __init__\n    self.start_session(capabilities)\n../../../.cache/pypoetry/virtualenvs/uk-bin-collection-EwS6Gn8s-py3.11/lib/python3.11/site-packages/selenium/webdriver/remote/webdriver.py:299: in start_session\n    response = self.execute(Command.NEW_SESSION, caps)[\"value\"]\n../../../.cache/pypoetry/virtualenvs/uk-bin-collection-EwS6Gn8s-py3.11/lib/python3.11/site-packages/selenium/webdriver/remote/webdriver.py:354: in execute\n    self.error_handler.check_response(response)\n_ _ _ _ _ _ _ _ _ _ _ _ _ _ _ _ _ _ _ _ _ _ _ _ _ _ _ _ _ _ _ _ _ _ _ _ _ _ _ _ \n\nself = <selenium.webdriver.remote.errorhandler.ErrorHandler object at 0x7f3411462a50>\nresponse = {'status': 500, 'value': '{\\n  \"value\": {\\n    \"error\": \"session not created\",\\n    \"message\": \"Could not start a new ...\"className\": \"java.lang.Thread\",\\n        \"lineNumber\": 840,\\n        \"classLoaderName\": null\\n      }\\n    ]\\n  }\\n}'}\n\n    def check_response(self, response: Dict[str, Any]) -> None:\n        \"\"\"Checks that a JSON response from the WebDriver does not have an\n        error.\n    \n        :Args:\n         - response - The JSON response from the WebDriver server as a dictionary\n           object.\n    \n        :Raises: If the response contains an error message.\n        \"\"\"\n        status = response.get(\"status\", None)\n        if not status or status == ErrorCode.SUCCESS:\n            return\n        value = None\n        message = response.get(\"message\", \"\")\n        screen: str = response.get(\"screen\", \"\")\n        stacktrace = None\n        if isinstance(status, int):\n            value_json = response.get(\"value\", None)\n            if value_json and isinstance(value_json, str):\n                import json\n    \n                try:\n                    value = json.loads(value_json)\n                    if len(value) == 1:\n                        value = value[\"value\"]\n                    status = value.get(\"error\", None)\n                    if not status:\n                        status = value.get(\"status\", ErrorCode.UNKNOWN_ERROR)\n                        message = value.get(\"value\") or value.get(\"message\")\n                        if not isinstance(message, str):\n                            value = message\n                            message = message.get(\"message\")\n                    else:\n                        message = value.get(\"message\", None)\n                except ValueError:\n                    pass\n    \n        exception_class: Type[WebDriverException]\n        e = ErrorCode()\n        error_codes = [item for item in dir(e) if not item.startswith(\"__\")]\n        for error_code in error_codes:\n            error_info = getattr(ErrorCode, error_code)\n            if isinstance(error_info, list) and status in error_info:\n                exception_class = getattr(ExceptionMapping, error_code, WebDriverException)\n                break\n        else:\n            exception_class = WebDriverException\n    \n        if not value:\n            value = response[\"value\"]\n        if isinstance(value, str):\n            raise exception_class(value)\n        if message == \"\" and \"message\" in value:\n            message = value[\"message\"]\n    \n        screen = None  # type: ignore[assignment]\n        if \"screen\" in value:\n            screen = value[\"screen\"]\n    \n        stacktrace = None\n        st_value = value.get(\"stackTrace\") or value.get(\"stacktrace\")\n        if st_value:\n            if isinstance(st_value, str):\n                stacktrace = st_value.split(\"\\n\")\n            else:\n                stacktrace = []\n                try:\n                    for frame in st_value:\n                        line = frame.get(\"lineNumber\", \"\")\n                        file = frame.get(\"fileName\", \"<anonymous>\")\n                        if line:\n                            file = f\"{file}:{line}\"\n                        meth = frame.get(\"methodName\", \"<anonymous>\")\n                        if \"className\" in frame:\n                            meth = f\"{frame['className']}.{meth}\"\n                        msg = \"    at %s (%s)\"\n                        msg = msg % (meth, file)\n                        stacktrace.append(msg)\n                except TypeError:\n                    pass\n        if exception_class == UnexpectedAlertPresentException:\n            alert_text = None\n            if \"data\" in value:\n                alert_text = value[\"data\"].get(\"text\")\n            elif \"alert\" in value:\n                alert_text = value[\"alert\"].get(\"text\")\n            raise exception_class(message, screen, stacktrace, alert_text)  # type: ignore[call-arg]  # mypy is not smart enough here\n>       raise exception_class(message, screen, stacktrace)\nE       selenium.common.exceptions.SessionNotCreatedException: Message: Could not start a new session. New session request timed out \nE       Host info: host: 'selenium', ip: '172.18.0.2'\nE       Build info: version: '4.25.0', revision: '030fcf7918'\nE       System info: os.name: 'Linux', os.arch: 'amd64', os.version: '6.8.0-1014-azure', java.version: '17.0.12'\nE       Driver info: driver.version: unknown\nE       Stacktrace:\nE           at org.openqa.selenium.grid.sessionqueue.local.LocalNewSessionQueue.addToQueue (LocalNewSessionQueue.java:221)\nE           at org.openqa.selenium.grid.sessionqueue.NewSessionQueue.lambda$new$0 (NewSessionQueue.java:68)\nE           at org.openqa.selenium.remote.http.Route$TemplatizedRoute.handle (Route.java:192)\nE           at org.openqa.selenium.remote.http.Route.execute (Route.java:69)\nE           at org.openqa.selenium.remote.http.Route$CombinedRoute.handle (Route.java:360)\nE           at org.openqa.selenium.remote.http.Route.execute (Route.java:69)\nE           at org.openqa.selenium.grid.sessionqueue.NewSessionQueue.execute (NewSessionQueue.java:128)\nE           at org.openqa.selenium.remote.tracing.SpanWrappedHttpHandler.execute (SpanWrappedHttpHandler.java:87)\nE           at org.openqa.selenium.remote.http.Filter$1.execute (Filter.java:63)\nE           at org.openqa.selenium.remote.http.Route$CombinedRoute.handle (Route.java:360)\nE           at org.openqa.selenium.remote.http.Route.execute (Route.java:69)\nE           at org.openqa.selenium.grid.router.Router.execute (Router.java:87)\nE           at org.openqa.selenium.grid.web.EnsureSpecCompliantResponseHeaders.lambda$apply$0 (EnsureSpecCompliantResponseHeaders.java:34)\nE           at org.openqa.selenium.remote.http.Filter$1.execute (Filter.java:63)\nE           at org.openqa.selenium.remote.http.Route$CombinedRoute.handle (Route.java:360)\nE           at org.openqa.selenium.remote.http.Route.execute (Route.java:69)\nE           at org.openqa.selenium.remote.AddWebDriverSpecHeaders.lambda$apply$0 (AddWebDriverSpecHeaders.java:35)\nE           at org.openqa.selenium.remote.ErrorFilter.lambda$apply$0 (ErrorFilter.java:44)\nE           at org.openqa.selenium.remote.http.Filter$1.execute (Filter.java:63)\nE           at org.openqa.selenium.remote.ErrorFilter.lambda$apply$0 (ErrorFilter.java:44)\nE           at org.openqa.selenium.remote.http.Filter$1.execute (Filter.java:63)\nE           at org.openqa.selenium.netty.server.SeleniumHandler.lambda$channelRead0$0 (SeleniumHandler.java:44)\nE           at java.util.concurrent.Executors$RunnableAdapter.call (Executors.java:539)\nE           at java.util.concurrent.FutureTask.run (FutureTask.java:264)\nE           at java.util.concurrent.ThreadPoolExecutor.runWorker (ThreadPoolExecutor.java:1136)\nE           at java.util.concurrent.ThreadPoolExecutor$Worker.run (ThreadPoolExecutor.java:635)\nE           at java.lang.Thread.run (Thread.java:840)\n\n../../../.cache/pypoetry/virtualenvs/uk-bin-collection-EwS6Gn8s-py3.11/lib/python3.11/site-packages/selenium/webdriver/remote/errorhandler.py:229: SessionNotCreatedException","steps":[{"name":"Given the council","time":{"start":1728000429468,"stop":1728000429469,"duration":1},"status":"passed","steps":[],"attachments":[],"parameters":[],"stepsCount":0,"attachmentsCount":0,"hasContent":false,"attachmentStep":false,"shouldDisplayMessage":false},{"name":"When we scrape the data from the council","time":{"start":1728000429469,"stop":1728000729633,"duration":300164},"status":"failed","statusMessage":"Message: Could not start a new session. New session request timed out \nHost info: host: 'selenium', ip: '172.18.0.2'\nBuild info: version: '4.25.0', revision: '030fcf7918'\nSystem info: os.name: 'Linux', os.arch: 'amd64', os.version: '6.8.0-1014-azure', java.version: '17.0.12'\nDriver info: driver.version: unknown\nStacktrace:\n    at org.openqa.selenium.grid.sessionqueue.local.LocalNewSessionQueue.addToQueue (LocalNewSessionQueue.java:221)\n    at org.openqa.selenium.grid.sessionqueue.NewSessionQueue.lambda$new$0 (NewSessionQueue.java:68)\n    at org.openqa.selenium.remote.http.Route$TemplatizedRoute.handle (Route.java:192)\n    at org.openqa.selenium.remote.http.Route.execute (Route.java:69)\n    at org.openqa.selenium.remote.http.Route$CombinedRoute.handle (Route.java:360)\n    at org.openqa.selenium.remote.http.Route.execute (Route.java:69)\n    at org.openqa.selenium.grid.sessionqueue.NewSessionQueue.execute (NewSessionQueue.java:128)\n    at org.openqa.selenium.remote.tracing.SpanWrappedHttpHandler.execute (SpanWrappedHttpHandler.java:87)\n    at org.openqa.selenium.remote.http.Filter$1.execute (Filter.java:63)\n    at org.openqa.selenium.remote.http.Route$CombinedRoute.handle (Route.java:360)\n    at org.openqa.selenium.remote.http.Route.execute (Route.java:69)\n    at org.openqa.selenium.grid.router.Router.execute (Router.java:87)\n    at org.openqa.selenium.grid.web.EnsureSpecCompliantResponseHeaders.lambda$apply$0 (EnsureSpecCompliantResponseHeaders.java:34)\n    at org.openqa.selenium.remote.http.Filter$1.execute (Filter.java:63)\n    at org.openqa.selenium.remote.http.Route$CombinedRoute.handle (Route.java:360)\n    at org.openqa.selenium.remote.http.Route.execute (Route.java:69)\n    at org.openqa.selenium.remote.AddWebDriverSpecHeaders.lambda$apply$0 (AddWebDriverSpecHeaders.java:35)\n    at org.openqa.selenium.remote.ErrorFilter.lambda$apply$0 (ErrorFilter.java:44)\n    at org.openqa.selenium.remote.http.Filter$1.execute (Filter.java:63)\n    at org.openqa.selenium.remote.ErrorFilter.lambda$apply$0 (ErrorFilter.java:44)\n    at org.openqa.selenium.remote.http.Filter$1.execute (Filter.java:63)\n    at org.openqa.selenium.netty.server.SeleniumHandler.lambda$channelRead0$0 (SeleniumHandler.java:44)\n    at java.util.concurrent.Executors$RunnableAdapter.call (Executors.java:539)\n    at java.util.concurrent.FutureTask.run (FutureTask.java:264)\n    at java.util.concurrent.ThreadPoolExecutor.runWorker (ThreadPoolExecutor.java:1136)\n    at java.util.concurrent.ThreadPoolExecutor$Worker.run (ThreadPoolExecutor.java:635)\n    at java.lang.Thread.run (Thread.java:840)","statusTrace":"selenium.common.exceptions.SessionNotCreatedException: Message: Could not start a new session. New session request timed out \nHost info: host: 'selenium', ip: '172.18.0.2'\nBuild info: version: '4.25.0', revision: '030fcf7918'\nSystem info: os.name: 'Linux', os.arch: 'amd64', os.version: '6.8.0-1014-azure', java.version: '17.0.12'\nDriver info: driver.version: unknown\nStacktrace:\n    at org.openqa.selenium.grid.sessionqueue.local.LocalNewSessionQueue.addToQueue (LocalNewSessionQueue.java:221)\n    at org.openqa.selenium.grid.sessionqueue.NewSessionQueue.lambda$new$0 (NewSessionQueue.java:68)\n    at org.openqa.selenium.remote.http.Route$TemplatizedRoute.handle (Route.java:192)\n    at org.openqa.selenium.remote.http.Route.execute (Route.java:69)\n    at org.openqa.selenium.remote.http.Route$CombinedRoute.handle (Route.java:360)\n    at org.openqa.selenium.remote.http.Route.execute (Route.java:69)\n    at org.openqa.selenium.grid.sessionqueue.NewSessionQueue.execute (NewSessionQueue.java:128)\n    at org.openqa.selenium.remote.tracing.SpanWrappedHttpHandler.execute (SpanWrappedHttpHandler.java:87)\n    at org.openqa.selenium.remote.http.Filter$1.execute (Filter.java:63)\n    at org.openqa.selenium.remote.http.Route$CombinedRoute.handle (Route.java:360)\n    at org.openqa.selenium.remote.http.Route.execute (Route.java:69)\n    at org.openqa.selenium.grid.router.Router.execute (Router.java:87)\n    at org.openqa.selenium.grid.web.EnsureSpecCompliantResponseHeaders.lambda$apply$0 (EnsureSpecCompliantResponseHeaders.java:34)\n    at org.openqa.selenium.remote.http.Filter$1.execute (Filter.java:63)\n    at org.openqa.selenium.remote.http.Route$CombinedRoute.handle (Route.java:360)\n    at org.openqa.selenium.remote.http.Route.execute (Route.java:69)\n    at org.openqa.selenium.remote.AddWebDriverSpecHeaders.lambda$apply$0 (AddWebDriverSpecHeaders.java:35)\n    at org.openqa.selenium.remote.ErrorFilter.lambda$apply$0 (ErrorFilter.java:44)\n    at org.openqa.selenium.remote.http.Filter$1.execute (Filter.java:63)\n    at org.openqa.selenium.remote.ErrorFilter.lambda$apply$0 (ErrorFilter.java:44)\n    at org.openqa.selenium.remote.http.Filter$1.execute (Filter.java:63)\n    at org.openqa.selenium.netty.server.SeleniumHandler.lambda$channelRead0$0 (SeleniumHandler.java:44)\n    at java.util.concurrent.Executors$RunnableAdapter.call (Executors.java:539)\n    at java.util.concurrent.FutureTask.run (FutureTask.java:264)\n    at java.util.concurrent.ThreadPoolExecutor.runWorker (ThreadPoolExecutor.java:1136)\n    at java.util.concurrent.ThreadPoolExecutor$Worker.run (ThreadPoolExecutor.java:635)\n    at java.lang.Thread.run (Thread.java:840)\n","steps":[],"attachments":[],"parameters":[],"stepsCount":0,"attachmentsCount":0,"hasContent":true,"attachmentStep":false,"shouldDisplayMessage":true}],"attachments":[{"uid":"df13bc6b7b612c46","name":"stdout","source":"df13bc6b7b612c46.txt","type":"text/plain","size":2655}],"parameters":[],"stepsCount":2,"attachmentsCount":1,"hasContent":true,"attachmentStep":false,"shouldDisplayMessage":true},"afterStages":[],"labels":[{"name":"host","value":"fv-az1499-303"},{"name":"thread","value":"2763-MainThread"},{"name":"framework","value":"pytest-bdd"},{"name":"language","value":"cpython3"},{"name":"feature","value":"Test each council output matches expected results"},{"name":"resultFormat","value":"allure2"}],"parameters":[{"name":"council","value":"EastSuffolkCouncil"}],"links":[],"hidden":false,"retry":false,"extra":{"severity":"normal","retries":[],"categories":[{"name":"Product defects","matchedStatuses":[],"flaky":false}],"history":{"statistic":{"failed":43,"broken":0,"skipped":0,"passed":159,"unknown":0,"total":202},"items":[{"uid":"5c638b5ed74ac029","reportUrl":"https://robbrad.github.io/UKBinCollectionData/3.11/2148//#testresult/5c638b5ed74ac029","status":"passed","time":{"start":1727932659744,"stop":1727932694490,"duration":34746}},{"uid":"d2daa9c7ff5c776","reportUrl":"https://robbrad.github.io/UKBinCollectionData/3.11/2146//#testresult/d2daa9c7ff5c776","status":"failed","statusDetails":"selenium.common.exceptions.TimeoutException: Message: \nStacktrace:\n#0 0x558a3760413a <unknown>\n#1 0x558a372ea5e0 <unknown>\n#2 0x558a37339be8 <unknown>\n#3 0x558a37339e81 <unknown>\n#4 0x558a373808c4 <unknown>\n#5 0x558a3735eb4d <unknown>\n#6 0x558a3737dd7d <unknown>\n#7 0x558a3735e8c3 <unknown>\n#8 0x558a3732c6b3 <unknown>\n#9 0x558a3732d68e <unknown>\n#10 0x558a375ceb3b <unknown>\n#11 0x558a375d2ac1 <unknown>\n#12 0x558a375bb335 <unknown>\n#13 0x558a375d3642 <unknown>\n#14 0x558a375a049f <unknown>\n#15 0x558a375f3038 <unknown>\n#16 0x558a375f3203 <unknown>\n#17 0x558a37602f8c <unknown>\n#18 0x7f972371da94 <unknown>\n#19 0x7f97237aaa34 __clone","time":{"start":1727914387094,"stop":1727914442709,"duration":55615}},{"uid":"5f970d17bbcf9037","reportUrl":"https://robbrad.github.io/UKBinCollectionData/3.11/2139//#testresult/5f970d17bbcf9037","status":"failed","statusDetails":"selenium.common.exceptions.TimeoutException: Message: \nStacktrace:\n#0 0x55b3636de13a <unknown>\n#1 0x55b3633c45e0 <unknown>\n#2 0x55b363413be8 <unknown>\n#3 0x55b363413e81 <unknown>\n#4 0x55b36345a8c4 <unknown>\n#5 0x55b363438b4d <unknown>\n#6 0x55b363457d7d <unknown>\n#7 0x55b3634388c3 <unknown>\n#8 0x55b3634066b3 <unknown>\n#9 0x55b36340768e <unknown>\n#10 0x55b3636a8b3b <unknown>\n#11 0x55b3636acac1 <unknown>\n#12 0x55b363695335 <unknown>\n#13 0x55b3636ad642 <unknown>\n#14 0x55b36367a49f <unknown>\n#15 0x55b3636cd038 <unknown>\n#16 0x55b3636cd203 <unknown>\n#17 0x55b3636dcf8c <unknown>\n#18 0x7f5be7673a94 <unknown>\n#19 0x7f5be7700a34 __clone","time":{"start":1727827971158,"stop":1727828020265,"duration":49107}},{"uid":"b8037168b5195737","reportUrl":"https://robbrad.github.io/UKBinCollectionData/3.11/2138//#testresult/b8037168b5195737","status":"passed","time":{"start":1727741665744,"stop":1727741699697,"duration":33953}},{"uid":"708aec52abb1e6aa","reportUrl":"https://robbrad.github.io/UKBinCollectionData/3.11/2137//#testresult/708aec52abb1e6aa","status":"failed","statusDetails":"selenium.common.exceptions.TimeoutException: Message: \nStacktrace:\n#0 0x56247f37f13a <unknown>\n#1 0x56247f0655e0 <unknown>\n#2 0x56247f0b4be8 <unknown>\n#3 0x56247f0b4e81 <unknown>\n#4 0x56247f0fb8c4 <unknown>\n#5 0x56247f0d9b4d <unknown>\n#6 0x56247f0f8d7d <unknown>\n#7 0x56247f0d98c3 <unknown>\n#8 0x56247f0a76b3 <unknown>\n#9 0x56247f0a868e <unknown>\n#10 0x56247f349b3b <unknown>\n#11 0x56247f34dac1 <unknown>\n#12 0x56247f336335 <unknown>\n#13 0x56247f34e642 <unknown>\n#14 0x56247f31b49f <unknown>\n#15 0x56247f36e038 <unknown>\n#16 0x56247f36e203 <unknown>\n#17 0x56247f37df8c <unknown>\n#18 0x7f6d6dff5a94 <unknown>\n#19 0x7f6d6e082a34 __clone","time":{"start":1727655191042,"stop":1727655237128,"duration":46086}},{"uid":"a3238acb1c88bc03","reportUrl":"https://robbrad.github.io/UKBinCollectionData/3.11/2136//#testresult/a3238acb1c88bc03","status":"failed","statusDetails":"selenium.common.exceptions.TimeoutException: Message: \nStacktrace:\n#0 0x56535eb1113a <unknown>\n#1 0x56535e7f75e0 <unknown>\n#2 0x56535e846be8 <unknown>\n#3 0x56535e846e81 <unknown>\n#4 0x56535e88d8c4 <unknown>\n#5 0x56535e86bb4d <unknown>\n#6 0x56535e88ad7d <unknown>\n#7 0x56535e86b8c3 <unknown>\n#8 0x56535e8396b3 <unknown>\n#9 0x56535e83a68e <unknown>\n#10 0x56535eadbb3b <unknown>\n#11 0x56535eadfac1 <unknown>\n#12 0x56535eac8335 <unknown>\n#13 0x56535eae0642 <unknown>\n#14 0x56535eaad49f <unknown>\n#15 0x56535eb00038 <unknown>\n#16 0x56535eb00203 <unknown>\n#17 0x56535eb0ff8c <unknown>\n#18 0x7f49bbafca94 <unknown>\n#19 0x7f49bbb89a34 __clone","time":{"start":1727568803365,"stop":1727568836420,"duration":33055}},{"uid":"5bce6069719daf96","reportUrl":"https://robbrad.github.io/UKBinCollectionData/3.11/2135//#testresult/5bce6069719daf96","status":"failed","statusDetails":"selenium.common.exceptions.TimeoutException: Message: \nStacktrace:\n#0 0x56412508613a <unknown>\n#1 0x564124d6c5e0 <unknown>\n#2 0x564124dbbbe8 <unknown>\n#3 0x564124dbbe81 <unknown>\n#4 0x564124e028c4 <unknown>\n#5 0x564124de0b4d <unknown>\n#6 0x564124dffd7d <unknown>\n#7 0x564124de08c3 <unknown>\n#8 0x564124dae6b3 <unknown>\n#9 0x564124daf68e <unknown>\n#10 0x564125050b3b <unknown>\n#11 0x564125054ac1 <unknown>\n#12 0x56412503d335 <unknown>\n#13 0x564125055642 <unknown>\n#14 0x56412502249f <unknown>\n#15 0x564125075038 <unknown>\n#16 0x564125075203 <unknown>\n#17 0x564125084f8c <unknown>\n#18 0x7fb3b98d4a94 <unknown>\n#19 0x7fb3b9961a34 __clone","time":{"start":1727482428948,"stop":1727482470098,"duration":41150}},{"uid":"f3ecb61269e57a5f","reportUrl":"https://robbrad.github.io/UKBinCollectionData/3.11/2131//#testresult/f3ecb61269e57a5f","status":"failed","statusDetails":"selenium.common.exceptions.TimeoutException: Message: \nStacktrace:\n#0 0x55f9d11a613a <unknown>\n#1 0x55f9d0e8c5e0 <unknown>\n#2 0x55f9d0edbbe8 <unknown>\n#3 0x55f9d0edbe81 <unknown>\n#4 0x55f9d0f228c4 <unknown>\n#5 0x55f9d0f00b4d <unknown>\n#6 0x55f9d0f1fd7d <unknown>\n#7 0x55f9d0f008c3 <unknown>\n#8 0x55f9d0ece6b3 <unknown>\n#9 0x55f9d0ecf68e <unknown>\n#10 0x55f9d1170b3b <unknown>\n#11 0x55f9d1174ac1 <unknown>\n#12 0x55f9d115d335 <unknown>\n#13 0x55f9d1175642 <unknown>\n#14 0x55f9d114249f <unknown>\n#15 0x55f9d1195038 <unknown>\n#16 0x55f9d1195203 <unknown>\n#17 0x55f9d11a4f8c <unknown>\n#18 0x7fe3a0d14a94 <unknown>\n#19 0x7fe3a0da1a34 __clone","time":{"start":1727422376644,"stop":1727422427369,"duration":50725}},{"uid":"c1f1eb71a6ac0528","reportUrl":"https://robbrad.github.io/UKBinCollectionData/3.11/2130//#testresult/c1f1eb71a6ac0528","status":"failed","statusDetails":"selenium.common.exceptions.TimeoutException: Message: \nStacktrace:\n#0 0x55ae9939513a <unknown>\n#1 0x55ae9907b5e0 <unknown>\n#2 0x55ae990cabe8 <unknown>\n#3 0x55ae990cae81 <unknown>\n#4 0x55ae991118c4 <unknown>\n#5 0x55ae990efb4d <unknown>\n#6 0x55ae9910ed7d <unknown>\n#7 0x55ae990ef8c3 <unknown>\n#8 0x55ae990bd6b3 <unknown>\n#9 0x55ae990be68e <unknown>\n#10 0x55ae9935fb3b <unknown>\n#11 0x55ae99363ac1 <unknown>\n#12 0x55ae9934c335 <unknown>\n#13 0x55ae99364642 <unknown>\n#14 0x55ae9933149f <unknown>\n#15 0x55ae99384038 <unknown>\n#16 0x55ae99384203 <unknown>\n#17 0x55ae99393f8c <unknown>\n#18 0x7f80b3149a94 <unknown>\n#19 0x7f80b31d6a34 __clone","time":{"start":1727396048420,"stop":1727396109370,"duration":60950}},{"uid":"cb76ca402a34fe19","reportUrl":"https://robbrad.github.io/UKBinCollectionData/3.11/2129//#testresult/cb76ca402a34fe19","status":"passed","time":{"start":1727309592686,"stop":1727309649508,"duration":56822}},{"uid":"2ea9ab41b0edfcf7","reportUrl":"https://robbrad.github.io/UKBinCollectionData/3.11/2128//#testresult/2ea9ab41b0edfcf7","status":"passed","time":{"start":1727223204147,"stop":1727223257011,"duration":52864}},{"uid":"c6610a0a541e65b3","reportUrl":"https://robbrad.github.io/UKBinCollectionData/3.11/2127//#testresult/c6610a0a541e65b3","status":"failed","statusDetails":"selenium.common.exceptions.TimeoutException: Message: \nStacktrace:\n#0 0x55a428be913a <unknown>\n#1 0x55a4288cf5e0 <unknown>\n#2 0x55a42891ebe8 <unknown>\n#3 0x55a42891ee81 <unknown>\n#4 0x55a4289658c4 <unknown>\n#5 0x55a428943b4d <unknown>\n#6 0x55a428962d7d <unknown>\n#7 0x55a4289438c3 <unknown>\n#8 0x55a4289116b3 <unknown>\n#9 0x55a42891268e <unknown>\n#10 0x55a428bb3b3b <unknown>\n#11 0x55a428bb7ac1 <unknown>\n#12 0x55a428ba0335 <unknown>\n#13 0x55a428bb8642 <unknown>\n#14 0x55a428b8549f <unknown>\n#15 0x55a428bd8038 <unknown>\n#16 0x55a428bd8203 <unknown>\n#17 0x55a428be7f8c <unknown>\n#18 0x7f57e5a83a94 <unknown>\n#19 0x7f57e5b10a34 __clone","time":{"start":1727136822098,"stop":1727136879183,"duration":57085}},{"uid":"14ba918c059a0f1","reportUrl":"https://robbrad.github.io/UKBinCollectionData/3.11/2126//#testresult/14ba918c059a0f1","status":"failed","statusDetails":"selenium.common.exceptions.TimeoutException: Message: \nStacktrace:\n#0 0x55c08703f13a <unknown>\n#1 0x55c086d255e0 <unknown>\n#2 0x55c086d74be8 <unknown>\n#3 0x55c086d74e81 <unknown>\n#4 0x55c086dbb8c4 <unknown>\n#5 0x55c086d99b4d <unknown>\n#6 0x55c086db8d7d <unknown>\n#7 0x55c086d998c3 <unknown>\n#8 0x55c086d676b3 <unknown>\n#9 0x55c086d6868e <unknown>\n#10 0x55c087009b3b <unknown>\n#11 0x55c08700dac1 <unknown>\n#12 0x55c086ff6335 <unknown>\n#13 0x55c08700e642 <unknown>\n#14 0x55c086fdb49f <unknown>\n#15 0x55c08702e038 <unknown>\n#16 0x55c08702e203 <unknown>\n#17 0x55c08703df8c <unknown>\n#18 0x7fa1b0c21a94 <unknown>\n#19 0x7fa1b0caea34 __clone","time":{"start":1727050431805,"stop":1727050485777,"duration":53972}},{"uid":"12de59cb9156dc39","reportUrl":"https://robbrad.github.io/UKBinCollectionData/3.11/2125//#testresult/12de59cb9156dc39","status":"failed","statusDetails":"selenium.common.exceptions.TimeoutException: Message: \nStacktrace:\n#0 0x55b94504986a <unknown>\n#1 0x55b944d17e50 <unknown>\n#2 0x55b944d67644 <unknown>\n#3 0x55b944d67931 <unknown>\n#4 0x55b944dad534 <unknown>\n#5 0x55b944d8c4bd <unknown>\n#6 0x55b944daa9c6 <unknown>\n#7 0x55b944d8c233 <unknown>\n#8 0x55b944d5a093 <unknown>\n#9 0x55b944d5b09e <unknown>\n#10 0x55b945010acb <unknown>\n#11 0x55b945014a81 <unknown>\n#12 0x55b944ffc695 <unknown>\n#13 0x55b9450155f2 <unknown>\n#14 0x55b944fe186f <unknown>\n#15 0x55b945038668 <unknown>\n#16 0x55b945038832 <unknown>\n#17 0x55b94504865c <unknown>\n#18 0x7f41dd8bda94 <unknown>\n#19 0x7f41dd94aa34 __clone","time":{"start":1726964060262,"stop":1726964169693,"duration":109431}},{"uid":"b0aec090f3c154e1","reportUrl":"https://robbrad.github.io/UKBinCollectionData/3.11/2124//#testresult/b0aec090f3c154e1","status":"failed","statusDetails":"selenium.common.exceptions.TimeoutException: Message: \nStacktrace:\n#0 0x55e50dcd886a <unknown>\n#1 0x55e50d9a6e50 <unknown>\n#2 0x55e50d9f6644 <unknown>\n#3 0x55e50d9f6931 <unknown>\n#4 0x55e50da3c534 <unknown>\n#5 0x55e50da1b4bd <unknown>\n#6 0x55e50da399c6 <unknown>\n#7 0x55e50da1b233 <unknown>\n#8 0x55e50d9e9093 <unknown>\n#9 0x55e50d9ea09e <unknown>\n#10 0x55e50dc9facb <unknown>\n#11 0x55e50dca3a81 <unknown>\n#12 0x55e50dc8b695 <unknown>\n#13 0x55e50dca45f2 <unknown>\n#14 0x55e50dc7086f <unknown>\n#15 0x55e50dcc7668 <unknown>\n#16 0x55e50dcc7832 <unknown>\n#17 0x55e50dcd765c <unknown>\n#18 0x7fd74def0a94 <unknown>\n#19 0x7fd74df7da34 __clone","time":{"start":1726877649320,"stop":1726877722630,"duration":73310}},{"uid":"bf6b77ca47cb0a38","reportUrl":"https://robbrad.github.io/UKBinCollectionData/3.11/2123//#testresult/bf6b77ca47cb0a38","status":"passed","time":{"start":1726791275228,"stop":1726791310876,"duration":35648}},{"uid":"d134451cc75614e4","reportUrl":"https://robbrad.github.io/UKBinCollectionData/3.11/2122//#testresult/d134451cc75614e4","status":"failed","statusDetails":"selenium.common.exceptions.TimeoutException: Message: \nStacktrace:\n#0 0x56044c89486a <unknown>\n#1 0x56044c562e50 <unknown>\n#2 0x56044c5b2644 <unknown>\n#3 0x56044c5b2931 <unknown>\n#4 0x56044c5f8534 <unknown>\n#5 0x56044c5d74bd <unknown>\n#6 0x56044c5f59c6 <unknown>\n#7 0x56044c5d7233 <unknown>\n#8 0x56044c5a5093 <unknown>\n#9 0x56044c5a609e <unknown>\n#10 0x56044c85bacb <unknown>\n#11 0x56044c85fa81 <unknown>\n#12 0x56044c847695 <unknown>\n#13 0x56044c8605f2 <unknown>\n#14 0x56044c82c86f <unknown>\n#15 0x56044c883668 <unknown>\n#16 0x56044c883832 <unknown>\n#17 0x56044c89365c <unknown>\n#18 0x7f1df608ba94 <unknown>\n#19 0x7f1df6118a34 __clone","time":{"start":1726704875748,"stop":1726704933938,"duration":58190}},{"uid":"cad468a45e068052","reportUrl":"https://robbrad.github.io/UKBinCollectionData/3.11/2121//#testresult/cad468a45e068052","status":"passed","time":{"start":1726618473987,"stop":1726618525748,"duration":51761}},{"uid":"936905fc5a27a1bf","reportUrl":"https://robbrad.github.io/UKBinCollectionData/3.11/2120//#testresult/936905fc5a27a1bf","status":"passed","time":{"start":1726532085221,"stop":1726532121716,"duration":36495}},{"uid":"d5451a3266c7d5d4","reportUrl":"https://robbrad.github.io/UKBinCollectionData/3.11/2116//#testresult/d5451a3266c7d5d4","status":"failed","statusDetails":"selenium.common.exceptions.TimeoutException: Message: \nStacktrace:\n#0 0x55d83771686a <unknown>\n#1 0x55d8373e4e50 <unknown>\n#2 0x55d837434644 <unknown>\n#3 0x55d837434931 <unknown>\n#4 0x55d83747a534 <unknown>\n#5 0x55d8374594bd <unknown>\n#6 0x55d8374779c6 <unknown>\n#7 0x55d837459233 <unknown>\n#8 0x55d837427093 <unknown>\n#9 0x55d83742809e <unknown>\n#10 0x55d8376ddacb <unknown>\n#11 0x55d8376e1a81 <unknown>\n#12 0x55d8376c9695 <unknown>\n#13 0x55d8376e25f2 <unknown>\n#14 0x55d8376ae86f <unknown>\n#15 0x55d837705668 <unknown>\n#16 0x55d837705832 <unknown>\n#17 0x55d83771565c <unknown>\n#18 0x7fc319e44a94 <unknown>\n#19 0x7fc319ed1a34 __clone","time":{"start":1726445662432,"stop":1726445745391,"duration":82959}}]},"tags":[]},"source":"6389848cd0309779.json","parameterValues":["EastSuffolkCouncil"]}