{"uid":"382b948bf58cab89","name":"Validate Council Output [WalthamForest]","fullName":"features/validate_council_outputs.feature:Validate Council Output","historyId":"f804494c5f4de0ecd7ce05105f7ab6a0","time":{"start":1727915460548,"stop":1727915482965,"duration":22417},"status":"failed","statusMessage":"selenium.common.exceptions.ElementNotInteractableException: Message: element not interactable\n  (Session info: chrome=129.0.6668.58)\nStacktrace:\n#0 0x560eabd6c13a <unknown>\n#1 0x560eaba5243d <unknown>\n#2 0x560eaba9bb48 <unknown>\n#3 0x560eaba99fc1 <unknown>\n#4 0x560eabac6b22 <unknown>\n#5 0x560eaba96478 <unknown>\n#6 0x560eabac6cee <unknown>\n#7 0x560eabae5d7d <unknown>\n#8 0x560eabac68c3 <unknown>\n#9 0x560eaba946b3 <unknown>\n#10 0x560eaba9568e <unknown>\n#11 0x560eabd36b3b <unknown>\n#12 0x560eabd3aac1 <unknown>\n#13 0x560eabd23335 <unknown>\n#14 0x560eabd3b642 <unknown>\n#15 0x560eabd0849f <unknown>\n#16 0x560eabd5b038 <unknown>\n#17 0x560eabd5b203 <unknown>\n#18 0x560eabd6af8c <unknown>\n#19 0x7fc9ab04ea94 <unknown>\n#20 0x7fc9ab0dba34 __clone","statusTrace":"fixturefunc = <function scrape_step at 0x7f026a4b5d00>\nrequest = <FixtureRequest for <Function test_scenario_outline[WalthamForest]>>\nkwargs = {'context': <test_validate_council.Context object at 0x7f026a3381d0>, 'headless_mode': 'True', 'local_browser': 'False', 'selenium_url': 'http://localhost:4444'}\n\n    def call_fixture_func(\n        fixturefunc: _FixtureFunc[FixtureValue], request: FixtureRequest, kwargs\n    ) -> FixtureValue:\n        if is_generator(fixturefunc):\n            fixturefunc = cast(\n                Callable[..., Generator[FixtureValue, None, None]], fixturefunc\n            )\n            generator = fixturefunc(**kwargs)\n            try:\n                fixture_result = next(generator)\n            except StopIteration:\n                raise ValueError(f\"{request.fixturename} did not yield a value\") from None\n            finalizer = functools.partial(_teardown_yield_fixture, fixturefunc, generator)\n            request.addfinalizer(finalizer)\n        else:\n            fixturefunc = cast(Callable[..., FixtureValue], fixturefunc)\n>           fixture_result = fixturefunc(**kwargs)\n\n../../../.cache/pypoetry/virtualenvs/uk-bin-collection-EwS6Gn8s-py3.11/lib/python3.11/site-packages/_pytest/fixtures.py:898: \n_ _ _ _ _ _ _ _ _ _ _ _ _ _ _ _ _ _ _ _ _ _ _ _ _ _ _ _ _ _ _ _ _ _ _ _ _ _ _ _ \nuk_bin_collection/tests/step_defs/test_validate_council.py:100: in scrape_step\n    context.parse_result = CollectData.run()\nuk_bin_collection/uk_bin_collection/collect_data.py:101: in run\n    return self.client_code(\nuk_bin_collection/uk_bin_collection/collect_data.py:121: in client_code\n    return get_bin_data_class.template_method(address_url, **kwargs)\nuk_bin_collection/uk_bin_collection/get_bin_data.py:61: in template_method\n    bin_data_dict = self.get_and_parse_data(this_url, **kwargs)\nuk_bin_collection/uk_bin_collection/get_bin_data.py:84: in get_and_parse_data\n    bin_data_dict = self.parse_data(\"\", url=address_url, **kwargs)\nuk_bin_collection/uk_bin_collection/councils/WalthamForest.py:67: in parse_data\n    dropdown_search.send_keys(Keys.RETURN)\n../../../.cache/pypoetry/virtualenvs/uk-bin-collection-EwS6Gn8s-py3.11/lib/python3.11/site-packages/selenium/webdriver/remote/webelement.py:231: in send_keys\n    self._execute(\n../../../.cache/pypoetry/virtualenvs/uk-bin-collection-EwS6Gn8s-py3.11/lib/python3.11/site-packages/selenium/webdriver/remote/webelement.py:395: in _execute\n    return self._parent.execute(command, params)\n../../../.cache/pypoetry/virtualenvs/uk-bin-collection-EwS6Gn8s-py3.11/lib/python3.11/site-packages/selenium/webdriver/remote/webdriver.py:354: in execute\n    self.error_handler.check_response(response)\n_ _ _ _ _ _ _ _ _ _ _ _ _ _ _ _ _ _ _ _ _ _ _ _ _ _ _ _ _ _ _ _ _ _ _ _ _ _ _ _ \n\nself = <selenium.webdriver.remote.errorhandler.ErrorHandler object at 0x7f02697e6d90>\nresponse = {'status': 400, 'value': '{\"value\":{\"error\":\"element not interactable\",\"message\":\"element not interactable\\\\n  (Sessio...unknown>\\\\n#18 0x560eabd6af8c \\\\u003Cunknown>\\\\n#19 0x7fc9ab04ea94 \\\\u003Cunknown>\\\\n#20 0x7fc9ab0dba34 __clone\\\\n\"}}'}\n\n    def check_response(self, response: Dict[str, Any]) -> None:\n        \"\"\"Checks that a JSON response from the WebDriver does not have an\n        error.\n    \n        :Args:\n         - response - The JSON response from the WebDriver server as a dictionary\n           object.\n    \n        :Raises: If the response contains an error message.\n        \"\"\"\n        status = response.get(\"status\", None)\n        if not status or status == ErrorCode.SUCCESS:\n            return\n        value = None\n        message = response.get(\"message\", \"\")\n        screen: str = response.get(\"screen\", \"\")\n        stacktrace = None\n        if isinstance(status, int):\n            value_json = response.get(\"value\", None)\n            if value_json and isinstance(value_json, str):\n                import json\n    \n                try:\n                    value = json.loads(value_json)\n                    if len(value) == 1:\n                        value = value[\"value\"]\n                    status = value.get(\"error\", None)\n                    if not status:\n                        status = value.get(\"status\", ErrorCode.UNKNOWN_ERROR)\n                        message = value.get(\"value\") or value.get(\"message\")\n                        if not isinstance(message, str):\n                            value = message\n                            message = message.get(\"message\")\n                    else:\n                        message = value.get(\"message\", None)\n                except ValueError:\n                    pass\n    \n        exception_class: Type[WebDriverException]\n        e = ErrorCode()\n        error_codes = [item for item in dir(e) if not item.startswith(\"__\")]\n        for error_code in error_codes:\n            error_info = getattr(ErrorCode, error_code)\n            if isinstance(error_info, list) and status in error_info:\n                exception_class = getattr(ExceptionMapping, error_code, WebDriverException)\n                break\n        else:\n            exception_class = WebDriverException\n    \n        if not value:\n            value = response[\"value\"]\n        if isinstance(value, str):\n            raise exception_class(value)\n        if message == \"\" and \"message\" in value:\n            message = value[\"message\"]\n    \n        screen = None  # type: ignore[assignment]\n        if \"screen\" in value:\n            screen = value[\"screen\"]\n    \n        stacktrace = None\n        st_value = value.get(\"stackTrace\") or value.get(\"stacktrace\")\n        if st_value:\n            if isinstance(st_value, str):\n                stacktrace = st_value.split(\"\\n\")\n            else:\n                stacktrace = []\n                try:\n                    for frame in st_value:\n                        line = frame.get(\"lineNumber\", \"\")\n                        file = frame.get(\"fileName\", \"<anonymous>\")\n                        if line:\n                            file = f\"{file}:{line}\"\n                        meth = frame.get(\"methodName\", \"<anonymous>\")\n                        if \"className\" in frame:\n                            meth = f\"{frame['className']}.{meth}\"\n                        msg = \"    at %s (%s)\"\n                        msg = msg % (meth, file)\n                        stacktrace.append(msg)\n                except TypeError:\n                    pass\n        if exception_class == UnexpectedAlertPresentException:\n            alert_text = None\n            if \"data\" in value:\n                alert_text = value[\"data\"].get(\"text\")\n            elif \"alert\" in value:\n                alert_text = value[\"alert\"].get(\"text\")\n            raise exception_class(message, screen, stacktrace, alert_text)  # type: ignore[call-arg]  # mypy is not smart enough here\n>       raise exception_class(message, screen, stacktrace)\nE       selenium.common.exceptions.ElementNotInteractableException: Message: element not interactable\nE         (Session info: chrome=129.0.6668.58)\nE       Stacktrace:\nE       #0 0x560eabd6c13a <unknown>\nE       #1 0x560eaba5243d <unknown>\nE       #2 0x560eaba9bb48 <unknown>\nE       #3 0x560eaba99fc1 <unknown>\nE       #4 0x560eabac6b22 <unknown>\nE       #5 0x560eaba96478 <unknown>\nE       #6 0x560eabac6cee <unknown>\nE       #7 0x560eabae5d7d <unknown>\nE       #8 0x560eabac68c3 <unknown>\nE       #9 0x560eaba946b3 <unknown>\nE       #10 0x560eaba9568e <unknown>\nE       #11 0x560eabd36b3b <unknown>\nE       #12 0x560eabd3aac1 <unknown>\nE       #13 0x560eabd23335 <unknown>\nE       #14 0x560eabd3b642 <unknown>\nE       #15 0x560eabd0849f <unknown>\nE       #16 0x560eabd5b038 <unknown>\nE       #17 0x560eabd5b203 <unknown>\nE       #18 0x560eabd6af8c <unknown>\nE       #19 0x7fc9ab04ea94 <unknown>\nE       #20 0x7fc9ab0dba34 __clone\n\n../../../.cache/pypoetry/virtualenvs/uk-bin-collection-EwS6Gn8s-py3.11/lib/python3.11/site-packages/selenium/webdriver/remote/errorhandler.py:229: ElementNotInteractableException","flaky":false,"newFailed":true,"newBroken":false,"newPassed":false,"retriesCount":0,"retriesStatusChange":false,"beforeStages":[],"testStage":{"status":"failed","statusMessage":"selenium.common.exceptions.ElementNotInteractableException: Message: element not interactable\n  (Session info: chrome=129.0.6668.58)\nStacktrace:\n#0 0x560eabd6c13a <unknown>\n#1 0x560eaba5243d <unknown>\n#2 0x560eaba9bb48 <unknown>\n#3 0x560eaba99fc1 <unknown>\n#4 0x560eabac6b22 <unknown>\n#5 0x560eaba96478 <unknown>\n#6 0x560eabac6cee <unknown>\n#7 0x560eabae5d7d <unknown>\n#8 0x560eabac68c3 <unknown>\n#9 0x560eaba946b3 <unknown>\n#10 0x560eaba9568e <unknown>\n#11 0x560eabd36b3b <unknown>\n#12 0x560eabd3aac1 <unknown>\n#13 0x560eabd23335 <unknown>\n#14 0x560eabd3b642 <unknown>\n#15 0x560eabd0849f <unknown>\n#16 0x560eabd5b038 <unknown>\n#17 0x560eabd5b203 <unknown>\n#18 0x560eabd6af8c <unknown>\n#19 0x7fc9ab04ea94 <unknown>\n#20 0x7fc9ab0dba34 __clone","statusTrace":"fixturefunc = <function scrape_step at 0x7f026a4b5d00>\nrequest = <FixtureRequest for <Function test_scenario_outline[WalthamForest]>>\nkwargs = {'context': <test_validate_council.Context object at 0x7f026a3381d0>, 'headless_mode': 'True', 'local_browser': 'False', 'selenium_url': 'http://localhost:4444'}\n\n    def call_fixture_func(\n        fixturefunc: _FixtureFunc[FixtureValue], request: FixtureRequest, kwargs\n    ) -> FixtureValue:\n        if is_generator(fixturefunc):\n            fixturefunc = cast(\n                Callable[..., Generator[FixtureValue, None, None]], fixturefunc\n            )\n            generator = fixturefunc(**kwargs)\n            try:\n                fixture_result = next(generator)\n            except StopIteration:\n                raise ValueError(f\"{request.fixturename} did not yield a value\") from None\n            finalizer = functools.partial(_teardown_yield_fixture, fixturefunc, generator)\n            request.addfinalizer(finalizer)\n        else:\n            fixturefunc = cast(Callable[..., FixtureValue], fixturefunc)\n>           fixture_result = fixturefunc(**kwargs)\n\n../../../.cache/pypoetry/virtualenvs/uk-bin-collection-EwS6Gn8s-py3.11/lib/python3.11/site-packages/_pytest/fixtures.py:898: \n_ _ _ _ _ _ _ _ _ _ _ _ _ _ _ _ _ _ _ _ _ _ _ _ _ _ _ _ _ _ _ _ _ _ _ _ _ _ _ _ \nuk_bin_collection/tests/step_defs/test_validate_council.py:100: in scrape_step\n    context.parse_result = CollectData.run()\nuk_bin_collection/uk_bin_collection/collect_data.py:101: in run\n    return self.client_code(\nuk_bin_collection/uk_bin_collection/collect_data.py:121: in client_code\n    return get_bin_data_class.template_method(address_url, **kwargs)\nuk_bin_collection/uk_bin_collection/get_bin_data.py:61: in template_method\n    bin_data_dict = self.get_and_parse_data(this_url, **kwargs)\nuk_bin_collection/uk_bin_collection/get_bin_data.py:84: in get_and_parse_data\n    bin_data_dict = self.parse_data(\"\", url=address_url, **kwargs)\nuk_bin_collection/uk_bin_collection/councils/WalthamForest.py:67: in parse_data\n    dropdown_search.send_keys(Keys.RETURN)\n../../../.cache/pypoetry/virtualenvs/uk-bin-collection-EwS6Gn8s-py3.11/lib/python3.11/site-packages/selenium/webdriver/remote/webelement.py:231: in send_keys\n    self._execute(\n../../../.cache/pypoetry/virtualenvs/uk-bin-collection-EwS6Gn8s-py3.11/lib/python3.11/site-packages/selenium/webdriver/remote/webelement.py:395: in _execute\n    return self._parent.execute(command, params)\n../../../.cache/pypoetry/virtualenvs/uk-bin-collection-EwS6Gn8s-py3.11/lib/python3.11/site-packages/selenium/webdriver/remote/webdriver.py:354: in execute\n    self.error_handler.check_response(response)\n_ _ _ _ _ _ _ _ _ _ _ _ _ _ _ _ _ _ _ _ _ _ _ _ _ _ _ _ _ _ _ _ _ _ _ _ _ _ _ _ \n\nself = <selenium.webdriver.remote.errorhandler.ErrorHandler object at 0x7f02697e6d90>\nresponse = {'status': 400, 'value': '{\"value\":{\"error\":\"element not interactable\",\"message\":\"element not interactable\\\\n  (Sessio...unknown>\\\\n#18 0x560eabd6af8c \\\\u003Cunknown>\\\\n#19 0x7fc9ab04ea94 \\\\u003Cunknown>\\\\n#20 0x7fc9ab0dba34 __clone\\\\n\"}}'}\n\n    def check_response(self, response: Dict[str, Any]) -> None:\n        \"\"\"Checks that a JSON response from the WebDriver does not have an\n        error.\n    \n        :Args:\n         - response - The JSON response from the WebDriver server as a dictionary\n           object.\n    \n        :Raises: If the response contains an error message.\n        \"\"\"\n        status = response.get(\"status\", None)\n        if not status or status == ErrorCode.SUCCESS:\n            return\n        value = None\n        message = response.get(\"message\", \"\")\n        screen: str = response.get(\"screen\", \"\")\n        stacktrace = None\n        if isinstance(status, int):\n            value_json = response.get(\"value\", None)\n            if value_json and isinstance(value_json, str):\n                import json\n    \n                try:\n                    value = json.loads(value_json)\n                    if len(value) == 1:\n                        value = value[\"value\"]\n                    status = value.get(\"error\", None)\n                    if not status:\n                        status = value.get(\"status\", ErrorCode.UNKNOWN_ERROR)\n                        message = value.get(\"value\") or value.get(\"message\")\n                        if not isinstance(message, str):\n                            value = message\n                            message = message.get(\"message\")\n                    else:\n                        message = value.get(\"message\", None)\n                except ValueError:\n                    pass\n    \n        exception_class: Type[WebDriverException]\n        e = ErrorCode()\n        error_codes = [item for item in dir(e) if not item.startswith(\"__\")]\n        for error_code in error_codes:\n            error_info = getattr(ErrorCode, error_code)\n            if isinstance(error_info, list) and status in error_info:\n                exception_class = getattr(ExceptionMapping, error_code, WebDriverException)\n                break\n        else:\n            exception_class = WebDriverException\n    \n        if not value:\n            value = response[\"value\"]\n        if isinstance(value, str):\n            raise exception_class(value)\n        if message == \"\" and \"message\" in value:\n            message = value[\"message\"]\n    \n        screen = None  # type: ignore[assignment]\n        if \"screen\" in value:\n            screen = value[\"screen\"]\n    \n        stacktrace = None\n        st_value = value.get(\"stackTrace\") or value.get(\"stacktrace\")\n        if st_value:\n            if isinstance(st_value, str):\n                stacktrace = st_value.split(\"\\n\")\n            else:\n                stacktrace = []\n                try:\n                    for frame in st_value:\n                        line = frame.get(\"lineNumber\", \"\")\n                        file = frame.get(\"fileName\", \"<anonymous>\")\n                        if line:\n                            file = f\"{file}:{line}\"\n                        meth = frame.get(\"methodName\", \"<anonymous>\")\n                        if \"className\" in frame:\n                            meth = f\"{frame['className']}.{meth}\"\n                        msg = \"    at %s (%s)\"\n                        msg = msg % (meth, file)\n                        stacktrace.append(msg)\n                except TypeError:\n                    pass\n        if exception_class == UnexpectedAlertPresentException:\n            alert_text = None\n            if \"data\" in value:\n                alert_text = value[\"data\"].get(\"text\")\n            elif \"alert\" in value:\n                alert_text = value[\"alert\"].get(\"text\")\n            raise exception_class(message, screen, stacktrace, alert_text)  # type: ignore[call-arg]  # mypy is not smart enough here\n>       raise exception_class(message, screen, stacktrace)\nE       selenium.common.exceptions.ElementNotInteractableException: Message: element not interactable\nE         (Session info: chrome=129.0.6668.58)\nE       Stacktrace:\nE       #0 0x560eabd6c13a <unknown>\nE       #1 0x560eaba5243d <unknown>\nE       #2 0x560eaba9bb48 <unknown>\nE       #3 0x560eaba99fc1 <unknown>\nE       #4 0x560eabac6b22 <unknown>\nE       #5 0x560eaba96478 <unknown>\nE       #6 0x560eabac6cee <unknown>\nE       #7 0x560eabae5d7d <unknown>\nE       #8 0x560eabac68c3 <unknown>\nE       #9 0x560eaba946b3 <unknown>\nE       #10 0x560eaba9568e <unknown>\nE       #11 0x560eabd36b3b <unknown>\nE       #12 0x560eabd3aac1 <unknown>\nE       #13 0x560eabd23335 <unknown>\nE       #14 0x560eabd3b642 <unknown>\nE       #15 0x560eabd0849f <unknown>\nE       #16 0x560eabd5b038 <unknown>\nE       #17 0x560eabd5b203 <unknown>\nE       #18 0x560eabd6af8c <unknown>\nE       #19 0x7fc9ab04ea94 <unknown>\nE       #20 0x7fc9ab0dba34 __clone\n\n../../../.cache/pypoetry/virtualenvs/uk-bin-collection-EwS6Gn8s-py3.11/lib/python3.11/site-packages/selenium/webdriver/remote/errorhandler.py:229: ElementNotInteractableException","steps":[{"name":"Given the council","time":{"start":1727915460548,"stop":1727915460548,"duration":0},"status":"passed","steps":[],"attachments":[],"parameters":[],"shouldDisplayMessage":false,"stepsCount":0,"attachmentsCount":0,"hasContent":false,"attachmentStep":false},{"name":"When we scrape the data from the council","time":{"start":1727915460548,"stop":1727915482965,"duration":22417},"status":"failed","statusMessage":"Message: element not interactable\n  (Session info: chrome=129.0.6668.58)\nStacktrace:\n#0 0x560eabd6c13a <unknown>\n#1 0x560eaba5243d <unknown>\n#2 0x560eaba9bb48 <unknown>\n#3 0x560eaba99fc1 <unknown>\n#4 0x560eabac6b22 <unknown>\n#5 0x560eaba96478 <unknown>\n#6 0x560eabac6cee <unknown>\n#7 0x560eabae5d7d <unknown>\n#8 0x560eabac68c3 <unknown>\n#9 0x560eaba946b3 <unknown>\n#10 0x560eaba9568e <unknown>\n#11 0x560eabd36b3b <unknown>\n#12 0x560eabd3aac1 <unknown>\n#13 0x560eabd23335 <unknown>\n#14 0x560eabd3b642 <unknown>\n#15 0x560eabd0849f <unknown>\n#16 0x560eabd5b038 <unknown>\n#17 0x560eabd5b203 <unknown>\n#18 0x560eabd6af8c <unknown>\n#19 0x7fc9ab04ea94 <unknown>\n#20 0x7fc9ab0dba34 __clone\n","statusTrace":"selenium.common.exceptions.ElementNotInteractableException: Message: element not interactable\n  (Session info: chrome=129.0.6668.58)\nStacktrace:\n#0 0x560eabd6c13a <unknown>\n#1 0x560eaba5243d <unknown>\n#2 0x560eaba9bb48 <unknown>\n#3 0x560eaba99fc1 <unknown>\n#4 0x560eabac6b22 <unknown>\n#5 0x560eaba96478 <unknown>\n#6 0x560eabac6cee <unknown>\n#7 0x560eabae5d7d <unknown>\n#8 0x560eabac68c3 <unknown>\n#9 0x560eaba946b3 <unknown>\n#10 0x560eaba9568e <unknown>\n#11 0x560eabd36b3b <unknown>\n#12 0x560eabd3aac1 <unknown>\n#13 0x560eabd23335 <unknown>\n#14 0x560eabd3b642 <unknown>\n#15 0x560eabd0849f <unknown>\n#16 0x560eabd5b038 <unknown>\n#17 0x560eabd5b203 <unknown>\n#18 0x560eabd6af8c <unknown>\n#19 0x7fc9ab04ea94 <unknown>\n#20 0x7fc9ab0dba34 __clone\n\n","steps":[],"attachments":[],"parameters":[],"shouldDisplayMessage":true,"stepsCount":0,"attachmentsCount":0,"hasContent":true,"attachmentStep":false}],"attachments":[{"uid":"2d0f617b36851301","name":"stdout","source":"2d0f617b36851301.txt","type":"text/plain","size":742}],"parameters":[],"shouldDisplayMessage":true,"stepsCount":2,"attachmentsCount":1,"hasContent":true,"attachmentStep":false},"afterStages":[],"labels":[{"name":"host","value":"fv-az1391-270"},{"name":"thread","value":"2787-MainThread"},{"name":"framework","value":"pytest-bdd"},{"name":"language","value":"cpython3"},{"name":"feature","value":"Test each council output matches expected results"},{"name":"resultFormat","value":"allure2"}],"parameters":[{"name":"council","value":"WalthamForest"}],"links":[],"hidden":false,"retry":false,"extra":{"severity":"normal","retries":[],"categories":[{"name":"Product defects","matchedStatuses":[],"flaky":false}],"history":{"statistic":{"failed":9,"broken":0,"skipped":0,"passed":132,"unknown":0,"total":141},"items":[{"uid":"6f22172fdc6b5277","reportUrl":"https://robbrad.github.io/UKBinCollectionData/3.11/2139//#testresult/6f22172fdc6b5277","status":"passed","time":{"start":1727829021455,"stop":1727829046948,"duration":25493}},{"uid":"14b2c21c19d9a862","reportUrl":"https://robbrad.github.io/UKBinCollectionData/3.11/2138//#testresult/14b2c21c19d9a862","status":"passed","time":{"start":1727742744672,"stop":1727742779856,"duration":35184}},{"uid":"b82ef64220cac8fc","reportUrl":"https://robbrad.github.io/UKBinCollectionData/3.11/2137//#testresult/b82ef64220cac8fc","status":"passed","time":{"start":1727656251264,"stop":1727656288293,"duration":37029}},{"uid":"b7fb4c749b0cd270","reportUrl":"https://robbrad.github.io/UKBinCollectionData/3.11/2136//#testresult/b7fb4c749b0cd270","status":"passed","time":{"start":1727569602530,"stop":1727569621965,"duration":19435}},{"uid":"5134199bf77faa3b","reportUrl":"https://robbrad.github.io/UKBinCollectionData/3.11/2135//#testresult/5134199bf77faa3b","status":"passed","time":{"start":1727483326611,"stop":1727483350426,"duration":23815}},{"uid":"e66e91df3617a18c","reportUrl":"https://robbrad.github.io/UKBinCollectionData/3.11/2131//#testresult/e66e91df3617a18c","status":"passed","time":{"start":1727423423607,"stop":1727423469434,"duration":45827}},{"uid":"535f47ff1b40c2fb","reportUrl":"https://robbrad.github.io/UKBinCollectionData/3.11/2130//#testresult/535f47ff1b40c2fb","status":"passed","time":{"start":1727397158834,"stop":1727397200534,"duration":41700}},{"uid":"60b13c346e083808","reportUrl":"https://robbrad.github.io/UKBinCollectionData/3.11/2129//#testresult/60b13c346e083808","status":"passed","time":{"start":1727310644044,"stop":1727310713041,"duration":68997}},{"uid":"efa89913cbf7784d","reportUrl":"https://robbrad.github.io/UKBinCollectionData/3.11/2128//#testresult/efa89913cbf7784d","status":"passed","time":{"start":1727223997384,"stop":1727224031827,"duration":34443}},{"uid":"5e3a7efe1be64e96","reportUrl":"https://robbrad.github.io/UKBinCollectionData/3.11/2127//#testresult/5e3a7efe1be64e96","status":"passed","time":{"start":1727137951747,"stop":1727137978983,"duration":27236}},{"uid":"b9bdb8b691978dd","reportUrl":"https://robbrad.github.io/UKBinCollectionData/3.11/2126//#testresult/b9bdb8b691978dd","status":"passed","time":{"start":1727051220695,"stop":1727051254169,"duration":33474}},{"uid":"1262804c406b3fce","reportUrl":"https://robbrad.github.io/UKBinCollectionData/3.11/2125//#testresult/1262804c406b3fce","status":"passed","time":{"start":1726965174305,"stop":1726965196078,"duration":21773}},{"uid":"4ae327d791c1f14d","reportUrl":"https://robbrad.github.io/UKBinCollectionData/3.11/2124//#testresult/4ae327d791c1f14d","status":"passed","time":{"start":1726878533265,"stop":1726878576078,"duration":42813}},{"uid":"df144577d6c2ab3f","reportUrl":"https://robbrad.github.io/UKBinCollectionData/3.11/2123//#testresult/df144577d6c2ab3f","status":"failed","statusDetails":"selenium.common.exceptions.SessionNotCreatedException: Message: Could not start a new session. New session request timed out \nHost info: host: 'selenium', ip: '172.18.0.2'\nBuild info: version: '4.24.0', revision: '748ffc9bc3'\nSystem info: os.name: 'Linux', os.arch: 'amd64', os.version: '6.8.0-1014-azure', java.version: '17.0.12'\nDriver info: driver.version: unknown\nStacktrace:\n    at org.openqa.selenium.grid.sessionqueue.local.LocalNewSessionQueue.addToQueue (LocalNewSessionQueue.java:221)\n    at org.openqa.selenium.grid.sessionqueue.NewSessionQueue.lambda$new$0 (NewSessionQueue.java:68)\n    at org.openqa.selenium.remote.http.Route$TemplatizedRoute.handle (Route.java:192)\n    at org.openqa.selenium.remote.http.Route.execute (Route.java:69)\n    at org.openqa.selenium.remote.http.Route$CombinedRoute.handle (Route.java:360)\n    at org.openqa.selenium.remote.http.Route.execute (Route.java:69)\n    at org.openqa.selenium.grid.sessionqueue.NewSessionQueue.execute (NewSessionQueue.java:128)\n    at org.openqa.selenium.remote.tracing.SpanWrappedHttpHandler.execute (SpanWrappedHttpHandler.java:87)\n    at org.openqa.selenium.remote.http.Filter$1.execute (Filter.java:63)\n    at org.openqa.selenium.remote.http.Route$CombinedRoute.handle (Route.java:360)\n    at org.openqa.selenium.remote.http.Route.execute (Route.java:69)\n    at org.openqa.selenium.grid.router.Router.execute (Router.java:87)\n    at org.openqa.selenium.grid.web.EnsureSpecCompliantResponseHeaders.lambda$apply$0 (EnsureSpecCompliantResponseHeaders.java:34)\n    at org.openqa.selenium.remote.http.Filter$1.execute (Filter.java:63)\n    at org.openqa.selenium.remote.http.Route$CombinedRoute.handle (Route.java:360)\n    at org.openqa.selenium.remote.http.Route.execute (Route.java:69)\n    at org.openqa.selenium.remote.AddWebDriverSpecHeaders.lambda$apply$0 (AddWebDriverSpecHeaders.java:35)\n    at org.openqa.selenium.remote.ErrorFilter.lambda$apply$0 (ErrorFilter.java:44)\n    at org.openqa.selenium.remote.http.Filter$1.execute (Filter.java:63)\n    at org.openqa.selenium.remote.ErrorFilter.lambda$apply$0 (ErrorFilter.java:44)\n    at org.openqa.selenium.remote.http.Filter$1.execute (Filter.java:63)\n    at org.openqa.selenium.netty.server.SeleniumHandler.lambda$channelRead0$0 (SeleniumHandler.java:44)\n    at java.util.concurrent.Executors$RunnableAdapter.call (Executors.java:539)\n    at java.util.concurrent.FutureTask.run (FutureTask.java:264)\n    at java.util.concurrent.ThreadPoolExecutor.runWorker (ThreadPoolExecutor.java:1136)\n    at java.util.concurrent.ThreadPoolExecutor$Worker.run (ThreadPoolExecutor.java:635)\n    at java.lang.Thread.run (Thread.java:840)","time":{"start":1726792053531,"stop":1726792353539,"duration":300008}},{"uid":"59a5a490fe447882","reportUrl":"https://robbrad.github.io/UKBinCollectionData/3.11/2122//#testresult/59a5a490fe447882","status":"passed","time":{"start":1726705914531,"stop":1726705945638,"duration":31107}},{"uid":"3652d708bc2f23fd","reportUrl":"https://robbrad.github.io/UKBinCollectionData/3.11/2121//#testresult/3652d708bc2f23fd","status":"passed","time":{"start":1726619510796,"stop":1726619545574,"duration":34778}},{"uid":"28e8885c2f5d7ef4","reportUrl":"https://robbrad.github.io/UKBinCollectionData/3.11/2120//#testresult/28e8885c2f5d7ef4","status":"failed","statusDetails":"selenium.common.exceptions.ElementNotInteractableException: Message: element not interactable\n  (Session info: chrome=128.0.6613.119)\nStacktrace:\n#0 0x559472ff186a <unknown>\n#1 0x559472cbfc91 <unknown>\n#2 0x559472d09618 <unknown>\n#3 0x559472d07a8d <unknown>\n#4 0x559472d34492 <unknown>\n#5 0x559472d03e89 <unknown>\n#6 0x559472d3465e <unknown>\n#7 0x559472d529c6 <unknown>\n#8 0x559472d34233 <unknown>\n#9 0x559472d02093 <unknown>\n#10 0x559472d0309e <unknown>\n#11 0x559472fb8acb <unknown>\n#12 0x559472fbca81 <unknown>\n#13 0x559472fa4695 <unknown>\n#14 0x559472fbd5f2 <unknown>\n#15 0x559472f8986f <unknown>\n#16 0x559472fe0668 <unknown>\n#17 0x559472fe0832 <unknown>\n#18 0x559472ff065c <unknown>\n#19 0x7f2e83915a94 <unknown>\n#20 0x7f2e839a2a34 __clone","time":{"start":1726533158390,"stop":1726533177862,"duration":19472}},{"uid":"e88f7a6529dfad91","reportUrl":"https://robbrad.github.io/UKBinCollectionData/3.11/2116//#testresult/e88f7a6529dfad91","status":"passed","time":{"start":1726446787642,"stop":1726446818533,"duration":30891}},{"uid":"db899a3f6688d1ad","reportUrl":"https://robbrad.github.io/UKBinCollectionData/3.11/2115//#testresult/db899a3f6688d1ad","status":"passed","time":{"start":1726360079856,"stop":1726360097433,"duration":17577}},{"uid":"9520f898a7c2264","reportUrl":"https://robbrad.github.io/UKBinCollectionData/3.11/2114//#testresult/9520f898a7c2264","status":"passed","time":{"start":1726274121895,"stop":1726274143301,"duration":21406}}]},"tags":[]},"source":"382b948bf58cab89.json","parameterValues":["WalthamForest"]}