{"uid":"fc334a531b4d30fd","name":"Validate Council Output [BuckinghamshireCouncil]","fullName":"features/validate_council_outputs.feature:Validate Council Output","historyId":"d3931a358fdfe26e1ace17c1805a29ca","time":{"start":1728332248621,"stop":1728332548638,"duration":300017},"status":"failed","statusMessage":"selenium.common.exceptions.SessionNotCreatedException: Message: Could not start a new session. New session request timed out \nHost info: host: 'selenium', ip: '172.18.0.2'\nBuild info: version: '4.25.0', revision: '030fcf7918'\nSystem info: os.name: 'Linux', os.arch: 'amd64', os.version: '6.8.0-1014-azure', java.version: '17.0.12'\nDriver info: driver.version: unknown\nStacktrace:\n    at org.openqa.selenium.grid.sessionqueue.local.LocalNewSessionQueue.addToQueue (LocalNewSessionQueue.java:221)\n    at org.openqa.selenium.grid.sessionqueue.NewSessionQueue.lambda$new$0 (NewSessionQueue.java:68)\n    at org.openqa.selenium.remote.http.Route$TemplatizedRoute.handle (Route.java:192)\n    at org.openqa.selenium.remote.http.Route.execute (Route.java:69)\n    at org.openqa.selenium.remote.http.Route$CombinedRoute.handle (Route.java:360)\n    at org.openqa.selenium.remote.http.Route.execute (Route.java:69)\n    at org.openqa.selenium.grid.sessionqueue.NewSessionQueue.execute (NewSessionQueue.java:128)\n    at org.openqa.selenium.remote.tracing.SpanWrappedHttpHandler.execute (SpanWrappedHttpHandler.java:87)\n    at org.openqa.selenium.remote.http.Filter$1.execute (Filter.java:63)\n    at org.openqa.selenium.remote.http.Route$CombinedRoute.handle (Route.java:360)\n    at org.openqa.selenium.remote.http.Route.execute (Route.java:69)\n    at org.openqa.selenium.grid.router.Router.execute (Router.java:87)\n    at org.openqa.selenium.grid.web.EnsureSpecCompliantResponseHeaders.lambda$apply$0 (EnsureSpecCompliantResponseHeaders.java:34)\n    at org.openqa.selenium.remote.http.Filter$1.execute (Filter.java:63)\n    at org.openqa.selenium.remote.http.Route$CombinedRoute.handle (Route.java:360)\n    at org.openqa.selenium.remote.http.Route.execute (Route.java:69)\n    at org.openqa.selenium.remote.AddWebDriverSpecHeaders.lambda$apply$0 (AddWebDriverSpecHeaders.java:35)\n    at org.openqa.selenium.remote.ErrorFilter.lambda$apply$0 (ErrorFilter.java:44)\n    at org.openqa.selenium.remote.http.Filter$1.execute (Filter.java:63)\n    at org.openqa.selenium.remote.ErrorFilter.lambda$apply$0 (ErrorFilter.java:44)\n    at org.openqa.selenium.remote.http.Filter$1.execute (Filter.java:63)\n    at org.openqa.selenium.netty.server.SeleniumHandler.lambda$channelRead0$0 (SeleniumHandler.java:44)\n    at java.util.concurrent.Executors$RunnableAdapter.call (Executors.java:539)\n    at java.util.concurrent.FutureTask.run (FutureTask.java:264)\n    at java.util.concurrent.ThreadPoolExecutor.runWorker (ThreadPoolExecutor.java:1136)\n    at java.util.concurrent.ThreadPoolExecutor$Worker.run (ThreadPoolExecutor.java:635)\n    at java.lang.Thread.run (Thread.java:840)","statusTrace":"fixturefunc = <function scrape_step at 0x7f8726ceeb60>\nrequest = <FixtureRequest for <Function test_scenario_outline[BuckinghamshireCouncil]>>\nkwargs = {'context': <test_validate_council.Context object at 0x7f8726b6e050>, 'headless_mode': 'True', 'local_browser': 'False', 'selenium_url': 'http://localhost:4444'}\n\n    def call_fixture_func(\n        fixturefunc: _FixtureFunc[FixtureValue], request: FixtureRequest, kwargs\n    ) -> FixtureValue:\n        if is_generator(fixturefunc):\n            fixturefunc = cast(\n                Callable[..., Generator[FixtureValue, None, None]], fixturefunc\n            )\n            generator = fixturefunc(**kwargs)\n            try:\n                fixture_result = next(generator)\n            except StopIteration:\n                raise ValueError(f\"{request.fixturename} did not yield a value\") from None\n            finalizer = functools.partial(_teardown_yield_fixture, fixturefunc, generator)\n            request.addfinalizer(finalizer)\n        else:\n            fixturefunc = cast(Callable[..., FixtureValue], fixturefunc)\n>           fixture_result = fixturefunc(**kwargs)\n\n../../../.cache/pypoetry/virtualenvs/uk-bin-collection-EwS6Gn8s-py3.11/lib/python3.11/site-packages/_pytest/fixtures.py:898: \n_ _ _ _ _ _ _ _ _ _ _ _ _ _ _ _ _ _ _ _ _ _ _ _ _ _ _ _ _ _ _ _ _ _ _ _ _ _ _ _ \nuk_bin_collection/tests/step_defs/test_validate_council.py:100: in scrape_step\n    context.parse_result = CollectData.run()\nuk_bin_collection/uk_bin_collection/collect_data.py:101: in run\n    return self.client_code(\nuk_bin_collection/uk_bin_collection/collect_data.py:121: in client_code\n    return get_bin_data_class.template_method(address_url, **kwargs)\nuk_bin_collection/uk_bin_collection/get_bin_data.py:61: in template_method\n    bin_data_dict = self.get_and_parse_data(this_url, **kwargs)\nuk_bin_collection/uk_bin_collection/get_bin_data.py:84: in get_and_parse_data\n    bin_data_dict = self.parse_data(\"\", url=address_url, **kwargs)\nuk_bin_collection/uk_bin_collection/councils/BuckinghamshireCouncil.py:46: in parse_data\n    driver = create_webdriver(web_driver, headless, None, __name__)\nuk_bin_collection/uk_bin_collection/common.py:323: in create_webdriver\n    return webdriver.Remote(command_executor=web_driver, options=options)\n../../../.cache/pypoetry/virtualenvs/uk-bin-collection-EwS6Gn8s-py3.11/lib/python3.11/site-packages/selenium/webdriver/remote/webdriver.py:212: in __init__\n    self.start_session(capabilities)\n../../../.cache/pypoetry/virtualenvs/uk-bin-collection-EwS6Gn8s-py3.11/lib/python3.11/site-packages/selenium/webdriver/remote/webdriver.py:299: in start_session\n    response = self.execute(Command.NEW_SESSION, caps)[\"value\"]\n../../../.cache/pypoetry/virtualenvs/uk-bin-collection-EwS6Gn8s-py3.11/lib/python3.11/site-packages/selenium/webdriver/remote/webdriver.py:354: in execute\n    self.error_handler.check_response(response)\n_ _ _ _ _ _ _ _ _ _ _ _ _ _ _ _ _ _ _ _ _ _ _ _ _ _ _ _ _ _ _ _ _ _ _ _ _ _ _ _ \n\nself = <selenium.webdriver.remote.errorhandler.ErrorHandler object at 0x7f872632c8d0>\nresponse = {'status': 500, 'value': '{\\n  \"value\": {\\n    \"error\": \"session not created\",\\n    \"message\": \"Could not start a new ...\"className\": \"java.lang.Thread\",\\n        \"lineNumber\": 840,\\n        \"classLoaderName\": null\\n      }\\n    ]\\n  }\\n}'}\n\n    def check_response(self, response: Dict[str, Any]) -> None:\n        \"\"\"Checks that a JSON response from the WebDriver does not have an\n        error.\n    \n        :Args:\n         - response - The JSON response from the WebDriver server as a dictionary\n           object.\n    \n        :Raises: If the response contains an error message.\n        \"\"\"\n        status = response.get(\"status\", None)\n        if not status or status == ErrorCode.SUCCESS:\n            return\n        value = None\n        message = response.get(\"message\", \"\")\n        screen: str = response.get(\"screen\", \"\")\n        stacktrace = None\n        if isinstance(status, int):\n            value_json = response.get(\"value\", None)\n            if value_json and isinstance(value_json, str):\n                import json\n    \n                try:\n                    value = json.loads(value_json)\n                    if len(value) == 1:\n                        value = value[\"value\"]\n                    status = value.get(\"error\", None)\n                    if not status:\n                        status = value.get(\"status\", ErrorCode.UNKNOWN_ERROR)\n                        message = value.get(\"value\") or value.get(\"message\")\n                        if not isinstance(message, str):\n                            value = message\n                            message = message.get(\"message\")\n                    else:\n                        message = value.get(\"message\", None)\n                except ValueError:\n                    pass\n    \n        exception_class: Type[WebDriverException]\n        e = ErrorCode()\n        error_codes = [item for item in dir(e) if not item.startswith(\"__\")]\n        for error_code in error_codes:\n            error_info = getattr(ErrorCode, error_code)\n            if isinstance(error_info, list) and status in error_info:\n                exception_class = getattr(ExceptionMapping, error_code, WebDriverException)\n                break\n        else:\n            exception_class = WebDriverException\n    \n        if not value:\n            value = response[\"value\"]\n        if isinstance(value, str):\n            raise exception_class(value)\n        if message == \"\" and \"message\" in value:\n            message = value[\"message\"]\n    \n        screen = None  # type: ignore[assignment]\n        if \"screen\" in value:\n            screen = value[\"screen\"]\n    \n        stacktrace = None\n        st_value = value.get(\"stackTrace\") or value.get(\"stacktrace\")\n        if st_value:\n            if isinstance(st_value, str):\n                stacktrace = st_value.split(\"\\n\")\n            else:\n                stacktrace = []\n                try:\n                    for frame in st_value:\n                        line = frame.get(\"lineNumber\", \"\")\n                        file = frame.get(\"fileName\", \"<anonymous>\")\n                        if line:\n                            file = f\"{file}:{line}\"\n                        meth = frame.get(\"methodName\", \"<anonymous>\")\n                        if \"className\" in frame:\n                            meth = f\"{frame['className']}.{meth}\"\n                        msg = \"    at %s (%s)\"\n                        msg = msg % (meth, file)\n                        stacktrace.append(msg)\n                except TypeError:\n                    pass\n        if exception_class == UnexpectedAlertPresentException:\n            alert_text = None\n            if \"data\" in value:\n                alert_text = value[\"data\"].get(\"text\")\n            elif \"alert\" in value:\n                alert_text = value[\"alert\"].get(\"text\")\n            raise exception_class(message, screen, stacktrace, alert_text)  # type: ignore[call-arg]  # mypy is not smart enough here\n>       raise exception_class(message, screen, stacktrace)\nE       selenium.common.exceptions.SessionNotCreatedException: Message: Could not start a new session. New session request timed out \nE       Host info: host: 'selenium', ip: '172.18.0.2'\nE       Build info: version: '4.25.0', revision: '030fcf7918'\nE       System info: os.name: 'Linux', os.arch: 'amd64', os.version: '6.8.0-1014-azure', java.version: '17.0.12'\nE       Driver info: driver.version: unknown\nE       Stacktrace:\nE           at org.openqa.selenium.grid.sessionqueue.local.LocalNewSessionQueue.addToQueue (LocalNewSessionQueue.java:221)\nE           at org.openqa.selenium.grid.sessionqueue.NewSessionQueue.lambda$new$0 (NewSessionQueue.java:68)\nE           at org.openqa.selenium.remote.http.Route$TemplatizedRoute.handle (Route.java:192)\nE           at org.openqa.selenium.remote.http.Route.execute (Route.java:69)\nE           at org.openqa.selenium.remote.http.Route$CombinedRoute.handle (Route.java:360)\nE           at org.openqa.selenium.remote.http.Route.execute (Route.java:69)\nE           at org.openqa.selenium.grid.sessionqueue.NewSessionQueue.execute (NewSessionQueue.java:128)\nE           at org.openqa.selenium.remote.tracing.SpanWrappedHttpHandler.execute (SpanWrappedHttpHandler.java:87)\nE           at org.openqa.selenium.remote.http.Filter$1.execute (Filter.java:63)\nE           at org.openqa.selenium.remote.http.Route$CombinedRoute.handle (Route.java:360)\nE           at org.openqa.selenium.remote.http.Route.execute (Route.java:69)\nE           at org.openqa.selenium.grid.router.Router.execute (Router.java:87)\nE           at org.openqa.selenium.grid.web.EnsureSpecCompliantResponseHeaders.lambda$apply$0 (EnsureSpecCompliantResponseHeaders.java:34)\nE           at org.openqa.selenium.remote.http.Filter$1.execute (Filter.java:63)\nE           at org.openqa.selenium.remote.http.Route$CombinedRoute.handle (Route.java:360)\nE           at org.openqa.selenium.remote.http.Route.execute (Route.java:69)\nE           at org.openqa.selenium.remote.AddWebDriverSpecHeaders.lambda$apply$0 (AddWebDriverSpecHeaders.java:35)\nE           at org.openqa.selenium.remote.ErrorFilter.lambda$apply$0 (ErrorFilter.java:44)\nE           at org.openqa.selenium.remote.http.Filter$1.execute (Filter.java:63)\nE           at org.openqa.selenium.remote.ErrorFilter.lambda$apply$0 (ErrorFilter.java:44)\nE           at org.openqa.selenium.remote.http.Filter$1.execute (Filter.java:63)\nE           at org.openqa.selenium.netty.server.SeleniumHandler.lambda$channelRead0$0 (SeleniumHandler.java:44)\nE           at java.util.concurrent.Executors$RunnableAdapter.call (Executors.java:539)\nE           at java.util.concurrent.FutureTask.run (FutureTask.java:264)\nE           at java.util.concurrent.ThreadPoolExecutor.runWorker (ThreadPoolExecutor.java:1136)\nE           at java.util.concurrent.ThreadPoolExecutor$Worker.run (ThreadPoolExecutor.java:635)\nE           at java.lang.Thread.run (Thread.java:840)\n\n../../../.cache/pypoetry/virtualenvs/uk-bin-collection-EwS6Gn8s-py3.11/lib/python3.11/site-packages/selenium/webdriver/remote/errorhandler.py:229: SessionNotCreatedException","flaky":false,"newFailed":false,"newBroken":false,"newPassed":false,"retriesCount":0,"retriesStatusChange":false,"beforeStages":[],"testStage":{"status":"failed","statusMessage":"selenium.common.exceptions.SessionNotCreatedException: Message: Could not start a new session. New session request timed out \nHost info: host: 'selenium', ip: '172.18.0.2'\nBuild info: version: '4.25.0', revision: '030fcf7918'\nSystem info: os.name: 'Linux', os.arch: 'amd64', os.version: '6.8.0-1014-azure', java.version: '17.0.12'\nDriver info: driver.version: unknown\nStacktrace:\n    at org.openqa.selenium.grid.sessionqueue.local.LocalNewSessionQueue.addToQueue (LocalNewSessionQueue.java:221)\n    at org.openqa.selenium.grid.sessionqueue.NewSessionQueue.lambda$new$0 (NewSessionQueue.java:68)\n    at org.openqa.selenium.remote.http.Route$TemplatizedRoute.handle (Route.java:192)\n    at org.openqa.selenium.remote.http.Route.execute (Route.java:69)\n    at org.openqa.selenium.remote.http.Route$CombinedRoute.handle (Route.java:360)\n    at org.openqa.selenium.remote.http.Route.execute (Route.java:69)\n    at org.openqa.selenium.grid.sessionqueue.NewSessionQueue.execute (NewSessionQueue.java:128)\n    at org.openqa.selenium.remote.tracing.SpanWrappedHttpHandler.execute (SpanWrappedHttpHandler.java:87)\n    at org.openqa.selenium.remote.http.Filter$1.execute (Filter.java:63)\n    at org.openqa.selenium.remote.http.Route$CombinedRoute.handle (Route.java:360)\n    at org.openqa.selenium.remote.http.Route.execute (Route.java:69)\n    at org.openqa.selenium.grid.router.Router.execute (Router.java:87)\n    at org.openqa.selenium.grid.web.EnsureSpecCompliantResponseHeaders.lambda$apply$0 (EnsureSpecCompliantResponseHeaders.java:34)\n    at org.openqa.selenium.remote.http.Filter$1.execute (Filter.java:63)\n    at org.openqa.selenium.remote.http.Route$CombinedRoute.handle (Route.java:360)\n    at org.openqa.selenium.remote.http.Route.execute (Route.java:69)\n    at org.openqa.selenium.remote.AddWebDriverSpecHeaders.lambda$apply$0 (AddWebDriverSpecHeaders.java:35)\n    at org.openqa.selenium.remote.ErrorFilter.lambda$apply$0 (ErrorFilter.java:44)\n    at org.openqa.selenium.remote.http.Filter$1.execute (Filter.java:63)\n    at org.openqa.selenium.remote.ErrorFilter.lambda$apply$0 (ErrorFilter.java:44)\n    at org.openqa.selenium.remote.http.Filter$1.execute (Filter.java:63)\n    at org.openqa.selenium.netty.server.SeleniumHandler.lambda$channelRead0$0 (SeleniumHandler.java:44)\n    at java.util.concurrent.Executors$RunnableAdapter.call (Executors.java:539)\n    at java.util.concurrent.FutureTask.run (FutureTask.java:264)\n    at java.util.concurrent.ThreadPoolExecutor.runWorker (ThreadPoolExecutor.java:1136)\n    at java.util.concurrent.ThreadPoolExecutor$Worker.run (ThreadPoolExecutor.java:635)\n    at java.lang.Thread.run (Thread.java:840)","statusTrace":"fixturefunc = <function scrape_step at 0x7f8726ceeb60>\nrequest = <FixtureRequest for <Function test_scenario_outline[BuckinghamshireCouncil]>>\nkwargs = {'context': <test_validate_council.Context object at 0x7f8726b6e050>, 'headless_mode': 'True', 'local_browser': 'False', 'selenium_url': 'http://localhost:4444'}\n\n    def call_fixture_func(\n        fixturefunc: _FixtureFunc[FixtureValue], request: FixtureRequest, kwargs\n    ) -> FixtureValue:\n        if is_generator(fixturefunc):\n            fixturefunc = cast(\n                Callable[..., Generator[FixtureValue, None, None]], fixturefunc\n            )\n            generator = fixturefunc(**kwargs)\n            try:\n                fixture_result = next(generator)\n            except StopIteration:\n                raise ValueError(f\"{request.fixturename} did not yield a value\") from None\n            finalizer = functools.partial(_teardown_yield_fixture, fixturefunc, generator)\n            request.addfinalizer(finalizer)\n        else:\n            fixturefunc = cast(Callable[..., FixtureValue], fixturefunc)\n>           fixture_result = fixturefunc(**kwargs)\n\n../../../.cache/pypoetry/virtualenvs/uk-bin-collection-EwS6Gn8s-py3.11/lib/python3.11/site-packages/_pytest/fixtures.py:898: \n_ _ _ _ _ _ _ _ _ _ _ _ _ _ _ _ _ _ _ _ _ _ _ _ _ _ _ _ _ _ _ _ _ _ _ _ _ _ _ _ \nuk_bin_collection/tests/step_defs/test_validate_council.py:100: in scrape_step\n    context.parse_result = CollectData.run()\nuk_bin_collection/uk_bin_collection/collect_data.py:101: in run\n    return self.client_code(\nuk_bin_collection/uk_bin_collection/collect_data.py:121: in client_code\n    return get_bin_data_class.template_method(address_url, **kwargs)\nuk_bin_collection/uk_bin_collection/get_bin_data.py:61: in template_method\n    bin_data_dict = self.get_and_parse_data(this_url, **kwargs)\nuk_bin_collection/uk_bin_collection/get_bin_data.py:84: in get_and_parse_data\n    bin_data_dict = self.parse_data(\"\", url=address_url, **kwargs)\nuk_bin_collection/uk_bin_collection/councils/BuckinghamshireCouncil.py:46: in parse_data\n    driver = create_webdriver(web_driver, headless, None, __name__)\nuk_bin_collection/uk_bin_collection/common.py:323: in create_webdriver\n    return webdriver.Remote(command_executor=web_driver, options=options)\n../../../.cache/pypoetry/virtualenvs/uk-bin-collection-EwS6Gn8s-py3.11/lib/python3.11/site-packages/selenium/webdriver/remote/webdriver.py:212: in __init__\n    self.start_session(capabilities)\n../../../.cache/pypoetry/virtualenvs/uk-bin-collection-EwS6Gn8s-py3.11/lib/python3.11/site-packages/selenium/webdriver/remote/webdriver.py:299: in start_session\n    response = self.execute(Command.NEW_SESSION, caps)[\"value\"]\n../../../.cache/pypoetry/virtualenvs/uk-bin-collection-EwS6Gn8s-py3.11/lib/python3.11/site-packages/selenium/webdriver/remote/webdriver.py:354: in execute\n    self.error_handler.check_response(response)\n_ _ _ _ _ _ _ _ _ _ _ _ _ _ _ _ _ _ _ _ _ _ _ _ _ _ _ _ _ _ _ _ _ _ _ _ _ _ _ _ \n\nself = <selenium.webdriver.remote.errorhandler.ErrorHandler object at 0x7f872632c8d0>\nresponse = {'status': 500, 'value': '{\\n  \"value\": {\\n    \"error\": \"session not created\",\\n    \"message\": \"Could not start a new ...\"className\": \"java.lang.Thread\",\\n        \"lineNumber\": 840,\\n        \"classLoaderName\": null\\n      }\\n    ]\\n  }\\n}'}\n\n    def check_response(self, response: Dict[str, Any]) -> None:\n        \"\"\"Checks that a JSON response from the WebDriver does not have an\n        error.\n    \n        :Args:\n         - response - The JSON response from the WebDriver server as a dictionary\n           object.\n    \n        :Raises: If the response contains an error message.\n        \"\"\"\n        status = response.get(\"status\", None)\n        if not status or status == ErrorCode.SUCCESS:\n            return\n        value = None\n        message = response.get(\"message\", \"\")\n        screen: str = response.get(\"screen\", \"\")\n        stacktrace = None\n        if isinstance(status, int):\n            value_json = response.get(\"value\", None)\n            if value_json and isinstance(value_json, str):\n                import json\n    \n                try:\n                    value = json.loads(value_json)\n                    if len(value) == 1:\n                        value = value[\"value\"]\n                    status = value.get(\"error\", None)\n                    if not status:\n                        status = value.get(\"status\", ErrorCode.UNKNOWN_ERROR)\n                        message = value.get(\"value\") or value.get(\"message\")\n                        if not isinstance(message, str):\n                            value = message\n                            message = message.get(\"message\")\n                    else:\n                        message = value.get(\"message\", None)\n                except ValueError:\n                    pass\n    \n        exception_class: Type[WebDriverException]\n        e = ErrorCode()\n        error_codes = [item for item in dir(e) if not item.startswith(\"__\")]\n        for error_code in error_codes:\n            error_info = getattr(ErrorCode, error_code)\n            if isinstance(error_info, list) and status in error_info:\n                exception_class = getattr(ExceptionMapping, error_code, WebDriverException)\n                break\n        else:\n            exception_class = WebDriverException\n    \n        if not value:\n            value = response[\"value\"]\n        if isinstance(value, str):\n            raise exception_class(value)\n        if message == \"\" and \"message\" in value:\n            message = value[\"message\"]\n    \n        screen = None  # type: ignore[assignment]\n        if \"screen\" in value:\n            screen = value[\"screen\"]\n    \n        stacktrace = None\n        st_value = value.get(\"stackTrace\") or value.get(\"stacktrace\")\n        if st_value:\n            if isinstance(st_value, str):\n                stacktrace = st_value.split(\"\\n\")\n            else:\n                stacktrace = []\n                try:\n                    for frame in st_value:\n                        line = frame.get(\"lineNumber\", \"\")\n                        file = frame.get(\"fileName\", \"<anonymous>\")\n                        if line:\n                            file = f\"{file}:{line}\"\n                        meth = frame.get(\"methodName\", \"<anonymous>\")\n                        if \"className\" in frame:\n                            meth = f\"{frame['className']}.{meth}\"\n                        msg = \"    at %s (%s)\"\n                        msg = msg % (meth, file)\n                        stacktrace.append(msg)\n                except TypeError:\n                    pass\n        if exception_class == UnexpectedAlertPresentException:\n            alert_text = None\n            if \"data\" in value:\n                alert_text = value[\"data\"].get(\"text\")\n            elif \"alert\" in value:\n                alert_text = value[\"alert\"].get(\"text\")\n            raise exception_class(message, screen, stacktrace, alert_text)  # type: ignore[call-arg]  # mypy is not smart enough here\n>       raise exception_class(message, screen, stacktrace)\nE       selenium.common.exceptions.SessionNotCreatedException: Message: Could not start a new session. New session request timed out \nE       Host info: host: 'selenium', ip: '172.18.0.2'\nE       Build info: version: '4.25.0', revision: '030fcf7918'\nE       System info: os.name: 'Linux', os.arch: 'amd64', os.version: '6.8.0-1014-azure', java.version: '17.0.12'\nE       Driver info: driver.version: unknown\nE       Stacktrace:\nE           at org.openqa.selenium.grid.sessionqueue.local.LocalNewSessionQueue.addToQueue (LocalNewSessionQueue.java:221)\nE           at org.openqa.selenium.grid.sessionqueue.NewSessionQueue.lambda$new$0 (NewSessionQueue.java:68)\nE           at org.openqa.selenium.remote.http.Route$TemplatizedRoute.handle (Route.java:192)\nE           at org.openqa.selenium.remote.http.Route.execute (Route.java:69)\nE           at org.openqa.selenium.remote.http.Route$CombinedRoute.handle (Route.java:360)\nE           at org.openqa.selenium.remote.http.Route.execute (Route.java:69)\nE           at org.openqa.selenium.grid.sessionqueue.NewSessionQueue.execute (NewSessionQueue.java:128)\nE           at org.openqa.selenium.remote.tracing.SpanWrappedHttpHandler.execute (SpanWrappedHttpHandler.java:87)\nE           at org.openqa.selenium.remote.http.Filter$1.execute (Filter.java:63)\nE           at org.openqa.selenium.remote.http.Route$CombinedRoute.handle (Route.java:360)\nE           at org.openqa.selenium.remote.http.Route.execute (Route.java:69)\nE           at org.openqa.selenium.grid.router.Router.execute (Router.java:87)\nE           at org.openqa.selenium.grid.web.EnsureSpecCompliantResponseHeaders.lambda$apply$0 (EnsureSpecCompliantResponseHeaders.java:34)\nE           at org.openqa.selenium.remote.http.Filter$1.execute (Filter.java:63)\nE           at org.openqa.selenium.remote.http.Route$CombinedRoute.handle (Route.java:360)\nE           at org.openqa.selenium.remote.http.Route.execute (Route.java:69)\nE           at org.openqa.selenium.remote.AddWebDriverSpecHeaders.lambda$apply$0 (AddWebDriverSpecHeaders.java:35)\nE           at org.openqa.selenium.remote.ErrorFilter.lambda$apply$0 (ErrorFilter.java:44)\nE           at org.openqa.selenium.remote.http.Filter$1.execute (Filter.java:63)\nE           at org.openqa.selenium.remote.ErrorFilter.lambda$apply$0 (ErrorFilter.java:44)\nE           at org.openqa.selenium.remote.http.Filter$1.execute (Filter.java:63)\nE           at org.openqa.selenium.netty.server.SeleniumHandler.lambda$channelRead0$0 (SeleniumHandler.java:44)\nE           at java.util.concurrent.Executors$RunnableAdapter.call (Executors.java:539)\nE           at java.util.concurrent.FutureTask.run (FutureTask.java:264)\nE           at java.util.concurrent.ThreadPoolExecutor.runWorker (ThreadPoolExecutor.java:1136)\nE           at java.util.concurrent.ThreadPoolExecutor$Worker.run (ThreadPoolExecutor.java:635)\nE           at java.lang.Thread.run (Thread.java:840)\n\n../../../.cache/pypoetry/virtualenvs/uk-bin-collection-EwS6Gn8s-py3.11/lib/python3.11/site-packages/selenium/webdriver/remote/errorhandler.py:229: SessionNotCreatedException","steps":[{"name":"Given the council","time":{"start":1728332248621,"stop":1728332248622,"duration":1},"status":"passed","steps":[],"attachments":[],"parameters":[],"shouldDisplayMessage":false,"stepsCount":0,"attachmentsCount":0,"hasContent":false,"attachmentStep":false},{"name":"When we scrape the data from the council","time":{"start":1728332248622,"stop":1728332548638,"duration":300016},"status":"failed","statusMessage":"Message: Could not start a new session. New session request timed out \nHost info: host: 'selenium', ip: '172.18.0.2'\nBuild info: version: '4.25.0', revision: '030fcf7918'\nSystem info: os.name: 'Linux', os.arch: 'amd64', os.version: '6.8.0-1014-azure', java.version: '17.0.12'\nDriver info: driver.version: unknown\nStacktrace:\n    at org.openqa.selenium.grid.sessionqueue.local.LocalNewSessionQueue.addToQueue (LocalNewSessionQueue.java:221)\n    at org.openqa.selenium.grid.sessionqueue.NewSessionQueue.lambda$new$0 (NewSessionQueue.java:68)\n    at org.openqa.selenium.remote.http.Route$TemplatizedRoute.handle (Route.java:192)\n    at org.openqa.selenium.remote.http.Route.execute (Route.java:69)\n    at org.openqa.selenium.remote.http.Route$CombinedRoute.handle (Route.java:360)\n    at org.openqa.selenium.remote.http.Route.execute (Route.java:69)\n    at org.openqa.selenium.grid.sessionqueue.NewSessionQueue.execute (NewSessionQueue.java:128)\n    at org.openqa.selenium.remote.tracing.SpanWrappedHttpHandler.execute (SpanWrappedHttpHandler.java:87)\n    at org.openqa.selenium.remote.http.Filter$1.execute (Filter.java:63)\n    at org.openqa.selenium.remote.http.Route$CombinedRoute.handle (Route.java:360)\n    at org.openqa.selenium.remote.http.Route.execute (Route.java:69)\n    at org.openqa.selenium.grid.router.Router.execute (Router.java:87)\n    at org.openqa.selenium.grid.web.EnsureSpecCompliantResponseHeaders.lambda$apply$0 (EnsureSpecCompliantResponseHeaders.java:34)\n    at org.openqa.selenium.remote.http.Filter$1.execute (Filter.java:63)\n    at org.openqa.selenium.remote.http.Route$CombinedRoute.handle (Route.java:360)\n    at org.openqa.selenium.remote.http.Route.execute (Route.java:69)\n    at org.openqa.selenium.remote.AddWebDriverSpecHeaders.lambda$apply$0 (AddWebDriverSpecHeaders.java:35)\n    at org.openqa.selenium.remote.ErrorFilter.lambda$apply$0 (ErrorFilter.java:44)\n    at org.openqa.selenium.remote.http.Filter$1.execute (Filter.java:63)\n    at org.openqa.selenium.remote.ErrorFilter.lambda$apply$0 (ErrorFilter.java:44)\n    at org.openqa.selenium.remote.http.Filter$1.execute (Filter.java:63)\n    at org.openqa.selenium.netty.server.SeleniumHandler.lambda$channelRead0$0 (SeleniumHandler.java:44)\n    at java.util.concurrent.Executors$RunnableAdapter.call (Executors.java:539)\n    at java.util.concurrent.FutureTask.run (FutureTask.java:264)\n    at java.util.concurrent.ThreadPoolExecutor.runWorker (ThreadPoolExecutor.java:1136)\n    at java.util.concurrent.ThreadPoolExecutor$Worker.run (ThreadPoolExecutor.java:635)\n    at java.lang.Thread.run (Thread.java:840)","statusTrace":"selenium.common.exceptions.SessionNotCreatedException: Message: Could not start a new session. New session request timed out \nHost info: host: 'selenium', ip: '172.18.0.2'\nBuild info: version: '4.25.0', revision: '030fcf7918'\nSystem info: os.name: 'Linux', os.arch: 'amd64', os.version: '6.8.0-1014-azure', java.version: '17.0.12'\nDriver info: driver.version: unknown\nStacktrace:\n    at org.openqa.selenium.grid.sessionqueue.local.LocalNewSessionQueue.addToQueue (LocalNewSessionQueue.java:221)\n    at org.openqa.selenium.grid.sessionqueue.NewSessionQueue.lambda$new$0 (NewSessionQueue.java:68)\n    at org.openqa.selenium.remote.http.Route$TemplatizedRoute.handle (Route.java:192)\n    at org.openqa.selenium.remote.http.Route.execute (Route.java:69)\n    at org.openqa.selenium.remote.http.Route$CombinedRoute.handle (Route.java:360)\n    at org.openqa.selenium.remote.http.Route.execute (Route.java:69)\n    at org.openqa.selenium.grid.sessionqueue.NewSessionQueue.execute (NewSessionQueue.java:128)\n    at org.openqa.selenium.remote.tracing.SpanWrappedHttpHandler.execute (SpanWrappedHttpHandler.java:87)\n    at org.openqa.selenium.remote.http.Filter$1.execute (Filter.java:63)\n    at org.openqa.selenium.remote.http.Route$CombinedRoute.handle (Route.java:360)\n    at org.openqa.selenium.remote.http.Route.execute (Route.java:69)\n    at org.openqa.selenium.grid.router.Router.execute (Router.java:87)\n    at org.openqa.selenium.grid.web.EnsureSpecCompliantResponseHeaders.lambda$apply$0 (EnsureSpecCompliantResponseHeaders.java:34)\n    at org.openqa.selenium.remote.http.Filter$1.execute (Filter.java:63)\n    at org.openqa.selenium.remote.http.Route$CombinedRoute.handle (Route.java:360)\n    at org.openqa.selenium.remote.http.Route.execute (Route.java:69)\n    at org.openqa.selenium.remote.AddWebDriverSpecHeaders.lambda$apply$0 (AddWebDriverSpecHeaders.java:35)\n    at org.openqa.selenium.remote.ErrorFilter.lambda$apply$0 (ErrorFilter.java:44)\n    at org.openqa.selenium.remote.http.Filter$1.execute (Filter.java:63)\n    at org.openqa.selenium.remote.ErrorFilter.lambda$apply$0 (ErrorFilter.java:44)\n    at org.openqa.selenium.remote.http.Filter$1.execute (Filter.java:63)\n    at org.openqa.selenium.netty.server.SeleniumHandler.lambda$channelRead0$0 (SeleniumHandler.java:44)\n    at java.util.concurrent.Executors$RunnableAdapter.call (Executors.java:539)\n    at java.util.concurrent.FutureTask.run (FutureTask.java:264)\n    at java.util.concurrent.ThreadPoolExecutor.runWorker (ThreadPoolExecutor.java:1136)\n    at java.util.concurrent.ThreadPoolExecutor$Worker.run (ThreadPoolExecutor.java:635)\n    at java.lang.Thread.run (Thread.java:840)\n","steps":[],"attachments":[],"parameters":[],"shouldDisplayMessage":true,"stepsCount":0,"attachmentsCount":0,"hasContent":true,"attachmentStep":false}],"attachments":[{"uid":"11bd3855565c1076","name":"stdout","source":"11bd3855565c1076.txt","type":"text/plain","size":2659}],"parameters":[],"shouldDisplayMessage":true,"stepsCount":2,"attachmentsCount":1,"hasContent":true,"attachmentStep":false},"afterStages":[],"labels":[{"name":"host","value":"fv-az1535-56"},{"name":"thread","value":"2781-MainThread"},{"name":"framework","value":"pytest-bdd"},{"name":"language","value":"cpython3"},{"name":"feature","value":"Test each council output matches expected results"},{"name":"resultFormat","value":"allure2"}],"parameters":[{"name":"council","value":"BuckinghamshireCouncil"}],"links":[],"hidden":false,"retry":false,"extra":{"severity":"normal","retries":[],"categories":[{"name":"Product defects","matchedStatuses":[],"flaky":false}],"history":{"statistic":{"failed":90,"broken":0,"skipped":0,"passed":123,"unknown":0,"total":213},"items":[{"uid":"d0b7ca7137b820bd","reportUrl":"https://robbrad.github.io/UKBinCollectionData/3.11/2165//#testresult/d0b7ca7137b820bd","status":"failed","statusDetails":"selenium.common.exceptions.SessionNotCreatedException: Message: Could not start a new session. New session request timed out \nHost info: host: 'selenium', ip: '172.18.0.2'\nBuild info: version: '4.25.0', revision: '030fcf7918'\nSystem info: os.name: 'Linux', os.arch: 'amd64', os.version: '6.8.0-1014-azure', java.version: '17.0.12'\nDriver info: driver.version: unknown\nStacktrace:\n    at org.openqa.selenium.grid.sessionqueue.local.LocalNewSessionQueue.addToQueue (LocalNewSessionQueue.java:221)\n    at org.openqa.selenium.grid.sessionqueue.NewSessionQueue.lambda$new$0 (NewSessionQueue.java:68)\n    at org.openqa.selenium.remote.http.Route$TemplatizedRoute.handle (Route.java:192)\n    at org.openqa.selenium.remote.http.Route.execute (Route.java:69)\n    at org.openqa.selenium.remote.http.Route$CombinedRoute.handle (Route.java:360)\n    at org.openqa.selenium.remote.http.Route.execute (Route.java:69)\n    at org.openqa.selenium.grid.sessionqueue.NewSessionQueue.execute (NewSessionQueue.java:128)\n    at org.openqa.selenium.remote.tracing.SpanWrappedHttpHandler.execute (SpanWrappedHttpHandler.java:87)\n    at org.openqa.selenium.remote.http.Filter$1.execute (Filter.java:63)\n    at org.openqa.selenium.remote.http.Route$CombinedRoute.handle (Route.java:360)\n    at org.openqa.selenium.remote.http.Route.execute (Route.java:69)\n    at org.openqa.selenium.grid.router.Router.execute (Router.java:87)\n    at org.openqa.selenium.grid.web.EnsureSpecCompliantResponseHeaders.lambda$apply$0 (EnsureSpecCompliantResponseHeaders.java:34)\n    at org.openqa.selenium.remote.http.Filter$1.execute (Filter.java:63)\n    at org.openqa.selenium.remote.http.Route$CombinedRoute.handle (Route.java:360)\n    at org.openqa.selenium.remote.http.Route.execute (Route.java:69)\n    at org.openqa.selenium.remote.AddWebDriverSpecHeaders.lambda$apply$0 (AddWebDriverSpecHeaders.java:35)\n    at org.openqa.selenium.remote.ErrorFilter.lambda$apply$0 (ErrorFilter.java:44)\n    at org.openqa.selenium.remote.http.Filter$1.execute (Filter.java:63)\n    at org.openqa.selenium.remote.ErrorFilter.lambda$apply$0 (ErrorFilter.java:44)\n    at org.openqa.selenium.remote.http.Filter$1.execute (Filter.java:63)\n    at org.openqa.selenium.netty.server.SeleniumHandler.lambda$channelRead0$0 (SeleniumHandler.java:44)\n    at java.util.concurrent.Executors$RunnableAdapter.call (Executors.java:539)\n    at java.util.concurrent.FutureTask.run (FutureTask.java:264)\n    at java.util.concurrent.ThreadPoolExecutor.runWorker (ThreadPoolExecutor.java:1136)\n    at java.util.concurrent.ThreadPoolExecutor$Worker.run (ThreadPoolExecutor.java:635)\n    at java.lang.Thread.run (Thread.java:840)","time":{"start":1728259913099,"stop":1728260213109,"duration":300010}},{"uid":"a6a2d7f4652dba93","reportUrl":"https://robbrad.github.io/UKBinCollectionData/3.11/2164//#testresult/a6a2d7f4652dba93","status":"failed","statusDetails":"selenium.common.exceptions.NoSuchElementException: Message: no such element: Unable to locate element: {\"method\":\"css selector\",\"selector\":\"[id=\"COPYOFECHOCOLLECTIONDATES_ADDRESSSELECTION_ADDRESSSELECTIONPOSTCODE\"]\"}\n  (Session info: chrome=129.0.6668.58); For documentation on this error, please visit: https://www.selenium.dev/documentation/webdriver/troubleshooting/errors#no-such-element-exception\nStacktrace:\n#0 0x5569c732913a <unknown>\n#1 0x5569c700f5e0 <unknown>\n#2 0x5569c705ebe8 <unknown>\n#3 0x5569c705ee81 <unknown>\n#4 0x5569c70a58c4 <unknown>\n#5 0x5569c7083b4d <unknown>\n#6 0x5569c70a2d7d <unknown>\n#7 0x5569c70838c3 <unknown>\n#8 0x5569c70516b3 <unknown>\n#9 0x5569c705268e <unknown>\n#10 0x5569c72f3b3b <unknown>\n#11 0x5569c72f7ac1 <unknown>\n#12 0x5569c72e0335 <unknown>\n#13 0x5569c72f8642 <unknown>\n#14 0x5569c72c549f <unknown>\n#15 0x5569c7318038 <unknown>\n#16 0x5569c7318203 <unknown>\n#17 0x5569c7327f8c <unknown>\n#18 0x7fdd02366a94 <unknown>\n#19 0x7fdd023f3a34 __clone","time":{"start":1728173554552,"stop":1728173815995,"duration":261443}},{"uid":"adb5131be897aa6b","reportUrl":"https://robbrad.github.io/UKBinCollectionData/3.11/2160//#testresult/adb5131be897aa6b","status":"failed","statusDetails":"selenium.common.exceptions.NoSuchElementException: Message: no such element: Unable to locate element: {\"method\":\"css selector\",\"selector\":\"[id=\"COPYOFECHOCOLLECTIONDATES_ADDRESSSELECTION_ADDRESSSELECTIONPOSTCODE\"]\"}\n  (Session info: chrome=129.0.6668.58); For documentation on this error, please visit: https://www.selenium.dev/documentation/webdriver/troubleshooting/errors#no-such-element-exception\nStacktrace:\n#0 0x5651f1ee113a <unknown>\n#1 0x5651f1bc75e0 <unknown>\n#2 0x5651f1c16be8 <unknown>\n#3 0x5651f1c16e81 <unknown>\n#4 0x5651f1c5d8c4 <unknown>\n#5 0x5651f1c3bb4d <unknown>\n#6 0x5651f1c5ad7d <unknown>\n#7 0x5651f1c3b8c3 <unknown>\n#8 0x5651f1c096b3 <unknown>\n#9 0x5651f1c0a68e <unknown>\n#10 0x5651f1eabb3b <unknown>\n#11 0x5651f1eafac1 <unknown>\n#12 0x5651f1e98335 <unknown>\n#13 0x5651f1eb0642 <unknown>\n#14 0x5651f1e7d49f <unknown>\n#15 0x5651f1ed0038 <unknown>\n#16 0x5651f1ed0203 <unknown>\n#17 0x5651f1edff8c <unknown>\n#18 0x7f22ff7a8a94 <unknown>\n#19 0x7f22ff835a34 __clone","time":{"start":1728086779387,"stop":1728086819946,"duration":40559}},{"uid":"64cd65d176c30fb7","reportUrl":"https://robbrad.github.io/UKBinCollectionData/3.11/2152//#testresult/64cd65d176c30fb7","status":"failed","statusDetails":"selenium.common.exceptions.SessionNotCreatedException: Message: Could not start a new session. New session request timed out \nHost info: host: 'selenium', ip: '172.18.0.2'\nBuild info: version: '4.25.0', revision: '030fcf7918'\nSystem info: os.name: 'Linux', os.arch: 'amd64', os.version: '6.8.0-1014-azure', java.version: '17.0.12'\nDriver info: driver.version: unknown\nStacktrace:\n    at org.openqa.selenium.grid.sessionqueue.local.LocalNewSessionQueue.addToQueue (LocalNewSessionQueue.java:221)\n    at org.openqa.selenium.grid.sessionqueue.NewSessionQueue.lambda$new$0 (NewSessionQueue.java:68)\n    at org.openqa.selenium.remote.http.Route$TemplatizedRoute.handle (Route.java:192)\n    at org.openqa.selenium.remote.http.Route.execute (Route.java:69)\n    at org.openqa.selenium.remote.http.Route$CombinedRoute.handle (Route.java:360)\n    at org.openqa.selenium.remote.http.Route.execute (Route.java:69)\n    at org.openqa.selenium.grid.sessionqueue.NewSessionQueue.execute (NewSessionQueue.java:128)\n    at org.openqa.selenium.remote.tracing.SpanWrappedHttpHandler.execute (SpanWrappedHttpHandler.java:87)\n    at org.openqa.selenium.remote.http.Filter$1.execute (Filter.java:63)\n    at org.openqa.selenium.remote.http.Route$CombinedRoute.handle (Route.java:360)\n    at org.openqa.selenium.remote.http.Route.execute (Route.java:69)\n    at org.openqa.selenium.grid.router.Router.execute (Router.java:87)\n    at org.openqa.selenium.grid.web.EnsureSpecCompliantResponseHeaders.lambda$apply$0 (EnsureSpecCompliantResponseHeaders.java:34)\n    at org.openqa.selenium.remote.http.Filter$1.execute (Filter.java:63)\n    at org.openqa.selenium.remote.http.Route$CombinedRoute.handle (Route.java:360)\n    at org.openqa.selenium.remote.http.Route.execute (Route.java:69)\n    at org.openqa.selenium.remote.AddWebDriverSpecHeaders.lambda$apply$0 (AddWebDriverSpecHeaders.java:35)\n    at org.openqa.selenium.remote.ErrorFilter.lambda$apply$0 (ErrorFilter.java:44)\n    at org.openqa.selenium.remote.http.Filter$1.execute (Filter.java:63)\n    at org.openqa.selenium.remote.ErrorFilter.lambda$apply$0 (ErrorFilter.java:44)\n    at org.openqa.selenium.remote.http.Filter$1.execute (Filter.java:63)\n    at org.openqa.selenium.netty.server.SeleniumHandler.lambda$channelRead0$0 (SeleniumHandler.java:44)\n    at java.util.concurrent.Executors$RunnableAdapter.call (Executors.java:539)\n    at java.util.concurrent.FutureTask.run (FutureTask.java:264)\n    at java.util.concurrent.ThreadPoolExecutor.runWorker (ThreadPoolExecutor.java:1136)\n    at java.util.concurrent.ThreadPoolExecutor$Worker.run (ThreadPoolExecutor.java:635)\n    at java.lang.Thread.run (Thread.java:840)","time":{"start":1728000437846,"stop":1728000737857,"duration":300011}},{"uid":"10e9399dc1e186a2","reportUrl":"https://robbrad.github.io/UKBinCollectionData/3.11/2148//#testresult/10e9399dc1e186a2","status":"failed","statusDetails":"selenium.common.exceptions.NoSuchElementException: Message: no such element: Unable to locate element: {\"method\":\"css selector\",\"selector\":\"[id=\"COPYOFECHOCOLLECTIONDATES_ADDRESSSELECTION_ADDRESSSELECTIONPOSTCODE\"]\"}\n  (Session info: chrome=129.0.6668.58); For documentation on this error, please visit: https://www.selenium.dev/documentation/webdriver/troubleshooting/errors#no-such-element-exception\nStacktrace:\n#0 0x55a76229713a <unknown>\n#1 0x55a761f7d5e0 <unknown>\n#2 0x55a761fccbe8 <unknown>\n#3 0x55a761fcce81 <unknown>\n#4 0x55a7620138c4 <unknown>\n#5 0x55a761ff1b4d <unknown>\n#6 0x55a762010d7d <unknown>\n#7 0x55a761ff18c3 <unknown>\n#8 0x55a761fbf6b3 <unknown>\n#9 0x55a761fc068e <unknown>\n#10 0x55a762261b3b <unknown>\n#11 0x55a762265ac1 <unknown>\n#12 0x55a76224e335 <unknown>\n#13 0x55a762266642 <unknown>\n#14 0x55a76223349f <unknown>\n#15 0x55a762286038 <unknown>\n#16 0x55a762286203 <unknown>\n#17 0x55a762295f8c <unknown>\n#18 0x7fa118cb5a94 <unknown>\n#19 0x7fa118d42a34 __clone","time":{"start":1727931990083,"stop":1727932035781,"duration":45698}},{"uid":"a262de6d4bc9c7e1","reportUrl":"https://robbrad.github.io/UKBinCollectionData/3.11/2146//#testresult/a262de6d4bc9c7e1","status":"failed","statusDetails":"selenium.common.exceptions.NoSuchElementException: Message: no such element: Unable to locate element: {\"method\":\"css selector\",\"selector\":\"[id=\"COPYOFECHOCOLLECTIONDATES_ADDRESSSELECTION_ADDRESSSELECTIONPOSTCODE\"]\"}\n  (Session info: chrome=129.0.6668.58); For documentation on this error, please visit: https://www.selenium.dev/documentation/webdriver/troubleshooting/errors#no-such-element-exception\nStacktrace:\n#0 0x5611255e813a <unknown>\n#1 0x5611252ce5e0 <unknown>\n#2 0x56112531dbe8 <unknown>\n#3 0x56112531de81 <unknown>\n#4 0x5611253648c4 <unknown>\n#5 0x561125342b4d <unknown>\n#6 0x561125361d7d <unknown>\n#7 0x5611253428c3 <unknown>\n#8 0x5611253106b3 <unknown>\n#9 0x56112531168e <unknown>\n#10 0x5611255b2b3b <unknown>\n#11 0x5611255b6ac1 <unknown>\n#12 0x56112559f335 <unknown>\n#13 0x5611255b7642 <unknown>\n#14 0x56112558449f <unknown>\n#15 0x5611255d7038 <unknown>\n#16 0x5611255d7203 <unknown>\n#17 0x5611255e6f8c <unknown>\n#18 0x7ff98b7eca94 <unknown>\n#19 0x7ff98b879a34 __clone","time":{"start":1727913712774,"stop":1727913764056,"duration":51282}},{"uid":"fd88c4104a8b5930","reportUrl":"https://robbrad.github.io/UKBinCollectionData/3.11/2139//#testresult/fd88c4104a8b5930","status":"failed","statusDetails":"selenium.common.exceptions.NoSuchElementException: Message: no such element: Unable to locate element: {\"method\":\"css selector\",\"selector\":\"[id=\"COPYOFECHOCOLLECTIONDATES_ADDRESSSELECTION_ADDRESSSELECTIONPOSTCODE\"]\"}\n  (Session info: chrome=129.0.6668.58); For documentation on this error, please visit: https://www.selenium.dev/documentation/webdriver/troubleshooting/errors#no-such-element-exception\nStacktrace:\n#0 0x564a6a94013a <unknown>\n#1 0x564a6a6265e0 <unknown>\n#2 0x564a6a675be8 <unknown>\n#3 0x564a6a675e81 <unknown>\n#4 0x564a6a6bc8c4 <unknown>\n#5 0x564a6a69ab4d <unknown>\n#6 0x564a6a6b9d7d <unknown>\n#7 0x564a6a69a8c3 <unknown>\n#8 0x564a6a6686b3 <unknown>\n#9 0x564a6a66968e <unknown>\n#10 0x564a6a90ab3b <unknown>\n#11 0x564a6a90eac1 <unknown>\n#12 0x564a6a8f7335 <unknown>\n#13 0x564a6a90f642 <unknown>\n#14 0x564a6a8dc49f <unknown>\n#15 0x564a6a92f038 <unknown>\n#16 0x564a6a92f203 <unknown>\n#17 0x564a6a93ef8c <unknown>\n#18 0x7ffa75a3aa94 <unknown>\n#19 0x7ffa75ac7a34 __clone","time":{"start":1727827285882,"stop":1727827354078,"duration":68196}},{"uid":"ff2cff0479d4415e","reportUrl":"https://robbrad.github.io/UKBinCollectionData/3.11/2138//#testresult/ff2cff0479d4415e","status":"failed","statusDetails":"selenium.common.exceptions.NoSuchElementException: Message: no such element: Unable to locate element: {\"method\":\"css selector\",\"selector\":\"[id=\"COPYOFECHOCOLLECTIONDATES_ADDRESSSELECTION_ADDRESSSELECTIONPOSTCODE\"]\"}\n  (Session info: chrome=129.0.6668.58); For documentation on this error, please visit: https://www.selenium.dev/documentation/webdriver/troubleshooting/errors#no-such-element-exception\nStacktrace:\n#0 0x55b5e004713a <unknown>\n#1 0x55b5dfd2d5e0 <unknown>\n#2 0x55b5dfd7cbe8 <unknown>\n#3 0x55b5dfd7ce81 <unknown>\n#4 0x55b5dfdc38c4 <unknown>\n#5 0x55b5dfda1b4d <unknown>\n#6 0x55b5dfdc0d7d <unknown>\n#7 0x55b5dfda18c3 <unknown>\n#8 0x55b5dfd6f6b3 <unknown>\n#9 0x55b5dfd7068e <unknown>\n#10 0x55b5e0011b3b <unknown>\n#11 0x55b5e0015ac1 <unknown>\n#12 0x55b5dfffe335 <unknown>\n#13 0x55b5e0016642 <unknown>\n#14 0x55b5dffe349f <unknown>\n#15 0x55b5e0036038 <unknown>\n#16 0x55b5e0036203 <unknown>\n#17 0x55b5e0045f8c <unknown>\n#18 0x7f76eff06a94 <unknown>\n#19 0x7f76eff93a34 __clone","time":{"start":1727740915502,"stop":1727740968379,"duration":52877}},{"uid":"355bb12763bccab7","reportUrl":"https://robbrad.github.io/UKBinCollectionData/3.11/2137//#testresult/355bb12763bccab7","status":"failed","statusDetails":"selenium.common.exceptions.NoSuchElementException: Message: no such element: Unable to locate element: {\"method\":\"css selector\",\"selector\":\"[id=\"COPYOFECHOCOLLECTIONDATES_ADDRESSSELECTION_ADDRESSSELECTIONPOSTCODE\"]\"}\n  (Session info: chrome=129.0.6668.58); For documentation on this error, please visit: https://www.selenium.dev/documentation/webdriver/troubleshooting/errors#no-such-element-exception\nStacktrace:\n#0 0x55ddb60f613a <unknown>\n#1 0x55ddb5ddc5e0 <unknown>\n#2 0x55ddb5e2bbe8 <unknown>\n#3 0x55ddb5e2be81 <unknown>\n#4 0x55ddb5e728c4 <unknown>\n#5 0x55ddb5e50b4d <unknown>\n#6 0x55ddb5e6fd7d <unknown>\n#7 0x55ddb5e508c3 <unknown>\n#8 0x55ddb5e1e6b3 <unknown>\n#9 0x55ddb5e1f68e <unknown>\n#10 0x55ddb60c0b3b <unknown>\n#11 0x55ddb60c4ac1 <unknown>\n#12 0x55ddb60ad335 <unknown>\n#13 0x55ddb60c5642 <unknown>\n#14 0x55ddb609249f <unknown>\n#15 0x55ddb60e5038 <unknown>\n#16 0x55ddb60e5203 <unknown>\n#17 0x55ddb60f4f8c <unknown>\n#18 0x7fdca6fcfa94 <unknown>\n#19 0x7fdca705ca34 __clone","time":{"start":1727654475626,"stop":1727654538633,"duration":63007}},{"uid":"57991ff36653e1fe","reportUrl":"https://robbrad.github.io/UKBinCollectionData/3.11/2136//#testresult/57991ff36653e1fe","status":"failed","statusDetails":"selenium.common.exceptions.NoSuchElementException: Message: no such element: Unable to locate element: {\"method\":\"css selector\",\"selector\":\"[id=\"COPYOFECHOCOLLECTIONDATES_ADDRESSSELECTION_ADDRESSSELECTIONPOSTCODE\"]\"}\n  (Session info: chrome=129.0.6668.58); For documentation on this error, please visit: https://www.selenium.dev/documentation/webdriver/troubleshooting/errors#no-such-element-exception\nStacktrace:\n#0 0x556c2487113a <unknown>\n#1 0x556c245575e0 <unknown>\n#2 0x556c245a6be8 <unknown>\n#3 0x556c245a6e81 <unknown>\n#4 0x556c245ed8c4 <unknown>\n#5 0x556c245cbb4d <unknown>\n#6 0x556c245ead7d <unknown>\n#7 0x556c245cb8c3 <unknown>\n#8 0x556c245996b3 <unknown>\n#9 0x556c2459a68e <unknown>\n#10 0x556c2483bb3b <unknown>\n#11 0x556c2483fac1 <unknown>\n#12 0x556c24828335 <unknown>\n#13 0x556c24840642 <unknown>\n#14 0x556c2480d49f <unknown>\n#15 0x556c24860038 <unknown>\n#16 0x556c24860203 <unknown>\n#17 0x556c2486ff8c <unknown>\n#18 0x7f8c45471a94 <unknown>\n#19 0x7f8c454fea34 __clone","time":{"start":1727568085016,"stop":1727568150783,"duration":65767}},{"uid":"7e83ab90f25f3834","reportUrl":"https://robbrad.github.io/UKBinCollectionData/3.11/2135//#testresult/7e83ab90f25f3834","status":"failed","statusDetails":"selenium.common.exceptions.NoSuchElementException: Message: no such element: Unable to locate element: {\"method\":\"css selector\",\"selector\":\"[id=\"COPYOFECHOCOLLECTIONDATES_ADDRESSSELECTION_ADDRESSSELECTIONPOSTCODE\"]\"}\n  (Session info: chrome=129.0.6668.58); For documentation on this error, please visit: https://www.selenium.dev/documentation/webdriver/troubleshooting/errors#no-such-element-exception\nStacktrace:\n#0 0x5555a216813a <unknown>\n#1 0x5555a1e4e5e0 <unknown>\n#2 0x5555a1e9dbe8 <unknown>\n#3 0x5555a1e9de81 <unknown>\n#4 0x5555a1ee48c4 <unknown>\n#5 0x5555a1ec2b4d <unknown>\n#6 0x5555a1ee1d7d <unknown>\n#7 0x5555a1ec28c3 <unknown>\n#8 0x5555a1e906b3 <unknown>\n#9 0x5555a1e9168e <unknown>\n#10 0x5555a2132b3b <unknown>\n#11 0x5555a2136ac1 <unknown>\n#12 0x5555a211f335 <unknown>\n#13 0x5555a2137642 <unknown>\n#14 0x5555a210449f <unknown>\n#15 0x5555a2157038 <unknown>\n#16 0x5555a2157203 <unknown>\n#17 0x5555a2166f8c <unknown>\n#18 0x7f7810e1fa94 <unknown>\n#19 0x7f7810eaca34 __clone","time":{"start":1727481687455,"stop":1727481747165,"duration":59710}},{"uid":"864c939b55e6c96","reportUrl":"https://robbrad.github.io/UKBinCollectionData/3.11/2131//#testresult/864c939b55e6c96","status":"failed","statusDetails":"selenium.common.exceptions.NoSuchElementException: Message: no such element: Unable to locate element: {\"method\":\"css selector\",\"selector\":\"[id=\"COPYOFECHOCOLLECTIONDATES_ADDRESSSELECTION_ADDRESSSELECTIONPOSTCODE\"]\"}\n  (Session info: chrome=129.0.6668.58); For documentation on this error, please visit: https://www.selenium.dev/documentation/webdriver/troubleshooting/errors#no-such-element-exception\nStacktrace:\n#0 0x560c7fc8413a <unknown>\n#1 0x560c7f96a5e0 <unknown>\n#2 0x560c7f9b9be8 <unknown>\n#3 0x560c7f9b9e81 <unknown>\n#4 0x560c7fa008c4 <unknown>\n#5 0x560c7f9deb4d <unknown>\n#6 0x560c7f9fdd7d <unknown>\n#7 0x560c7f9de8c3 <unknown>\n#8 0x560c7f9ac6b3 <unknown>\n#9 0x560c7f9ad68e <unknown>\n#10 0x560c7fc4eb3b <unknown>\n#11 0x560c7fc52ac1 <unknown>\n#12 0x560c7fc3b335 <unknown>\n#13 0x560c7fc53642 <unknown>\n#14 0x560c7fc2049f <unknown>\n#15 0x560c7fc73038 <unknown>\n#16 0x560c7fc73203 <unknown>\n#17 0x560c7fc82f8c <unknown>\n#18 0x7f6577ba4a94 <unknown>\n#19 0x7f6577c31a34 __clone","time":{"start":1727421658878,"stop":1727421711159,"duration":52281}},{"uid":"7099116f2693a36d","reportUrl":"https://robbrad.github.io/UKBinCollectionData/3.11/2130//#testresult/7099116f2693a36d","status":"failed","statusDetails":"selenium.common.exceptions.NoSuchElementException: Message: no such element: Unable to locate element: {\"method\":\"css selector\",\"selector\":\"[id=\"COPYOFECHOCOLLECTIONDATES_ADDRESSSELECTION_ADDRESSSELECTIONPOSTCODE\"]\"}\n  (Session info: chrome=129.0.6668.58); For documentation on this error, please visit: https://www.selenium.dev/documentation/webdriver/troubleshooting/errors#no-such-element-exception\nStacktrace:\n#0 0x5589dd15f13a <unknown>\n#1 0x5589dce455e0 <unknown>\n#2 0x5589dce94be8 <unknown>\n#3 0x5589dce94e81 <unknown>\n#4 0x5589dcedb8c4 <unknown>\n#5 0x5589dceb9b4d <unknown>\n#6 0x5589dced8d7d <unknown>\n#7 0x5589dceb98c3 <unknown>\n#8 0x5589dce876b3 <unknown>\n#9 0x5589dce8868e <unknown>\n#10 0x5589dd129b3b <unknown>\n#11 0x5589dd12dac1 <unknown>\n#12 0x5589dd116335 <unknown>\n#13 0x5589dd12e642 <unknown>\n#14 0x5589dd0fb49f <unknown>\n#15 0x5589dd14e038 <unknown>\n#16 0x5589dd14e203 <unknown>\n#17 0x5589dd15df8c <unknown>\n#18 0x7fca1d2cea94 <unknown>\n#19 0x7fca1d35ba34 __clone","time":{"start":1727395332705,"stop":1727395381462,"duration":48757}},{"uid":"2d3264200beb84ec","reportUrl":"https://robbrad.github.io/UKBinCollectionData/3.11/2129//#testresult/2d3264200beb84ec","status":"failed","statusDetails":"selenium.common.exceptions.NoSuchElementException: Message: no such element: Unable to locate element: {\"method\":\"css selector\",\"selector\":\"[id=\"COPYOFECHOCOLLECTIONDATES_ADDRESSSELECTION_ADDRESSSELECTIONPOSTCODE\"]\"}\n  (Session info: chrome=129.0.6668.58); For documentation on this error, please visit: https://www.selenium.dev/documentation/webdriver/troubleshooting/errors#no-such-element-exception\nStacktrace:\n#0 0x563474ded13a <unknown>\n#1 0x563474ad35e0 <unknown>\n#2 0x563474b22be8 <unknown>\n#3 0x563474b22e81 <unknown>\n#4 0x563474b698c4 <unknown>\n#5 0x563474b47b4d <unknown>\n#6 0x563474b66d7d <unknown>\n#7 0x563474b478c3 <unknown>\n#8 0x563474b156b3 <unknown>\n#9 0x563474b1668e <unknown>\n#10 0x563474db7b3b <unknown>\n#11 0x563474dbbac1 <unknown>\n#12 0x563474da4335 <unknown>\n#13 0x563474dbc642 <unknown>\n#14 0x563474d8949f <unknown>\n#15 0x563474ddc038 <unknown>\n#16 0x563474ddc203 <unknown>\n#17 0x563474debf8c <unknown>\n#18 0x7efe6538ca94 <unknown>\n#19 0x7efe65419a34 __clone","time":{"start":1727308914778,"stop":1727308969427,"duration":54649}},{"uid":"555622e41afb36bf","reportUrl":"https://robbrad.github.io/UKBinCollectionData/3.11/2128//#testresult/555622e41afb36bf","status":"failed","statusDetails":"selenium.common.exceptions.NoSuchElementException: Message: no such element: Unable to locate element: {\"method\":\"css selector\",\"selector\":\"[id=\"COPYOFECHOCOLLECTIONDATES_ADDRESSSELECTION_ADDRESSSELECTIONPOSTCODE\"]\"}\n  (Session info: chrome=129.0.6668.58); For documentation on this error, please visit: https://www.selenium.dev/documentation/webdriver/troubleshooting/errors#no-such-element-exception\nStacktrace:\n#0 0x557fa710913a <unknown>\n#1 0x557fa6def5e0 <unknown>\n#2 0x557fa6e3ebe8 <unknown>\n#3 0x557fa6e3ee81 <unknown>\n#4 0x557fa6e858c4 <unknown>\n#5 0x557fa6e63b4d <unknown>\n#6 0x557fa6e82d7d <unknown>\n#7 0x557fa6e638c3 <unknown>\n#8 0x557fa6e316b3 <unknown>\n#9 0x557fa6e3268e <unknown>\n#10 0x557fa70d3b3b <unknown>\n#11 0x557fa70d7ac1 <unknown>\n#12 0x557fa70c0335 <unknown>\n#13 0x557fa70d8642 <unknown>\n#14 0x557fa70a549f <unknown>\n#15 0x557fa70f8038 <unknown>\n#16 0x557fa70f8203 <unknown>\n#17 0x557fa7107f8c <unknown>\n#18 0x7fd28db7ea94 <unknown>\n#19 0x7fd28dc0ba34 __clone","time":{"start":1727222515868,"stop":1727222562329,"duration":46461}},{"uid":"104b0e5b9617e348","reportUrl":"https://robbrad.github.io/UKBinCollectionData/3.11/2127//#testresult/104b0e5b9617e348","status":"failed","statusDetails":"selenium.common.exceptions.NoSuchElementException: Message: no such element: Unable to locate element: {\"method\":\"css selector\",\"selector\":\"[id=\"COPYOFECHOCOLLECTIONDATES_ADDRESSSELECTION_ADDRESSSELECTIONPOSTCODE\"]\"}\n  (Session info: chrome=129.0.6668.58); For documentation on this error, please visit: https://www.selenium.dev/documentation/webdriver/troubleshooting/errors#no-such-element-exception\nStacktrace:\n#0 0x562b5467013a <unknown>\n#1 0x562b543565e0 <unknown>\n#2 0x562b543a5be8 <unknown>\n#3 0x562b543a5e81 <unknown>\n#4 0x562b543ec8c4 <unknown>\n#5 0x562b543cab4d <unknown>\n#6 0x562b543e9d7d <unknown>\n#7 0x562b543ca8c3 <unknown>\n#8 0x562b543986b3 <unknown>\n#9 0x562b5439968e <unknown>\n#10 0x562b5463ab3b <unknown>\n#11 0x562b5463eac1 <unknown>\n#12 0x562b54627335 <unknown>\n#13 0x562b5463f642 <unknown>\n#14 0x562b5460c49f <unknown>\n#15 0x562b5465f038 <unknown>\n#16 0x562b5465f203 <unknown>\n#17 0x562b5466ef8c <unknown>\n#18 0x7f015ce88a94 <unknown>\n#19 0x7f015cf15a34 __clone","time":{"start":1727136093656,"stop":1727136170578,"duration":76922}},{"uid":"6e44f9801a72b147","reportUrl":"https://robbrad.github.io/UKBinCollectionData/3.11/2126//#testresult/6e44f9801a72b147","status":"failed","statusDetails":"selenium.common.exceptions.NoSuchElementException: Message: no such element: Unable to locate element: {\"method\":\"css selector\",\"selector\":\"[id=\"COPYOFECHOCOLLECTIONDATES_ADDRESSSELECTION_ADDRESSSELECTIONPOSTCODE\"]\"}\n  (Session info: chrome=129.0.6668.58); For documentation on this error, please visit: https://www.selenium.dev/documentation/webdriver/troubleshooting/errors#no-such-element-exception\nStacktrace:\n#0 0x55c37cc1d13a <unknown>\n#1 0x55c37c9035e0 <unknown>\n#2 0x55c37c952be8 <unknown>\n#3 0x55c37c952e81 <unknown>\n#4 0x55c37c9998c4 <unknown>\n#5 0x55c37c977b4d <unknown>\n#6 0x55c37c996d7d <unknown>\n#7 0x55c37c9778c3 <unknown>\n#8 0x55c37c9456b3 <unknown>\n#9 0x55c37c94668e <unknown>\n#10 0x55c37cbe7b3b <unknown>\n#11 0x55c37cbebac1 <unknown>\n#12 0x55c37cbd4335 <unknown>\n#13 0x55c37cbec642 <unknown>\n#14 0x55c37cbb949f <unknown>\n#15 0x55c37cc0c038 <unknown>\n#16 0x55c37cc0c203 <unknown>\n#17 0x55c37cc1bf8c <unknown>\n#18 0x7fb1151b4a94 <unknown>\n#19 0x7fb115241a34 __clone","time":{"start":1727049709140,"stop":1727049755001,"duration":45861}},{"uid":"ef11d54bab00c2a8","reportUrl":"https://robbrad.github.io/UKBinCollectionData/3.11/2125//#testresult/ef11d54bab00c2a8","status":"failed","statusDetails":"selenium.common.exceptions.NoSuchElementException: Message: no such element: Unable to locate element: {\"method\":\"css selector\",\"selector\":\"[id=\"COPYOFECHOCOLLECTIONDATES_ADDRESSSELECTION_ADDRESSSELECTIONPOSTCODE\"]\"}\n  (Session info: chrome=128.0.6613.119); For documentation on this error, please visit: https://www.selenium.dev/documentation/webdriver/troubleshooting/errors#no-such-element-exception\nStacktrace:\n#0 0x5597d7d9586a <unknown>\n#1 0x5597d7a63e50 <unknown>\n#2 0x5597d7ab3644 <unknown>\n#3 0x5597d7ab3931 <unknown>\n#4 0x5597d7af9534 <unknown>\n#5 0x5597d7ad84bd <unknown>\n#6 0x5597d7af69c6 <unknown>\n#7 0x5597d7ad8233 <unknown>\n#8 0x5597d7aa6093 <unknown>\n#9 0x5597d7aa709e <unknown>\n#10 0x5597d7d5cacb <unknown>\n#11 0x5597d7d60a81 <unknown>\n#12 0x5597d7d48695 <unknown>\n#13 0x5597d7d615f2 <unknown>\n#14 0x5597d7d2d86f <unknown>\n#15 0x5597d7d84668 <unknown>\n#16 0x5597d7d84832 <unknown>\n#17 0x5597d7d9465c <unknown>\n#18 0x7fb292109a94 <unknown>\n#19 0x7fb292196a34 __clone","time":{"start":1726963337077,"stop":1726963387460,"duration":50383}},{"uid":"d6a18b752a6ecbf1","reportUrl":"https://robbrad.github.io/UKBinCollectionData/3.11/2124//#testresult/d6a18b752a6ecbf1","status":"failed","statusDetails":"selenium.common.exceptions.NoSuchElementException: Message: no such element: Unable to locate element: {\"method\":\"css selector\",\"selector\":\"[id=\"COPYOFECHOCOLLECTIONDATES_ADDRESSSELECTION_ADDRESSSELECTIONPOSTCODE\"]\"}\n  (Session info: chrome=128.0.6613.119); For documentation on this error, please visit: https://www.selenium.dev/documentation/webdriver/troubleshooting/errors#no-such-element-exception\nStacktrace:\n#0 0x5570857a786a <unknown>\n#1 0x557085475e50 <unknown>\n#2 0x5570854c5644 <unknown>\n#3 0x5570854c5931 <unknown>\n#4 0x55708550b534 <unknown>\n#5 0x5570854ea4bd <unknown>\n#6 0x5570855089c6 <unknown>\n#7 0x5570854ea233 <unknown>\n#8 0x5570854b8093 <unknown>\n#9 0x5570854b909e <unknown>\n#10 0x55708576eacb <unknown>\n#11 0x557085772a81 <unknown>\n#12 0x55708575a695 <unknown>\n#13 0x5570857735f2 <unknown>\n#14 0x55708573f86f <unknown>\n#15 0x557085796668 <unknown>\n#16 0x557085796832 <unknown>\n#17 0x5570857a665c <unknown>\n#18 0x7fb6db52ea94 <unknown>\n#19 0x7fb6db5bba34 __clone","time":{"start":1726876953257,"stop":1726877010456,"duration":57199}},{"uid":"61ad8e18eb100cfe","reportUrl":"https://robbrad.github.io/UKBinCollectionData/3.11/2123//#testresult/61ad8e18eb100cfe","status":"failed","statusDetails":"selenium.common.exceptions.NoSuchElementException: Message: no such element: Unable to locate element: {\"method\":\"css selector\",\"selector\":\"[id=\"COPYOFECHOCOLLECTIONDATES_ADDRESSSELECTION_ADDRESSSELECTIONPOSTCODE\"]\"}\n  (Session info: chrome=128.0.6613.119); For documentation on this error, please visit: https://www.selenium.dev/documentation/webdriver/troubleshooting/errors#no-such-element-exception\nStacktrace:\n#0 0x55cc734ac86a <unknown>\n#1 0x55cc7317ae50 <unknown>\n#2 0x55cc731ca644 <unknown>\n#3 0x55cc731ca931 <unknown>\n#4 0x55cc73210534 <unknown>\n#5 0x55cc731ef4bd <unknown>\n#6 0x55cc7320d9c6 <unknown>\n#7 0x55cc731ef233 <unknown>\n#8 0x55cc731bd093 <unknown>\n#9 0x55cc731be09e <unknown>\n#10 0x55cc73473acb <unknown>\n#11 0x55cc73477a81 <unknown>\n#12 0x55cc7345f695 <unknown>\n#13 0x55cc734785f2 <unknown>\n#14 0x55cc7344486f <unknown>\n#15 0x55cc7349b668 <unknown>\n#16 0x55cc7349b832 <unknown>\n#17 0x55cc734ab65c <unknown>\n#18 0x7f355bee0a94 <unknown>\n#19 0x7f355bf6da34 __clone","time":{"start":1726790560839,"stop":1726790611722,"duration":50883}}]},"tags":[]},"source":"fc334a531b4d30fd.json","parameterValues":["BuckinghamshireCouncil"]}