{"uid":"5d4b699cc4649687","name":"Validate Council Output [RenfrewshireCouncil]","fullName":"features/validate_council_outputs.feature:Validate Council Output","historyId":"21c77c05ec171f4a60a68c21bf3d0b55","time":{"start":1728260830135,"stop":1728260844557,"duration":14422},"status":"failed","statusMessage":"selenium.common.exceptions.ElementClickInterceptedException: Message: element click intercepted: Element is not clickable at point (1142, 1043)\n  (Session info: chrome=129.0.6668.58)\nStacktrace:\n#0 0x55e877b4d13a <unknown>\n#1 0x55e8778335e0 <unknown>\n#2 0x55e877889866 <unknown>\n#3 0x55e87788778d <unknown>\n#4 0x55e877885237 <unknown>\n#5 0x55e877884646 <unknown>\n#6 0x55e877877a98 <unknown>\n#7 0x55e8778a7b22 <unknown>\n#8 0x55e877877478 <unknown>\n#9 0x55e8778a7cee <unknown>\n#10 0x55e8778c6d7d <unknown>\n#11 0x55e8778a78c3 <unknown>\n#12 0x55e8778756b3 <unknown>\n#13 0x55e87787668e <unknown>\n#14 0x55e877b17b3b <unknown>\n#15 0x55e877b1bac1 <unknown>\n#16 0x55e877b04335 <unknown>\n#17 0x55e877b1c642 <unknown>\n#18 0x55e877ae949f <unknown>\n#19 0x55e877b3c038 <unknown>\n#20 0x55e877b3c203 <unknown>\n#21 0x55e877b4bf8c <unknown>\n#22 0x7f18bad09a94 <unknown>\n#23 0x7f18bad96a34 __clone","statusTrace":"fixturefunc = <function scrape_step at 0x7f2ee3b3c360>\nrequest = <FixtureRequest for <Function test_scenario_outline[RenfrewshireCouncil]>>\nkwargs = {'context': <test_validate_council.Context object at 0x7f2ee49d6180>, 'headless_mode': 'True', 'local_browser': 'False', 'selenium_url': 'http://localhost:4444'}\n\n    def call_fixture_func(\n        fixturefunc: _FixtureFunc[FixtureValue], request: FixtureRequest, kwargs\n    ) -> FixtureValue:\n        if is_generator(fixturefunc):\n            fixturefunc = cast(\n                Callable[..., Generator[FixtureValue, None, None]], fixturefunc\n            )\n            generator = fixturefunc(**kwargs)\n            try:\n                fixture_result = next(generator)\n            except StopIteration:\n                raise ValueError(f\"{request.fixturename} did not yield a value\") from None\n            finalizer = functools.partial(_teardown_yield_fixture, fixturefunc, generator)\n            request.addfinalizer(finalizer)\n        else:\n            fixturefunc = cast(Callable[..., FixtureValue], fixturefunc)\n>           fixture_result = fixturefunc(**kwargs)\n\n../../../.cache/pypoetry/virtualenvs/uk-bin-collection-EwS6Gn8s-py3.12/lib/python3.12/site-packages/_pytest/fixtures.py:898: \n_ _ _ _ _ _ _ _ _ _ _ _ _ _ _ _ _ _ _ _ _ _ _ _ _ _ _ _ _ _ _ _ _ _ _ _ _ _ _ _ \nuk_bin_collection/tests/step_defs/test_validate_council.py:100: in scrape_step\n    context.parse_result = CollectData.run()\nuk_bin_collection/uk_bin_collection/collect_data.py:101: in run\n    return self.client_code(\nuk_bin_collection/uk_bin_collection/collect_data.py:121: in client_code\n    return get_bin_data_class.template_method(address_url, **kwargs)\nuk_bin_collection/uk_bin_collection/get_bin_data.py:61: in template_method\n    bin_data_dict = self.get_and_parse_data(this_url, **kwargs)\nuk_bin_collection/uk_bin_collection/get_bin_data.py:84: in get_and_parse_data\n    bin_data_dict = self.parse_data(\"\", url=address_url, **kwargs)\nuk_bin_collection/uk_bin_collection/councils/RenfrewshireCouncil.py:38: in parse_data\n    accept_button.click()\n../../../.cache/pypoetry/virtualenvs/uk-bin-collection-EwS6Gn8s-py3.12/lib/python3.12/site-packages/selenium/webdriver/remote/webelement.py:94: in click\n    self._execute(Command.CLICK_ELEMENT)\n../../../.cache/pypoetry/virtualenvs/uk-bin-collection-EwS6Gn8s-py3.12/lib/python3.12/site-packages/selenium/webdriver/remote/webelement.py:395: in _execute\n    return self._parent.execute(command, params)\n../../../.cache/pypoetry/virtualenvs/uk-bin-collection-EwS6Gn8s-py3.12/lib/python3.12/site-packages/selenium/webdriver/remote/webdriver.py:354: in execute\n    self.error_handler.check_response(response)\n_ _ _ _ _ _ _ _ _ _ _ _ _ _ _ _ _ _ _ _ _ _ _ _ _ _ _ _ _ _ _ _ _ _ _ _ _ _ _ _ \n\nself = <selenium.webdriver.remote.errorhandler.ErrorHandler object at 0x7f2ee2dd2450>\nresponse = {'status': 400, 'value': '{\"value\":{\"error\":\"element click intercepted\",\"message\":\"element click intercepted: Element ...unknown>\\\\n#21 0x55e877b4bf8c \\\\u003Cunknown>\\\\n#22 0x7f18bad09a94 \\\\u003Cunknown>\\\\n#23 0x7f18bad96a34 __clone\\\\n\"}}'}\n\n    def check_response(self, response: Dict[str, Any]) -> None:\n        \"\"\"Checks that a JSON response from the WebDriver does not have an\n        error.\n    \n        :Args:\n         - response - The JSON response from the WebDriver server as a dictionary\n           object.\n    \n        :Raises: If the response contains an error message.\n        \"\"\"\n        status = response.get(\"status\", None)\n        if not status or status == ErrorCode.SUCCESS:\n            return\n        value = None\n        message = response.get(\"message\", \"\")\n        screen: str = response.get(\"screen\", \"\")\n        stacktrace = None\n        if isinstance(status, int):\n            value_json = response.get(\"value\", None)\n            if value_json and isinstance(value_json, str):\n                import json\n    \n                try:\n                    value = json.loads(value_json)\n                    if len(value) == 1:\n                        value = value[\"value\"]\n                    status = value.get(\"error\", None)\n                    if not status:\n                        status = value.get(\"status\", ErrorCode.UNKNOWN_ERROR)\n                        message = value.get(\"value\") or value.get(\"message\")\n                        if not isinstance(message, str):\n                            value = message\n                            message = message.get(\"message\")\n                    else:\n                        message = value.get(\"message\", None)\n                except ValueError:\n                    pass\n    \n        exception_class: Type[WebDriverException]\n        e = ErrorCode()\n        error_codes = [item for item in dir(e) if not item.startswith(\"__\")]\n        for error_code in error_codes:\n            error_info = getattr(ErrorCode, error_code)\n            if isinstance(error_info, list) and status in error_info:\n                exception_class = getattr(ExceptionMapping, error_code, WebDriverException)\n                break\n        else:\n            exception_class = WebDriverException\n    \n        if not value:\n            value = response[\"value\"]\n        if isinstance(value, str):\n            raise exception_class(value)\n        if message == \"\" and \"message\" in value:\n            message = value[\"message\"]\n    \n        screen = None  # type: ignore[assignment]\n        if \"screen\" in value:\n            screen = value[\"screen\"]\n    \n        stacktrace = None\n        st_value = value.get(\"stackTrace\") or value.get(\"stacktrace\")\n        if st_value:\n            if isinstance(st_value, str):\n                stacktrace = st_value.split(\"\\n\")\n            else:\n                stacktrace = []\n                try:\n                    for frame in st_value:\n                        line = frame.get(\"lineNumber\", \"\")\n                        file = frame.get(\"fileName\", \"<anonymous>\")\n                        if line:\n                            file = f\"{file}:{line}\"\n                        meth = frame.get(\"methodName\", \"<anonymous>\")\n                        if \"className\" in frame:\n                            meth = f\"{frame['className']}.{meth}\"\n                        msg = \"    at %s (%s)\"\n                        msg = msg % (meth, file)\n                        stacktrace.append(msg)\n                except TypeError:\n                    pass\n        if exception_class == UnexpectedAlertPresentException:\n            alert_text = None\n            if \"data\" in value:\n                alert_text = value[\"data\"].get(\"text\")\n            elif \"alert\" in value:\n                alert_text = value[\"alert\"].get(\"text\")\n            raise exception_class(message, screen, stacktrace, alert_text)  # type: ignore[call-arg]  # mypy is not smart enough here\n>       raise exception_class(message, screen, stacktrace)\nE       selenium.common.exceptions.ElementClickInterceptedException: Message: element click intercepted: Element is not clickable at point (1142, 1043)\nE         (Session info: chrome=129.0.6668.58)\nE       Stacktrace:\nE       #0 0x55e877b4d13a <unknown>\nE       #1 0x55e8778335e0 <unknown>\nE       #2 0x55e877889866 <unknown>\nE       #3 0x55e87788778d <unknown>\nE       #4 0x55e877885237 <unknown>\nE       #5 0x55e877884646 <unknown>\nE       #6 0x55e877877a98 <unknown>\nE       #7 0x55e8778a7b22 <unknown>\nE       #8 0x55e877877478 <unknown>\nE       #9 0x55e8778a7cee <unknown>\nE       #10 0x55e8778c6d7d <unknown>\nE       #11 0x55e8778a78c3 <unknown>\nE       #12 0x55e8778756b3 <unknown>\nE       #13 0x55e87787668e <unknown>\nE       #14 0x55e877b17b3b <unknown>\nE       #15 0x55e877b1bac1 <unknown>\nE       #16 0x55e877b04335 <unknown>\nE       #17 0x55e877b1c642 <unknown>\nE       #18 0x55e877ae949f <unknown>\nE       #19 0x55e877b3c038 <unknown>\nE       #20 0x55e877b3c203 <unknown>\nE       #21 0x55e877b4bf8c <unknown>\nE       #22 0x7f18bad09a94 <unknown>\nE       #23 0x7f18bad96a34 __clone\n\n../../../.cache/pypoetry/virtualenvs/uk-bin-collection-EwS6Gn8s-py3.12/lib/python3.12/site-packages/selenium/webdriver/remote/errorhandler.py:229: ElementClickInterceptedException","flaky":true,"newFailed":true,"newBroken":false,"newPassed":false,"retriesCount":0,"retriesStatusChange":false,"beforeStages":[],"testStage":{"status":"failed","statusMessage":"selenium.common.exceptions.ElementClickInterceptedException: Message: element click intercepted: Element is not clickable at point (1142, 1043)\n  (Session info: chrome=129.0.6668.58)\nStacktrace:\n#0 0x55e877b4d13a <unknown>\n#1 0x55e8778335e0 <unknown>\n#2 0x55e877889866 <unknown>\n#3 0x55e87788778d <unknown>\n#4 0x55e877885237 <unknown>\n#5 0x55e877884646 <unknown>\n#6 0x55e877877a98 <unknown>\n#7 0x55e8778a7b22 <unknown>\n#8 0x55e877877478 <unknown>\n#9 0x55e8778a7cee <unknown>\n#10 0x55e8778c6d7d <unknown>\n#11 0x55e8778a78c3 <unknown>\n#12 0x55e8778756b3 <unknown>\n#13 0x55e87787668e <unknown>\n#14 0x55e877b17b3b <unknown>\n#15 0x55e877b1bac1 <unknown>\n#16 0x55e877b04335 <unknown>\n#17 0x55e877b1c642 <unknown>\n#18 0x55e877ae949f <unknown>\n#19 0x55e877b3c038 <unknown>\n#20 0x55e877b3c203 <unknown>\n#21 0x55e877b4bf8c <unknown>\n#22 0x7f18bad09a94 <unknown>\n#23 0x7f18bad96a34 __clone","statusTrace":"fixturefunc = <function scrape_step at 0x7f2ee3b3c360>\nrequest = <FixtureRequest for <Function test_scenario_outline[RenfrewshireCouncil]>>\nkwargs = {'context': <test_validate_council.Context object at 0x7f2ee49d6180>, 'headless_mode': 'True', 'local_browser': 'False', 'selenium_url': 'http://localhost:4444'}\n\n    def call_fixture_func(\n        fixturefunc: _FixtureFunc[FixtureValue], request: FixtureRequest, kwargs\n    ) -> FixtureValue:\n        if is_generator(fixturefunc):\n            fixturefunc = cast(\n                Callable[..., Generator[FixtureValue, None, None]], fixturefunc\n            )\n            generator = fixturefunc(**kwargs)\n            try:\n                fixture_result = next(generator)\n            except StopIteration:\n                raise ValueError(f\"{request.fixturename} did not yield a value\") from None\n            finalizer = functools.partial(_teardown_yield_fixture, fixturefunc, generator)\n            request.addfinalizer(finalizer)\n        else:\n            fixturefunc = cast(Callable[..., FixtureValue], fixturefunc)\n>           fixture_result = fixturefunc(**kwargs)\n\n../../../.cache/pypoetry/virtualenvs/uk-bin-collection-EwS6Gn8s-py3.12/lib/python3.12/site-packages/_pytest/fixtures.py:898: \n_ _ _ _ _ _ _ _ _ _ _ _ _ _ _ _ _ _ _ _ _ _ _ _ _ _ _ _ _ _ _ _ _ _ _ _ _ _ _ _ \nuk_bin_collection/tests/step_defs/test_validate_council.py:100: in scrape_step\n    context.parse_result = CollectData.run()\nuk_bin_collection/uk_bin_collection/collect_data.py:101: in run\n    return self.client_code(\nuk_bin_collection/uk_bin_collection/collect_data.py:121: in client_code\n    return get_bin_data_class.template_method(address_url, **kwargs)\nuk_bin_collection/uk_bin_collection/get_bin_data.py:61: in template_method\n    bin_data_dict = self.get_and_parse_data(this_url, **kwargs)\nuk_bin_collection/uk_bin_collection/get_bin_data.py:84: in get_and_parse_data\n    bin_data_dict = self.parse_data(\"\", url=address_url, **kwargs)\nuk_bin_collection/uk_bin_collection/councils/RenfrewshireCouncil.py:38: in parse_data\n    accept_button.click()\n../../../.cache/pypoetry/virtualenvs/uk-bin-collection-EwS6Gn8s-py3.12/lib/python3.12/site-packages/selenium/webdriver/remote/webelement.py:94: in click\n    self._execute(Command.CLICK_ELEMENT)\n../../../.cache/pypoetry/virtualenvs/uk-bin-collection-EwS6Gn8s-py3.12/lib/python3.12/site-packages/selenium/webdriver/remote/webelement.py:395: in _execute\n    return self._parent.execute(command, params)\n../../../.cache/pypoetry/virtualenvs/uk-bin-collection-EwS6Gn8s-py3.12/lib/python3.12/site-packages/selenium/webdriver/remote/webdriver.py:354: in execute\n    self.error_handler.check_response(response)\n_ _ _ _ _ _ _ _ _ _ _ _ _ _ _ _ _ _ _ _ _ _ _ _ _ _ _ _ _ _ _ _ _ _ _ _ _ _ _ _ \n\nself = <selenium.webdriver.remote.errorhandler.ErrorHandler object at 0x7f2ee2dd2450>\nresponse = {'status': 400, 'value': '{\"value\":{\"error\":\"element click intercepted\",\"message\":\"element click intercepted: Element ...unknown>\\\\n#21 0x55e877b4bf8c \\\\u003Cunknown>\\\\n#22 0x7f18bad09a94 \\\\u003Cunknown>\\\\n#23 0x7f18bad96a34 __clone\\\\n\"}}'}\n\n    def check_response(self, response: Dict[str, Any]) -> None:\n        \"\"\"Checks that a JSON response from the WebDriver does not have an\n        error.\n    \n        :Args:\n         - response - The JSON response from the WebDriver server as a dictionary\n           object.\n    \n        :Raises: If the response contains an error message.\n        \"\"\"\n        status = response.get(\"status\", None)\n        if not status or status == ErrorCode.SUCCESS:\n            return\n        value = None\n        message = response.get(\"message\", \"\")\n        screen: str = response.get(\"screen\", \"\")\n        stacktrace = None\n        if isinstance(status, int):\n            value_json = response.get(\"value\", None)\n            if value_json and isinstance(value_json, str):\n                import json\n    \n                try:\n                    value = json.loads(value_json)\n                    if len(value) == 1:\n                        value = value[\"value\"]\n                    status = value.get(\"error\", None)\n                    if not status:\n                        status = value.get(\"status\", ErrorCode.UNKNOWN_ERROR)\n                        message = value.get(\"value\") or value.get(\"message\")\n                        if not isinstance(message, str):\n                            value = message\n                            message = message.get(\"message\")\n                    else:\n                        message = value.get(\"message\", None)\n                except ValueError:\n                    pass\n    \n        exception_class: Type[WebDriverException]\n        e = ErrorCode()\n        error_codes = [item for item in dir(e) if not item.startswith(\"__\")]\n        for error_code in error_codes:\n            error_info = getattr(ErrorCode, error_code)\n            if isinstance(error_info, list) and status in error_info:\n                exception_class = getattr(ExceptionMapping, error_code, WebDriverException)\n                break\n        else:\n            exception_class = WebDriverException\n    \n        if not value:\n            value = response[\"value\"]\n        if isinstance(value, str):\n            raise exception_class(value)\n        if message == \"\" and \"message\" in value:\n            message = value[\"message\"]\n    \n        screen = None  # type: ignore[assignment]\n        if \"screen\" in value:\n            screen = value[\"screen\"]\n    \n        stacktrace = None\n        st_value = value.get(\"stackTrace\") or value.get(\"stacktrace\")\n        if st_value:\n            if isinstance(st_value, str):\n                stacktrace = st_value.split(\"\\n\")\n            else:\n                stacktrace = []\n                try:\n                    for frame in st_value:\n                        line = frame.get(\"lineNumber\", \"\")\n                        file = frame.get(\"fileName\", \"<anonymous>\")\n                        if line:\n                            file = f\"{file}:{line}\"\n                        meth = frame.get(\"methodName\", \"<anonymous>\")\n                        if \"className\" in frame:\n                            meth = f\"{frame['className']}.{meth}\"\n                        msg = \"    at %s (%s)\"\n                        msg = msg % (meth, file)\n                        stacktrace.append(msg)\n                except TypeError:\n                    pass\n        if exception_class == UnexpectedAlertPresentException:\n            alert_text = None\n            if \"data\" in value:\n                alert_text = value[\"data\"].get(\"text\")\n            elif \"alert\" in value:\n                alert_text = value[\"alert\"].get(\"text\")\n            raise exception_class(message, screen, stacktrace, alert_text)  # type: ignore[call-arg]  # mypy is not smart enough here\n>       raise exception_class(message, screen, stacktrace)\nE       selenium.common.exceptions.ElementClickInterceptedException: Message: element click intercepted: Element is not clickable at point (1142, 1043)\nE         (Session info: chrome=129.0.6668.58)\nE       Stacktrace:\nE       #0 0x55e877b4d13a <unknown>\nE       #1 0x55e8778335e0 <unknown>\nE       #2 0x55e877889866 <unknown>\nE       #3 0x55e87788778d <unknown>\nE       #4 0x55e877885237 <unknown>\nE       #5 0x55e877884646 <unknown>\nE       #6 0x55e877877a98 <unknown>\nE       #7 0x55e8778a7b22 <unknown>\nE       #8 0x55e877877478 <unknown>\nE       #9 0x55e8778a7cee <unknown>\nE       #10 0x55e8778c6d7d <unknown>\nE       #11 0x55e8778a78c3 <unknown>\nE       #12 0x55e8778756b3 <unknown>\nE       #13 0x55e87787668e <unknown>\nE       #14 0x55e877b17b3b <unknown>\nE       #15 0x55e877b1bac1 <unknown>\nE       #16 0x55e877b04335 <unknown>\nE       #17 0x55e877b1c642 <unknown>\nE       #18 0x55e877ae949f <unknown>\nE       #19 0x55e877b3c038 <unknown>\nE       #20 0x55e877b3c203 <unknown>\nE       #21 0x55e877b4bf8c <unknown>\nE       #22 0x7f18bad09a94 <unknown>\nE       #23 0x7f18bad96a34 __clone\n\n../../../.cache/pypoetry/virtualenvs/uk-bin-collection-EwS6Gn8s-py3.12/lib/python3.12/site-packages/selenium/webdriver/remote/errorhandler.py:229: ElementClickInterceptedException","steps":[{"name":"Given the council","time":{"start":1728260830135,"stop":1728260830135,"duration":0},"status":"passed","steps":[],"attachments":[],"parameters":[],"stepsCount":0,"attachmentsCount":0,"hasContent":false,"attachmentStep":false,"shouldDisplayMessage":false},{"name":"When we scrape the data from the council","time":{"start":1728260830135,"stop":1728260844557,"duration":14422},"status":"failed","statusMessage":"Message: element click intercepted: Element is not clickable at point (1142, 1043)\n  (Session info: chrome=129.0.6668.58)\nStacktrace:\n#0 0x55e877b4d13a <unknown>\n#1 0x55e8778335e0 <unknown>\n#2 0x55e877889866 <unknown>\n#3 0x55e87788778d <unknown>\n#4 0x55e877885237 <unknown>\n#5 0x55e877884646 <unknown>\n#6 0x55e877877a98 <unknown>\n#7 0x55e8778a7b22 <unknown>\n#8 0x55e877877478 <unknown>\n#9 0x55e8778a7cee <unknown>\n#10 0x55e8778c6d7d <unknown>\n#11 0x55e8778a78c3 <unknown>\n#12 0x55e8778756b3 <unknown>\n#13 0x55e87787668e <unknown>\n#14 0x55e877b17b3b <unknown>\n#15 0x55e877b1bac1 <unknown>\n#16 0x55e877b04335 <unknown>\n#17 0x55e877b1c642 <unknown>\n#18 0x55e877ae949f <unknown>\n#19 0x55e877b3c038 <unknown>\n#20 0x55e877b3c203 <unknown>\n#21 0x55e877b4bf8c <unknown>\n#22 0x7f18bad09a94 <unknown>\n#23 0x7f18bad96a34 __clone\n","statusTrace":"selenium.common.exceptions.ElementClickInterceptedException: Message: element click intercepted: Element is not clickable at point (1142, 1043)\n  (Session info: chrome=129.0.6668.58)\nStacktrace:\n#0 0x55e877b4d13a <unknown>\n#1 0x55e8778335e0 <unknown>\n#2 0x55e877889866 <unknown>\n#3 0x55e87788778d <unknown>\n#4 0x55e877885237 <unknown>\n#5 0x55e877884646 <unknown>\n#6 0x55e877877a98 <unknown>\n#7 0x55e8778a7b22 <unknown>\n#8 0x55e877877478 <unknown>\n#9 0x55e8778a7cee <unknown>\n#10 0x55e8778c6d7d <unknown>\n#11 0x55e8778a78c3 <unknown>\n#12 0x55e8778756b3 <unknown>\n#13 0x55e87787668e <unknown>\n#14 0x55e877b17b3b <unknown>\n#15 0x55e877b1bac1 <unknown>\n#16 0x55e877b04335 <unknown>\n#17 0x55e877b1c642 <unknown>\n#18 0x55e877ae949f <unknown>\n#19 0x55e877b3c038 <unknown>\n#20 0x55e877b3c203 <unknown>\n#21 0x55e877b4bf8c <unknown>\n#22 0x7f18bad09a94 <unknown>\n#23 0x7f18bad96a34 __clone\n\n","steps":[],"attachments":[],"parameters":[],"stepsCount":0,"attachmentsCount":0,"hasContent":true,"attachmentStep":false,"shouldDisplayMessage":true}],"attachments":[{"uid":"ee585a86545179e3","name":"stdout","source":"ee585a86545179e3.txt","type":"text/plain","size":884}],"parameters":[],"stepsCount":2,"attachmentsCount":1,"hasContent":true,"attachmentStep":false,"shouldDisplayMessage":true},"afterStages":[],"labels":[{"name":"host","value":"fv-az1385-569"},{"name":"thread","value":"2791-MainThread"},{"name":"framework","value":"pytest-bdd"},{"name":"language","value":"cpython3"},{"name":"feature","value":"Test each council output matches expected results"},{"name":"resultFormat","value":"allure2"}],"parameters":[{"name":"council","value":"RenfrewshireCouncil"}],"links":[],"hidden":false,"retry":false,"extra":{"severity":"normal","retries":[],"categories":[{"name":"Product defects","matchedStatuses":[],"flaky":false}],"history":{"statistic":{"failed":58,"broken":0,"skipped":0,"passed":106,"unknown":0,"total":164},"items":[{"uid":"6c5d4682247ed4e0","reportUrl":"https://robbrad.github.io/UKBinCollectionData/3.12/2164//#testresult/6c5d4682247ed4e0","status":"passed","time":{"start":1728174545241,"stop":1728174573523,"duration":28282}},{"uid":"2d47376a937d637a","reportUrl":"https://robbrad.github.io/UKBinCollectionData/3.12/2160//#testresult/2d47376a937d637a","status":"failed","statusDetails":"selenium.common.exceptions.SessionNotCreatedException: Message: Could not start a new session. New session request timed out \nHost info: host: 'selenium', ip: '172.18.0.2'\nBuild info: version: '4.25.0', revision: '030fcf7918'\nSystem info: os.name: 'Linux', os.arch: 'amd64', os.version: '6.8.0-1014-azure', java.version: '17.0.12'\nDriver info: driver.version: unknown\nStacktrace:\n    at org.openqa.selenium.grid.sessionqueue.local.LocalNewSessionQueue.addToQueue (LocalNewSessionQueue.java:221)\n    at org.openqa.selenium.grid.sessionqueue.NewSessionQueue.lambda$new$0 (NewSessionQueue.java:68)\n    at org.openqa.selenium.remote.http.Route$TemplatizedRoute.handle (Route.java:192)\n    at org.openqa.selenium.remote.http.Route.execute (Route.java:69)\n    at org.openqa.selenium.remote.http.Route$CombinedRoute.handle (Route.java:360)\n    at org.openqa.selenium.remote.http.Route.execute (Route.java:69)\n    at org.openqa.selenium.grid.sessionqueue.NewSessionQueue.execute (NewSessionQueue.java:128)\n    at org.openqa.selenium.remote.tracing.SpanWrappedHttpHandler.execute (SpanWrappedHttpHandler.java:87)\n    at org.openqa.selenium.remote.http.Filter$1.execute (Filter.java:63)\n    at org.openqa.selenium.remote.http.Route$CombinedRoute.handle (Route.java:360)\n    at org.openqa.selenium.remote.http.Route.execute (Route.java:69)\n    at org.openqa.selenium.grid.router.Router.execute (Router.java:87)\n    at org.openqa.selenium.grid.web.EnsureSpecCompliantResponseHeaders.lambda$apply$0 (EnsureSpecCompliantResponseHeaders.java:34)\n    at org.openqa.selenium.remote.http.Filter$1.execute (Filter.java:63)\n    at org.openqa.selenium.remote.http.Route$CombinedRoute.handle (Route.java:360)\n    at org.openqa.selenium.remote.http.Route.execute (Route.java:69)\n    at org.openqa.selenium.remote.AddWebDriverSpecHeaders.lambda$apply$0 (AddWebDriverSpecHeaders.java:35)\n    at org.openqa.selenium.remote.ErrorFilter.lambda$apply$0 (ErrorFilter.java:44)\n    at org.openqa.selenium.remote.http.Filter$1.execute (Filter.java:63)\n    at org.openqa.selenium.remote.ErrorFilter.lambda$apply$0 (ErrorFilter.java:44)\n    at org.openqa.selenium.remote.http.Filter$1.execute (Filter.java:63)\n    at org.openqa.selenium.netty.server.SeleniumHandler.lambda$channelRead0$0 (SeleniumHandler.java:44)\n    at java.util.concurrent.Executors$RunnableAdapter.call (Executors.java:539)\n    at java.util.concurrent.FutureTask.run (FutureTask.java:264)\n    at java.util.concurrent.ThreadPoolExecutor.runWorker (ThreadPoolExecutor.java:1136)\n    at java.util.concurrent.ThreadPoolExecutor$Worker.run (ThreadPoolExecutor.java:635)\n    at java.lang.Thread.run (Thread.java:840)","time":{"start":1728087723854,"stop":1728088023902,"duration":300048}},{"uid":"fb575b8d60ee4775","reportUrl":"https://robbrad.github.io/UKBinCollectionData/3.12/2152//#testresult/fb575b8d60ee4775","status":"failed","statusDetails":"selenium.common.exceptions.SessionNotCreatedException: Message: Could not start a new session. New session request timed out \nHost info: host: 'selenium', ip: '172.18.0.2'\nBuild info: version: '4.25.0', revision: '030fcf7918'\nSystem info: os.name: 'Linux', os.arch: 'amd64', os.version: '6.8.0-1014-azure', java.version: '17.0.12'\nDriver info: driver.version: unknown\nStacktrace:\n    at org.openqa.selenium.grid.sessionqueue.local.LocalNewSessionQueue.addToQueue (LocalNewSessionQueue.java:221)\n    at org.openqa.selenium.grid.sessionqueue.NewSessionQueue.lambda$new$0 (NewSessionQueue.java:68)\n    at org.openqa.selenium.remote.http.Route$TemplatizedRoute.handle (Route.java:192)\n    at org.openqa.selenium.remote.http.Route.execute (Route.java:69)\n    at org.openqa.selenium.remote.http.Route$CombinedRoute.handle (Route.java:360)\n    at org.openqa.selenium.remote.http.Route.execute (Route.java:69)\n    at org.openqa.selenium.grid.sessionqueue.NewSessionQueue.execute (NewSessionQueue.java:128)\n    at org.openqa.selenium.remote.tracing.SpanWrappedHttpHandler.execute (SpanWrappedHttpHandler.java:87)\n    at org.openqa.selenium.remote.http.Filter$1.execute (Filter.java:63)\n    at org.openqa.selenium.remote.http.Route$CombinedRoute.handle (Route.java:360)\n    at org.openqa.selenium.remote.http.Route.execute (Route.java:69)\n    at org.openqa.selenium.grid.router.Router.execute (Router.java:87)\n    at org.openqa.selenium.grid.web.EnsureSpecCompliantResponseHeaders.lambda$apply$0 (EnsureSpecCompliantResponseHeaders.java:34)\n    at org.openqa.selenium.remote.http.Filter$1.execute (Filter.java:63)\n    at org.openqa.selenium.remote.http.Route$CombinedRoute.handle (Route.java:360)\n    at org.openqa.selenium.remote.http.Route.execute (Route.java:69)\n    at org.openqa.selenium.remote.AddWebDriverSpecHeaders.lambda$apply$0 (AddWebDriverSpecHeaders.java:35)\n    at org.openqa.selenium.remote.ErrorFilter.lambda$apply$0 (ErrorFilter.java:44)\n    at org.openqa.selenium.remote.http.Filter$1.execute (Filter.java:63)\n    at org.openqa.selenium.remote.ErrorFilter.lambda$apply$0 (ErrorFilter.java:44)\n    at org.openqa.selenium.remote.http.Filter$1.execute (Filter.java:63)\n    at org.openqa.selenium.netty.server.SeleniumHandler.lambda$channelRead0$0 (SeleniumHandler.java:44)\n    at java.util.concurrent.Executors$RunnableAdapter.call (Executors.java:539)\n    at java.util.concurrent.FutureTask.run (FutureTask.java:264)\n    at java.util.concurrent.ThreadPoolExecutor.runWorker (ThreadPoolExecutor.java:1136)\n    at java.util.concurrent.ThreadPoolExecutor$Worker.run (ThreadPoolExecutor.java:635)\n    at java.lang.Thread.run (Thread.java:840)","time":{"start":1728001646093,"stop":1728001946214,"duration":300121}},{"uid":"fcb9298dad8fd634","reportUrl":"https://robbrad.github.io/UKBinCollectionData/3.12/2148//#testresult/fcb9298dad8fd634","status":"failed","statusDetails":"selenium.common.exceptions.SessionNotCreatedException: Message: Could not start a new session. New session request timed out \nHost info: host: 'selenium', ip: '172.18.0.2'\nBuild info: version: '4.25.0', revision: '030fcf7918'\nSystem info: os.name: 'Linux', os.arch: 'amd64', os.version: '6.8.0-1014-azure', java.version: '17.0.12'\nDriver info: driver.version: unknown\nStacktrace:\n    at org.openqa.selenium.grid.sessionqueue.local.LocalNewSessionQueue.addToQueue (LocalNewSessionQueue.java:221)\n    at org.openqa.selenium.grid.sessionqueue.NewSessionQueue.lambda$new$0 (NewSessionQueue.java:68)\n    at org.openqa.selenium.remote.http.Route$TemplatizedRoute.handle (Route.java:192)\n    at org.openqa.selenium.remote.http.Route.execute (Route.java:69)\n    at org.openqa.selenium.remote.http.Route$CombinedRoute.handle (Route.java:360)\n    at org.openqa.selenium.remote.http.Route.execute (Route.java:69)\n    at org.openqa.selenium.grid.sessionqueue.NewSessionQueue.execute (NewSessionQueue.java:128)\n    at org.openqa.selenium.remote.tracing.SpanWrappedHttpHandler.execute (SpanWrappedHttpHandler.java:87)\n    at org.openqa.selenium.remote.http.Filter$1.execute (Filter.java:63)\n    at org.openqa.selenium.remote.http.Route$CombinedRoute.handle (Route.java:360)\n    at org.openqa.selenium.remote.http.Route.execute (Route.java:69)\n    at org.openqa.selenium.grid.router.Router.execute (Router.java:87)\n    at org.openqa.selenium.grid.web.EnsureSpecCompliantResponseHeaders.lambda$apply$0 (EnsureSpecCompliantResponseHeaders.java:34)\n    at org.openqa.selenium.remote.http.Filter$1.execute (Filter.java:63)\n    at org.openqa.selenium.remote.http.Route$CombinedRoute.handle (Route.java:360)\n    at org.openqa.selenium.remote.http.Route.execute (Route.java:69)\n    at org.openqa.selenium.remote.AddWebDriverSpecHeaders.lambda$apply$0 (AddWebDriverSpecHeaders.java:35)\n    at org.openqa.selenium.remote.ErrorFilter.lambda$apply$0 (ErrorFilter.java:44)\n    at org.openqa.selenium.remote.http.Filter$1.execute (Filter.java:63)\n    at org.openqa.selenium.remote.ErrorFilter.lambda$apply$0 (ErrorFilter.java:44)\n    at org.openqa.selenium.remote.http.Filter$1.execute (Filter.java:63)\n    at org.openqa.selenium.netty.server.SeleniumHandler.lambda$channelRead0$0 (SeleniumHandler.java:44)\n    at java.util.concurrent.Executors$RunnableAdapter.call (Executors.java:539)\n    at java.util.concurrent.FutureTask.run (FutureTask.java:264)\n    at java.util.concurrent.ThreadPoolExecutor.runWorker (ThreadPoolExecutor.java:1136)\n    at java.util.concurrent.ThreadPoolExecutor$Worker.run (ThreadPoolExecutor.java:635)\n    at java.lang.Thread.run (Thread.java:840)","time":{"start":1727933281042,"stop":1727933581071,"duration":300029}},{"uid":"7e625435018c3123","reportUrl":"https://robbrad.github.io/UKBinCollectionData/3.12/2146//#testresult/7e625435018c3123","status":"passed","time":{"start":1727915375213,"stop":1727915435472,"duration":60259}},{"uid":"2a2f1d6b86a21a23","reportUrl":"https://robbrad.github.io/UKBinCollectionData/3.12/2139//#testresult/2a2f1d6b86a21a23","status":"passed","time":{"start":1727828916561,"stop":1727828994091,"duration":77530}},{"uid":"46166860f9ba7d81","reportUrl":"https://robbrad.github.io/UKBinCollectionData/3.12/2138//#testresult/46166860f9ba7d81","status":"failed","statusDetails":"selenium.common.exceptions.SessionNotCreatedException: Message: Could not start a new session. New session request timed out \nHost info: host: 'selenium', ip: '172.18.0.2'\nBuild info: version: '4.25.0', revision: '030fcf7918'\nSystem info: os.name: 'Linux', os.arch: 'amd64', os.version: '6.8.0-1014-azure', java.version: '17.0.12'\nDriver info: driver.version: unknown\nStacktrace:\n    at org.openqa.selenium.grid.sessionqueue.local.LocalNewSessionQueue.addToQueue (LocalNewSessionQueue.java:221)\n    at org.openqa.selenium.grid.sessionqueue.NewSessionQueue.lambda$new$0 (NewSessionQueue.java:68)\n    at org.openqa.selenium.remote.http.Route$TemplatizedRoute.handle (Route.java:192)\n    at org.openqa.selenium.remote.http.Route.execute (Route.java:69)\n    at org.openqa.selenium.remote.http.Route$CombinedRoute.handle (Route.java:360)\n    at org.openqa.selenium.remote.http.Route.execute (Route.java:69)\n    at org.openqa.selenium.grid.sessionqueue.NewSessionQueue.execute (NewSessionQueue.java:128)\n    at org.openqa.selenium.remote.tracing.SpanWrappedHttpHandler.execute (SpanWrappedHttpHandler.java:87)\n    at org.openqa.selenium.remote.http.Filter$1.execute (Filter.java:63)\n    at org.openqa.selenium.remote.http.Route$CombinedRoute.handle (Route.java:360)\n    at org.openqa.selenium.remote.http.Route.execute (Route.java:69)\n    at org.openqa.selenium.grid.router.Router.execute (Router.java:87)\n    at org.openqa.selenium.grid.web.EnsureSpecCompliantResponseHeaders.lambda$apply$0 (EnsureSpecCompliantResponseHeaders.java:34)\n    at org.openqa.selenium.remote.http.Filter$1.execute (Filter.java:63)\n    at org.openqa.selenium.remote.http.Route$CombinedRoute.handle (Route.java:360)\n    at org.openqa.selenium.remote.http.Route.execute (Route.java:69)\n    at org.openqa.selenium.remote.AddWebDriverSpecHeaders.lambda$apply$0 (AddWebDriverSpecHeaders.java:35)\n    at org.openqa.selenium.remote.ErrorFilter.lambda$apply$0 (ErrorFilter.java:44)\n    at org.openqa.selenium.remote.http.Filter$1.execute (Filter.java:63)\n    at org.openqa.selenium.remote.ErrorFilter.lambda$apply$0 (ErrorFilter.java:44)\n    at org.openqa.selenium.remote.http.Filter$1.execute (Filter.java:63)\n    at org.openqa.selenium.netty.server.SeleniumHandler.lambda$channelRead0$0 (SeleniumHandler.java:44)\n    at java.util.concurrent.Executors$RunnableAdapter.call (Executors.java:539)\n    at java.util.concurrent.FutureTask.run (FutureTask.java:264)\n    at java.util.concurrent.ThreadPoolExecutor.runWorker (ThreadPoolExecutor.java:1136)\n    at java.util.concurrent.ThreadPoolExecutor$Worker.run (ThreadPoolExecutor.java:635)\n    at java.lang.Thread.run (Thread.java:840)","time":{"start":1727742338322,"stop":1727742638506,"duration":300184}},{"uid":"227d7e58993f5631","reportUrl":"https://robbrad.github.io/UKBinCollectionData/3.12/2137//#testresult/227d7e58993f5631","status":"passed","time":{"start":1727655946174,"stop":1727655980925,"duration":34751}},{"uid":"c7d0cf3e3c328230","reportUrl":"https://robbrad.github.io/UKBinCollectionData/3.12/2136//#testresult/c7d0cf3e3c328230","status":"failed","statusDetails":"selenium.common.exceptions.TimeoutException: Message: \nStacktrace:\n#0 0x55bd4a2cb13a <unknown>\n#1 0x55bd49fb15e0 <unknown>\n#2 0x55bd4a000be8 <unknown>\n#3 0x55bd4a000e81 <unknown>\n#4 0x55bd4a0478c4 <unknown>\n#5 0x55bd4a025b4d <unknown>\n#6 0x55bd4a044d7d <unknown>\n#7 0x55bd4a0258c3 <unknown>\n#8 0x55bd49ff36b3 <unknown>\n#9 0x55bd49ff468e <unknown>\n#10 0x55bd4a295b3b <unknown>\n#11 0x55bd4a299ac1 <unknown>\n#12 0x55bd4a282335 <unknown>\n#13 0x55bd4a29a642 <unknown>\n#14 0x55bd4a26749f <unknown>\n#15 0x55bd4a2ba038 <unknown>\n#16 0x55bd4a2ba203 <unknown>\n#17 0x55bd4a2c9f8c <unknown>\n#18 0x7f3c32d8ba94 <unknown>\n#19 0x7f3c32e18a34 __clone","time":{"start":1727569581829,"stop":1727569608418,"duration":26589}},{"uid":"e5602f89dec04ce3","reportUrl":"https://robbrad.github.io/UKBinCollectionData/3.12/2135//#testresult/e5602f89dec04ce3","status":"failed","statusDetails":"selenium.common.exceptions.SessionNotCreatedException: Message: Could not start a new session. New session request timed out \nHost info: host: 'selenium', ip: '172.18.0.2'\nBuild info: version: '4.25.0', revision: '030fcf7918'\nSystem info: os.name: 'Linux', os.arch: 'amd64', os.version: '6.8.0-1014-azure', java.version: '17.0.12'\nDriver info: driver.version: unknown\nStacktrace:\n    at org.openqa.selenium.grid.sessionqueue.local.LocalNewSessionQueue.addToQueue (LocalNewSessionQueue.java:221)\n    at org.openqa.selenium.grid.sessionqueue.NewSessionQueue.lambda$new$0 (NewSessionQueue.java:68)\n    at org.openqa.selenium.remote.http.Route$TemplatizedRoute.handle (Route.java:192)\n    at org.openqa.selenium.remote.http.Route.execute (Route.java:69)\n    at org.openqa.selenium.remote.http.Route$CombinedRoute.handle (Route.java:360)\n    at org.openqa.selenium.remote.http.Route.execute (Route.java:69)\n    at org.openqa.selenium.grid.sessionqueue.NewSessionQueue.execute (NewSessionQueue.java:128)\n    at org.openqa.selenium.remote.tracing.SpanWrappedHttpHandler.execute (SpanWrappedHttpHandler.java:87)\n    at org.openqa.selenium.remote.http.Filter$1.execute (Filter.java:63)\n    at org.openqa.selenium.remote.http.Route$CombinedRoute.handle (Route.java:360)\n    at org.openqa.selenium.remote.http.Route.execute (Route.java:69)\n    at org.openqa.selenium.grid.router.Router.execute (Router.java:87)\n    at org.openqa.selenium.grid.web.EnsureSpecCompliantResponseHeaders.lambda$apply$0 (EnsureSpecCompliantResponseHeaders.java:34)\n    at org.openqa.selenium.remote.http.Filter$1.execute (Filter.java:63)\n    at org.openqa.selenium.remote.http.Route$CombinedRoute.handle (Route.java:360)\n    at org.openqa.selenium.remote.http.Route.execute (Route.java:69)\n    at org.openqa.selenium.remote.AddWebDriverSpecHeaders.lambda$apply$0 (AddWebDriverSpecHeaders.java:35)\n    at org.openqa.selenium.remote.ErrorFilter.lambda$apply$0 (ErrorFilter.java:44)\n    at org.openqa.selenium.remote.http.Filter$1.execute (Filter.java:63)\n    at org.openqa.selenium.remote.ErrorFilter.lambda$apply$0 (ErrorFilter.java:44)\n    at org.openqa.selenium.remote.http.Filter$1.execute (Filter.java:63)\n    at org.openqa.selenium.netty.server.SeleniumHandler.lambda$channelRead0$0 (SeleniumHandler.java:44)\n    at java.util.concurrent.Executors$RunnableAdapter.call (Executors.java:539)\n    at java.util.concurrent.FutureTask.run (FutureTask.java:264)\n    at java.util.concurrent.ThreadPoolExecutor.runWorker (ThreadPoolExecutor.java:1136)\n    at java.util.concurrent.ThreadPoolExecutor$Worker.run (ThreadPoolExecutor.java:635)\n    at java.lang.Thread.run (Thread.java:840)","time":{"start":1727483222852,"stop":1727483522888,"duration":300036}},{"uid":"1349641407b2dfae","reportUrl":"https://robbrad.github.io/UKBinCollectionData/3.12/2131//#testresult/1349641407b2dfae","status":"failed","statusDetails":"selenium.common.exceptions.SessionNotCreatedException: Message: Could not start a new session. New session request timed out \nHost info: host: 'selenium', ip: '172.18.0.2'\nBuild info: version: '4.25.0', revision: '030fcf7918'\nSystem info: os.name: 'Linux', os.arch: 'amd64', os.version: '6.8.0-1014-azure', java.version: '17.0.12'\nDriver info: driver.version: unknown\nStacktrace:\n    at org.openqa.selenium.grid.sessionqueue.local.LocalNewSessionQueue.addToQueue (LocalNewSessionQueue.java:221)\n    at org.openqa.selenium.grid.sessionqueue.NewSessionQueue.lambda$new$0 (NewSessionQueue.java:68)\n    at org.openqa.selenium.remote.http.Route$TemplatizedRoute.handle (Route.java:192)\n    at org.openqa.selenium.remote.http.Route.execute (Route.java:69)\n    at org.openqa.selenium.remote.http.Route$CombinedRoute.handle (Route.java:360)\n    at org.openqa.selenium.remote.http.Route.execute (Route.java:69)\n    at org.openqa.selenium.grid.sessionqueue.NewSessionQueue.execute (NewSessionQueue.java:128)\n    at org.openqa.selenium.remote.tracing.SpanWrappedHttpHandler.execute (SpanWrappedHttpHandler.java:87)\n    at org.openqa.selenium.remote.http.Filter$1.execute (Filter.java:63)\n    at org.openqa.selenium.remote.http.Route$CombinedRoute.handle (Route.java:360)\n    at org.openqa.selenium.remote.http.Route.execute (Route.java:69)\n    at org.openqa.selenium.grid.router.Router.execute (Router.java:87)\n    at org.openqa.selenium.grid.web.EnsureSpecCompliantResponseHeaders.lambda$apply$0 (EnsureSpecCompliantResponseHeaders.java:34)\n    at org.openqa.selenium.remote.http.Filter$1.execute (Filter.java:63)\n    at org.openqa.selenium.remote.http.Route$CombinedRoute.handle (Route.java:360)\n    at org.openqa.selenium.remote.http.Route.execute (Route.java:69)\n    at org.openqa.selenium.remote.AddWebDriverSpecHeaders.lambda$apply$0 (AddWebDriverSpecHeaders.java:35)\n    at org.openqa.selenium.remote.ErrorFilter.lambda$apply$0 (ErrorFilter.java:44)\n    at org.openqa.selenium.remote.http.Filter$1.execute (Filter.java:63)\n    at org.openqa.selenium.remote.ErrorFilter.lambda$apply$0 (ErrorFilter.java:44)\n    at org.openqa.selenium.remote.http.Filter$1.execute (Filter.java:63)\n    at org.openqa.selenium.netty.server.SeleniumHandler.lambda$channelRead0$0 (SeleniumHandler.java:44)\n    at java.util.concurrent.Executors$RunnableAdapter.call (Executors.java:539)\n    at java.util.concurrent.FutureTask.run (FutureTask.java:264)\n    at java.util.concurrent.ThreadPoolExecutor.runWorker (ThreadPoolExecutor.java:1136)\n    at java.util.concurrent.ThreadPoolExecutor$Worker.run (ThreadPoolExecutor.java:635)\n    at java.lang.Thread.run (Thread.java:840)","time":{"start":1727423028010,"stop":1727423328229,"duration":300219}},{"uid":"e5b0cf4d4fe5a2f6","reportUrl":"https://robbrad.github.io/UKBinCollectionData/3.12/2130//#testresult/e5b0cf4d4fe5a2f6","status":"failed","statusDetails":"selenium.common.exceptions.ElementClickInterceptedException: Message: element click intercepted: Element is not clickable at point (1142, 1043)\n  (Session info: chrome=129.0.6668.58)\nStacktrace:\n#0 0x556b25bb113a <unknown>\n#1 0x556b258975e0 <unknown>\n#2 0x556b258ed866 <unknown>\n#3 0x556b258eb78d <unknown>\n#4 0x556b258e9237 <unknown>\n#5 0x556b258e8646 <unknown>\n#6 0x556b258dba98 <unknown>\n#7 0x556b2590bb22 <unknown>\n#8 0x556b258db478 <unknown>\n#9 0x556b2590bcee <unknown>\n#10 0x556b2592ad7d <unknown>\n#11 0x556b2590b8c3 <unknown>\n#12 0x556b258d96b3 <unknown>\n#13 0x556b258da68e <unknown>\n#14 0x556b25b7bb3b <unknown>\n#15 0x556b25b7fac1 <unknown>\n#16 0x556b25b68335 <unknown>\n#17 0x556b25b80642 <unknown>\n#18 0x556b25b4d49f <unknown>\n#19 0x556b25ba0038 <unknown>\n#20 0x556b25ba0203 <unknown>\n#21 0x556b25baff8c <unknown>\n#22 0x7f3aa6496a94 <unknown>\n#23 0x7f3aa6523a34 __clone","time":{"start":1727396821962,"stop":1727396863257,"duration":41295}},{"uid":"b02a8fea8b68ad07","reportUrl":"https://robbrad.github.io/UKBinCollectionData/3.12/2129//#testresult/b02a8fea8b68ad07","status":"failed","statusDetails":"selenium.common.exceptions.ElementClickInterceptedException: Message: element click intercepted: Element is not clickable at point (1142, 1033)\n  (Session info: chrome=129.0.6668.58)\nStacktrace:\n#0 0x5605a7d2113a <unknown>\n#1 0x5605a7a075e0 <unknown>\n#2 0x5605a7a5d866 <unknown>\n#3 0x5605a7a5b78d <unknown>\n#4 0x5605a7a59237 <unknown>\n#5 0x5605a7a58646 <unknown>\n#6 0x5605a7a4ba98 <unknown>\n#7 0x5605a7a7bb22 <unknown>\n#8 0x5605a7a4b478 <unknown>\n#9 0x5605a7a7bcee <unknown>\n#10 0x5605a7a9ad7d <unknown>\n#11 0x5605a7a7b8c3 <unknown>\n#12 0x5605a7a496b3 <unknown>\n#13 0x5605a7a4a68e <unknown>\n#14 0x5605a7cebb3b <unknown>\n#15 0x5605a7cefac1 <unknown>\n#16 0x5605a7cd8335 <unknown>\n#17 0x5605a7cf0642 <unknown>\n#18 0x5605a7cbd49f <unknown>\n#19 0x5605a7d10038 <unknown>\n#20 0x5605a7d10203 <unknown>\n#21 0x5605a7d1ff8c <unknown>\n#22 0x7f8550b30a94 <unknown>\n#23 0x7f8550bbda34 __clone","time":{"start":1727310709049,"stop":1727310720199,"duration":11150}},{"uid":"5b19d7b2a004691e","reportUrl":"https://robbrad.github.io/UKBinCollectionData/3.12/2128//#testresult/5b19d7b2a004691e","status":"failed","statusDetails":"selenium.common.exceptions.SessionNotCreatedException: Message: Could not start a new session. New session request timed out \nHost info: host: 'selenium', ip: '172.18.0.2'\nBuild info: version: '4.25.0', revision: '030fcf7918'\nSystem info: os.name: 'Linux', os.arch: 'amd64', os.version: '6.8.0-1014-azure', java.version: '17.0.12'\nDriver info: driver.version: unknown\nStacktrace:\n    at org.openqa.selenium.grid.sessionqueue.local.LocalNewSessionQueue.addToQueue (LocalNewSessionQueue.java:221)\n    at org.openqa.selenium.grid.sessionqueue.NewSessionQueue.lambda$new$0 (NewSessionQueue.java:68)\n    at org.openqa.selenium.remote.http.Route$TemplatizedRoute.handle (Route.java:192)\n    at org.openqa.selenium.remote.http.Route.execute (Route.java:69)\n    at org.openqa.selenium.remote.http.Route$CombinedRoute.handle (Route.java:360)\n    at org.openqa.selenium.remote.http.Route.execute (Route.java:69)\n    at org.openqa.selenium.grid.sessionqueue.NewSessionQueue.execute (NewSessionQueue.java:128)\n    at org.openqa.selenium.remote.tracing.SpanWrappedHttpHandler.execute (SpanWrappedHttpHandler.java:87)\n    at org.openqa.selenium.remote.http.Filter$1.execute (Filter.java:63)\n    at org.openqa.selenium.remote.http.Route$CombinedRoute.handle (Route.java:360)\n    at org.openqa.selenium.remote.http.Route.execute (Route.java:69)\n    at org.openqa.selenium.grid.router.Router.execute (Router.java:87)\n    at org.openqa.selenium.grid.web.EnsureSpecCompliantResponseHeaders.lambda$apply$0 (EnsureSpecCompliantResponseHeaders.java:34)\n    at org.openqa.selenium.remote.http.Filter$1.execute (Filter.java:63)\n    at org.openqa.selenium.remote.http.Route$CombinedRoute.handle (Route.java:360)\n    at org.openqa.selenium.remote.http.Route.execute (Route.java:69)\n    at org.openqa.selenium.remote.AddWebDriverSpecHeaders.lambda$apply$0 (AddWebDriverSpecHeaders.java:35)\n    at org.openqa.selenium.remote.ErrorFilter.lambda$apply$0 (ErrorFilter.java:44)\n    at org.openqa.selenium.remote.http.Filter$1.execute (Filter.java:63)\n    at org.openqa.selenium.remote.ErrorFilter.lambda$apply$0 (ErrorFilter.java:44)\n    at org.openqa.selenium.remote.http.Filter$1.execute (Filter.java:63)\n    at org.openqa.selenium.netty.server.SeleniumHandler.lambda$channelRead0$0 (SeleniumHandler.java:44)\n    at java.util.concurrent.Executors$RunnableAdapter.call (Executors.java:539)\n    at java.util.concurrent.FutureTask.run (FutureTask.java:264)\n    at java.util.concurrent.ThreadPoolExecutor.runWorker (ThreadPoolExecutor.java:1136)\n    at java.util.concurrent.ThreadPoolExecutor$Worker.run (ThreadPoolExecutor.java:635)\n    at java.lang.Thread.run (Thread.java:840)","time":{"start":1727223972846,"stop":1727224272897,"duration":300051}},{"uid":"542e9f068e40327e","reportUrl":"https://robbrad.github.io/UKBinCollectionData/3.12/2127//#testresult/542e9f068e40327e","status":"failed","statusDetails":"selenium.common.exceptions.TimeoutException: Message: \nStacktrace:\n#0 0x5648adcad13a <unknown>\n#1 0x5648ad9935e0 <unknown>\n#2 0x5648ad9e2be8 <unknown>\n#3 0x5648ad9e2e81 <unknown>\n#4 0x5648ada298c4 <unknown>\n#5 0x5648ada07b4d <unknown>\n#6 0x5648ada26d7d <unknown>\n#7 0x5648ada078c3 <unknown>\n#8 0x5648ad9d56b3 <unknown>\n#9 0x5648ad9d668e <unknown>\n#10 0x5648adc77b3b <unknown>\n#11 0x5648adc7bac1 <unknown>\n#12 0x5648adc64335 <unknown>\n#13 0x5648adc7c642 <unknown>\n#14 0x5648adc4949f <unknown>\n#15 0x5648adc9c038 <unknown>\n#16 0x5648adc9c203 <unknown>\n#17 0x5648adcabf8c <unknown>\n#18 0x7f2758c02a94 <unknown>\n#19 0x7f2758c8fa34 __clone","time":{"start":1727137611524,"stop":1727137632727,"duration":21203}},{"uid":"39b0db9b45cc5762","reportUrl":"https://robbrad.github.io/UKBinCollectionData/3.12/2126//#testresult/39b0db9b45cc5762","status":"passed","time":{"start":1727051284271,"stop":1727051309963,"duration":25692}},{"uid":"7f3ae22f7f330c53","reportUrl":"https://robbrad.github.io/UKBinCollectionData/3.12/2125//#testresult/7f3ae22f7f330c53","status":"passed","time":{"start":1726965074493,"stop":1726965134185,"duration":59692}},{"uid":"3ee4d7ba116e138a","reportUrl":"https://robbrad.github.io/UKBinCollectionData/3.12/2124//#testresult/3ee4d7ba116e138a","status":"failed","statusDetails":"selenium.common.exceptions.ElementClickInterceptedException: Message: element click intercepted: Element is not clickable at point (1142, 1033)\n  (Session info: chrome=128.0.6613.119)\nStacktrace:\n#0 0x5577b004886a <unknown>\n#1 0x5577afd16e50 <unknown>\n#2 0x5577afd6d346 <unknown>\n#3 0x5577afd6b25d <unknown>\n#4 0x5577afd68cf7 <unknown>\n#5 0x5577afd67b9c <unknown>\n#6 0x5577afd5b4d6 <unknown>\n#7 0x5577afd8b492 <unknown>\n#8 0x5577afd5ae89 <unknown>\n#9 0x5577afd8b65e <unknown>\n#10 0x5577afda99c6 <unknown>\n#11 0x5577afd8b233 <unknown>\n#12 0x5577afd59093 <unknown>\n#13 0x5577afd5a09e <unknown>\n#14 0x5577b000facb <unknown>\n#15 0x5577b0013a81 <unknown>\n#16 0x5577afffb695 <unknown>\n#17 0x5577b00145f2 <unknown>\n#18 0x5577affe086f <unknown>\n#19 0x5577b0037668 <unknown>\n#20 0x5577b0037832 <unknown>\n#21 0x5577b004765c <unknown>\n#22 0x7fa9c26b5a94 <unknown>\n#23 0x7fa9c2742a34 __clone","time":{"start":1726878495845,"stop":1726878515836,"duration":19991}},{"uid":"b6c111192c0db94f","reportUrl":"https://robbrad.github.io/UKBinCollectionData/3.12/2123//#testresult/b6c111192c0db94f","status":"passed","time":{"start":1726792377840,"stop":1726792395937,"duration":18097}},{"uid":"1916f1d951f0580f","reportUrl":"https://robbrad.github.io/UKBinCollectionData/3.12/2122//#testresult/1916f1d951f0580f","status":"passed","time":{"start":1726705841079,"stop":1726705921341,"duration":80262}}]},"tags":[]},"source":"5d4b699cc4649687.json","parameterValues":["RenfrewshireCouncil"]}