{"uid":"98252b297fb41ab0","name":"Validate Council Output [KnowsleyMBCouncil]","fullName":"features/validate_council_outputs.feature:Validate Council Output","historyId":"56740e3e170c4ada5e89fee4a4334687","time":{"start":1728260355828,"stop":1728260462112,"duration":106284},"status":"failed","statusMessage":"selenium.common.exceptions.TimeoutException: Message: \nStacktrace:\n#0 0x56539517313a <unknown>\n#1 0x565394e595e0 <unknown>\n#2 0x565394ea8be8 <unknown>\n#3 0x565394ea8e81 <unknown>\n#4 0x565394eef8c4 <unknown>\n#5 0x565394ecdb4d <unknown>\n#6 0x565394eecd7d <unknown>\n#7 0x565394ecd8c3 <unknown>\n#8 0x565394e9b6b3 <unknown>\n#9 0x565394e9c68e <unknown>\n#10 0x56539513db3b <unknown>\n#11 0x565395141ac1 <unknown>\n#12 0x56539512a335 <unknown>\n#13 0x565395142642 <unknown>\n#14 0x56539510f49f <unknown>\n#15 0x565395162038 <unknown>\n#16 0x565395162203 <unknown>\n#17 0x565395171f8c <unknown>\n#18 0x7fbe7f2e7a94 <unknown>\n#19 0x7fbe7f374a34 __clone","statusTrace":"fixturefunc = <function scrape_step at 0x7ff9a5e27d80>\nrequest = <FixtureRequest for <Function test_scenario_outline[KnowsleyMBCouncil]>>\nkwargs = {'context': <test_validate_council.Context object at 0x7ff9b89c2d50>, 'headless_mode': 'True', 'local_browser': 'False', 'selenium_url': 'http://localhost:4444'}\n\n    def call_fixture_func(\n        fixturefunc: _FixtureFunc[FixtureValue], request: FixtureRequest, kwargs\n    ) -> FixtureValue:\n        if is_generator(fixturefunc):\n            fixturefunc = cast(\n                Callable[..., Generator[FixtureValue, None, None]], fixturefunc\n            )\n            generator = fixturefunc(**kwargs)\n            try:\n                fixture_result = next(generator)\n            except StopIteration:\n                raise ValueError(f\"{request.fixturename} did not yield a value\") from None\n            finalizer = functools.partial(_teardown_yield_fixture, fixturefunc, generator)\n            request.addfinalizer(finalizer)\n        else:\n            fixturefunc = cast(Callable[..., FixtureValue], fixturefunc)\n>           fixture_result = fixturefunc(**kwargs)\n\n../../../.cache/pypoetry/virtualenvs/uk-bin-collection-EwS6Gn8s-py3.12/lib/python3.12/site-packages/_pytest/fixtures.py:898: \n_ _ _ _ _ _ _ _ _ _ _ _ _ _ _ _ _ _ _ _ _ _ _ _ _ _ _ _ _ _ _ _ _ _ _ _ _ _ _ _ \nuk_bin_collection/tests/step_defs/test_validate_council.py:100: in scrape_step\n    context.parse_result = CollectData.run()\nuk_bin_collection/uk_bin_collection/collect_data.py:101: in run\n    return self.client_code(\nuk_bin_collection/uk_bin_collection/collect_data.py:121: in client_code\n    return get_bin_data_class.template_method(address_url, **kwargs)\nuk_bin_collection/uk_bin_collection/get_bin_data.py:61: in template_method\n    bin_data_dict = self.get_and_parse_data(this_url, **kwargs)\nuk_bin_collection/uk_bin_collection/get_bin_data.py:84: in get_and_parse_data\n    bin_data_dict = self.parse_data(\"\", url=address_url, **kwargs)\nuk_bin_collection/uk_bin_collection/councils/KnowsleyMBCouncil.py:40: in parse_data\n    inputElement_postcode = WebDriverWait(driver, 30).until(\n_ _ _ _ _ _ _ _ _ _ _ _ _ _ _ _ _ _ _ _ _ _ _ _ _ _ _ _ _ _ _ _ _ _ _ _ _ _ _ _ \n\nself = <selenium.webdriver.support.wait.WebDriverWait (session=\"5aedf253a1d6c3b3848101c70727d05f\")>\nmethod = <function visibility_of_element_located.<locals>._predicate at 0x7ff9a5b36d40>\nmessage = ''\n\n    def until(self, method: Callable[[D], Union[Literal[False], T]], message: str = \"\") -> T:\n        \"\"\"Calls the method provided with the driver as an argument until the \\\n        return value does not evaluate to ``False``.\n    \n        :param method: callable(WebDriver)\n        :param message: optional message for :exc:`TimeoutException`\n        :returns: the result of the last call to `method`\n        :raises: :exc:`selenium.common.exceptions.TimeoutException` if timeout occurs\n        \"\"\"\n        screen = None\n        stacktrace = None\n    \n        end_time = time.monotonic() + self._timeout\n        while True:\n            try:\n                value = method(self._driver)\n                if value:\n                    return value\n            except self._ignored_exceptions as exc:\n                screen = getattr(exc, \"screen\", None)\n                stacktrace = getattr(exc, \"stacktrace\", None)\n            time.sleep(self._poll)\n            if time.monotonic() > end_time:\n                break\n>       raise TimeoutException(message, screen, stacktrace)\nE       selenium.common.exceptions.TimeoutException: Message: \nE       Stacktrace:\nE       #0 0x56539517313a <unknown>\nE       #1 0x565394e595e0 <unknown>\nE       #2 0x565394ea8be8 <unknown>\nE       #3 0x565394ea8e81 <unknown>\nE       #4 0x565394eef8c4 <unknown>\nE       #5 0x565394ecdb4d <unknown>\nE       #6 0x565394eecd7d <unknown>\nE       #7 0x565394ecd8c3 <unknown>\nE       #8 0x565394e9b6b3 <unknown>\nE       #9 0x565394e9c68e <unknown>\nE       #10 0x56539513db3b <unknown>\nE       #11 0x565395141ac1 <unknown>\nE       #12 0x56539512a335 <unknown>\nE       #13 0x565395142642 <unknown>\nE       #14 0x56539510f49f <unknown>\nE       #15 0x565395162038 <unknown>\nE       #16 0x565395162203 <unknown>\nE       #17 0x565395171f8c <unknown>\nE       #18 0x7fbe7f2e7a94 <unknown>\nE       #19 0x7fbe7f374a34 __clone\n\n../../../.cache/pypoetry/virtualenvs/uk-bin-collection-EwS6Gn8s-py3.12/lib/python3.12/site-packages/selenium/webdriver/support/wait.py:105: TimeoutException","flaky":false,"newFailed":false,"newBroken":false,"newPassed":false,"retriesCount":0,"retriesStatusChange":false,"beforeStages":[],"testStage":{"status":"failed","statusMessage":"selenium.common.exceptions.TimeoutException: Message: \nStacktrace:\n#0 0x56539517313a <unknown>\n#1 0x565394e595e0 <unknown>\n#2 0x565394ea8be8 <unknown>\n#3 0x565394ea8e81 <unknown>\n#4 0x565394eef8c4 <unknown>\n#5 0x565394ecdb4d <unknown>\n#6 0x565394eecd7d <unknown>\n#7 0x565394ecd8c3 <unknown>\n#8 0x565394e9b6b3 <unknown>\n#9 0x565394e9c68e <unknown>\n#10 0x56539513db3b <unknown>\n#11 0x565395141ac1 <unknown>\n#12 0x56539512a335 <unknown>\n#13 0x565395142642 <unknown>\n#14 0x56539510f49f <unknown>\n#15 0x565395162038 <unknown>\n#16 0x565395162203 <unknown>\n#17 0x565395171f8c <unknown>\n#18 0x7fbe7f2e7a94 <unknown>\n#19 0x7fbe7f374a34 __clone","statusTrace":"fixturefunc = <function scrape_step at 0x7ff9a5e27d80>\nrequest = <FixtureRequest for <Function test_scenario_outline[KnowsleyMBCouncil]>>\nkwargs = {'context': <test_validate_council.Context object at 0x7ff9b89c2d50>, 'headless_mode': 'True', 'local_browser': 'False', 'selenium_url': 'http://localhost:4444'}\n\n    def call_fixture_func(\n        fixturefunc: _FixtureFunc[FixtureValue], request: FixtureRequest, kwargs\n    ) -> FixtureValue:\n        if is_generator(fixturefunc):\n            fixturefunc = cast(\n                Callable[..., Generator[FixtureValue, None, None]], fixturefunc\n            )\n            generator = fixturefunc(**kwargs)\n            try:\n                fixture_result = next(generator)\n            except StopIteration:\n                raise ValueError(f\"{request.fixturename} did not yield a value\") from None\n            finalizer = functools.partial(_teardown_yield_fixture, fixturefunc, generator)\n            request.addfinalizer(finalizer)\n        else:\n            fixturefunc = cast(Callable[..., FixtureValue], fixturefunc)\n>           fixture_result = fixturefunc(**kwargs)\n\n../../../.cache/pypoetry/virtualenvs/uk-bin-collection-EwS6Gn8s-py3.12/lib/python3.12/site-packages/_pytest/fixtures.py:898: \n_ _ _ _ _ _ _ _ _ _ _ _ _ _ _ _ _ _ _ _ _ _ _ _ _ _ _ _ _ _ _ _ _ _ _ _ _ _ _ _ \nuk_bin_collection/tests/step_defs/test_validate_council.py:100: in scrape_step\n    context.parse_result = CollectData.run()\nuk_bin_collection/uk_bin_collection/collect_data.py:101: in run\n    return self.client_code(\nuk_bin_collection/uk_bin_collection/collect_data.py:121: in client_code\n    return get_bin_data_class.template_method(address_url, **kwargs)\nuk_bin_collection/uk_bin_collection/get_bin_data.py:61: in template_method\n    bin_data_dict = self.get_and_parse_data(this_url, **kwargs)\nuk_bin_collection/uk_bin_collection/get_bin_data.py:84: in get_and_parse_data\n    bin_data_dict = self.parse_data(\"\", url=address_url, **kwargs)\nuk_bin_collection/uk_bin_collection/councils/KnowsleyMBCouncil.py:40: in parse_data\n    inputElement_postcode = WebDriverWait(driver, 30).until(\n_ _ _ _ _ _ _ _ _ _ _ _ _ _ _ _ _ _ _ _ _ _ _ _ _ _ _ _ _ _ _ _ _ _ _ _ _ _ _ _ \n\nself = <selenium.webdriver.support.wait.WebDriverWait (session=\"5aedf253a1d6c3b3848101c70727d05f\")>\nmethod = <function visibility_of_element_located.<locals>._predicate at 0x7ff9a5b36d40>\nmessage = ''\n\n    def until(self, method: Callable[[D], Union[Literal[False], T]], message: str = \"\") -> T:\n        \"\"\"Calls the method provided with the driver as an argument until the \\\n        return value does not evaluate to ``False``.\n    \n        :param method: callable(WebDriver)\n        :param message: optional message for :exc:`TimeoutException`\n        :returns: the result of the last call to `method`\n        :raises: :exc:`selenium.common.exceptions.TimeoutException` if timeout occurs\n        \"\"\"\n        screen = None\n        stacktrace = None\n    \n        end_time = time.monotonic() + self._timeout\n        while True:\n            try:\n                value = method(self._driver)\n                if value:\n                    return value\n            except self._ignored_exceptions as exc:\n                screen = getattr(exc, \"screen\", None)\n                stacktrace = getattr(exc, \"stacktrace\", None)\n            time.sleep(self._poll)\n            if time.monotonic() > end_time:\n                break\n>       raise TimeoutException(message, screen, stacktrace)\nE       selenium.common.exceptions.TimeoutException: Message: \nE       Stacktrace:\nE       #0 0x56539517313a <unknown>\nE       #1 0x565394e595e0 <unknown>\nE       #2 0x565394ea8be8 <unknown>\nE       #3 0x565394ea8e81 <unknown>\nE       #4 0x565394eef8c4 <unknown>\nE       #5 0x565394ecdb4d <unknown>\nE       #6 0x565394eecd7d <unknown>\nE       #7 0x565394ecd8c3 <unknown>\nE       #8 0x565394e9b6b3 <unknown>\nE       #9 0x565394e9c68e <unknown>\nE       #10 0x56539513db3b <unknown>\nE       #11 0x565395141ac1 <unknown>\nE       #12 0x56539512a335 <unknown>\nE       #13 0x565395142642 <unknown>\nE       #14 0x56539510f49f <unknown>\nE       #15 0x565395162038 <unknown>\nE       #16 0x565395162203 <unknown>\nE       #17 0x565395171f8c <unknown>\nE       #18 0x7fbe7f2e7a94 <unknown>\nE       #19 0x7fbe7f374a34 __clone\n\n../../../.cache/pypoetry/virtualenvs/uk-bin-collection-EwS6Gn8s-py3.12/lib/python3.12/site-packages/selenium/webdriver/support/wait.py:105: TimeoutException","steps":[{"name":"Given the council","time":{"start":1728260355828,"stop":1728260355829,"duration":1},"status":"passed","steps":[],"attachments":[],"parameters":[],"stepsCount":0,"attachmentsCount":0,"hasContent":false,"attachmentStep":false,"shouldDisplayMessage":false},{"name":"When we scrape the data from the council","time":{"start":1728260355829,"stop":1728260462112,"duration":106283},"status":"failed","statusMessage":"Message: \nStacktrace:\n#0 0x56539517313a <unknown>\n#1 0x565394e595e0 <unknown>\n#2 0x565394ea8be8 <unknown>\n#3 0x565394ea8e81 <unknown>\n#4 0x565394eef8c4 <unknown>\n#5 0x565394ecdb4d <unknown>\n#6 0x565394eecd7d <unknown>\n#7 0x565394ecd8c3 <unknown>\n#8 0x565394e9b6b3 <unknown>\n#9 0x565394e9c68e <unknown>\n#10 0x56539513db3b <unknown>\n#11 0x565395141ac1 <unknown>\n#12 0x56539512a335 <unknown>\n#13 0x565395142642 <unknown>\n#14 0x56539510f49f <unknown>\n#15 0x565395162038 <unknown>\n#16 0x565395162203 <unknown>\n#17 0x565395171f8c <unknown>\n#18 0x7fbe7f2e7a94 <unknown>\n#19 0x7fbe7f374a34 __clone\n","statusTrace":"selenium.common.exceptions.TimeoutException: Message: \nStacktrace:\n#0 0x56539517313a <unknown>\n#1 0x565394e595e0 <unknown>\n#2 0x565394ea8be8 <unknown>\n#3 0x565394ea8e81 <unknown>\n#4 0x565394eef8c4 <unknown>\n#5 0x565394ecdb4d <unknown>\n#6 0x565394eecd7d <unknown>\n#7 0x565394ecd8c3 <unknown>\n#8 0x565394e9b6b3 <unknown>\n#9 0x565394e9c68e <unknown>\n#10 0x56539513db3b <unknown>\n#11 0x565395141ac1 <unknown>\n#12 0x56539512a335 <unknown>\n#13 0x565395142642 <unknown>\n#14 0x56539510f49f <unknown>\n#15 0x565395162038 <unknown>\n#16 0x565395162203 <unknown>\n#17 0x565395171f8c <unknown>\n#18 0x7fbe7f2e7a94 <unknown>\n#19 0x7fbe7f374a34 __clone\n\n","steps":[],"attachments":[],"parameters":[],"stepsCount":0,"attachmentsCount":0,"hasContent":true,"attachmentStep":false,"shouldDisplayMessage":true}],"attachments":[{"uid":"d24d2c4fc7e3bf0d","name":"stdout","source":"d24d2c4fc7e3bf0d.txt","type":"text/plain","size":654}],"parameters":[],"stepsCount":2,"attachmentsCount":1,"hasContent":true,"attachmentStep":false,"shouldDisplayMessage":true},"afterStages":[],"labels":[{"name":"host","value":"fv-az1385-569"},{"name":"thread","value":"2797-MainThread"},{"name":"framework","value":"pytest-bdd"},{"name":"language","value":"cpython3"},{"name":"feature","value":"Test each council output matches expected results"},{"name":"resultFormat","value":"allure2"}],"parameters":[{"name":"council","value":"KnowsleyMBCouncil"}],"links":[],"hidden":false,"retry":false,"extra":{"severity":"normal","retries":[],"categories":[{"name":"Product defects","matchedStatuses":[],"flaky":false}],"history":{"statistic":{"failed":164,"broken":0,"skipped":0,"passed":0,"unknown":0,"total":164},"items":[{"uid":"a35e1515336f268","reportUrl":"https://robbrad.github.io/UKBinCollectionData/3.12/2164//#testresult/a35e1515336f268","status":"failed","statusDetails":"selenium.common.exceptions.SessionNotCreatedException: Message: Could not start a new session. New session request timed out \nHost info: host: 'selenium', ip: '172.18.0.2'\nBuild info: version: '4.25.0', revision: '030fcf7918'\nSystem info: os.name: 'Linux', os.arch: 'amd64', os.version: '6.8.0-1014-azure', java.version: '17.0.12'\nDriver info: driver.version: unknown\nStacktrace:\n    at org.openqa.selenium.grid.sessionqueue.local.LocalNewSessionQueue.addToQueue (LocalNewSessionQueue.java:221)\n    at org.openqa.selenium.grid.sessionqueue.NewSessionQueue.lambda$new$0 (NewSessionQueue.java:68)\n    at org.openqa.selenium.remote.http.Route$TemplatizedRoute.handle (Route.java:192)\n    at org.openqa.selenium.remote.http.Route.execute (Route.java:69)\n    at org.openqa.selenium.remote.http.Route$CombinedRoute.handle (Route.java:360)\n    at org.openqa.selenium.remote.http.Route.execute (Route.java:69)\n    at org.openqa.selenium.grid.sessionqueue.NewSessionQueue.execute (NewSessionQueue.java:128)\n    at org.openqa.selenium.remote.tracing.SpanWrappedHttpHandler.execute (SpanWrappedHttpHandler.java:87)\n    at org.openqa.selenium.remote.http.Filter$1.execute (Filter.java:63)\n    at org.openqa.selenium.remote.http.Route$CombinedRoute.handle (Route.java:360)\n    at org.openqa.selenium.remote.http.Route.execute (Route.java:69)\n    at org.openqa.selenium.grid.router.Router.execute (Router.java:87)\n    at org.openqa.selenium.grid.web.EnsureSpecCompliantResponseHeaders.lambda$apply$0 (EnsureSpecCompliantResponseHeaders.java:34)\n    at org.openqa.selenium.remote.http.Filter$1.execute (Filter.java:63)\n    at org.openqa.selenium.remote.http.Route$CombinedRoute.handle (Route.java:360)\n    at org.openqa.selenium.remote.http.Route.execute (Route.java:69)\n    at org.openqa.selenium.remote.AddWebDriverSpecHeaders.lambda$apply$0 (AddWebDriverSpecHeaders.java:35)\n    at org.openqa.selenium.remote.ErrorFilter.lambda$apply$0 (ErrorFilter.java:44)\n    at org.openqa.selenium.remote.http.Filter$1.execute (Filter.java:63)\n    at org.openqa.selenium.remote.ErrorFilter.lambda$apply$0 (ErrorFilter.java:44)\n    at org.openqa.selenium.remote.http.Filter$1.execute (Filter.java:63)\n    at org.openqa.selenium.netty.server.SeleniumHandler.lambda$channelRead0$0 (SeleniumHandler.java:44)\n    at java.util.concurrent.Executors$RunnableAdapter.call (Executors.java:539)\n    at java.util.concurrent.FutureTask.run (FutureTask.java:264)\n    at java.util.concurrent.ThreadPoolExecutor.runWorker (ThreadPoolExecutor.java:1136)\n    at java.util.concurrent.ThreadPoolExecutor$Worker.run (ThreadPoolExecutor.java:635)\n    at java.lang.Thread.run (Thread.java:840)","time":{"start":1728173382536,"stop":1728173682575,"duration":300039}},{"uid":"ee8f1db00df576af","reportUrl":"https://robbrad.github.io/UKBinCollectionData/3.12/2160//#testresult/ee8f1db00df576af","status":"failed","statusDetails":"selenium.common.exceptions.TimeoutException: Message: \nStacktrace:\n#0 0x560b8e59d13a <unknown>\n#1 0x560b8e2835e0 <unknown>\n#2 0x560b8e2d2be8 <unknown>\n#3 0x560b8e2d2e81 <unknown>\n#4 0x560b8e3198c4 <unknown>\n#5 0x560b8e2f7b4d <unknown>\n#6 0x560b8e316d7d <unknown>\n#7 0x560b8e2f78c3 <unknown>\n#8 0x560b8e2c56b3 <unknown>\n#9 0x560b8e2c668e <unknown>\n#10 0x560b8e567b3b <unknown>\n#11 0x560b8e56bac1 <unknown>\n#12 0x560b8e554335 <unknown>\n#13 0x560b8e56c642 <unknown>\n#14 0x560b8e53949f <unknown>\n#15 0x560b8e58c038 <unknown>\n#16 0x560b8e58c203 <unknown>\n#17 0x560b8e59bf8c <unknown>\n#18 0x7f7a34bc4a94 <unknown>\n#19 0x7f7a34c51a34 __clone","time":{"start":1728086861348,"stop":1728087166295,"duration":304947}},{"uid":"ecc5f00bc4131d3c","reportUrl":"https://robbrad.github.io/UKBinCollectionData/3.12/2152//#testresult/ecc5f00bc4131d3c","status":"failed","statusDetails":"selenium.common.exceptions.SessionNotCreatedException: Message: Could not start a new session. New session request timed out \nHost info: host: 'selenium', ip: '172.18.0.2'\nBuild info: version: '4.25.0', revision: '030fcf7918'\nSystem info: os.name: 'Linux', os.arch: 'amd64', os.version: '6.8.0-1014-azure', java.version: '17.0.12'\nDriver info: driver.version: unknown\nStacktrace:\n    at org.openqa.selenium.grid.sessionqueue.local.LocalNewSessionQueue.addToQueue (LocalNewSessionQueue.java:221)\n    at org.openqa.selenium.grid.sessionqueue.NewSessionQueue.lambda$new$0 (NewSessionQueue.java:68)\n    at org.openqa.selenium.remote.http.Route$TemplatizedRoute.handle (Route.java:192)\n    at org.openqa.selenium.remote.http.Route.execute (Route.java:69)\n    at org.openqa.selenium.remote.http.Route$CombinedRoute.handle (Route.java:360)\n    at org.openqa.selenium.remote.http.Route.execute (Route.java:69)\n    at org.openqa.selenium.grid.sessionqueue.NewSessionQueue.execute (NewSessionQueue.java:128)\n    at org.openqa.selenium.remote.tracing.SpanWrappedHttpHandler.execute (SpanWrappedHttpHandler.java:87)\n    at org.openqa.selenium.remote.http.Filter$1.execute (Filter.java:63)\n    at org.openqa.selenium.remote.http.Route$CombinedRoute.handle (Route.java:360)\n    at org.openqa.selenium.remote.http.Route.execute (Route.java:69)\n    at org.openqa.selenium.grid.router.Router.execute (Router.java:87)\n    at org.openqa.selenium.grid.web.EnsureSpecCompliantResponseHeaders.lambda$apply$0 (EnsureSpecCompliantResponseHeaders.java:34)\n    at org.openqa.selenium.remote.http.Filter$1.execute (Filter.java:63)\n    at org.openqa.selenium.remote.http.Route$CombinedRoute.handle (Route.java:360)\n    at org.openqa.selenium.remote.http.Route.execute (Route.java:69)\n    at org.openqa.selenium.remote.AddWebDriverSpecHeaders.lambda$apply$0 (AddWebDriverSpecHeaders.java:35)\n    at org.openqa.selenium.remote.ErrorFilter.lambda$apply$0 (ErrorFilter.java:44)\n    at org.openqa.selenium.remote.http.Filter$1.execute (Filter.java:63)\n    at org.openqa.selenium.remote.ErrorFilter.lambda$apply$0 (ErrorFilter.java:44)\n    at org.openqa.selenium.remote.http.Filter$1.execute (Filter.java:63)\n    at org.openqa.selenium.netty.server.SeleniumHandler.lambda$channelRead0$0 (SeleniumHandler.java:44)\n    at java.util.concurrent.Executors$RunnableAdapter.call (Executors.java:539)\n    at java.util.concurrent.FutureTask.run (FutureTask.java:264)\n    at java.util.concurrent.ThreadPoolExecutor.runWorker (ThreadPoolExecutor.java:1136)\n    at java.util.concurrent.ThreadPoolExecutor$Worker.run (ThreadPoolExecutor.java:635)\n    at java.lang.Thread.run (Thread.java:840)","time":{"start":1728000447085,"stop":1728000747122,"duration":300037}},{"uid":"8266435128aff51c","reportUrl":"https://robbrad.github.io/UKBinCollectionData/3.12/2148//#testresult/8266435128aff51c","status":"failed","statusDetails":"selenium.common.exceptions.TimeoutException: Message: \nStacktrace:\n#0 0x5588e43e013a <unknown>\n#1 0x5588e40c65e0 <unknown>\n#2 0x5588e4115be8 <unknown>\n#3 0x5588e4115e81 <unknown>\n#4 0x5588e415c8c4 <unknown>\n#5 0x5588e413ab4d <unknown>\n#6 0x5588e4159d7d <unknown>\n#7 0x5588e413a8c3 <unknown>\n#8 0x5588e41086b3 <unknown>\n#9 0x5588e410968e <unknown>\n#10 0x5588e43aab3b <unknown>\n#11 0x5588e43aeac1 <unknown>\n#12 0x5588e4397335 <unknown>\n#13 0x5588e43af642 <unknown>\n#14 0x5588e437c49f <unknown>\n#15 0x5588e43cf038 <unknown>\n#16 0x5588e43cf203 <unknown>\n#17 0x5588e43def8c <unknown>\n#18 0x7f1bdaa35a94 <unknown>\n#19 0x7f1bdaac2a34 __clone","time":{"start":1727932779897,"stop":1727932867071,"duration":87174}},{"uid":"8a2252304bd1ee84","reportUrl":"https://robbrad.github.io/UKBinCollectionData/3.12/2146//#testresult/8a2252304bd1ee84","status":"failed","statusDetails":"selenium.common.exceptions.TimeoutException: Message: \nStacktrace:\n#0 0x55f12fb7813a <unknown>\n#1 0x55f12f85e5e0 <unknown>\n#2 0x55f12f8adbe8 <unknown>\n#3 0x55f12f8ade81 <unknown>\n#4 0x55f12f8f48c4 <unknown>\n#5 0x55f12f8d2b4d <unknown>\n#6 0x55f12f8f1d7d <unknown>\n#7 0x55f12f8d28c3 <unknown>\n#8 0x55f12f8a06b3 <unknown>\n#9 0x55f12f8a168e <unknown>\n#10 0x55f12fb42b3b <unknown>\n#11 0x55f12fb46ac1 <unknown>\n#12 0x55f12fb2f335 <unknown>\n#13 0x55f12fb47642 <unknown>\n#14 0x55f12fb1449f <unknown>\n#15 0x55f12fb67038 <unknown>\n#16 0x55f12fb67203 <unknown>\n#17 0x55f12fb76f8c <unknown>\n#18 0x7f1f2ec2da94 <unknown>\n#19 0x7f1f2ecbaa34 __clone","time":{"start":1727914577562,"stop":1727914662707,"duration":85145}},{"uid":"f3ded2f2000a1650","reportUrl":"https://robbrad.github.io/UKBinCollectionData/3.12/2139//#testresult/f3ded2f2000a1650","status":"failed","statusDetails":"selenium.common.exceptions.TimeoutException: Message: \nStacktrace:\n#0 0x55c65b75313a <unknown>\n#1 0x55c65b4395e0 <unknown>\n#2 0x55c65b488be8 <unknown>\n#3 0x55c65b488e81 <unknown>\n#4 0x55c65b4cf8c4 <unknown>\n#5 0x55c65b4adb4d <unknown>\n#6 0x55c65b4ccd7d <unknown>\n#7 0x55c65b4ad8c3 <unknown>\n#8 0x55c65b47b6b3 <unknown>\n#9 0x55c65b47c68e <unknown>\n#10 0x55c65b71db3b <unknown>\n#11 0x55c65b721ac1 <unknown>\n#12 0x55c65b70a335 <unknown>\n#13 0x55c65b722642 <unknown>\n#14 0x55c65b6ef49f <unknown>\n#15 0x55c65b742038 <unknown>\n#16 0x55c65b742203 <unknown>\n#17 0x55c65b751f8c <unknown>\n#18 0x7f7a52647a94 <unknown>\n#19 0x7f7a526d4a34 __clone","time":{"start":1727828126192,"stop":1727828217550,"duration":91358}},{"uid":"102216465d89fcb4","reportUrl":"https://robbrad.github.io/UKBinCollectionData/3.12/2138//#testresult/102216465d89fcb4","status":"failed","statusDetails":"selenium.common.exceptions.TimeoutException: Message: \nStacktrace:\n#0 0x56470497e13a <unknown>\n#1 0x5647046645e0 <unknown>\n#2 0x5647046b3be8 <unknown>\n#3 0x5647046b3e81 <unknown>\n#4 0x5647046fa8c4 <unknown>\n#5 0x5647046d8b4d <unknown>\n#6 0x5647046f7d7d <unknown>\n#7 0x5647046d88c3 <unknown>\n#8 0x5647046a66b3 <unknown>\n#9 0x5647046a768e <unknown>\n#10 0x564704948b3b <unknown>\n#11 0x56470494cac1 <unknown>\n#12 0x564704935335 <unknown>\n#13 0x56470494d642 <unknown>\n#14 0x56470491a49f <unknown>\n#15 0x56470496d038 <unknown>\n#16 0x56470496d203 <unknown>\n#17 0x56470497cf8c <unknown>\n#18 0x7fc665073a94 <unknown>\n#19 0x7fc665100a34 __clone","time":{"start":1727741765382,"stop":1727741852326,"duration":86944}},{"uid":"a3680359ed80ff5e","reportUrl":"https://robbrad.github.io/UKBinCollectionData/3.12/2137//#testresult/a3680359ed80ff5e","status":"failed","statusDetails":"selenium.common.exceptions.TimeoutException: Message: \nStacktrace:\n#0 0x55f3288b413a <unknown>\n#1 0x55f32859a5e0 <unknown>\n#2 0x55f3285e9be8 <unknown>\n#3 0x55f3285e9e81 <unknown>\n#4 0x55f3286308c4 <unknown>\n#5 0x55f32860eb4d <unknown>\n#6 0x55f32862dd7d <unknown>\n#7 0x55f32860e8c3 <unknown>\n#8 0x55f3285dc6b3 <unknown>\n#9 0x55f3285dd68e <unknown>\n#10 0x55f32887eb3b <unknown>\n#11 0x55f328882ac1 <unknown>\n#12 0x55f32886b335 <unknown>\n#13 0x55f328883642 <unknown>\n#14 0x55f32885049f <unknown>\n#15 0x55f3288a3038 <unknown>\n#16 0x55f3288a3203 <unknown>\n#17 0x55f3288b2f8c <unknown>\n#18 0x7f2662bf0a94 <unknown>\n#19 0x7f2662c7da34 __clone","time":{"start":1727655378853,"stop":1727655474763,"duration":95910}},{"uid":"4a6c4c85e5f2ad09","reportUrl":"https://robbrad.github.io/UKBinCollectionData/3.12/2136//#testresult/4a6c4c85e5f2ad09","status":"failed","statusDetails":"selenium.common.exceptions.TimeoutException: Message: \nStacktrace:\n#0 0x563a0ddd213a <unknown>\n#1 0x563a0dab85e0 <unknown>\n#2 0x563a0db07be8 <unknown>\n#3 0x563a0db07e81 <unknown>\n#4 0x563a0db4e8c4 <unknown>\n#5 0x563a0db2cb4d <unknown>\n#6 0x563a0db4bd7d <unknown>\n#7 0x563a0db2c8c3 <unknown>\n#8 0x563a0dafa6b3 <unknown>\n#9 0x563a0dafb68e <unknown>\n#10 0x563a0dd9cb3b <unknown>\n#11 0x563a0dda0ac1 <unknown>\n#12 0x563a0dd89335 <unknown>\n#13 0x563a0dda1642 <unknown>\n#14 0x563a0dd6e49f <unknown>\n#15 0x563a0ddc1038 <unknown>\n#16 0x563a0ddc1203 <unknown>\n#17 0x563a0ddd0f8c <unknown>\n#18 0x7fef24534a94 <unknown>\n#19 0x7fef245c1a34 __clone","time":{"start":1727569002835,"stop":1727569116737,"duration":113902}},{"uid":"9a1c4602ffa692e","reportUrl":"https://robbrad.github.io/UKBinCollectionData/3.12/2135//#testresult/9a1c4602ffa692e","status":"failed","statusDetails":"selenium.common.exceptions.TimeoutException: Message: \nStacktrace:\n#0 0x558ab616b13a <unknown>\n#1 0x558ab5e515e0 <unknown>\n#2 0x558ab5ea0be8 <unknown>\n#3 0x558ab5ea0e81 <unknown>\n#4 0x558ab5ee78c4 <unknown>\n#5 0x558ab5ec5b4d <unknown>\n#6 0x558ab5ee4d7d <unknown>\n#7 0x558ab5ec58c3 <unknown>\n#8 0x558ab5e936b3 <unknown>\n#9 0x558ab5e9468e <unknown>\n#10 0x558ab6135b3b <unknown>\n#11 0x558ab6139ac1 <unknown>\n#12 0x558ab6122335 <unknown>\n#13 0x558ab613a642 <unknown>\n#14 0x558ab610749f <unknown>\n#15 0x558ab615a038 <unknown>\n#16 0x558ab615a203 <unknown>\n#17 0x558ab6169f8c <unknown>\n#18 0x7f7441df1a94 <unknown>\n#19 0x7f7441e7ea34 __clone","time":{"start":1727482587232,"stop":1727482651373,"duration":64141}},{"uid":"7bde054b3514c1df","reportUrl":"https://robbrad.github.io/UKBinCollectionData/3.12/2131//#testresult/7bde054b3514c1df","status":"failed","statusDetails":"selenium.common.exceptions.TimeoutException: Message: \nStacktrace:\n#0 0x55ac15e5c13a <unknown>\n#1 0x55ac15b425e0 <unknown>\n#2 0x55ac15b91be8 <unknown>\n#3 0x55ac15b91e81 <unknown>\n#4 0x55ac15bd88c4 <unknown>\n#5 0x55ac15bb6b4d <unknown>\n#6 0x55ac15bd5d7d <unknown>\n#7 0x55ac15bb68c3 <unknown>\n#8 0x55ac15b846b3 <unknown>\n#9 0x55ac15b8568e <unknown>\n#10 0x55ac15e26b3b <unknown>\n#11 0x55ac15e2aac1 <unknown>\n#12 0x55ac15e13335 <unknown>\n#13 0x55ac15e2b642 <unknown>\n#14 0x55ac15df849f <unknown>\n#15 0x55ac15e4b038 <unknown>\n#16 0x55ac15e4b203 <unknown>\n#17 0x55ac15e5af8c <unknown>\n#18 0x7f9ee7c9fa94 <unknown>\n#19 0x7f9ee7d2ca34 __clone","time":{"start":1727422458989,"stop":1727422583766,"duration":124777}},{"uid":"b638c3359fa8e8ee","reportUrl":"https://robbrad.github.io/UKBinCollectionData/3.12/2130//#testresult/b638c3359fa8e8ee","status":"failed","statusDetails":"selenium.common.exceptions.TimeoutException: Message: \nStacktrace:\n#0 0x5638e4a0f13a <unknown>\n#1 0x5638e46f55e0 <unknown>\n#2 0x5638e4744be8 <unknown>\n#3 0x5638e4744e81 <unknown>\n#4 0x5638e478b8c4 <unknown>\n#5 0x5638e4769b4d <unknown>\n#6 0x5638e4788d7d <unknown>\n#7 0x5638e47698c3 <unknown>\n#8 0x5638e47376b3 <unknown>\n#9 0x5638e473868e <unknown>\n#10 0x5638e49d9b3b <unknown>\n#11 0x5638e49ddac1 <unknown>\n#12 0x5638e49c6335 <unknown>\n#13 0x5638e49de642 <unknown>\n#14 0x5638e49ab49f <unknown>\n#15 0x5638e49fe038 <unknown>\n#16 0x5638e49fe203 <unknown>\n#17 0x5638e4a0df8c <unknown>\n#18 0x7fdbc74c7a94 <unknown>\n#19 0x7fdbc7554a34 __clone","time":{"start":1727396331390,"stop":1727396398560,"duration":67170}},{"uid":"f7f109246db31bbe","reportUrl":"https://robbrad.github.io/UKBinCollectionData/3.12/2129//#testresult/f7f109246db31bbe","status":"failed","statusDetails":"selenium.common.exceptions.TimeoutException: Message: \nStacktrace:\n#0 0x55dbae7ea13a <unknown>\n#1 0x55dbae4d05e0 <unknown>\n#2 0x55dbae51fbe8 <unknown>\n#3 0x55dbae51fe81 <unknown>\n#4 0x55dbae5668c4 <unknown>\n#5 0x55dbae544b4d <unknown>\n#6 0x55dbae563d7d <unknown>\n#7 0x55dbae5448c3 <unknown>\n#8 0x55dbae5126b3 <unknown>\n#9 0x55dbae51368e <unknown>\n#10 0x55dbae7b4b3b <unknown>\n#11 0x55dbae7b8ac1 <unknown>\n#12 0x55dbae7a1335 <unknown>\n#13 0x55dbae7b9642 <unknown>\n#14 0x55dbae78649f <unknown>\n#15 0x55dbae7d9038 <unknown>\n#16 0x55dbae7d9203 <unknown>\n#17 0x55dbae7e8f8c <unknown>\n#18 0x7fbc4a352a94 <unknown>\n#19 0x7fbc4a3dfa34 __clone","time":{"start":1727309786514,"stop":1727309878120,"duration":91606}},{"uid":"773baf478151c275","reportUrl":"https://robbrad.github.io/UKBinCollectionData/3.12/2128//#testresult/773baf478151c275","status":"failed","statusDetails":"selenium.common.exceptions.TimeoutException: Message: \nStacktrace:\n#0 0x55afac24d13a <unknown>\n#1 0x55afabf335e0 <unknown>\n#2 0x55afabf82be8 <unknown>\n#3 0x55afabf82e81 <unknown>\n#4 0x55afabfc98c4 <unknown>\n#5 0x55afabfa7b4d <unknown>\n#6 0x55afabfc6d7d <unknown>\n#7 0x55afabfa78c3 <unknown>\n#8 0x55afabf756b3 <unknown>\n#9 0x55afabf7668e <unknown>\n#10 0x55afac217b3b <unknown>\n#11 0x55afac21bac1 <unknown>\n#12 0x55afac204335 <unknown>\n#13 0x55afac21c642 <unknown>\n#14 0x55afac1e949f <unknown>\n#15 0x55afac23c038 <unknown>\n#16 0x55afac23c203 <unknown>\n#17 0x55afac24bf8c <unknown>\n#18 0x7fb9c1bfda94 <unknown>\n#19 0x7fb9c1c8aa34 __clone","time":{"start":1727223485642,"stop":1727223547205,"duration":61563}},{"uid":"cadbac7b94d8e587","reportUrl":"https://robbrad.github.io/UKBinCollectionData/3.12/2127//#testresult/cadbac7b94d8e587","status":"failed","statusDetails":"selenium.common.exceptions.TimeoutException: Message: \nStacktrace:\n#0 0x55998bd1b13a <unknown>\n#1 0x55998ba015e0 <unknown>\n#2 0x55998ba50be8 <unknown>\n#3 0x55998ba50e81 <unknown>\n#4 0x55998ba978c4 <unknown>\n#5 0x55998ba75b4d <unknown>\n#6 0x55998ba94d7d <unknown>\n#7 0x55998ba758c3 <unknown>\n#8 0x55998ba436b3 <unknown>\n#9 0x55998ba4468e <unknown>\n#10 0x55998bce5b3b <unknown>\n#11 0x55998bce9ac1 <unknown>\n#12 0x55998bcd2335 <unknown>\n#13 0x55998bcea642 <unknown>\n#14 0x55998bcb749f <unknown>\n#15 0x55998bd0a038 <unknown>\n#16 0x55998bd0a203 <unknown>\n#17 0x55998bd19f8c <unknown>\n#18 0x7f4b412cba94 <unknown>\n#19 0x7f4b41358a34 __clone","time":{"start":1727137081560,"stop":1727137159827,"duration":78267}},{"uid":"5a02d96c3cba92a8","reportUrl":"https://robbrad.github.io/UKBinCollectionData/3.12/2126//#testresult/5a02d96c3cba92a8","status":"failed","statusDetails":"selenium.common.exceptions.TimeoutException: Message: \nStacktrace:\n#0 0x560e93c0d13a <unknown>\n#1 0x560e938f35e0 <unknown>\n#2 0x560e93942be8 <unknown>\n#3 0x560e93942e81 <unknown>\n#4 0x560e939898c4 <unknown>\n#5 0x560e93967b4d <unknown>\n#6 0x560e93986d7d <unknown>\n#7 0x560e939678c3 <unknown>\n#8 0x560e939356b3 <unknown>\n#9 0x560e9393668e <unknown>\n#10 0x560e93bd7b3b <unknown>\n#11 0x560e93bdbac1 <unknown>\n#12 0x560e93bc4335 <unknown>\n#13 0x560e93bdc642 <unknown>\n#14 0x560e93ba949f <unknown>\n#15 0x560e93bfc038 <unknown>\n#16 0x560e93bfc203 <unknown>\n#17 0x560e93c0bf8c <unknown>\n#18 0x7f4df9773a94 <unknown>\n#19 0x7f4df9800a34 __clone","time":{"start":1727050738992,"stop":1727050819436,"duration":80444}},{"uid":"96e5ad6bab71fba2","reportUrl":"https://robbrad.github.io/UKBinCollectionData/3.12/2125//#testresult/96e5ad6bab71fba2","status":"failed","statusDetails":"selenium.common.exceptions.TimeoutException: Message: \nStacktrace:\n#0 0x560042c6e86a <unknown>\n#1 0x56004293ce50 <unknown>\n#2 0x56004298c644 <unknown>\n#3 0x56004298c931 <unknown>\n#4 0x5600429d2534 <unknown>\n#5 0x5600429b14bd <unknown>\n#6 0x5600429cf9c6 <unknown>\n#7 0x5600429b1233 <unknown>\n#8 0x56004297f093 <unknown>\n#9 0x56004298009e <unknown>\n#10 0x560042c35acb <unknown>\n#11 0x560042c39a81 <unknown>\n#12 0x560042c21695 <unknown>\n#13 0x560042c3a5f2 <unknown>\n#14 0x560042c0686f <unknown>\n#15 0x560042c5d668 <unknown>\n#16 0x560042c5d832 <unknown>\n#17 0x560042c6d65c <unknown>\n#18 0x7f199f073a94 <unknown>\n#19 0x7f199f100a34 __clone","time":{"start":1726964195902,"stop":1726964306949,"duration":111047}},{"uid":"6884514f73de5c40","reportUrl":"https://robbrad.github.io/UKBinCollectionData/3.12/2124//#testresult/6884514f73de5c40","status":"failed","statusDetails":"selenium.common.exceptions.TimeoutException: Message: \nStacktrace:\n#0 0x55d6d76c286a <unknown>\n#1 0x55d6d7390e50 <unknown>\n#2 0x55d6d73e0644 <unknown>\n#3 0x55d6d73e0931 <unknown>\n#4 0x55d6d7426534 <unknown>\n#5 0x55d6d74054bd <unknown>\n#6 0x55d6d74239c6 <unknown>\n#7 0x55d6d7405233 <unknown>\n#8 0x55d6d73d3093 <unknown>\n#9 0x55d6d73d409e <unknown>\n#10 0x55d6d7689acb <unknown>\n#11 0x55d6d768da81 <unknown>\n#12 0x55d6d7675695 <unknown>\n#13 0x55d6d768e5f2 <unknown>\n#14 0x55d6d765a86f <unknown>\n#15 0x55d6d76b1668 <unknown>\n#16 0x55d6d76b1832 <unknown>\n#17 0x55d6d76c165c <unknown>\n#18 0x7f984a327a94 <unknown>\n#19 0x7f984a3b4a34 __clone","time":{"start":1726877939076,"stop":1726878012862,"duration":73786}},{"uid":"247421d967643db1","reportUrl":"https://robbrad.github.io/UKBinCollectionData/3.12/2123//#testresult/247421d967643db1","status":"failed","statusDetails":"selenium.common.exceptions.TimeoutException: Message: \nStacktrace:\n#0 0x559218bab86a <unknown>\n#1 0x559218879e50 <unknown>\n#2 0x5592188c9644 <unknown>\n#3 0x5592188c9931 <unknown>\n#4 0x55921890f534 <unknown>\n#5 0x5592188ee4bd <unknown>\n#6 0x55921890c9c6 <unknown>\n#7 0x5592188ee233 <unknown>\n#8 0x5592188bc093 <unknown>\n#9 0x5592188bd09e <unknown>\n#10 0x559218b72acb <unknown>\n#11 0x559218b76a81 <unknown>\n#12 0x559218b5e695 <unknown>\n#13 0x559218b775f2 <unknown>\n#14 0x559218b4386f <unknown>\n#15 0x559218b9a668 <unknown>\n#16 0x559218b9a832 <unknown>\n#17 0x559218baa65c <unknown>\n#18 0x7fe24e5cda94 <unknown>\n#19 0x7fe24e65aa34 __clone","time":{"start":1726791531004,"stop":1726791609426,"duration":78422}},{"uid":"95044643f7b7642b","reportUrl":"https://robbrad.github.io/UKBinCollectionData/3.12/2122//#testresult/95044643f7b7642b","status":"failed","statusDetails":"selenium.common.exceptions.TimeoutException: Message: \nStacktrace:\n#0 0x5635b2fa286a <unknown>\n#1 0x5635b2c70e50 <unknown>\n#2 0x5635b2cc0644 <unknown>\n#3 0x5635b2cc0931 <unknown>\n#4 0x5635b2d06534 <unknown>\n#5 0x5635b2ce54bd <unknown>\n#6 0x5635b2d039c6 <unknown>\n#7 0x5635b2ce5233 <unknown>\n#8 0x5635b2cb3093 <unknown>\n#9 0x5635b2cb409e <unknown>\n#10 0x5635b2f69acb <unknown>\n#11 0x5635b2f6da81 <unknown>\n#12 0x5635b2f55695 <unknown>\n#13 0x5635b2f6e5f2 <unknown>\n#14 0x5635b2f3a86f <unknown>\n#15 0x5635b2f91668 <unknown>\n#16 0x5635b2f91832 <unknown>\n#17 0x5635b2fa165c <unknown>\n#18 0x7fd54e6a4a94 <unknown>\n#19 0x7fd54e731a34 __clone","time":{"start":1726705017472,"stop":1726705088405,"duration":70933}}]},"tags":[]},"source":"98252b297fb41ab0.json","parameterValues":["KnowsleyMBCouncil"]}